 
       ==============================================
       |                                            |
       |                 C R E S T                  |
       |                                            |
       |  Conformer-Rotamer Ensemble Sampling Tool  |
       |       based on the GFNn-xTB methods        |
       |             P.Pracht, S.Grimme             |
       |          Universitaet Bonn, MCTC           |
       ==============================================
       Version 2.10.2, Tue 9. Jun 13:32:10 CEST 2020
       Using the xTB program.
       Compatible with XTB version 6.1 and later.
 
   Cite work conducted with this code as

   P. Pracht, F. Bohle, S. Grimme, PCCP, 2020, 22, 7169-7192.

   and

   S. Grimme, JCTC, 2019, 15, 2847-2862.
 
   This program is distributed in the hope that it will be useful,
   but WITHOUT ANY WARRANTY; without even the implied warranty of
   MERCHANTABILITY or FITNESS FOR A PARTICULAR PURPOSE.

 Command line input:
 > crest OPT.xyz -opt vtight -T 8

  -opt 2
  -T 8 (CPUs/Threads selected)
-------------------------
Starting z-matrix sorting
-------------------------
 total number of atoms :          24
 total number of frags :           1
 Fragment            1
   1  C     0.000000      0.0000      0.0000     0    0    0
   2  C     2.900997      0.0000      0.0000     1    0    0
   3  C     2.916102    110.8225      0.0000     2    1    0
   4  C     2.859064    111.8796   -179.8607     3    2    1
   5  O     2.310133    119.6366   -182.1406     4    3    2
   6  O     2.554286    120.6997   -179.5055     4    3    5
   7  H     1.828736    121.1648   -180.2098     6    4    3
   8  C     2.913356    110.2557   -237.9288     3    4    2
   9  C     2.901020    110.6694   -181.1649     8    3    4
  10  C     2.919650    110.9008   -301.5254     9    8    3
  11  C     2.877504    113.7927   -180.6956    10    9    8
  12  O     2.307659    118.8109   -177.4037    11   10    9
  13  O     2.559086    122.6020   -180.5626    11   10   12
  14  H     1.823775    123.6454   -359.5634    13   11   10
  15  H     2.103943    107.1051   -240.8739    10   11    9
  16  H     2.101011    109.9332   -120.0790     9   10    8
  17  H     2.103181    109.9529   -119.7717     9   10   16
  18  H     2.101310    108.7489   -238.9559     8    9    3
  19  H     2.103498    109.3118   -242.0666     8    9   18
  20  H     2.103789    109.0190   -118.0837     3    8    4
  21  H     2.101314    109.9247   -239.5236     2    3    1
  22  H     2.103626    109.8243   -240.9025     2    3   21
  23  H     2.101293    108.5058   -300.4110     1    2   21
  24  H     2.103343    109.3781   -117.8173     1    2   23
 terminated normally
 
 -------------------------
 xTB Geometry Optimization
 -------------------------
 Geometry successfully optimized.
 
------------------------------------------------
Generating MTD length from a flexibility measure
------------------------------------------------
 Calculating WBOs... done.
 flexibility measure :   0.435
 t(MTD) / ps    :     5.0
 Σ(t(MTD)) / ps :    60.0 (+    10.0)
 
-------------------------------------
Starting a trial MTD to test settings
-------------------------------------
 Estimated runtime for one MTD (5.0 ps) on a single thread: 1 min 57 sec
 Estimated runtime for a batch of 14 MTDs on 8 threads: 3 min 53 sec
 
 list of Vbias parameters applied:
$metadyn    0.00300   1.300
$metadyn    0.00150   1.300
$metadyn    0.00075   1.300
$metadyn    0.00300   0.780
$metadyn    0.00150   0.780
$metadyn    0.00075   0.780
$metadyn    0.00300   0.468
$metadyn    0.00150   0.468
$metadyn    0.00075   0.468
$metadyn    0.00300   0.281
$metadyn    0.00150   0.281
$metadyn    0.00075   0.281
$metadyn    0.00100   0.100
$metadyn    0.00500   0.800
 
*******************************************************************************************
**                        N E W    I T E R A T I O N    C Y C L E                        **
*******************************************************************************************
 
========================================
            MTD Iteration  1
========================================
 
     ========================================
     |         Meta-MD (MTD) Sampling       |
     ========================================
 
Starting Meta-MD   2 with the settings:
     MD time /ps        :     5.0
     dt /fs             :     5.0
     dumpstep(trj) /fs  :     100
     dumpstep(Vbias)/ps :     1.0
     Vbias prefactor(k) :  0.0360
     Vbias exponent(α)  :    1.30
Starting Meta-MD   1 with the settings:
     MD time /ps        :     5.0
     dt /fs             :     5.0
     dumpstep(trj) /fs  :     100
     dumpstep(Vbias)/ps :     1.0
     Vbias prefactor(k) :  0.0720
     Vbias exponent(α)  :    1.30
Starting Meta-MD   5 with the settings:
     MD time /ps        :     5.0
     dt /fs             :     5.0
     dumpstep(trj) /fs  :     100
     dumpstep(Vbias)/ps :     1.0
     Vbias prefactor(k) :  0.0360
     Vbias exponent(α)  :    0.78
Starting Meta-MD   4 with the settings:
     MD time /ps        :     5.0
     dt /fs             :     5.0
     dumpstep(trj) /fs  :     100
     dumpstep(Vbias)/ps :     1.0
     Vbias prefactor(k) :  0.0720
     Vbias exponent(α)  :    0.78
Starting Meta-MD   3 with the settings:
     MD time /ps        :     5.0
     dt /fs             :     5.0
     dumpstep(trj) /fs  :     100
     dumpstep(Vbias)/ps :     1.0
     Vbias prefactor(k) :  0.0180
     Vbias exponent(α)  :    1.30
Starting Meta-MD   6 with the settings:
     MD time /ps        :     5.0
     dt /fs             :     5.0
     dumpstep(trj) /fs  :     100
     dumpstep(Vbias)/ps :     1.0
     Vbias prefactor(k) :  0.0180
     Vbias exponent(α)  :    0.78
Starting Meta-MD   7 with the settings:
     MD time /ps        :     5.0
     dt /fs             :     5.0
     dumpstep(trj) /fs  :     100
     dumpstep(Vbias)/ps :     1.0
     Vbias prefactor(k) :  0.0720
     Vbias exponent(α)  :    0.47
Starting Meta-MD  14 with the settings:
     MD time /ps        :     5.0
     dt /fs             :     5.0
     dumpstep(trj) /fs  :     100
     dumpstep(Vbias)/ps :     1.0
     Vbias prefactor(k) :  0.1200
     Vbias exponent(α)  :    0.80
*Meta-MD 2 finished*
Starting Meta-MD   8 with the settings:
     MD time /ps        :     5.0
     dt /fs             :     5.0
     dumpstep(trj) /fs  :     100
     dumpstep(Vbias)/ps :     1.0
     Vbias prefactor(k) :  0.0360
     Vbias exponent(α)  :    0.47
*Meta-MD 6 finished*
Starting Meta-MD   9 with the settings:
     MD time /ps        :     5.0
     dt /fs             :     5.0
     dumpstep(trj) /fs  :     100
     dumpstep(Vbias)/ps :     1.0
     Vbias prefactor(k) :  0.0180
     Vbias exponent(α)  :    0.47
*Meta-MD 3 finished*
Starting Meta-MD  10 with the settings:
     MD time /ps        :     5.0
     dt /fs             :     5.0
     dumpstep(trj) /fs  :     100
     dumpstep(Vbias)/ps :     1.0
     Vbias prefactor(k) :  0.0720
     Vbias exponent(α)  :    0.28
*Meta-MD 1 finished*
Starting Meta-MD  11 with the settings:
     MD time /ps        :     5.0
     dt /fs             :     5.0
     dumpstep(trj) /fs  :     100
     dumpstep(Vbias)/ps :     1.0
     Vbias prefactor(k) :  0.0360
     Vbias exponent(α)  :    0.28
*Meta-MD 5 finished*
Starting Meta-MD  12 with the settings:
     MD time /ps        :     5.0
     dt /fs             :     5.0
     dumpstep(trj) /fs  :     100
     dumpstep(Vbias)/ps :     1.0
     Vbias prefactor(k) :  0.0180
     Vbias exponent(α)  :    0.28
*Meta-MD 14 finished*
Starting Meta-MD  13 with the settings:
     MD time /ps        :     5.0
     dt /fs             :     5.0
     dumpstep(trj) /fs  :     100
     dumpstep(Vbias)/ps :     1.0
     Vbias prefactor(k) :  0.0240
     Vbias exponent(α)  :    0.10
*Meta-MD 7 finished*
*Meta-MD 4 finished*
*Meta-MD 9 finished*
*Meta-MD 13 finished*
*Meta-MD 12 finished*
*Meta-MD 8 finished*
*Meta-MD 10 finished*
*Meta-MD 11 finished*
 
-----------------------
Multilevel Optimization
-----------------------
 
 -------------------------
 1. crude pre-optimization
 -------------------------
 writing TMPCONF* Dirs from file "crest_rotamers_0.xyz" ... done.
 Starting optimization of generated structures
 686 jobs to do.
 1 2 3 4 5 6 7 8 9 10 11 12 13 14 15 16 17 18 19 20 21 22 23 24 25 26 27 28 29 30 31 32 33 34 35 36 37 38 39 40 41 42 43 44 45 46 47 48 49 50 51 52 53 54 55 56 57 58 59 60 61 62 63 64 65 66 67 68 69 70 71 72 73 74 75 76 77 78 79 80 81 82 83 84 85 86 87 88 89 90 91 92 93 94 95 96 97 98 99 100 101 102 103 104 105 106 107 108 109 110 111 112 113 114 115 116 117 118 119 120 121 122 123 124 125 126 127 128 129 130 131 132 133 134 135 136 137 138 139 140 141 142 143 144 145 146 147 148 149 150 151 152 153 154 155 156 157 158 159 160 161 162 163 164 165 166 167 168 169 170 171 172 173 174 175 176 177 178 179 180 181 182 183 184 185 186 187 188 189 190 191 192 193 194 195 196 197 198 199 200 201 202 203 204 205 206 207 208 209 210 211 212 213 214 215 216 217 218 219 220 221 222 223 224 225 226 227 228 229 230 231 232 233 234 235 236 237 238 239 240 241 242 243 244 245 246 247 248 249 250 251 252 253 254 255 256 257 258 259 260 261 262 263 264 265 266 267 268 269 270 271 272 273 274 275 276 277 278 279 280 281 282 283 284 285 286 287 288 289 290 291 292 293 294 295 296 297 298 299 300 301 302 303 304 305 306 307 308 309 310 311 312 313 314 315 316 317 318 319 320 321 322 323 324 325 326 327 328 329 330 331 332 333 334 335 336 337 338 339 340 341 342 343 344 345 346 347 348 349 350 351 352 353 354 355 356 357 358 359 360 361 362 363 364 365 366 367 368 369 370 371 372 373 374 375 376 377 378 379 380 381 382 383 384 385 386 387 388 389 390 391 392 393 394 395 396 397 398 399 400 401 402 403 404 405 406 407 408 409 410 411 412 413 414 415 416 417 418 419 420 421 422 423 424 425 426 427 428 429 430 431 432 433 434 435 436 437 438 439 440 441 442 443 444 445 446 447 448 449 450 451 452 453 454 455 456 457 458 459 460 461 462 463 464 465 466 467 468 469 470 471 472 473 474 475 476 477 478 479 480 481 482 483 484 485 486 487 488 489 490 491 492 493 494 495 496 497 498 499 500 501 502 503 504 505 506 507 508 509 510 511 512 513 514 515 516 517 518 519 520 521 522 523 524 525 526 527 528 529 530 531 532 533 534 535 536 537 538 539 540 541 542 543 544 545 546 547 548 549 550 551 552 553 554 555 556 557 558 559 560 561 562 563 564 565 566 567 568 569 570 571 572 573 574 575 576 577 578 579 580 581 582 583 584 585 586 587 588 589 590 591 592 593 594 595 596 597 598 599 600 601 602 603 604 605 606 607 608 609 610 611 612 613 614 615 616 617 618 619 620 621 622 623 624 625 626 627 628 629 630 631 632 633 634 635 636 637 638 639 640 641 642 643 644 645 646 647 648 649 650 651 652 653 654 655 656 657 658 659 660 661 662 663 664 665 666 667 668 669 670 671 672 673 674 675 676 677 678 679 680 681 682 683 684 685 686 
 done.
 Now appending opt.xyz file with new structures
 running RMSDs...
 done.
 E lowest :   -39.55571
 364 structures remain within    12.00 kcal/mol window
 
 -------------------------------------
 2. optimization with tight thresholds
 -------------------------------------
 writing TMPCONF* Dirs from file "crest_rotamers_1.xyz" ... done.
 Starting optimization of generated structures
 365 jobs to do.
 1 2 3 4 5 6 7 8 9 10 11 12 13 14 15 16 17 18 19 20 21 22 23 24 25 26 27 28 29 30 31 32 33 34 35 36 37 38 39 40 41 42 43 44 45 46 47 48 49 50 51 52 53 54 55 56 57 58 59 60 61 62 63 64 65 66 67 68 69 70 71 72 73 74 75 76 77 78 79 80 81 82 83 84 85 86 87 88 89 90 91 92 93 94 95 96 97 98 99 100 101 102 103 104 105 106 107 108 109 110 111 112 113 114 115 116 117 118 119 120 121 122 123 124 125 126 127 128 129 130 131 132 133 134 135 136 137 138 139 140 141 142 143 144 145 146 147 148 149 150 151 152 153 154 155 156 157 158 159 160 161 162 163 164 165 166 167 168 169 170 171 172 173 174 175 176 177 178 179 180 181 182 183 184 185 186 187 188 189 190 191 192 193 194 195 196 197 198 199 200 201 202 203 204 205 206 207 208 209 210 211 212 213 214 215 216 217 218 219 220 221 222 223 224 225 226 227 228 229 230 231 232 233 234 235 236 237 238 239 240 241 242 243 244 245 246 247 248 249 250 251 252 253 254 255 256 257 258 259 260 261 262 263 264 265 266 267 268 269 270 271 272 273 274 275 276 277 278 279 280 281 282 283 284 285 286 287 288 289 290 291 292 293 294 295 296 297 298 299 300 301 302 303 304 305 306 307 308 309 310 311 312 313 314 315 316 317 318 319 320 321 322 323 324 325 326 327 328 329 330 331 332 333 334 335 336 337 338 339 340 341 342 343 344 345 346 347 348 349 350 351 352 353 354 355 356 357 358 359 360 361 362 363 364 365 
 done.
 Now appending opt.xyz file with new structures
 running RMSDs...
 done.
 E lowest :   -39.55949
 31 structures remain within     6.00 kcal/mol window
 
 
========================================
            MTD Iteration  2
========================================
 
     ========================================
     |         Meta-MD (MTD) Sampling       |
     ========================================
 
Starting Meta-MD   1 with the settings:
     MD time /ps        :     5.0
     dt /fs             :     5.0
     dumpstep(trj) /fs  :     100
     dumpstep(Vbias)/ps :     1.0
     Vbias prefactor(k) :  0.0720
     Vbias exponent(α)  :    1.30
Starting Meta-MD  12 with the settings:
     MD time /ps        :     5.0
     dt /fs             :     5.0
     dumpstep(trj) /fs  :     100
     dumpstep(Vbias)/ps :     1.0
     Vbias prefactor(k) :  0.0180
     Vbias exponent(α)  :    0.28
Starting Meta-MD   2 with the settings:
     MD time /ps        :     5.0
     dt /fs             :     5.0
     dumpstep(trj) /fs  :     100
     dumpstep(Vbias)/ps :     1.0
     Vbias prefactor(k) :  0.0360
     Vbias exponent(α)  :    1.30
Starting Meta-MD   3 with the settings:
     MD time /ps        :     5.0
     dt /fs             :     5.0
     dumpstep(trj) /fs  :     100
     dumpstep(Vbias)/ps :     1.0
     Vbias prefactor(k) :  0.0180
     Vbias exponent(α)  :    1.30
Starting Meta-MD   4 with the settings:
     MD time /ps        :     5.0
     dt /fs             :     5.0
     dumpstep(trj) /fs  :     100
     dumpstep(Vbias)/ps :     1.0
     Vbias prefactor(k) :  0.0720
     Vbias exponent(α)  :    0.78
Starting Meta-MD   5 with the settings:
     MD time /ps        :     5.0
     dt /fs             :     5.0
     dumpstep(trj) /fs  :     100
     dumpstep(Vbias)/ps :     1.0
     Vbias prefactor(k) :  0.0360
     Vbias exponent(α)  :    0.78
Starting Meta-MD   6 with the settings:
     MD time /ps        :     5.0
     dt /fs             :     5.0
     dumpstep(trj) /fs  :     100
     dumpstep(Vbias)/ps :     1.0
     Vbias prefactor(k) :  0.0180
     Vbias exponent(α)  :    0.78
Starting Meta-MD   7 with the settings:
     MD time /ps        :     5.0
     dt /fs             :     5.0
     dumpstep(trj) /fs  :     100
     dumpstep(Vbias)/ps :     1.0
     Vbias prefactor(k) :  0.0720
     Vbias exponent(α)  :    0.47
*Meta-MD 6 finished*
Starting Meta-MD   8 with the settings:
     MD time /ps        :     5.0
     dt /fs             :     5.0
     dumpstep(trj) /fs  :     100
     dumpstep(Vbias)/ps :     1.0
     Vbias prefactor(k) :  0.0360
     Vbias exponent(α)  :    0.47
*Meta-MD 12 finished*
*Meta-MD 5 finished*
Starting Meta-MD  11 with the settings:
     MD time /ps        :     5.0
     dt /fs             :     5.0
     dumpstep(trj) /fs  :     100
     dumpstep(Vbias)/ps :     1.0
     Vbias prefactor(k) :  0.0360
     Vbias exponent(α)  :    0.28
Starting Meta-MD   9 with the settings:
     MD time /ps        :     5.0
     dt /fs             :     5.0
     dumpstep(trj) /fs  :     100
     dumpstep(Vbias)/ps :     1.0
     Vbias prefactor(k) :  0.0180
     Vbias exponent(α)  :    0.47
*Meta-MD 4 finished*
Starting Meta-MD  10 with the settings:
     MD time /ps        :     5.0
     dt /fs             :     5.0
     dumpstep(trj) /fs  :     100
     dumpstep(Vbias)/ps :     1.0
     Vbias prefactor(k) :  0.0720
     Vbias exponent(α)  :    0.28
*Meta-MD 2 finished*
*Meta-MD 7 finished*
*Meta-MD 1 finished*
*Meta-MD 3 finished*
*Meta-MD 10 finished*
*Meta-MD 9 finished*
*Meta-MD 11 finished*
*Meta-MD 8 finished*
 
-----------------------
Multilevel Optimization
-----------------------
 
 -------------------------
 1. crude pre-optimization
 -------------------------
 writing TMPCONF* Dirs from file "crest_rotamers_0.xyz" ... done.
 Starting optimization of generated structures
 588 jobs to do.
 1 2 3 4 5 6 7 8 9 10 11 12 13 14 15 16 17 18 19 20 21 22 23 24 25 26 27 28 29 30 31 32 33 34 35 36 37 38 39 40 41 42 43 44 45 46 47 48 49 50 51 52 53 54 55 56 57 58 59 60 61 62 63 64 65 66 67 68 69 70 71 72 73 74 75 76 77 78 79 80 81 82 83 84 85 86 87 88 89 90 91 92 93 94 95 96 97 98 99 100 101 102 103 104 105 106 107 108 109 110 111 112 113 114 115 116 117 118 119 120 121 122 123 124 125 126 127 128 129 130 131 132 133 134 135 136 137 138 139 140 141 142 143 144 145 146 147 148 149 150 151 152 153 154 155 156 157 158 159 160 161 162 163 164 165 166 167 168 169 170 171 172 173 174 175 176 177 178 179 180 181 182 183 184 185 186 187 188 189 190 191 192 193 194 195 196 197 198 199 200 201 202 203 204 205 206 207 208 209 210 211 212 213 214 215 216 217 218 219 220 221 222 223 224 225 226 227 228 229 230 231 232 233 234 235 236 237 238 239 240 241 242 243 244 245 246 247 248 249 250 251 252 253 254 255 256 257 258 259 260 261 262 263 264 265 266 267 268 269 270 271 272 273 274 275 276 277 278 279 280 281 282 283 284 285 286 287 288 289 290 291 292 293 294 295 296 297 298 299 300 301 302 303 304 305 306 307 308 309 310 311 312 313 314 315 316 317 318 319 320 321 322 323 324 325 326 327 328 329 330 331 332 333 334 335 336 337 338 339 340 341 342 343 344 345 346 347 348 349 350 351 352 353 354 355 356 357 358 359 360 361 362 363 364 365 366 367 368 369 370 371 372 373 374 375 376 377 378 379 380 381 382 383 384 385 386 387 388 389 390 391 392 393 394 395 396 397 398 399 400 401 402 403 404 405 406 407 408 409 410 411 412 413 414 415 416 417 418 419 420 421 422 423 424 425 426 427 428 429 430 431 432 433 434 435 436 437 438 439 440 441 442 443 444 445 446 447 448 449 450 451 452 453 454 455 456 457 458 459 460 461 462 463 464 465 466 467 468 469 470 471 472 473 474 475 476 477 478 479 480 481 482 483 484 485 486 487 488 489 490 491 492 493 494 495 496 497 498 499 500 501 502 503 504 505 506 507 508 509 510 511 512 513 514 515 516 517 518 519 520 521 522 523 524 525 526 527 528 529 530 531 532 533 534 535 536 537 538 539 540 541 542 543 544 545 546 547 548 549 550 551 552 553 554 555 556 557 558 559 560 561 562 563 564 565 566 567 568 569 570 571 572 573 574 575 576 577 578 579 580 581 582 583 584 585 586 587 588 
 done.
 Now appending opt.xyz file with new structures
 running RMSDs...
 done.
 E lowest :   -39.56549
 481 structures remain within    12.00 kcal/mol window
 
 -------------------------------------
 2. optimization with tight thresholds
 -------------------------------------
 writing TMPCONF* Dirs from file "crest_rotamers_1.xyz" ... done.
 Starting optimization of generated structures
 482 jobs to do.
 1 2 3 4 5 6 7 8 9 10 11 12 13 14 15 16 17 18 19 20 21 22 23 24 25 26 27 28 29 30 31 32 33 34 35 36 37 38 39 40 41 42 43 44 45 46 47 48 49 50 51 52 53 54 55 56 57 58 59 60 61 62 63 64 65 66 67 68 69 70 71 72 73 74 75 76 77 78 79 80 81 82 83 84 85 86 87 88 89 90 91 92 93 94 95 96 97 98 99 100 101 102 103 104 105 106 107 108 109 110 111 112 113 114 115 116 117 118 119 120 121 122 123 124 125 126 127 128 129 130 131 132 133 134 135 136 137 138 139 140 141 142 143 144 145 146 147 148 149 150 151 152 153 154 155 156 157 158 159 160 161 162 163 164 165 166 167 168 169 170 171 172 173 174 175 176 177 178 179 180 181 182 183 184 185 186 187 188 189 190 191 192 193 194 195 196 197 198 199 200 201 202 203 204 205 206 207 208 209 210 211 212 213 214 215 216 217 218 219 220 221 222 223 224 225 226 227 228 229 230 231 232 233 234 235 236 237 238 239 240 241 242 243 244 245 246 247 248 249 250 251 252 253 254 255 256 257 258 259 260 261 262 263 264 265 266 267 268 269 270 271 272 273 274 275 276 277 278 279 280 281 282 283 284 285 286 287 288 289 290 291 292 293 294 295 296 297 298 299 300 301 302 303 304 305 306 307 308 309 310 311 312 313 314 315 316 317 318 319 320 321 322 323 324 325 326 327 328 329 330 331 332 333 334 335 336 337 338 339 340 341 342 343 344 345 346 347 348 349 350 351 352 353 354 355 356 357 358 359 360 361 362 363 364 365 366 367 368 369 370 371 372 373 374 375 376 377 378 379 380 381 382 383 384 385 386 387 388 389 390 391 392 393 394 395 396 397 398 399 400 401 402 403 404 405 406 407 408 409 410 411 412 413 414 415 416 417 418 419 420 421 422 423 424 425 426 427 428 429 430 431 432 433 434 435 436 437 438 439 440 441 442 443 444 445 446 447 448 449 450 451 452 453 454 455 456 457 458 459 460 461 462 463 464 465 466 467 468 469 470 471 472 473 474 475 476 477 478 479 480 481 482 
 done.
 Now appending opt.xyz file with new structures
 running RMSDs...
 done.
 E lowest :   -39.56587
 62 structures remain within     6.00 kcal/mol window
 
 ...............................................
 A new lower conformer was found!
 Improved by    0.00638 Eh or    4.00462kcal/mol
 ...............................................
 
========================================
            MTD Iteration  3
========================================
 
     ========================================
     |         Meta-MD (MTD) Sampling       |
     ========================================
 
Starting Meta-MD   1 with the settings:
     MD time /ps        :     5.0
     dt /fs             :     5.0
     dumpstep(trj) /fs  :     100
     dumpstep(Vbias)/ps :     1.0
     Vbias prefactor(k) :  0.0720
     Vbias exponent(α)  :    1.30
Starting Meta-MD   2 with the settings:
     MD time /ps        :     5.0
     dt /fs             :     5.0
     dumpstep(trj) /fs  :     100
     dumpstep(Vbias)/ps :     1.0
     Vbias prefactor(k) :  0.0360
     Vbias exponent(α)  :    1.30
Starting Meta-MD   3 with the settings:
     MD time /ps        :     5.0
     dt /fs             :     5.0
     dumpstep(trj) /fs  :     100
     dumpstep(Vbias)/ps :     1.0
     Vbias prefactor(k) :  0.0180
     Vbias exponent(α)  :    1.30
Starting Meta-MD   4 with the settings:
     MD time /ps        :     5.0
     dt /fs             :     5.0
     dumpstep(trj) /fs  :     100
     dumpstep(Vbias)/ps :     1.0
     Vbias prefactor(k) :  0.0720
     Vbias exponent(α)  :    0.78
Starting Meta-MD  12 with the settings:
     MD time /ps        :     5.0
     dt /fs             :     5.0
     dumpstep(trj) /fs  :     100
     dumpstep(Vbias)/ps :     1.0
     Vbias prefactor(k) :  0.0180
     Vbias exponent(α)  :    0.28
Starting Meta-MD   5 with the settings:
     MD time /ps        :     5.0
     dt /fs             :     5.0
     dumpstep(trj) /fs  :     100
     dumpstep(Vbias)/ps :     1.0
     Vbias prefactor(k) :  0.0360
     Vbias exponent(α)  :    0.78
Starting Meta-MD   6 with the settings:
     MD time /ps        :     5.0
     dt /fs             :     5.0
     dumpstep(trj) /fs  :     100
     dumpstep(Vbias)/ps :     1.0
     Vbias prefactor(k) :  0.0180
     Vbias exponent(α)  :    0.78
Starting Meta-MD   7 with the settings:
     MD time /ps        :     5.0
     dt /fs             :     5.0
     dumpstep(trj) /fs  :     100
     dumpstep(Vbias)/ps :     1.0
     Vbias prefactor(k) :  0.0720
     Vbias exponent(α)  :    0.47
*Meta-MD 2 finished*
Starting Meta-MD   8 with the settings:
     MD time /ps        :     5.0
     dt /fs             :     5.0
     dumpstep(trj) /fs  :     100
     dumpstep(Vbias)/ps :     1.0
     Vbias prefactor(k) :  0.0360
     Vbias exponent(α)  :    0.47
*Meta-MD 3 finished*
Starting Meta-MD   9 with the settings:
     MD time /ps        :     5.0
     dt /fs             :     5.0
     dumpstep(trj) /fs  :     100
     dumpstep(Vbias)/ps :     1.0
     Vbias prefactor(k) :  0.0180
     Vbias exponent(α)  :    0.47
*Meta-MD 5 finished*
Starting Meta-MD  10 with the settings:
     MD time /ps        :     5.0
     dt /fs             :     5.0
     dumpstep(trj) /fs  :     100
     dumpstep(Vbias)/ps :     1.0
     Vbias prefactor(k) :  0.0720
     Vbias exponent(α)  :    0.28
*Meta-MD 6 finished*
Starting Meta-MD  11 with the settings:
     MD time /ps        :     5.0
     dt /fs             :     5.0
     dumpstep(trj) /fs  :     100
     dumpstep(Vbias)/ps :     1.0
     Vbias prefactor(k) :  0.0360
     Vbias exponent(α)  :    0.28
*Meta-MD 12 finished*
*Meta-MD 4 finished*
*Meta-MD 1 finished*
*Meta-MD 7 finished*
*Meta-MD 8 finished*
*Meta-MD 10 finished*
*Meta-MD 11 finished*
*Meta-MD 9 finished*
 
-----------------------
Multilevel Optimization
-----------------------
 
 -------------------------
 1. crude pre-optimization
 -------------------------
 writing TMPCONF* Dirs from file "crest_rotamers_0.xyz" ... done.
 Starting optimization of generated structures
 588 jobs to do.
 1 2 3 4 5 6 7 8 9 10 11 12 13 14 15 16 17 18 19 20 21 22 23 24 25 26 27 28 29 30 31 32 33 34 35 36 37 38 39 40 41 42 43 44 45 46 47 48 49 50 51 52 53 54 55 56 57 58 59 60 61 62 63 64 65 66 67 68 69 70 71 72 73 74 75 76 77 78 79 80 81 82 83 84 85 86 87 88 89 90 91 92 93 94 95 96 97 98 99 100 101 102 103 104 105 106 107 108 109 110 111 112 113 114 115 116 117 118 119 120 121 122 123 124 125 126 127 128 129 130 131 132 133 134 135 136 137 138 139 140 141 142 143 144 145 146 147 148 149 150 151 152 153 154 155 156 157 158 159 160 161 162 163 164 165 166 167 168 169 170 171 172 173 174 175 176 177 178 179 180 181 182 183 184 185 186 187 188 189 190 191 192 193 194 195 196 197 198 199 200 201 202 203 204 205 206 207 208 209 210 211 212 213 214 215 216 217 218 219 220 221 222 223 224 225 226 227 228 229 230 231 232 233 234 235 236 237 238 239 240 241 242 243 244 245 246 247 248 249 250 251 252 253 254 255 256 257 258 259 260 261 262 263 264 265 266 267 268 269 270 271 272 273 274 275 276 277 278 279 280 281 282 283 284 285 286 287 288 289 290 291 292 293 294 295 296 297 298 299 300 301 302 303 304 305 306 307 308 309 310 311 312 313 314 315 316 317 318 319 320 321 322 323 324 325 326 327 328 329 330 331 332 333 334 335 336 337 338 339 340 341 342 343 344 345 346 347 348 349 350 351 352 353 354 355 356 357 358 359 360 361 362 363 364 365 366 367 368 369 370 371 372 373 374 375 376 377 378 379 380 381 382 383 384 385 386 387 388 389 390 391 392 393 394 395 396 397 398 399 400 401 402 403 404 405 406 407 408 409 410 411 412 413 414 415 416 417 418 419 420 421 422 423 424 425 426 427 428 429 430 431 432 433 434 435 436 437 438 439 440 441 442 443 444 445 446 447 448 449 450 451 452 453 454 455 456 457 458 459 460 461 462 463 464 465 466 467 468 469 470 471 472 473 474 475 476 477 478 479 480 481 482 483 484 485 486 487 488 489 490 491 492 493 494 495 496 497 498 499 500 501 502 503 504 505 506 507 508 509 510 511 512 513 514 515 516 517 518 519 520 521 522 523 524 525 526 527 528 529 530 531 532 533 534 535 536 537 538 539 540 541 542 543 544 545 546 547 548 549 550 551 552 553 554 555 556 557 558 559 560 561 562 563 564 565 566 567 568 569 570 571 572 573 574 575 576 577 578 579 580 581 582 583 584 585 586 587 588 
 done.
 Now appending opt.xyz file with new structures
 running RMSDs...
 done.
 E lowest :   -39.56573
 362 structures remain within    12.00 kcal/mol window
 
 -------------------------------------
 2. optimization with tight thresholds
 -------------------------------------
 writing TMPCONF* Dirs from file "crest_rotamers_1.xyz" ... done.
 Starting optimization of generated structures
 363 jobs to do.
 1 2 3 4 5 6 7 8 9 10 11 12 13 14 15 16 17 18 19 20 21 22 23 24 25 26 27 28 29 30 31 32 33 34 35 36 37 38 39 40 41 42 43 44 45 46 47 48 49 50 51 52 53 54 55 56 57 58 59 60 61 62 63 64 65 66 67 68 69 70 71 72 73 74 75 76 77 78 79 80 81 82 83 84 85 86 87 88 89 90 91 92 93 94 95 96 97 98 99 100 101 102 103 104 105 106 107 108 109 110 111 112 113 114 115 116 117 118 119 120 121 122 123 124 125 126 127 128 129 130 131 132 133 134 135 136 137 138 139 140 141 142 143 144 145 146 147 148 149 150 151 152 153 154 155 156 157 158 159 160 161 162 163 164 165 166 167 168 169 170 171 172 173 174 175 176 177 178 179 180 181 182 183 184 185 186 187 188 189 190 191 192 193 194 195 196 197 198 199 200 201 202 203 204 205 206 207 208 209 210 211 212 213 214 215 216 217 218 219 220 221 222 223 224 225 226 227 228 229 230 231 232 233 234 235 236 237 238 239 240 241 242 243 244 245 246 247 248 249 250 251 252 253 254 255 256 257 258 259 260 261 262 263 264 265 266 267 268 269 270 271 272 273 274 275 276 277 278 279 280 281 282 283 284 285 286 287 288 289 290 291 292 293 294 295 296 297 298 299 300 301 302 303 304 305 306 307 308 309 310 311 312 313 314 315 316 317 318 319 320 321 322 323 324 325 326 327 328 329 330 331 332 333 334 335 336 337 338 339 340 341 342 343 344 345 346 347 348 349 350 351 352 353 354 355 356 357 358 359 360 361 362 363 
 done.
 Now appending opt.xyz file with new structures
 running RMSDs...
 done.
 E lowest :   -39.56588
 66 structures remain within     6.00 kcal/mol window
 
========================================
            MTD Iterations done         
========================================
 Collecting ensmbles.
 running RMSDs...
 done.
 E lowest :   -39.56588
 75 structures remain within     6.00 kcal/mol window
 
-----------------------------------------------
Additional regular MDs on lowest 4 conformer(s)
-----------------------------------------------
Starting MD   8 with the settings:
     MD time /ps        :     2.5
     MD Temperature /K  :   500.0
     dt /fs             :     5.0
     dumpstep(trj) /fs  :     100
Starting MD   1 with the settings:
     MD time /ps        :     2.5
     MD Temperature /K  :   400.0
     dt /fs             :     5.0
     dumpstep(trj) /fs  :     100
Starting MD   2 with the settings:
     MD time /ps        :     2.5
     MD Temperature /K  :   500.0
     dt /fs             :     5.0
     dumpstep(trj) /fs  :     100
Starting MD   4 with the settings:
     MD time /ps        :     2.5
     MD Temperature /K  :   500.0
     dt /fs             :     5.0
     dumpstep(trj) /fs  :     100
Starting MD   3 with the settings:
     MD time /ps        :     2.5
     MD Temperature /K  :   400.0
     dt /fs             :     5.0
     dumpstep(trj) /fs  :     100
Starting MD   5 with the settings:
     MD time /ps        :     2.5
     MD Temperature /K  :   400.0
     dt /fs             :     5.0
     dumpstep(trj) /fs  :     100
Starting MD   6 with the settings:
     MD time /ps        :     2.5
     MD Temperature /K  :   500.0
     dt /fs             :     5.0
     dumpstep(trj) /fs  :     100
Starting MD   7 with the settings:
     MD time /ps        :     2.5
     MD Temperature /K  :   400.0
     dt /fs             :     5.0
     dumpstep(trj) /fs  :     100
*MD 8 finished*
*MD 4 finished*
*MD 3 finished*
*MD 6 finished*
*MD 7 finished*
*MD 5 finished*
*MD 2 finished*
*MD 1 finished*
 Appending file crest_rotamers_1.xyz with new structures
 
 -------------------------------------------
 Ensemble optimization with tight thresholds
 -------------------------------------------
 writing TMPCONF* Dirs from file "crest_rotamers_1.xyz" ... done.
 Starting optimization of generated structures
 267 jobs to do.
 1 2 3 4 5 6 7 8 9 10 11 12 13 14 15 16 17 18 19 20 21 22 23 24 25 26 27 28 29 30 31 32 33 34 35 36 37 38 39 40 41 42 43 44 45 46 47 48 49 50 51 52 53 54 55 56 57 58 59 60 61 62 63 64 65 66 67 68 69 70 71 72 73 74 75 76 77 78 79 80 81 82 83 84 85 86 87 88 89 90 91 92 93 94 95 96 97 98 99 100 101 102 103 104 105 106 107 108 109 110 111 112 113 114 115 116 117 118 119 120 121 122 123 124 125 126 127 128 129 130 131 132 133 134 135 136 137 138 139 140 141 142 143 144 145 146 147 148 149 150 151 152 153 154 155 156 157 158 159 160 161 162 163 164 165 166 167 168 169 170 171 172 173 174 175 176 177 178 179 180 181 182 183 184 185 186 187 188 189 190 191 192 193 194 195 196 197 198 199 200 201 202 203 204 205 206 207 208 209 210 211 212 213 214 215 216 217 218 219 220 221 222 223 224 225 226 227 228 229 230 231 232 233 234 235 236 237 238 239 240 241 242 243 244 245 246 247 248 249 250 251 252 253 254 255 256 257 258 259 260 261 262 263 264 265 266 267 
 done.
 Now appending opt.xyz file with new structures
 running RMSDs...
 done.
 E lowest :   -39.56588
 76 structures remain within     6.00 kcal/mol window
 
 
     ========================================
     |        Structure Crossing (GC)       |
     ========================================
 =============================
  # threads =           8
 =============================
 input  file name : crest_rotamers_3.xyz
number of atoms                :    24
number of points on xyz files  :    76
conformer energy window  /kcal :    6.00
CN per atom difference cut-off :  0.3000
RMSD threshold                 :  0.2500
max. # of generated structures : 250
 reading xyz file ...
 # in E window                 76
 generating pairs ...        2925
 generated pairs           :         689
 number of clash discarded :        2161
 average rmsd w.r.t input  : 2.24124
 sd of ensemble            : 0.67921
 number of new structures      :         218
 removed identical structures  :         282
 writing          218  TMPCONF* dirs ...
 --------------------------
 GC: loose pre-optimization
 --------------------------
 Starting optimization of generated structures
 218 jobs to do.
 1 2 3 4 5 6 7 8 9 10 11 12 13 14 15 16 17 18 19 20 21 22 23 24 25 26 27 28 29 30 31 32 33 34 35 36 37 38 39 40 41 42 43 44 45 46 47 48 49 50 51 52 53 54 55 56 57 58 59 60 61 62 63 64 65 66 67 68 69 70 71 72 73 74 75 76 77 78 79 80 81 82 83 84 85 86 87 88 89 90 91 92 93 94 95 96 97 98 99 100 101 102 103 104 105 106 107 108 109 110 111 112 113 114 115 116 117 118 119 120 121 122 123 124 125 126 127 128 129 130 131 132 133 134 135 136 137 138 139 140 141 142 143 144 145 146 147 148 149 150 151 152 153 154 155 156 157 158 159 160 161 162 163 164 165 166 167 168 169 170 171 172 173 174 175 176 177 178 179 180 181 182 183 184 185 186 187 188 189 190 191 192 193 194 195 196 197 198 199 200 201 202 203 204 205 206 207 208 209 210 211 212 213 214 215 216 217 218 
 done.
 Now appending opt.xyz file with new structures
 running RMSDs...
 done.
 E lowest :   -39.56578
 185 structures remain within    10.00 kcal/mol window
 --------------------------------------
 GC: optimization with tight thresholds
 --------------------------------------
 writing TMPCONF* Dirs from file "crest_rotamers_1.xyz" ... done.
 Starting optimization of generated structures
 185 jobs to do.
 1 2 3 4 5 6 7 8 9 10 11 12 13 14 15 16 17 18 19 20 21 22 23 24 25 26 27 28 29 30 31 32 33 34 35 36 37 38 39 40 41 42 43 44 45 46 47 48 49 50 51 52 53 54 55 56 57 58 59 60 61 62 63 64 65 66 67 68 69 70 71 72 73 74 75 76 77 78 79 80 81 82 83 84 85 86 87 88 89 90 91 92 93 94 95 96 97 98 99 100 101 102 103 104 105 106 107 108 109 110 111 112 113 114 115 116 117 118 119 120 121 122 123 124 125 126 127 128 129 130 131 132 133 134 135 136 137 138 139 140 141 142 143 144 145 146 147 148 149 150 151 152 153 154 155 156 157 158 159 160 161 162 163 164 165 166 167 168 169 170 171 172 173 174 175 176 177 178 179 180 181 182 183 184 185 
 done.
 Now appending opt.xyz file with new structures
 running RMSDs...
 done.
 E lowest :   -39.56588
 
 
   ================================================
   |           Final Geometry Optimization        |
   ================================================
 ---------------------
 Ensemble optimization
 ---------------------
 writing TMPCONF* Dirs from file "crest_rotamers_4.xyz" ... done.
 Starting optimization of generated structures
 80 jobs to do.
 1 2 3 4 5 6 7 8 9 10 11 12 13 14 15 16 17 18 19 20 21 22 23 24 25 26 27 28 29 30 31 32 33 34 35 36 37 38 39 40 41 42 43 44 45 46 47 48 49 50 51 52 53 54 55 56 57 58 59 60 61 62 63 64 65 66 67 68 69 70 71 72 73 74 75 76 77 78 79 80 
 done.
 Now appending opt.xyz file with new structures
 running RMSDs...
 done.
 E lowest :   -39.56588
 67 structures remain within     6.00 kcal/mol window
 
-------------------------------------
CREGEN - CONFORMER SYMMETRY ANALYSIS
-------------------------------------
 =============================
  # threads =           8
 =============================
 input  file name : crest_rotamers_5.xyz
 output file name : crest_rotamers_6.xyz
 number of atoms                :    24
 number of points on xyz files  :    80
 RMSD threshold                 :   0.1250
 Bconst threshold               :  15.0000
 population threshold           :   0.0500
 conformer energy window  /kcal :   6.0000
 # fragment in coord            :     1
 number of reliable points      :    80
 reference state Etot :  -39.5658760119000
 number of doubles removed by rot/RMSD         :          13
 total number unique points considered further :          67
   Erel/kcal     Etot      weight/tot conformer  set degen    origin
    1   0.000   -39.56588    0.12717    0.49078    1    4     mtd2
    2   0.000   -39.56588    0.12715                          md7
    3   0.043   -39.56581    0.11825                          gc
    4   0.043   -39.56581    0.11822                          gc
    5   0.429   -39.56519    0.06167    0.24665    2    4     md1
    6   0.429   -39.56519    0.06166                          gc
    7   0.429   -39.56519    0.06166                          mtd6
    8   0.429   -39.56519    0.06166                          gc
    9   0.717   -39.56473    0.03798    0.03798    3    1     mtd12
   10   0.887   -39.56446    0.02850    0.05699    4    2     mtd9
   11   0.887   -39.56446    0.02850                          gc
   12   0.979   -39.56432    0.02438    0.09748    5    4     mtd9
   13   0.980   -39.56431    0.02437                          mtd9
   14   0.980   -39.56431    0.02437                          mtd12
   15   0.980   -39.56431    0.02436                          mtd12
   16   1.056   -39.56419    0.02144    0.04288    6    2     mtd12
   17   1.056   -39.56419    0.02144                          mtd12
   18   1.183   -39.56399    0.01731    0.01731    7    1     gc
   19   2.644   -39.56166    0.00147    0.00589    8    4     gc
   20   2.644   -39.56166    0.00147                          gc
   21   2.644   -39.56166    0.00147                          mtd9
   22   2.644   -39.56166    0.00147                          gc
   23   2.854   -39.56133    0.00103    0.00103    9    1     mtd9
   24   3.478   -39.56033    0.00036    0.00072   10    2     mtd4
   25   3.478   -39.56033    0.00036                          mtd8
   26   3.904   -39.55965    0.00018    0.00070   11    4     mtd12
   27   3.904   -39.55965    0.00018                          mtd10
   28   3.904   -39.55965    0.00018                          mtd6
   29   3.904   -39.55965    0.00018                          mtd7
   30   4.005   -39.55949    0.00015    0.00059   12    4     mtd4
   31   4.005   -39.55949    0.00015                          mtd8
   32   4.005   -39.55949    0.00015                          mtd12
   33   4.005   -39.55949    0.00015                          mtd8
   34   4.395   -39.55887    0.00008    0.00008   13    1     mtd9
   35   4.430   -39.55882    0.00007    0.00007   14    1     mtd5
   36   4.564   -39.55860    0.00006    0.00023   15    4     mtd7
   37   4.564   -39.55860    0.00006                          mtd12
   38   4.564   -39.55860    0.00006                          mtd6
   39   4.564   -39.55860    0.00006                          mtd1
   40   4.652   -39.55846    0.00005    0.00010   16    2     mtd12
   41   4.653   -39.55846    0.00005                          mtd8
   42   4.750   -39.55831    0.00004    0.00017   17    4     mtd12
   43   4.750   -39.55831    0.00004                          gc
   44   4.751   -39.55831    0.00004                          mtd8
   45   4.751   -39.55830    0.00004                          mtd6
   46   5.022   -39.55787    0.00003    0.00011   18    4     gc
   47   5.022   -39.55787    0.00003                          mtd8
   48   5.023   -39.55787    0.00003                          mtd1
   49   5.023   -39.55787    0.00003                          mtd10
   50   5.235   -39.55753    0.00002    0.00007   19    4     mtd1
   51   5.235   -39.55753    0.00002                          mtd12
   52   5.235   -39.55753    0.00002                          mtd1
   53   5.235   -39.55753    0.00002                          mtd8
   54   5.304   -39.55742    0.00002    0.00007   20    4     gc
   55   5.305   -39.55742    0.00002                          mtd9
   56   5.305   -39.55742    0.00002                          mtd1
   57   5.305   -39.55742    0.00002                          mtd10
   58   5.531   -39.55706    0.00001    0.00002   21    2     gc
   59   5.531   -39.55706    0.00001                          mtd1
   60   5.589   -39.55697    0.00001    0.00003   22    3     mtd10
   61   5.590   -39.55697    0.00001                          mtd4
   62   5.590   -39.55697    0.00001                          mtd14
   63   5.913   -39.55645    0.00001    0.00001   23    1     mtd12
   64   5.953   -39.55639    0.00001    0.00002   24    4     mtd4
   65   5.953   -39.55639    0.00001                          mtd1
   66   5.953   -39.55639    0.00001                          mtd1
   67   5.953   -39.55639    0.00001                          mtd10
T /K                                  :   298.15
E lowest                              :   -39.56588
ensemble average energy (kcal)        :    0.386
ensemble entropy (J/mol K, cal/mol K) :   22.559    5.392
ensemble free energy (kcal/mol)       :   -1.608
population of lowest in %             :   49.078
 number of unique conformers for further calc           24
 list of relative energies saved as "crest.energies"
 Normal termination.
 
 -----------------
 Wall Time Summary
 -----------------
             test MD wall time :         0h : 0m : 3s
                 MTD wall time :         0h : 3m :35s
      multilevel OPT wall time :         0h :10m :32s
                  MD wall time :         0h : 1m :25s
                  GC wall time :         0h : 1m :33s
--------------------
Overall wall time  : 0h :17m :26s
 
 CREST terminated normally.
