 
       ==============================================
       |                                            |
       |                 C R E S T                  |
       |                                            |
       |  Conformer-Rotamer Ensemble Sampling Tool  |
       |       based on the GFNn-xTB methods        |
       |             P.Pracht, S.Grimme             |
       |          Universitaet Bonn, MCTC           |
       ==============================================
       Version 2.10.2, Tue 9. Jun 13:32:10 CEST 2020
       Using the xTB program.
       Compatible with XTB version 6.1 and later.
 
   Cite work conducted with this code as

   P. Pracht, F. Bohle, S. Grimme, PCCP, 2020, 22, 7169-7192.

   and

   S. Grimme, JCTC, 2019, 15, 2847-2862.
 
   This program is distributed in the hope that it will be useful,
   but WITHOUT ANY WARRANTY; without even the implied warranty of
   MERCHANTABILITY or FITNESS FOR A PARTICULAR PURPOSE.

 Command line input:
 > crest OPT.xyz -opt vtight -T 8

  -opt 2
  -T 8 (CPUs/Threads selected)
-------------------------
Starting z-matrix sorting
-------------------------
 total number of atoms :          16
 total number of frags :           1
 Fragment            1
   1  C     0.000000      0.0000      0.0000     0    0    0
   2  O     2.648178      0.0000      0.0000     1    0    0
   3  H     1.876420    106.6959      0.0000     2    1    0
   4  C     2.898299    110.1561    -77.3272     1    2    3
   5  C     2.904433    113.3929   -175.8957     4    1    2
   6  C     2.898508    113.4672    -64.9291     5    4    1
   7  O     2.648242    110.1617   -178.7299     6    5    4
   8  H     1.876384    106.7175   -284.5817     7    6    5
   9  H     2.094905    107.7316   -239.3121     6    7    5
  10  H     2.105197    110.0815   -243.1704     6    7    9
  11  H     2.101127    109.6462   -122.9398     5    6    4
  12  H     2.101183    108.0630   -117.6283     5    6   11
  13  H     2.101235    109.6328   -236.9280     4    5    1
  14  H     2.101280    107.7913   -242.5273     4    5   13
  15  H     2.099198    109.4901   -241.1534     1    4    2
  16  H     2.101442    111.8754   -241.1228     1    4   15
 terminated normally
 
 -------------------------
 xTB Geometry Optimization
 -------------------------
 Geometry successfully optimized.
 
------------------------------------------------
Generating MTD length from a flexibility measure
------------------------------------------------
 Calculating WBOs... done.
 flexibility measure :   0.993
 t(MTD) / ps    :     5.0
 Σ(t(MTD)) / ps :    60.0 (+    10.0)
 
-------------------------------------
Starting a trial MTD to test settings
-------------------------------------
 Estimated runtime for one MTD (5.0 ps) on a single thread: 54 sec
 Estimated runtime for a batch of 14 MTDs on 8 threads: 1 min 48 sec
 
 list of Vbias parameters applied:
$metadyn    0.00300   1.300
$metadyn    0.00150   1.300
$metadyn    0.00075   1.300
$metadyn    0.00300   0.780
$metadyn    0.00150   0.780
$metadyn    0.00075   0.780
$metadyn    0.00300   0.468
$metadyn    0.00150   0.468
$metadyn    0.00075   0.468
$metadyn    0.00300   0.281
$metadyn    0.00150   0.281
$metadyn    0.00075   0.281
$metadyn    0.00100   0.100
$metadyn    0.00500   0.800
 
*******************************************************************************************
**                        N E W    I T E R A T I O N    C Y C L E                        **
*******************************************************************************************
 
========================================
            MTD Iteration  1
========================================
 
     ========================================
     |         Meta-MD (MTD) Sampling       |
     ========================================
 
Starting Meta-MD   1 with the settings:
     MD time /ps        :     5.0
     dt /fs             :     5.0
     dumpstep(trj) /fs  :     100
     dumpstep(Vbias)/ps :     1.0
     Vbias prefactor(k) :  0.0480
     Vbias exponent(α)  :    1.30
Starting Meta-MD   2 with the settings:
     MD time /ps        :     5.0
     dt /fs             :     5.0
     dumpstep(trj) /fs  :     100
     dumpstep(Vbias)/ps :     1.0
     Vbias prefactor(k) :  0.0240
     Vbias exponent(α)  :    1.30
Starting Meta-MD   3 with the settings:
     MD time /ps        :     5.0
     dt /fs             :     5.0
     dumpstep(trj) /fs  :     100
     dumpstep(Vbias)/ps :     1.0
     Vbias prefactor(k) :  0.0120
     Vbias exponent(α)  :    1.30
Starting Meta-MD   4 with the settings:
     MD time /ps        :     5.0
     dt /fs             :     5.0
     dumpstep(trj) /fs  :     100
     dumpstep(Vbias)/ps :     1.0
     Vbias prefactor(k) :  0.0480
     Vbias exponent(α)  :    0.78
Starting Meta-MD   5 with the settings:
     MD time /ps        :     5.0
     dt /fs             :     5.0
     dumpstep(trj) /fs  :     100
     dumpstep(Vbias)/ps :     1.0
     Vbias prefactor(k) :  0.0240
     Vbias exponent(α)  :    0.78
Starting Meta-MD   6 with the settings:
     MD time /ps        :     5.0
     dt /fs             :     5.0
     dumpstep(trj) /fs  :     100
     dumpstep(Vbias)/ps :     1.0
     Vbias prefactor(k) :  0.0120
     Vbias exponent(α)  :    0.78
Starting Meta-MD   7 with the settings:
     MD time /ps        :     5.0
     dt /fs             :     5.0
     dumpstep(trj) /fs  :     100
     dumpstep(Vbias)/ps :     1.0
     Vbias prefactor(k) :  0.0480
     Vbias exponent(α)  :    0.47
Starting Meta-MD  14 with the settings:
     MD time /ps        :     5.0
     dt /fs             :     5.0
     dumpstep(trj) /fs  :     100
     dumpstep(Vbias)/ps :     1.0
     Vbias prefactor(k) :  0.0800
     Vbias exponent(α)  :    0.80
*Meta-MD 14 finished*
Starting Meta-MD  13 with the settings:
     MD time /ps        :     5.0
     dt /fs             :     5.0
     dumpstep(trj) /fs  :     100
     dumpstep(Vbias)/ps :     1.0
     Vbias prefactor(k) :  0.0160
     Vbias exponent(α)  :    0.10
*Meta-MD 5 finished*
*Meta-MD 4 finished*
Starting Meta-MD   8 with the settings:
     MD time /ps        :     5.0
     dt /fs             :     5.0
     dumpstep(trj) /fs  :     100
     dumpstep(Vbias)/ps :     1.0
     Vbias prefactor(k) :  0.0240
     Vbias exponent(α)  :    0.47
Starting Meta-MD   9 with the settings:
     MD time /ps        :     5.0
     dt /fs             :     5.0
     dumpstep(trj) /fs  :     100
     dumpstep(Vbias)/ps :     1.0
     Vbias prefactor(k) :  0.0120
     Vbias exponent(α)  :    0.47
*Meta-MD 3 finished*
Starting Meta-MD  10 with the settings:
     MD time /ps        :     5.0
     dt /fs             :     5.0
     dumpstep(trj) /fs  :     100
     dumpstep(Vbias)/ps :     1.0
     Vbias prefactor(k) :  0.0480
     Vbias exponent(α)  :    0.28
*Meta-MD 2 finished*
Starting Meta-MD  11 with the settings:
     MD time /ps        :     5.0
     dt /fs             :     5.0
     dumpstep(trj) /fs  :     100
     dumpstep(Vbias)/ps :     1.0
     Vbias prefactor(k) :  0.0240
     Vbias exponent(α)  :    0.28
*Meta-MD 1 finished*
Starting Meta-MD  12 with the settings:
     MD time /ps        :     5.0
     dt /fs             :     5.0
     dumpstep(trj) /fs  :     100
     dumpstep(Vbias)/ps :     1.0
     Vbias prefactor(k) :  0.0120
     Vbias exponent(α)  :    0.28
*Meta-MD 6 finished*
*Meta-MD 7 finished*
*Meta-MD 9 finished*
*Meta-MD 13 finished*
*Meta-MD 8 finished*
*Meta-MD 10 finished*
*Meta-MD 11 finished*
*Meta-MD 12 finished*
 
-----------------------
Multilevel Optimization
-----------------------
 
 -------------------------
 1. crude pre-optimization
 -------------------------
 writing TMPCONF* Dirs from file "crest_rotamers_0.xyz" ... done.
 Starting optimization of generated structures
 686 jobs to do.
 1 2 3 4 5 6 7 8 9 10 11 12 13 14 15 16 17 18 19 20 21 22 23 24 25 26 27 28 29 30 31 32 33 34 35 36 37 38 39 40 41 42 43 44 45 46 47 48 49 50 51 52 53 54 55 56 57 58 59 60 61 62 63 64 65 66 67 68 69 70 71 72 73 74 75 76 77 78 79 80 81 82 83 84 85 86 87 88 89 90 91 92 93 94 95 96 97 98 99 100 101 102 103 104 105 106 107 108 109 110 111 112 113 114 115 116 117 118 119 120 121 122 123 124 125 126 127 128 129 130 131 132 133 134 135 136 137 138 139 140 141 142 143 144 145 146 147 148 149 150 151 152 153 154 155 156 157 158 159 160 161 162 163 164 165 166 167 168 169 170 171 172 173 174 175 176 177 178 179 180 181 182 183 184 185 186 187 188 189 190 191 192 193 194 195 196 197 198 199 200 201 202 203 204 205 206 207 208 209 210 211 212 213 214 215 216 217 218 219 220 221 222 223 224 225 226 227 228 229 230 231 232 233 234 235 236 237 238 239 240 241 242 243 244 245 246 247 248 249 250 251 252 253 254 255 256 257 258 259 260 261 262 263 264 265 266 267 268 269 270 271 272 273 274 275 276 277 278 279 280 281 282 283 284 285 286 287 288 289 290 291 292 293 294 295 296 297 298 299 300 301 302 303 304 305 306 307 308 309 310 311 312 313 314 315 316 317 318 319 320 321 322 323 324 325 326 327 328 329 330 331 332 333 334 335 336 337 338 339 340 341 342 343 344 345 346 347 348 349 350 351 352 353 354 355 356 357 358 359 360 361 362 363 364 365 366 367 368 369 370 371 372 373 374 375 376 377 378 379 380 381 382 383 384 385 386 387 388 389 390 391 392 393 394 395 396 397 398 399 400 401 402 403 404 405 406 407 408 409 410 411 412 413 414 415 416 417 418 419 420 421 422 423 424 425 426 427 428 429 430 431 432 433 434 435 436 437 438 439 440 441 442 443 444 445 446 447 448 449 450 451 452 453 454 455 456 457 458 459 460 461 462 463 464 465 466 467 468 469 470 471 472 473 474 475 476 477 478 479 480 481 482 483 484 485 486 487 488 489 490 491 492 493 494 495 496 497 498 499 500 501 502 503 504 505 506 507 508 509 510 511 512 513 514 515 516 517 518 519 520 521 522 523 524 525 526 527 528 529 530 531 532 533 534 535 536 537 538 539 540 541 542 543 544 545 546 547 548 549 550 551 552 553 554 555 556 557 558 559 560 561 562 563 564 565 566 567 568 569 570 571 572 573 574 575 576 577 578 579 580 581 582 583 584 585 586 587 588 589 590 591 592 593 594 595 596 597 598 599 600 601 602 603 604 605 606 607 608 609 610 611 612 613 614 615 616 617 618 619 620 621 622 623 624 625 626 627 628 629 630 631 632 633 634 635 636 637 638 639 640 641 642 643 644 645 646 647 648 649 650 651 652 653 654 655 656 657 658 659 660 661 662 663 664 665 666 667 668 669 670 671 672 673 674 675 676 677 678 679 680 681 682 683 684 685 686 
 done.
 Now appending opt.xyz file with new structures
 running RMSDs...
 done.
 E lowest :   -21.78351
 512 structures remain within    12.00 kcal/mol window
 
 -------------------------------------
 2. optimization with tight thresholds
 -------------------------------------
 writing TMPCONF* Dirs from file "crest_rotamers_1.xyz" ... done.
 Starting optimization of generated structures
 513 jobs to do.
 1 2 3 4 5 6 7 8 9 10 11 12 13 14 15 16 17 18 19 20 21 22 23 24 25 26 27 28 29 30 31 32 33 34 35 36 37 38 39 40 41 42 43 44 45 46 47 48 49 50 51 52 53 54 55 56 57 58 59 60 61 62 63 64 65 66 67 68 69 70 71 72 73 74 75 76 77 78 79 80 81 82 83 84 85 86 87 88 89 90 91 92 93 94 95 96 97 98 99 100 101 102 103 104 105 106 107 108 109 110 111 112 113 114 115 116 117 118 119 120 121 122 123 124 125 126 127 128 129 130 131 132 133 134 135 136 137 138 139 140 141 142 143 144 145 146 147 148 149 150 151 152 153 154 155 156 157 158 159 160 161 162 163 164 165 166 167 168 169 170 171 172 173 174 175 176 177 178 179 180 181 182 183 184 185 186 187 188 189 190 191 192 193 194 195 196 197 198 199 200 201 202 203 204 205 206 207 208 209 210 211 212 213 214 215 216 217 218 219 220 221 222 223 224 225 226 227 228 229 230 231 232 233 234 235 236 237 238 239 240 241 242 243 244 245 246 247 248 249 250 251 252 253 254 255 256 257 258 259 260 261 262 263 264 265 266 267 268 269 270 271 272 273 274 275 276 277 278 279 280 281 282 283 284 285 286 287 288 289 290 291 292 293 294 295 296 297 298 299 300 301 302 303 304 305 306 307 308 309 310 311 312 313 314 315 316 317 318 319 320 321 322 323 324 325 326 327 328 329 330 331 332 333 334 335 336 337 338 339 340 341 342 343 344 345 346 347 348 349 350 351 352 353 354 355 356 357 358 359 360 361 362 363 364 365 366 367 368 369 370 371 372 373 374 375 376 377 378 379 380 381 382 383 384 385 386 387 388 389 390 391 392 393 394 395 396 397 398 399 400 401 402 403 404 405 406 407 408 409 410 411 412 413 414 415 416 417 418 419 420 421 422 423 424 425 426 427 428 429 430 431 432 433 434 435 436 437 438 439 440 441 442 443 444 445 446 447 448 449 450 451 452 453 454 455 456 457 458 459 460 461 462 463 464 465 466 467 468 469 470 471 472 473 474 475 476 477 478 479 480 481 482 483 484 485 486 487 488 489 490 491 492 493 494 495 496 497 498 499 500 501 502 503 504 505 506 507 508 509 510 511 512 513 
 done.
 Now appending opt.xyz file with new structures
 running RMSDs...
 done.
 E lowest :   -21.78364
 168 structures remain within     6.00 kcal/mol window
 
 
========================================
            MTD Iteration  2
========================================
 
     ========================================
     |         Meta-MD (MTD) Sampling       |
     ========================================
 
Starting Meta-MD   1 with the settings:
     MD time /ps        :     5.0
     dt /fs             :     5.0
     dumpstep(trj) /fs  :     100
     dumpstep(Vbias)/ps :     1.0
     Vbias prefactor(k) :  0.0480
     Vbias exponent(α)  :    1.30
Starting Meta-MD   3 with the settings:
     MD time /ps        :     5.0
     dt /fs             :     5.0
     dumpstep(trj) /fs  :     100
     dumpstep(Vbias)/ps :     1.0
     Vbias prefactor(k) :  0.0120
     Vbias exponent(α)  :    1.30
Starting Meta-MD   2 with the settings:
     MD time /ps        :     5.0
     dt /fs             :     5.0
     dumpstep(trj) /fs  :     100
     dumpstep(Vbias)/ps :     1.0
     Vbias prefactor(k) :  0.0240
     Vbias exponent(α)  :    1.30
Starting Meta-MD  12 with the settings:
     MD time /ps        :     5.0
     dt /fs             :     5.0
     dumpstep(trj) /fs  :     100
     dumpstep(Vbias)/ps :     1.0
     Vbias prefactor(k) :  0.0120
     Vbias exponent(α)  :    0.28
Starting Meta-MD   4 with the settings:
     MD time /ps        :     5.0
     dt /fs             :     5.0
     dumpstep(trj) /fs  :     100
     dumpstep(Vbias)/ps :     1.0
     Vbias prefactor(k) :  0.0480
     Vbias exponent(α)  :    0.78
Starting Meta-MD   5 with the settings:
     MD time /ps        :     5.0
     dt /fs             :     5.0
     dumpstep(trj) /fs  :     100
     dumpstep(Vbias)/ps :     1.0
     Vbias prefactor(k) :  0.0240
     Vbias exponent(α)  :    0.78
Starting Meta-MD   6 with the settings:
     MD time /ps        :     5.0
     dt /fs             :     5.0
     dumpstep(trj) /fs  :     100
     dumpstep(Vbias)/ps :     1.0
     Vbias prefactor(k) :  0.0120
     Vbias exponent(α)  :    0.78
Starting Meta-MD   7 with the settings:
     MD time /ps        :     5.0
     dt /fs             :     5.0
     dumpstep(trj) /fs  :     100
     dumpstep(Vbias)/ps :     1.0
     Vbias prefactor(k) :  0.0480
     Vbias exponent(α)  :    0.47
*Meta-MD 2 finished*
*Meta-MD 5 finished*
*Meta-MD 6 finished*
*Meta-MD 4 finished*
*Meta-MD 12 finished*
*Meta-MD 7 finished*
Starting Meta-MD   8 with the settings:
*Meta-MD 3 finished*
     MD time /ps        :     5.0
*Meta-MD 1 finished*
     dt /fs             :     5.0
     dumpstep(trj) /fs  :     100
     dumpstep(Vbias)/ps :     1.0
     Vbias prefactor(k) :  0.0240
     Vbias exponent(α)  :    0.47
Starting Meta-MD   9 with the settings:
     MD time /ps        :     5.0
     dt /fs             :     5.0
     dumpstep(trj) /fs  :     100
     dumpstep(Vbias)/ps :     1.0
     Vbias prefactor(k) :  0.0120
     Vbias exponent(α)  :    0.47
Starting Meta-MD  10 with the settings:
     MD time /ps        :     5.0
     dt /fs             :     5.0
     dumpstep(trj) /fs  :     100
     dumpstep(Vbias)/ps :     1.0
     Vbias prefactor(k) :  0.0480
     Vbias exponent(α)  :    0.28
Starting Meta-MD  11 with the settings:
     MD time /ps        :     5.0
     dt /fs             :     5.0
     dumpstep(trj) /fs  :     100
     dumpstep(Vbias)/ps :     1.0
     Vbias prefactor(k) :  0.0240
     Vbias exponent(α)  :    0.28
*Meta-MD 11 finished*
*Meta-MD 10 finished*
*Meta-MD 8 finished*
*Meta-MD 9 finished*
 
-----------------------
Multilevel Optimization
-----------------------
 
 -------------------------
 1. crude pre-optimization
 -------------------------
 writing TMPCONF* Dirs from file "crest_rotamers_0.xyz" ... done.
 Starting optimization of generated structures
 588 jobs to do.
 1 2 3 4 5 6 7 8 9 10 11 12 13 14 15 16 17 18 19 20 21 22 23 24 25 26 27 28 29 30 31 32 33 34 35 36 37 38 39 40 41 42 43 44 45 46 47 48 49 50 51 52 53 54 55 56 57 58 59 60 61 62 63 64 65 66 67 68 69 70 71 72 73 74 75 76 77 78 79 80 81 82 83 84 85 86 87 88 89 90 91 92 93 94 95 96 97 98 99 100 101 102 103 104 105 106 107 108 109 110 111 112 113 114 115 116 117 118 119 120 121 122 123 124 125 126 127 128 129 130 131 132 133 134 135 136 137 138 139 140 141 142 143 144 145 146 147 148 149 150 151 152 153 154 155 156 157 158 159 160 161 162 163 164 165 166 167 168 169 170 171 172 173 174 175 176 177 178 179 180 181 182 183 184 185 186 187 188 189 190 191 192 193 194 195 196 197 198 199 200 201 202 203 204 205 206 207 208 209 210 211 212 213 214 215 216 217 218 219 220 221 222 223 224 225 226 227 228 229 230 231 232 233 234 235 236 237 238 239 240 241 242 243 244 245 246 247 248 249 250 251 252 253 254 255 256 257 258 259 260 261 262 263 264 265 266 267 268 269 270 271 272 273 274 275 276 277 278 279 280 281 282 283 284 285 286 287 288 289 290 291 292 293 294 295 296 297 298 299 300 301 302 303 304 305 306 307 308 309 310 311 312 313 314 315 316 317 318 319 320 321 322 323 324 325 326 327 328 329 330 331 332 333 334 335 336 337 338 339 340 341 342 343 344 345 346 347 348 349 350 351 352 353 354 355 356 357 358 359 360 361 362 363 364 365 366 367 368 369 370 371 372 373 374 375 376 377 378 379 380 381 382 383 384 385 386 387 388 389 390 391 392 393 394 395 396 397 398 399 400 401 402 403 404 405 406 407 408 409 410 411 412 413 414 415 416 417 418 419 420 421 422 423 424 425 426 427 428 429 430 431 432 433 434 435 436 437 438 439 440 441 442 443 444 445 446 447 448 449 450 451 452 453 454 455 456 457 458 459 460 461 462 463 464 465 466 467 468 469 470 471 472 473 474 475 476 477 478 479 480 481 482 483 484 485 486 487 488 489 490 491 492 493 494 495 496 497 498 499 500 501 502 503 504 505 506 507 508 509 510 511 512 513 514 515 516 517 518 519 520 521 522 523 524 525 526 527 528 529 530 531 532 533 534 535 536 537 538 539 540 541 542 543 544 545 546 547 548 549 550 551 552 553 554 555 556 557 558 559 560 561 562 563 564 565 566 567 568 569 570 571 572 573 574 575 576 577 578 579 580 581 582 583 584 585 586 587 588 
 done.
 Now appending opt.xyz file with new structures
 running RMSDs...
 done.
 E lowest :   -21.78362
 463 structures remain within    12.00 kcal/mol window
 
 -------------------------------------
 2. optimization with tight thresholds
 -------------------------------------
 writing TMPCONF* Dirs from file "crest_rotamers_1.xyz" ... done.
 Starting optimization of generated structures
 464 jobs to do.
 1 2 3 4 5 6 7 8 9 10 11 12 13 14 15 16 17 18 19 20 21 22 23 24 25 26 27 28 29 30 31 32 33 34 35 36 37 38 39 40 41 42 43 44 45 46 47 48 49 50 51 52 53 54 55 56 57 58 59 60 61 62 63 64 65 66 67 68 69 70 71 72 73 74 75 76 77 78 79 80 81 82 83 84 85 86 87 88 89 90 91 92 93 94 95 96 97 98 99 100 101 102 103 104 105 106 107 108 109 110 111 112 113 114 115 116 117 118 119 120 121 122 123 124 125 126 127 128 129 130 131 132 133 134 135 136 137 138 139 140 141 142 143 144 145 146 147 148 149 150 151 152 153 154 155 156 157 158 159 160 161 162 163 164 165 166 167 168 169 170 171 172 173 174 175 176 177 178 179 180 181 182 183 184 185 186 187 188 189 190 191 192 193 194 195 196 197 198 199 200 201 202 203 204 205 206 207 208 209 210 211 212 213 214 215 216 217 218 219 220 221 222 223 224 225 226 227 228 229 230 231 232 233 234 235 236 237 238 239 240 241 242 243 244 245 246 247 248 249 250 251 252 253 254 255 256 257 258 259 260 261 262 263 264 265 266 267 268 269 270 271 272 273 274 275 276 277 278 279 280 281 282 283 284 285 286 287 288 289 290 291 292 293 294 295 296 297 298 299 300 301 302 303 304 305 306 307 308 309 310 311 312 313 314 315 316 317 318 319 320 321 322 323 324 325 326 327 328 329 330 331 332 333 334 335 336 337 338 339 340 341 342 343 344 345 346 347 348 349 350 351 352 353 354 355 356 357 358 359 360 361 362 363 364 365 366 367 368 369 370 371 372 373 374 375 376 377 378 379 380 381 382 383 384 385 386 387 388 389 390 391 392 393 394 395 396 397 398 399 400 401 402 403 404 405 406 407 408 409 410 411 412 413 414 415 416 417 418 419 420 421 422 423 424 425 426 427 428 429 430 431 432 433 434 435 436 437 438 439 440 441 442 443 444 445 446 447 448 449 450 451 452 453 454 455 456 457 458 459 460 461 462 463 464 
 done.
 Now appending opt.xyz file with new structures
 running RMSDs...
 done.
 E lowest :   -21.78364
 164 structures remain within     6.00 kcal/mol window
 
========================================
            MTD Iterations done         
========================================
 Collecting ensmbles.
 running RMSDs...
 done.
 E lowest :   -21.78364
 211 structures remain within     6.00 kcal/mol window
 
-----------------------------------------------
Additional regular MDs on lowest 4 conformer(s)
-----------------------------------------------
Starting MD   1 with the settings:
     MD time /ps        :     2.5
     MD Temperature /K  :   400.0
     dt /fs             :     5.0
     dumpstep(trj) /fs  :     100
Starting MD   2 with the settings:
     MD time /ps        :     2.5
     MD Temperature /K  :   500.0
     dt /fs             :     5.0
     dumpstep(trj) /fs  :     100
Starting MD   3 with the settings:
     MD time /ps        :     2.5
     MD Temperature /K  :   400.0
     dt /fs             :     5.0
     dumpstep(trj) /fs  :     100
Starting MD   8 with the settings:
     MD time /ps        :     2.5
     MD Temperature /K  :   500.0
     dt /fs             :     5.0
     dumpstep(trj) /fs  :     100
Starting MD   5 with the settings:
     MD time /ps        :     2.5
     MD Temperature /K  :   400.0
     dt /fs             :     5.0
     dumpstep(trj) /fs  :     100
Starting MD   4 with the settings:
     MD time /ps        :     2.5
     MD Temperature /K  :   500.0
     dt /fs             :     5.0
     dumpstep(trj) /fs  :     100
Starting MD   6 with the settings:
     MD time /ps        :     2.5
     MD Temperature /K  :   500.0
     dt /fs             :     5.0
     dumpstep(trj) /fs  :     100
Starting MD   7 with the settings:
     MD time /ps        :     2.5
     MD Temperature /K  :   400.0
     dt /fs             :     5.0
     dumpstep(trj) /fs  :     100
*MD 8 finished*
*MD 1 finished*
*MD 2 finished*
*MD 5 finished*
*MD 6 finished*
*MD 3 finished*
*MD 4 finished*
*MD 7 finished*
 Appending file crest_rotamers_1.xyz with new structures
 
 -------------------------------------------
 Ensemble optimization with tight thresholds
 -------------------------------------------
 writing TMPCONF* Dirs from file "crest_rotamers_1.xyz" ... done.
 Starting optimization of generated structures
 403 jobs to do.
 1 2 3 4 5 6 7 8 9 10 11 12 13 14 15 16 17 18 19 20 21 22 23 24 25 26 27 28 29 30 31 32 33 34 35 36 37 38 39 40 41 42 43 44 45 46 47 48 49 50 51 52 53 54 55 56 57 58 59 60 61 62 63 64 65 66 67 68 69 70 71 72 73 74 75 76 77 78 79 80 81 82 83 84 85 86 87 88 89 90 91 92 93 94 95 96 97 98 99 100 101 102 103 104 105 106 107 108 109 110 111 112 113 114 115 116 117 118 119 120 121 122 123 124 125 126 127 128 129 130 131 132 133 134 135 136 137 138 139 140 141 142 143 144 145 146 147 148 149 150 151 152 153 154 155 156 157 158 159 160 161 162 163 164 165 166 167 168 169 170 171 172 173 174 175 176 177 178 179 180 181 182 183 184 185 186 187 188 189 190 191 192 193 194 195 196 197 198 199 200 201 202 203 204 205 206 207 208 209 210 211 212 213 214 215 216 217 218 219 220 221 222 223 224 225 226 227 228 229 230 231 232 233 234 235 236 237 238 239 240 241 242 243 244 245 246 247 248 249 250 251 252 253 254 255 256 257 258 259 260 261 262 263 264 265 266 267 268 269 270 271 272 273 274 275 276 277 278 279 280 281 282 283 284 285 286 287 288 289 290 291 292 293 294 295 296 297 298 299 300 301 302 303 304 305 306 307 308 309 310 311 312 313 314 315 316 317 318 319 320 321 322 323 324 325 326 327 328 329 330 331 332 333 334 335 336 337 338 339 340 341 342 343 344 345 346 347 348 349 350 351 352 353 354 355 356 357 358 359 360 361 362 363 364 365 366 367 368 369 370 371 372 373 374 375 376 377 378 379 380 381 382 383 384 385 386 387 388 389 390 391 392 393 394 395 396 397 398 399 400 401 402 403 
 done.
 Now appending opt.xyz file with new structures
 running RMSDs...
 done.
 E lowest :   -21.78364
 213 structures remain within     6.00 kcal/mol window
 
 
     ========================================
     |        Structure Crossing (GC)       |
     ========================================
 =============================
  # threads =           8
 =============================
 input  file name : crest_rotamers_3.xyz
number of atoms                :    16
number of points on xyz files  :   213
conformer energy window  /kcal :    6.00
CN per atom difference cut-off :  0.3000
RMSD threshold                 :  0.2500
max. # of generated structures : 250
 reading xyz file ...
 # in E window                213
 generating pairs ...       22790
  66.7 % done
  81.7 % done
 generated pairs           :       21076
 number of clash discarded :        1502
 average rmsd w.r.t input  : 2.81007
 sd of ensemble            : 0.60743
 number of new structures      :          26
 removed identical structures  :         474
 writing           26  TMPCONF* dirs ...
 --------------------------
 GC: loose pre-optimization
 --------------------------
 Starting optimization of generated structures
 26 jobs to do.
 1 2 3 4 5 6 7 8 9 10 11 12 13 14 15 16 17 18 19 20 21 22 23 24 25 26 
 done.
 Now appending opt.xyz file with new structures
 running RMSDs...
 done.
 E lowest :   -21.78364
 12 structures remain within    10.00 kcal/mol window
 --------------------------------------
 GC: optimization with tight thresholds
 --------------------------------------
 writing TMPCONF* Dirs from file "crest_rotamers_1.xyz" ... done.
 Starting optimization of generated structures
 12 jobs to do.
 1 2 3 4 5 6 7 8 9 10 11 12 
 done.
 Now appending opt.xyz file with new structures
 running RMSDs...
 done.
 E lowest :   -21.78364
 
 
   ================================================
   |           Final Geometry Optimization        |
   ================================================
 ---------------------
 Ensemble optimization
 ---------------------
 writing TMPCONF* Dirs from file "crest_rotamers_4.xyz" ... done.
 Starting optimization of generated structures
 214 jobs to do.
 1 2 3 4 5 6 7 8 9 10 11 12 13 14 15 16 17 18 19 20 21 22 23 24 25 26 27 28 29 30 31 32 33 34 35 36 37 38 39 40 41 42 43 44 45 46 47 48 49 50 51 52 53 54 55 56 57 58 59 60 61 62 63 64 65 66 67 68 69 70 71 72 73 74 75 76 77 78 79 80 81 82 83 84 85 86 87 88 89 90 91 92 93 94 95 96 97 98 99 100 101 102 103 104 105 106 107 108 109 110 111 112 113 114 115 116 117 118 119 120 121 122 123 124 125 126 127 128 129 130 131 132 133 134 135 136 137 138 139 140 141 142 143 144 145 146 147 148 149 150 151 152 153 154 155 156 157 158 159 160 161 162 163 164 165 166 167 168 169 170 171 172 173 174 175 176 177 178 179 180 181 182 183 184 185 186 187 188 189 190 191 192 193 194 195 196 197 198 199 200 201 202 203 204 205 206 207 208 209 210 211 212 213 214 
 done.
 Now appending opt.xyz file with new structures
 running RMSDs...
 done.
 E lowest :   -21.78364
 214 structures remain within     6.00 kcal/mol window
 
-------------------------------------
CREGEN - CONFORMER SYMMETRY ANALYSIS
-------------------------------------
 =============================
  # threads =           8
 =============================
 input  file name : crest_rotamers_5.xyz
 output file name : crest_rotamers_6.xyz
 number of atoms                :    16
 number of points on xyz files  :   214
 RMSD threshold                 :   0.1250
 Bconst threshold               :  15.0000
 population threshold           :   0.0500
 conformer energy window  /kcal :   6.0000
 # fragment in coord            :     1
 number of reliable points      :   214
 reference state Etot :  -21.7836439312000
 number of doubles removed by rot/RMSD         :           0
 total number unique points considered further :         214
   Erel/kcal     Etot      weight/tot conformer  set degen    origin
    1   0.000   -21.78364    0.13864    0.55456    1    4     md8
    2   0.000   -21.78364    0.13864                          md3
    3   0.000   -21.78364    0.13864                          mtd11
    4   0.000   -21.78364    0.13864                          mtd8
    5   1.218   -21.78170    0.01778    0.07111    2    4     gc
    6   1.218   -21.78170    0.01778                          md4
    7   1.218   -21.78170    0.01778                          md1
    8   1.218   -21.78170    0.01778                          mtd12
    9   1.358   -21.78148    0.01405    0.02809    3    2     mtd11
   10   1.358   -21.78148    0.01404                          md5
   11   1.405   -21.78141    0.01297    0.02594    4    2     mtd8
   12   1.405   -21.78141    0.01297                          mtd8
   13   1.423   -21.78138    0.01259    0.03777    5    3     mtd10
   14   1.423   -21.78138    0.01259                          md7
   15   1.423   -21.78138    0.01259                          mtd13
   16   1.642   -21.78103    0.00869    0.01738    6    2     mtd13
   17   1.642   -21.78103    0.00869                          gc
   18   1.682   -21.78096    0.00813    0.01626    7    2     mtd4
   19   1.682   -21.78096    0.00813                          mtd12
   20   1.745   -21.78086    0.00731    0.02193    8    3     mtd2
   21   1.745   -21.78086    0.00731                          mtd5
   22   1.745   -21.78086    0.00731                          mtd13
   23   1.952   -21.78053    0.00516    0.03978    9    8     mtd6
   24   1.952   -21.78053    0.00516                          mtd3
   25   1.952   -21.78053    0.00516                          mtd12
   26   1.952   -21.78053    0.00516                          mtd5
   27   1.996   -21.78046    0.00479                          md6
   28   1.996   -21.78046    0.00479                          mtd12
   29   1.996   -21.78046    0.00479                          mtd8
   30   1.996   -21.78046    0.00479                          mtd12
   31   1.991   -21.78047    0.00483    0.01933   10    4     mtd9
   32   1.991   -21.78047    0.00483                          mtd4
   33   1.991   -21.78047    0.00483                          mtd9
   34   1.991   -21.78047    0.00483                          mtd11
   35   2.068   -21.78035    0.00424    0.00848   11    2     mtd7
   36   2.068   -21.78035    0.00424                          mtd8
   37   2.071   -21.78034    0.00422    0.01265   12    3     md7
   38   2.072   -21.78034    0.00421                          mtd2
   39   2.072   -21.78034    0.00421                          mtd9
   40   2.151   -21.78022    0.00368    0.00737   13    2     mtd1
   41   2.151   -21.78022    0.00368                          mtd5
   42   2.248   -21.78006    0.00313    0.01252   14    4     mtd6
   43   2.248   -21.78006    0.00313                          mtd5
   44   2.248   -21.78006    0.00313                          mtd3
   45   2.248   -21.78006    0.00313                          mtd3
   46   2.272   -21.78002    0.00300    0.00601   15    2     mtd10
   47   2.273   -21.78002    0.00300                          mtd5
   48   2.273   -21.78002    0.00300    0.00300   16    1     mtd9
   49   2.275   -21.78002    0.00299    0.00299   17    1     mtd1
   50   2.286   -21.78000    0.00294    0.00587   18    2     mtd14
   51   2.286   -21.78000    0.00294                          mtd1
   52   2.342   -21.77991    0.00267    0.01069   19    4     mtd2
   53   2.342   -21.77991    0.00267                          mtd3
   54   2.342   -21.77991    0.00267                          mtd11
   55   2.342   -21.77991    0.00267                          mtd8
   56   2.459   -21.77972    0.00219    0.01067   20    5     mtd1
   57   2.459   -21.77972    0.00219                          mtd9
   58   2.460   -21.77972    0.00219                          mtd14
   59   2.460   -21.77972    0.00219                          mtd12
   60   2.541   -21.77959    0.00191                          mtd4
   61   2.485   -21.77968    0.00210    0.00839   21    4     mtd4
   62   2.485   -21.77968    0.00210                          md2
   63   2.485   -21.77968    0.00210                          mtd4
   64   2.486   -21.77968    0.00210                          md5
   65   2.539   -21.77960    0.00192    0.00192   22    1     mtd11
   66   2.539   -21.77960    0.00191    0.00191   23    1     mtd7
   67   2.541   -21.77959    0.00191    0.00573   24    3     mtd10
   68   2.541   -21.77959    0.00191                          mtd5
   69   2.541   -21.77959    0.00191                          mtd1
   70   2.573   -21.77954    0.00181    0.00543   25    3     mtd11
   71   2.573   -21.77954    0.00181                          mtd3
   72   2.573   -21.77954    0.00181                          mtd8
   73   2.633   -21.77945    0.00164    0.00327   26    2     mtd2
   74   2.633   -21.77945    0.00164                          mtd11
   75   2.685   -21.77936    0.00150    0.00150   27    1     md6
   76   2.686   -21.77936    0.00150    0.00150   28    1     mtd10
   77   2.738   -21.77928    0.00137    0.00274   29    2     mtd13
   78   2.739   -21.77928    0.00137                          mtd4
   79   2.764   -21.77924    0.00131    0.00525   30    4     mtd1
   80   2.764   -21.77924    0.00131                          mtd1
   81   2.764   -21.77924    0.00131                          mtd1
   82   2.764   -21.77924    0.00131                          mtd2
   83   2.824   -21.77914    0.00118    0.00474   31    4     mtd7
   84   2.824   -21.77914    0.00118                          mtd3
   85   2.824   -21.77914    0.00118                          mtd13
   86   2.824   -21.77914    0.00118                          mtd3
   87   2.828   -21.77914    0.00118    0.00471   32    4     mtd7
   88   2.828   -21.77914    0.00118                          mtd13
   89   2.828   -21.77914    0.00118                          mtd12
   90   2.828   -21.77914    0.00118                          mtd14
   91   2.875   -21.77906    0.00109    0.00326   33    3     mtd7
   92   2.875   -21.77906    0.00109                          mtd3
   93   2.875   -21.77906    0.00109                          mtd6
   94   2.875   -21.77906    0.00109    0.00109   34    1     mtd10
   95   2.893   -21.77903    0.00106    0.00106   35    1     mtd5
   96   2.893   -21.77903    0.00106    0.00106   36    1     mtd12
   97   2.893   -21.77903    0.00105    0.00105   37    1     mtd5
   98   3.044   -21.77879    0.00082    0.00245   38    3     mtd10
   99   3.044   -21.77879    0.00082                          mtd14
  100   3.044   -21.77879    0.00082                          mtd14
  101   3.131   -21.77865    0.00071    0.00212   39    3     mtd2
  102   3.131   -21.77865    0.00071                          mtd6
  103   3.131   -21.77865    0.00071                          mtd1
  104   3.142   -21.77864    0.00069    0.00139   40    2     mtd9
  105   3.142   -21.77864    0.00069                          mtd7
  106   3.143   -21.77864    0.00069    0.00138   41    2     mtd6
  107   3.143   -21.77864    0.00069                          mtd7
  108   3.280   -21.77842    0.00055    0.00219   42    4     mtd12
  109   3.281   -21.77842    0.00055                          mtd10
  110   3.281   -21.77842    0.00055                          mtd2
  111   3.281   -21.77842    0.00055                          md7
  112   3.302   -21.77838    0.00053    0.00159   43    3     mtd7
  113   3.302   -21.77838    0.00053                          mtd2
  114   3.302   -21.77838    0.00053                          mtd7
  115   3.304   -21.77838    0.00053    0.00211   44    4     mtd8
  116   3.304   -21.77838    0.00053                          mtd9
  117   3.304   -21.77838    0.00053                          mtd2
  118   3.304   -21.77838    0.00053                          mtd9
  119   3.320   -21.77835    0.00051    0.00205   45    4     mtd11
  120   3.320   -21.77835    0.00051                          mtd12
  121   3.320   -21.77835    0.00051                          mtd5
  122   3.320   -21.77835    0.00051                          mtd5
  123   3.341   -21.77832    0.00050    0.00099   46    2     mtd12
  124   3.341   -21.77832    0.00050                          mtd10
  125   3.341   -21.77832    0.00050    0.00050   47    1     mtd12
  126   3.342   -21.77832    0.00049    0.00049   48    1     mtd14
  127   3.410   -21.77821    0.00044    0.00132   49    3     md3
  128   3.410   -21.77821    0.00044                          md6
  129   3.410   -21.77821    0.00044                          mtd11
  130   3.476   -21.77810    0.00039    0.00039   50    1     mtd1
  131   3.505   -21.77806    0.00038    0.00113   51    3     mtd2
  132   3.505   -21.77806    0.00038                          mtd7
  133   3.505   -21.77806    0.00038                          mtd7
  134   3.589   -21.77793    0.00033    0.00065   52    2     mtd10
  135   3.589   -21.77792    0.00033                          mtd6
  136   3.589   -21.77792    0.00033    0.00033   53    1     mtd10
  137   3.591   -21.77792    0.00033    0.00033   54    1     mtd11
  138   3.592   -21.77792    0.00032    0.00065   55    2     mtd9
  139   3.592   -21.77792    0.00032                          mtd8
  140   3.600   -21.77791    0.00032    0.00064   56    2     mtd2
  141   3.600   -21.77791    0.00032                          mtd7
  142   3.602   -21.77790    0.00032    0.00032   57    1     mtd14
  143   3.607   -21.77790    0.00032    0.00032   58    1     mtd7
  144   3.625   -21.77787    0.00031    0.00123   59    4     mtd8
  145   3.625   -21.77787    0.00031                          mtd1
  146   3.625   -21.77787    0.00031                          mtd1
  147   3.625   -21.77787    0.00031                          mtd3
  148   3.710   -21.77773    0.00027    0.00106   60    4     mtd1
  149   3.710   -21.77773    0.00027                          mtd12
  150   3.710   -21.77773    0.00027                          mtd14
  151   3.710   -21.77773    0.00027                          mtd1
  152   3.735   -21.77769    0.00026    0.00051   61    2     mtd5
  153   3.735   -21.77769    0.00025                          mtd10
  154   3.735   -21.77769    0.00025    0.00025   62    1     mtd5
  155   3.807   -21.77758    0.00023    0.00045   63    2     mtd11
  156   3.808   -21.77758    0.00023                          mtd14
  157   3.933   -21.77738    0.00018    0.00018   64    1     mtd10
  158   3.933   -21.77738    0.00018    0.00036   65    2     mtd7
  159   3.934   -21.77738    0.00018                          mtd7
  160   3.934   -21.77737    0.00018    0.00055   66    3     mtd5
  161   3.934   -21.77737    0.00018                          md7
  162   3.935   -21.77737    0.00018                          mtd12
  163   3.949   -21.77735    0.00018    0.00018   67    1     mtd1
  164   3.949   -21.77735    0.00018    0.00018   68    1     mtd1
  165   3.949   -21.77735    0.00018    0.00018   69    1     mtd6
  166   3.964   -21.77733    0.00017    0.00052   70    3     mtd4
  167   3.964   -21.77733    0.00017                          mtd11
  168   3.964   -21.77733    0.00017                          mtd2
  169   4.016   -21.77724    0.00016    0.00063   71    4     mtd5
  170   4.016   -21.77724    0.00016                          mtd9
  171   4.017   -21.77724    0.00016                          mtd8
  172   4.017   -21.77724    0.00016                          mtd8
  173   4.076   -21.77715    0.00014    0.00014   72    1     mtd11
  174   4.077   -21.77715    0.00014    0.00029   73    2     mtd4
  175   4.077   -21.77715    0.00014                          mtd11
  176   4.092   -21.77712    0.00014    0.00056   74    4     mtd9
  177   4.092   -21.77712    0.00014                          mtd3
  178   4.092   -21.77712    0.00014                          mtd10
  179   4.092   -21.77712    0.00014                          mtd8
  180   4.106   -21.77710    0.00014    0.00027   75    2     mtd7
  181   4.107   -21.77710    0.00014                          mtd1
  182   4.106   -21.77710    0.00014    0.00014   76    1     mtd7
  183   4.165   -21.77701    0.00012    0.00037   77    3     mtd4
  184   4.165   -21.77701    0.00012                          mtd2
  185   4.165   -21.77701    0.00012                          mtd14
  186   4.165   -21.77701    0.00012    0.00012   78    1     mtd6
  187   4.186   -21.77697    0.00012    0.00024   79    2     mtd7
  188   4.189   -21.77697    0.00012                          mtd10
  189   4.186   -21.77697    0.00012    0.00024   80    2     mtd7
  190   4.186   -21.77697    0.00012                          mtd6
  191   4.250   -21.77687    0.00011    0.00011   81    1     md3
  192   4.255   -21.77686    0.00011    0.00011   82    1     gc
  193   4.430   -21.77658    0.00008    0.00008   83    1     mtd2
  194   4.434   -21.77658    0.00008    0.00008   84    1     mtd1
  195   4.559   -21.77638    0.00006    0.00019   85    3     mtd1
  196   4.559   -21.77638    0.00006                          mtd9
  197   4.560   -21.77638    0.00006                          mtd2
  198   4.592   -21.77633    0.00006    0.00012   86    2     mtd12
  199   4.593   -21.77633    0.00006                          mtd7
  200   4.593   -21.77632    0.00006    0.00006   87    1     mtd1
  201   4.809   -21.77598    0.00004    0.00008   88    2     mtd9
  202   4.809   -21.77598    0.00004                          mtd12
  203   5.105   -21.77551    0.00003    0.00003   89    1     mtd10
  204   5.131   -21.77547    0.00002    0.00005   90    2     mtd14
  205   5.131   -21.77547    0.00002                          mtd7
  206   5.258   -21.77527    0.00002    0.00006   91    3     mtd5
  207   5.258   -21.77527    0.00002                          md7
  208   5.258   -21.77527    0.00002                          mtd11
  209   5.426   -21.77500    0.00001    0.00001   92    1     mtd9
  210   5.433   -21.77499    0.00001    0.00001   93    1     mtd2
  211   5.599   -21.77472    0.00001    0.00002   94    2     mtd2
  212   5.599   -21.77472    0.00001                          mtd2
  213   5.871   -21.77429    0.00001    0.00001   95    2     mtd2
  214   5.871   -21.77429    0.00001                          mtd7
T /K                                  :   298.15
E lowest                              :   -21.78364
ensemble average energy (kcal)        :    0.868
ensemble entropy (J/mol K, cal/mol K) :   28.593    6.834
ensemble free energy (kcal/mol)       :   -2.038
population of lowest in %             :   55.456
 number of unique conformers for further calc           95
 list of relative energies saved as "crest.energies"
 Normal termination.
 
 -----------------
 Wall Time Summary
 -----------------
             test MD wall time :         0h : 0m : 1s
                 MTD wall time :         0h : 0m :54s
      multilevel OPT wall time :         0h : 2m :41s
                  MD wall time :         0h : 0m :33s
                  GC wall time :         0h : 0m : 7s
--------------------
Overall wall time  : 0h : 4m :29s
 
 CREST terminated normally.
