 
       ==============================================
       |                                            |
       |                 C R E S T                  |
       |                                            |
       |  Conformer-Rotamer Ensemble Sampling Tool  |
       |       based on the GFNn-xTB methods        |
       |             P.Pracht, S.Grimme             |
       |          Universitaet Bonn, MCTC           |
       ==============================================
       Version 2.10.2, Tue 9. Jun 13:32:10 CEST 2020
       Using the xTB program.
       Compatible with XTB version 6.1 and later.
 
   Cite work conducted with this code as

   P. Pracht, F. Bohle, S. Grimme, PCCP, 2020, 22, 7169-7192.

   and

   S. Grimme, JCTC, 2019, 15, 2847-2862.
 
   This program is distributed in the hope that it will be useful,
   but WITHOUT ANY WARRANTY; without even the implied warranty of
   MERCHANTABILITY or FITNESS FOR A PARTICULAR PURPOSE.

 Command line input:
 > crest OPT.xyz -opt vtight -T 8

  -opt 2
  -T 8 (CPUs/Threads selected)
-------------------------
Starting z-matrix sorting
-------------------------
 total number of atoms :          22
 total number of frags :           1
 Fragment            1
   1  C     0.000000      0.0000      0.0000     0    0    0
   2  O     2.648755      0.0000      0.0000     1    0    0
   3  H     1.876228    106.6508      0.0000     2    1    0
   4  C     2.897964    110.1286    -77.2244     1    2    3
   5  C     2.904586    113.3714   -176.0688     4    1    2
   6  C     2.902984    113.2761    -64.4779     5    4    1
   7  C     2.896329    110.7195   -177.6557     6    5    4
   8  C     2.892842    111.1777   -180.3548     7    6    5
   9  O     2.649894    110.3803   -181.7044     8    7    6
  10  H     1.875556    106.6783   -290.9227     9    8    7
  11  H     2.099330    108.2035   -240.1353     8    9    7
  12  H     2.104028    110.0044   -242.7775     8    9   11
  13  H     2.101378    108.9723   -120.7011     7    8    6
  14  H     2.101541    109.0127   -118.5929     7    8   13
  15  H     2.097350    108.4396   -239.0519     6    7    5
  16  H     2.101782    109.3049   -241.2941     6    7   15
  17  H     2.101748    109.9235   -122.7205     5    6    4
  18  H     2.101954    108.3812   -117.9819     5    6   17
  19  H     2.101001    109.5726   -237.0301     4    5    1
  20  H     2.101252    107.8150   -242.5355     4    5   19
  21  H     2.098981    109.5271   -241.0896     1    4    2
  22  H     2.101113    111.9021   -241.0717     1    4   21
 terminated normally
 
 -------------------------
 xTB Geometry Optimization
 -------------------------
 Geometry successfully optimized.
 
------------------------------------------------
Generating MTD length from a flexibility measure
------------------------------------------------
 Calculating WBOs... done.
 flexibility measure :   0.992
 t(MTD) / ps    :     7.0
 Σ(t(MTD)) / ps :    84.0 (+    14.0)
 
-------------------------------------
Starting a trial MTD to test settings
-------------------------------------
 Estimated runtime for one MTD (7.0 ps) on a single thread: 2 min 26 sec
 Estimated runtime for a batch of 14 MTDs on 8 threads: 4 min 52 sec
 
 list of Vbias parameters applied:
$metadyn    0.00300   1.300
$metadyn    0.00150   1.300
$metadyn    0.00075   1.300
$metadyn    0.00300   0.780
$metadyn    0.00150   0.780
$metadyn    0.00075   0.780
$metadyn    0.00300   0.468
$metadyn    0.00150   0.468
$metadyn    0.00075   0.468
$metadyn    0.00300   0.281
$metadyn    0.00150   0.281
$metadyn    0.00075   0.281
$metadyn    0.00100   0.100
$metadyn    0.00500   0.800
 
*******************************************************************************************
**                        N E W    I T E R A T I O N    C Y C L E                        **
*******************************************************************************************
 
========================================
            MTD Iteration  1
========================================
 
     ========================================
     |         Meta-MD (MTD) Sampling       |
     ========================================
 
Starting Meta-MD   2 with the settings:
     MD time /ps        :     7.0
     dt /fs             :     5.0
     dumpstep(trj) /fs  :     100
     dumpstep(Vbias)/ps :     1.0
     Vbias prefactor(k) :  0.0330
     Vbias exponent(α)  :    1.30
Starting Meta-MD   3 with the settings:
     MD time /ps        :     7.0
     dt /fs             :     5.0
     dumpstep(trj) /fs  :     100
     dumpstep(Vbias)/ps :     1.0
     Vbias prefactor(k) :  0.0165
     Vbias exponent(α)  :    1.30
Starting Meta-MD   1 with the settings:
     MD time /ps        :     7.0
     dt /fs             :     5.0
     dumpstep(trj) /fs  :     100
     dumpstep(Vbias)/ps :     1.0
     Vbias prefactor(k) :  0.0660
     Vbias exponent(α)  :    1.30
Starting Meta-MD   4 with the settings:
     MD time /ps        :     7.0
     dt /fs             :     5.0
     dumpstep(trj) /fs  :     100
     dumpstep(Vbias)/ps :     1.0
     Vbias prefactor(k) :  0.0660
     Vbias exponent(α)  :    0.78
Starting Meta-MD   5 with the settings:
     MD time /ps        :     7.0
     dt /fs             :     5.0
     dumpstep(trj) /fs  :     100
     dumpstep(Vbias)/ps :     1.0
     Vbias prefactor(k) :  0.0330
     Vbias exponent(α)  :    0.78
Starting Meta-MD   6 with the settings:
     MD time /ps        :     7.0
     dt /fs             :     5.0
     dumpstep(trj) /fs  :     100
     dumpstep(Vbias)/ps :     1.0
     Vbias prefactor(k) :  0.0165
     Vbias exponent(α)  :    0.78
Starting Meta-MD  14 with the settings:
     MD time /ps        :     7.0
     dt /fs             :     5.0
     dumpstep(trj) /fs  :     100
     dumpstep(Vbias)/ps :     1.0
     Vbias prefactor(k) :  0.1100
     Vbias exponent(α)  :    0.80
Starting Meta-MD   7 with the settings:
     MD time /ps        :     7.0
     dt /fs             :     5.0
     dumpstep(trj) /fs  :     100
     dumpstep(Vbias)/ps :     1.0
     Vbias prefactor(k) :  0.0660
     Vbias exponent(α)  :    0.47
*Meta-MD 6 finished*
Starting Meta-MD   8 with the settings:
     MD time /ps        :     7.0
     dt /fs             :     5.0
     dumpstep(trj) /fs  :     100
     dumpstep(Vbias)/ps :     1.0
     Vbias prefactor(k) :  0.0330
     Vbias exponent(α)  :    0.47
*Meta-MD 5 finished*
Starting Meta-MD   9 with the settings:
     MD time /ps        :     7.0
     dt /fs             :     5.0
     dumpstep(trj) /fs  :     100
     dumpstep(Vbias)/ps :     1.0
     Vbias prefactor(k) :  0.0165
     Vbias exponent(α)  :    0.47
*Meta-MD 3 finished*
Starting Meta-MD  10 with the settings:
     MD time /ps        :     7.0
     dt /fs             :     5.0
     dumpstep(trj) /fs  :     100
     dumpstep(Vbias)/ps :     1.0
     Vbias prefactor(k) :  0.0660
     Vbias exponent(α)  :    0.28
*Meta-MD 1 finished*
Starting Meta-MD  11 with the settings:
     MD time /ps        :     7.0
     dt /fs             :     5.0
     dumpstep(trj) /fs  :     100
     dumpstep(Vbias)/ps :     1.0
     Vbias prefactor(k) :  0.0330
     Vbias exponent(α)  :    0.28
*Meta-MD 14 finished*
Starting Meta-MD  13 with the settings:
     MD time /ps        :     7.0
     dt /fs             :     5.0
     dumpstep(trj) /fs  :     100
     dumpstep(Vbias)/ps :     1.0
     Vbias prefactor(k) :  0.0220
     Vbias exponent(α)  :    0.10
*Meta-MD 2 finished*
Starting Meta-MD  12 with the settings:
     MD time /ps        :     7.0
     dt /fs             :     5.0
     dumpstep(trj) /fs  :     100
     dumpstep(Vbias)/ps :     1.0
     Vbias prefactor(k) :  0.0165
     Vbias exponent(α)  :    0.28
*Meta-MD 7 finished*
*Meta-MD 4 finished*
*Meta-MD 9 finished*
*Meta-MD 10 finished*
*Meta-MD 11 finished*
*Meta-MD 8 finished*
*Meta-MD 13 finished*
*Meta-MD 12 finished*
 
-----------------------
Multilevel Optimization
-----------------------
 
 -------------------------
 1. crude pre-optimization
 -------------------------
 writing TMPCONF* Dirs from file "crest_rotamers_0.xyz" ... done.
 Starting optimization of generated structures
 966 jobs to do.
 1 2 3 4 5 6 7 8 9 10 11 12 13 14 15 16 17 18 19 20 21 22 23 24 25 26 27 28 29 30 31 32 33 34 35 36 37 38 39 40 41 42 43 44 45 46 47 48 49 50 51 52 53 54 55 56 57 58 59 60 61 62 63 64 65 66 67 68 69 70 71 72 73 74 75 76 77 78 79 80 81 82 83 84 85 86 87 88 89 90 91 92 93 94 95 96 97 98 99 100 101 102 103 104 105 106 107 108 109 110 111 112 113 114 115 116 117 118 119 120 121 122 123 124 125 126 127 128 129 130 131 132 133 134 135 136 137 138 139 140 141 142 143 144 145 146 147 148 149 150 151 152 153 154 155 156 157 158 159 160 161 162 163 164 165 166 167 168 169 170 171 172 173 174 175 176 177 178 179 180 181 182 183 184 185 186 187 188 189 190 191 192 193 194 195 196 197 198 199 200 201 202 203 204 205 206 207 208 209 210 211 212 213 214 215 216 217 218 219 220 221 222 223 224 225 226 227 228 229 230 231 232 233 234 235 236 237 238 239 240 241 242 243 244 245 246 247 248 249 250 251 252 253 254 255 256 257 258 259 260 261 262 263 264 265 266 267 268 269 270 271 272 273 274 275 276 277 278 279 280 281 282 283 284 285 286 287 288 289 290 291 292 293 294 295 296 297 298 299 300 301 302 303 304 305 306 307 308 309 310 311 312 313 314 315 316 317 318 319 320 321 322 323 324 325 326 327 328 329 330 331 332 333 334 335 336 337 338 339 340 341 342 343 344 345 346 347 348 349 350 351 352 353 354 355 356 357 358 359 360 361 362 363 364 365 366 367 368 369 370 371 372 373 374 375 376 377 378 379 380 381 382 383 384 385 386 387 388 389 390 391 392 393 394 395 396 397 398 399 400 401 402 403 404 405 406 407 408 409 410 411 412 413 414 415 416 417 418 419 420 421 422 423 424 425 426 427 428 429 430 431 432 433 434 435 436 437 438 439 440 441 442 443 444 445 446 447 448 449 450 451 452 453 454 455 456 457 458 459 460 461 462 463 464 465 466 467 468 469 470 471 472 473 474 475 476 477 478 479 480 481 482 483 484 485 486 487 488 489 490 491 492 493 494 495 496 497 498 499 500 501 502 503 504 505 506 507 508 509 510 511 512 513 514 515 516 517 518 519 520 521 522 523 524 525 526 527 528 529 530 531 532 533 534 535 536 537 538 539 540 541 542 543 544 545 546 547 548 549 550 551 552 553 554 555 556 557 558 559 560 561 562 563 564 565 566 567 568 569 570 571 572 573 574 575 576 577 578 579 580 581 582 583 584 585 586 587 588 589 590 591 592 593 594 595 596 597 598 599 600 601 602 603 604 605 606 607 608 609 610 611 612 613 614 615 616 617 618 619 620 621 622 623 624 625 626 627 628 629 630 631 632 633 634 635 636 637 638 639 640 641 642 643 644 645 646 647 648 649 650 651 652 653 654 655 656 657 658 659 660 661 662 663 664 665 666 667 668 669 670 671 672 673 674 675 676 677 678 679 680 681 682 683 684 685 686 687 688 689 690 691 692 693 694 695 696 697 698 699 700 701 702 703 704 705 706 707 708 709 710 711 712 713 714 715 716 717 718 719 720 721 722 723 724 725 726 727 728 729 730 731 732 733 734 735 736 737 738 739 740 741 742 743 744 745 746 747 748 749 750 751 752 753 754 755 756 757 758 759 760 761 762 763 764 765 766 767 768 769 770 771 772 773 774 775 776 777 778 779 780 781 782 783 784 785 786 787 788 789 790 791 792 793 794 795 796 797 798 799 800 801 802 803 804 805 806 807 808 809 810 811 812 813 814 815 816 817 818 819 820 821 822 823 824 825 826 827 828 829 830 831 832 833 834 835 836 837 838 839 840 841 842 843 844 845 846 847 848 849 850 851 852 853 854 855 856 857 858 859 860 861 862 863 864 865 866 867 868 869 870 871 872 873 874 875 876 877 878 879 880 881 882 883 884 885 886 887 888 889 890 891 892 893 894 895 896 897 898 899 900 901 902 903 904 905 906 907 908 909 910 911 912 913 914 915 916 917 918 919 920 921 922 923 924 925 926 927 928 929 930 931 932 933 934 935 936 937 938 939 940 941 942 943 944 945 946 947 948 949 950 951 952 953 954 955 956 957 958 959 960 961 962 963 964 965 966 
 done.
 Now appending opt.xyz file with new structures
 running RMSDs...
 done.
 E lowest :   -28.10943
 924 structures remain within    12.00 kcal/mol window
 
 -------------------------------------
 2. optimization with tight thresholds
 -------------------------------------
 writing TMPCONF* Dirs from file "crest_rotamers_1.xyz" ... done.
 Starting optimization of generated structures
 925 jobs to do.
 1 2 3 4 5 6 7 8 9 10 11 12 13 14 15 16 17 18 19 20 21 22 23 24 25 26 27 28 29 30 31 32 33 34 35 36 37 38 39 40 41 42 43 44 45 46 47 48 49 50 51 52 53 54 55 56 57 58 59 60 61 62 63 64 65 66 67 68 69 70 71 72 73 74 75 76 77 78 79 80 81 82 83 84 85 86 87 88 89 90 91 92 93 94 95 96 97 98 99 100 101 102 103 104 105 106 107 108 109 110 111 112 113 114 115 116 117 118 119 120 121 122 123 124 125 126 127 128 129 130 131 132 133 134 135 136 137 138 139 140 141 142 143 144 145 146 147 148 149 150 151 152 153 154 155 156 157 158 159 160 161 162 163 164 165 166 167 168 169 170 171 172 173 174 175 176 177 178 179 180 181 182 183 184 185 186 187 188 189 190 191 192 193 194 195 196 197 198 199 200 201 202 203 204 205 206 207 208 209 210 211 212 213 214 215 216 217 218 219 220 221 222 223 224 225 226 227 228 229 230 231 232 233 234 235 236 237 238 239 240 241 242 243 244 245 246 247 248 249 250 251 252 253 254 255 256 257 258 259 260 261 262 263 264 265 266 267 268 269 270 271 272 273 274 275 276 277 278 279 280 281 282 283 284 285 286 287 288 289 290 291 292 293 294 295 296 297 298 299 300 301 302 303 304 305 306 307 308 309 310 311 312 313 314 315 316 317 318 319 320 321 322 323 324 325 326 327 328 329 330 331 332 333 334 335 336 337 338 339 340 341 342 343 344 345 346 347 348 349 350 351 352 353 354 355 356 357 358 359 360 361 362 363 364 365 366 367 368 369 370 371 372 373 374 375 376 377 378 379 380 381 382 383 384 385 386 387 388 389 390 391 392 393 394 395 396 397 398 399 400 401 402 403 404 405 406 407 408 409 410 411 412 413 414 415 416 417 418 419 420 421 422 423 424 425 426 427 428 429 430 431 432 433 434 435 436 437 438 439 440 441 442 443 444 445 446 447 448 449 450 451 452 453 454 455 456 457 458 459 460 461 462 463 464 465 466 467 468 469 470 471 472 473 474 475 476 477 478 479 480 481 482 483 484 485 486 487 488 489 490 491 492 493 494 495 496 497 498 499 500 501 502 503 504 505 506 507 508 509 510 511 512 513 514 515 516 517 518 519 520 521 522 523 524 525 526 527 528 529 530 531 532 533 534 535 536 537 538 539 540 541 542 543 544 545 546 547 548 549 550 551 552 553 554 555 556 557 558 559 560 561 562 563 564 565 566 567 568 569 570 571 572 573 574 575 576 577 578 579 580 581 582 583 584 585 586 587 588 589 590 591 592 593 594 595 596 597 598 599 600 601 602 603 604 605 606 607 608 609 610 611 612 613 614 615 616 617 618 619 620 621 622 623 624 625 626 627 628 629 630 631 632 633 634 635 636 637 638 639 640 641 642 643 644 645 646 647 648 649 650 651 652 653 654 655 656 657 658 659 660 661 662 663 664 665 666 667 668 669 670 671 672 673 674 675 676 677 678 679 680 681 682 683 684 685 686 687 688 689 690 691 692 693 694 695 696 697 698 699 700 701 702 703 704 705 706 707 708 709 710 711 712 713 714 715 716 717 718 719 720 721 722 723 724 725 726 727 728 729 730 731 732 733 734 735 736 737 738 739 740 741 742 743 744 745 746 747 748 749 750 751 752 753 754 755 756 757 758 759 760 761 762 763 764 765 766 767 768 769 770 771 772 773 774 775 776 777 778 779 780 781 782 783 784 785 786 787 788 789 790 791 792 793 794 795 796 797 798 799 800 801 802 803 804 805 806 807 808 809 810 811 812 813 814 815 816 817 818 819 820 821 822 823 824 825 826 827 828 829 830 831 832 833 834 835 836 837 838 839 840 841 842 843 844 845 846 847 848 849 850 851 852 853 854 855 856 857 858 859 860 861 862 863 864 865 866 867 868 869 870 871 872 873 874 875 876 877 878 879 880 881 882 883 884 885 886 887 888 889 890 891 892 893 894 895 896 897 898 899 900 901 902 903 904 905 906 907 908 909 910 911 912 913 914 915 916 917 918 919 920 921 922 923 924 925 
 done.
 Now appending opt.xyz file with new structures
 running RMSDs...
 done.
 E lowest :   -28.11018
 476 structures remain within     6.00 kcal/mol window
 
 
========================================
            MTD Iteration  2
========================================
 
     ========================================
     |         Meta-MD (MTD) Sampling       |
     ========================================
 
Starting Meta-MD   1 with the settings:
     MD time /ps        :     7.0
     dt /fs             :     5.0
     dumpstep(trj) /fs  :     100
     dumpstep(Vbias)/ps :     1.0
     Vbias prefactor(k) :  0.0660
     Vbias exponent(α)  :    1.30
Starting Meta-MD  12 with the settings:
     MD time /ps        :     7.0
     dt /fs             :     5.0
     dumpstep(trj) /fs  :     100
     dumpstep(Vbias)/ps :     1.0
     Vbias prefactor(k) :  0.0165
     Vbias exponent(α)  :    0.28
Starting Meta-MD   2 with the settings:
     MD time /ps        :     7.0
     dt /fs             :     5.0
     dumpstep(trj) /fs  :     100
     dumpstep(Vbias)/ps :     1.0
     Vbias prefactor(k) :  0.0330
     Vbias exponent(α)  :    1.30
Starting Meta-MD   3 with the settings:
     MD time /ps        :     7.0
     dt /fs             :     5.0
     dumpstep(trj) /fs  :     100
     dumpstep(Vbias)/ps :     1.0
     Vbias prefactor(k) :  0.0165
     Vbias exponent(α)  :    1.30
Starting Meta-MD   4 with the settings:
     MD time /ps        :     7.0
     dt /fs             :     5.0
     dumpstep(trj) /fs  :     100
     dumpstep(Vbias)/ps :     1.0
     Vbias prefactor(k) :  0.0660
     Vbias exponent(α)  :    0.78
Starting Meta-MD   5 with the settings:
     MD time /ps        :     7.0
     dt /fs             :     5.0
     dumpstep(trj) /fs  :     100
     dumpstep(Vbias)/ps :     1.0
     Vbias prefactor(k) :  0.0330
     Vbias exponent(α)  :    0.78
Starting Meta-MD   6 with the settings:
     MD time /ps        :     7.0
     dt /fs             :     5.0
     dumpstep(trj) /fs  :     100
     dumpstep(Vbias)/ps :     1.0
     Vbias prefactor(k) :  0.0165
     Vbias exponent(α)  :    0.78
Starting Meta-MD   7 with the settings:
     MD time /ps        :     7.0
     dt /fs             :     5.0
     dumpstep(trj) /fs  :     100
     dumpstep(Vbias)/ps :     1.0
     Vbias prefactor(k) :  0.0660
     Vbias exponent(α)  :    0.47
*Meta-MD 12 finished*
Starting Meta-MD  11 with the settings:
     MD time /ps        :     7.0
     dt /fs             :     5.0
     dumpstep(trj) /fs  :     100
     dumpstep(Vbias)/ps :     1.0
     Vbias prefactor(k) :  0.0330
     Vbias exponent(α)  :    0.28
*Meta-MD 1 finished*
Starting Meta-MD   8 with the settings:
     MD time /ps        :     7.0
     dt /fs             :     5.0
     dumpstep(trj) /fs  :     100
     dumpstep(Vbias)/ps :     1.0
     Vbias prefactor(k) :  0.0330
     Vbias exponent(α)  :    0.47
*Meta-MD 2 finished*
Starting Meta-MD   9 with the settings:
     MD time /ps        :     7.0
     dt /fs             :     5.0
     dumpstep(trj) /fs  :     100
     dumpstep(Vbias)/ps :     1.0
     Vbias prefactor(k) :  0.0165
     Vbias exponent(α)  :    0.47
*Meta-MD 4 finished*
Starting Meta-MD  10 with the settings:
     MD time /ps        :     7.0
*Meta-MD 7 finished*
     dt /fs             :     5.0
     dumpstep(trj) /fs  :     100
     dumpstep(Vbias)/ps :     1.0
     Vbias prefactor(k) :  0.0660
     Vbias exponent(α)  :    0.28
*Meta-MD 3 finished*
*Meta-MD 6 finished*
*Meta-MD 5 finished*
*Meta-MD 8 finished*
*Meta-MD 11 finished*
*Meta-MD 9 finished*
*Meta-MD 10 finished*
 
-----------------------
Multilevel Optimization
-----------------------
 
 -------------------------
 1. crude pre-optimization
 -------------------------
 writing TMPCONF* Dirs from file "crest_rotamers_0.xyz" ... done.
 Starting optimization of generated structures
 828 jobs to do.
 1 2 3 4 5 6 7 8 9 10 11 12 13 14 15 16 17 18 19 20 21 22 23 24 25 26 27 28 29 30 31 32 33 34 35 36 37 38 39 40 41 42 43 44 45 46 47 48 49 50 51 52 53 54 55 56 57 58 59 60 61 62 63 64 65 66 67 68 69 70 71 72 73 74 75 76 77 78 79 80 81 82 83 84 85 86 87 88 89 90 91 92 93 94 95 96 97 98 99 100 101 102 103 104 105 106 107 108 109 110 111 112 113 114 115 116 117 118 119 120 121 122 123 124 125 126 127 128 129 130 131 132 133 134 135 136 137 138 139 140 141 142 143 144 145 146 147 148 149 150 151 152 153 154 155 156 157 158 159 160 161 162 163 164 165 166 167 168 169 170 171 172 173 174 175 176 177 178 179 180 181 182 183 184 185 186 187 188 189 190 191 192 193 194 195 196 197 198 199 200 201 202 203 204 205 206 207 208 209 210 211 212 213 214 215 216 217 218 219 220 221 222 223 224 225 226 227 228 229 230 231 232 233 234 235 236 237 238 239 240 241 242 243 244 245 246 247 248 249 250 251 252 253 254 255 256 257 258 259 260 261 262 263 264 265 266 267 268 269 270 271 272 273 274 275 276 277 278 279 280 281 282 283 284 285 286 287 288 289 290 291 292 293 294 295 296 297 298 299 300 301 302 303 304 305 306 307 308 309 310 311 312 313 314 315 316 317 318 319 320 321 322 323 324 325 326 327 328 329 330 331 332 333 334 335 336 337 338 339 340 341 342 343 344 345 346 347 348 349 350 351 352 353 354 355 356 357 358 359 360 361 362 363 364 365 366 367 368 369 370 371 372 373 374 375 376 377 378 379 380 381 382 383 384 385 386 387 388 389 390 391 392 393 394 395 396 397 398 399 400 401 402 403 404 405 406 407 408 409 410 411 412 413 414 415 416 417 418 419 420 421 422 423 424 425 426 427 428 429 430 431 432 433 434 435 436 437 438 439 440 441 442 443 444 445 446 447 448 449 450 451 452 453 454 455 456 457 458 459 460 461 462 463 464 465 466 467 468 469 470 471 472 473 474 475 476 477 478 479 480 481 482 483 484 485 486 487 488 489 490 491 492 493 494 495 496 497 498 499 500 501 502 503 504 505 506 507 508 509 510 511 512 513 514 515 516 517 518 519 520 521 522 523 524 525 526 527 528 529 530 531 532 533 534 535 536 537 538 539 540 541 542 543 544 545 546 547 548 549 550 551 552 553 554 555 556 557 558 559 560 561 562 563 564 565 566 567 568 569 570 571 572 573 574 575 576 577 578 579 580 581 582 583 584 585 586 587 588 589 590 591 592 593 594 595 596 597 598 599 600 601 602 603 604 605 606 607 608 609 610 611 612 613 614 615 616 617 618 619 620 621 622 623 624 625 626 627 628 629 630 631 632 633 634 635 636 637 638 639 640 641 642 643 644 645 646 647 648 649 650 651 652 653 654 655 656 657 658 659 660 661 662 663 664 665 666 667 668 669 670 671 672 673 674 675 676 677 678 679 680 681 682 683 684 685 686 687 688 689 690 691 692 693 694 695 696 697 698 699 700 701 702 703 704 705 706 707 708 709 710 711 712 713 714 715 716 717 718 719 720 721 722 723 724 725 726 727 728 729 730 731 732 733 734 735 736 737 738 739 740 741 742 743 744 745 746 747 748 749 750 751 752 753 754 755 756 757 758 759 760 761 762 763 764 765 766 767 768 769 770 771 772 773 774 775 776 777 778 779 780 781 782 783 784 785 786 787 788 789 790 791 792 793 794 795 796 797 798 799 800 801 802 803 804 805 806 807 808 809 810 811 812 813 814 815 816 817 818 819 820 821 822 823 824 825 826 827 828 
 done.
 Now appending opt.xyz file with new structures
 running RMSDs...
 done.
 E lowest :   -28.10960
 789 structures remain within    12.00 kcal/mol window
 
 -------------------------------------
 2. optimization with tight thresholds
 -------------------------------------
 writing TMPCONF* Dirs from file "crest_rotamers_1.xyz" ... done.
 Starting optimization of generated structures
 790 jobs to do.
 1 2 3 4 5 6 7 8 9 10 11 12 13 14 15 16 17 18 19 20 21 22 23 24 25 26 27 28 29 30 31 32 33 34 35 36 37 38 39 40 41 42 43 44 45 46 47 48 49 50 51 52 53 54 55 56 57 58 59 60 61 62 63 64 65 66 67 68 69 70 71 72 73 74 75 76 77 78 79 80 81 82 83 84 85 86 87 88 89 90 91 92 93 94 95 96 97 98 99 100 101 102 103 104 105 106 107 108 109 110 111 112 113 114 115 116 117 118 119 120 121 122 123 124 125 126 127 128 129 130 131 132 133 134 135 136 137 138 139 140 141 142 143 144 145 146 147 148 149 150 151 152 153 154 155 156 157 158 159 160 161 162 163 164 165 166 167 168 169 170 171 172 173 174 175 176 177 178 179 180 181 182 183 184 185 186 187 188 189 190 191 192 193 194 195 196 197 198 199 200 201 202 203 204 205 206 207 208 209 210 211 212 213 214 215 216 217 218 219 220 221 222 223 224 225 226 227 228 229 230 231 232 233 234 235 236 237 238 239 240 241 242 243 244 245 246 247 248 249 250 251 252 253 254 255 256 257 258 259 260 261 262 263 264 265 266 267 268 269 270 271 272 273 274 275 276 277 278 279 280 281 282 283 284 285 286 287 288 289 290 291 292 293 294 295 296 297 298 299 300 301 302 303 304 305 306 307 308 309 310 311 312 313 314 315 316 317 318 319 320 321 322 323 324 325 326 327 328 329 330 331 332 333 334 335 336 337 338 339 340 341 342 343 344 345 346 347 348 349 350 351 352 353 354 355 356 357 358 359 360 361 362 363 364 365 366 367 368 369 370 371 372 373 374 375 376 377 378 379 380 381 382 383 384 385 386 387 388 389 390 391 392 393 394 395 396 397 398 399 400 401 402 403 404 405 406 407 408 409 410 411 412 413 414 415 416 417 418 419 420 421 422 423 424 425 426 427 428 429 430 431 432 433 434 435 436 437 438 439 440 441 442 443 444 445 446 447 448 449 450 451 452 453 454 455 456 457 458 459 460 461 462 463 464 465 466 467 468 469 470 471 472 473 474 475 476 477 478 479 480 481 482 483 484 485 486 487 488 489 490 491 492 493 494 495 496 497 498 499 500 501 502 503 504 505 506 507 508 509 510 511 512 513 514 515 516 517 518 519 520 521 522 523 524 525 526 527 528 529 530 531 532 533 534 535 536 537 538 539 540 541 542 543 544 545 546 547 548 549 550 551 552 553 554 555 556 557 558 559 560 561 562 563 564 565 566 567 568 569 570 571 572 573 574 575 576 577 578 579 580 581 582 583 584 585 586 587 588 589 590 591 592 593 594 595 596 597 598 599 600 601 602 603 604 605 606 607 608 609 610 611 612 613 614 615 616 617 618 619 620 621 622 623 624 625 626 627 628 629 630 631 632 633 634 635 636 637 638 639 640 641 642 643 644 645 646 647 648 649 650 651 652 653 654 655 656 657 658 659 660 661 662 663 664 665 666 667 668 669 670 671 672 673 674 675 676 677 678 679 680 681 682 683 684 685 686 687 688 689 690 691 692 693 694 695 696 697 698 699 700 701 702 703 704 705 706 707 708 709 710 711 712 713 714 715 716 717 718 719 720 721 722 723 724 725 726 727 728 729 730 731 732 733 734 735 736 737 738 739 740 741 742 743 744 745 746 747 748 749 750 751 752 753 754 755 756 757 758 759 760 761 762 763 764 765 766 767 768 769 770 771 772 773 774 775 776 777 778 779 780 781 782 783 784 785 786 787 788 789 790 
 done.
 Now appending opt.xyz file with new structures
 running RMSDs...
 done.
 E lowest :   -28.11018
 431 structures remain within     6.00 kcal/mol window
 
========================================
            MTD Iterations done         
========================================
 Collecting ensmbles.
 running RMSDs...
 done.
 E lowest :   -28.11018
 803 structures remain within     6.00 kcal/mol window
 
-----------------------------------------------
Additional regular MDs on lowest 4 conformer(s)
-----------------------------------------------
Starting MD   8 with the settings:
     MD time /ps        :     3.5
     MD Temperature /K  :   500.0
     dt /fs             :     5.0
     dumpstep(trj) /fs  :     100
Starting MD   1 with the settings:
     MD time /ps        :     3.5
     MD Temperature /K  :   400.0
     dt /fs             :     5.0
     dumpstep(trj) /fs  :     100
Starting MD   2 with the settings:
     MD time /ps        :     3.5
     MD Temperature /K  :   500.0
     dt /fs             :     5.0
     dumpstep(trj) /fs  :     100
Starting MD   3 with the settings:
     MD time /ps        :     3.5
     MD Temperature /K  :   400.0
     dt /fs             :     5.0
     dumpstep(trj) /fs  :     100
Starting MD   4 with the settings:
     MD time /ps        :     3.5
     MD Temperature /K  :   500.0
     dt /fs             :     5.0
     dumpstep(trj) /fs  :     100
Starting MD   5 with the settings:
     MD time /ps        :     3.5
     MD Temperature /K  :   400.0
     dt /fs             :     5.0
     dumpstep(trj) /fs  :     100
Starting MD   6 with the settings:
     MD time /ps        :     3.5
     MD Temperature /K  :   500.0
     dt /fs             :     5.0
     dumpstep(trj) /fs  :     100
Starting MD   7 with the settings:
     MD time /ps        :     3.5
     MD Temperature /K  :   400.0
     dt /fs             :     5.0
     dumpstep(trj) /fs  :     100
*MD 4 finished*
*MD 7 finished*
*MD 5 finished*
*MD 1 finished*
*MD 3 finished*
*MD 6 finished*
*MD 8 finished*
*MD 2 finished*
 Appending file crest_rotamers_1.xyz with new structures
 
 -------------------------------------------
 Ensemble optimization with tight thresholds
 -------------------------------------------
 writing TMPCONF* Dirs from file "crest_rotamers_1.xyz" ... done.
 Starting optimization of generated structures
 1075 jobs to do.
 1 2 3 4 5 6 7 8 9 10 11 12 13 14 15 16 17 18 19 20 21 22 23 24 25 26 27 28 29 30 31 32 33 34 35 36 37 38 39 40 41 42 43 44 45 46 47 48 49 50 51 52 53 54 55 56 57 58 59 60 61 62 63 64 65 66 67 68 69 70 71 72 73 74 75 76 77 78 79 80 81 82 83 84 85 86 87 88 89 90 91 92 93 94 95 96 97 98 99 100 101 102 103 104 105 106 107 108 109 110 111 112 113 114 115 116 117 118 119 120 121 122 123 124 125 126 127 128 129 130 131 132 133 134 135 136 137 138 139 140 141 142 143 144 145 146 147 148 149 150 151 152 153 154 155 156 157 158 159 160 161 162 163 164 165 166 167 168 169 170 171 172 173 174 175 176 177 178 179 180 181 182 183 184 185 186 187 188 189 190 191 192 193 194 195 196 197 198 199 200 201 202 203 204 205 206 207 208 209 210 211 212 213 214 215 216 217 218 219 220 221 222 223 224 225 226 227 228 229 230 231 232 233 234 235 236 237 238 239 240 241 242 243 244 245 246 247 248 249 250 251 252 253 254 255 256 257 258 259 260 261 262 263 264 265 266 267 268 269 270 271 272 273 274 275 276 277 278 279 280 281 282 283 284 285 286 287 288 289 290 291 292 293 294 295 296 297 298 299 300 301 302 303 304 305 306 307 308 309 310 311 312 313 314 315 316 317 318 319 320 321 322 323 324 325 326 327 328 329 330 331 332 333 334 335 336 337 338 339 340 341 342 343 344 345 346 347 348 349 350 351 352 353 354 355 356 357 358 359 360 361 362 363 364 365 366 367 368 369 370 371 372 373 374 375 376 377 378 379 380 381 382 383 384 385 386 387 388 389 390 391 392 393 394 395 396 397 398 399 400 401 402 403 404 405 406 407 408 409 410 411 412 413 414 415 416 417 418 419 420 421 422 423 424 425 426 427 428 429 430 431 432 433 434 435 436 437 438 439 440 441 442 443 444 445 446 447 448 449 450 451 452 453 454 455 456 457 458 459 460 461 462 463 464 465 466 467 468 469 470 471 472 473 474 475 476 477 478 479 480 481 482 483 484 485 486 487 488 489 490 491 492 493 494 495 496 497 498 499 500 501 502 503 504 505 506 507 508 509 510 511 512 513 514 515 516 517 518 519 520 521 522 523 524 525 526 527 528 529 530 531 532 533 534 535 536 537 538 539 540 541 542 543 544 545 546 547 548 549 550 551 552 553 554 555 556 557 558 559 560 561 562 563 564 565 566 567 568 569 570 571 572 573 574 575 576 577 578 579 580 581 582 583 584 585 586 587 588 589 590 591 592 593 594 595 596 597 598 599 600 601 602 603 604 605 606 607 608 609 610 611 612 613 614 615 616 617 618 619 620 621 622 623 624 625 626 627 628 629 630 631 632 633 634 635 636 637 638 639 640 641 642 643 644 645 646 647 648 649 650 651 652 653 654 655 656 657 658 659 660 661 662 663 664 665 666 667 668 669 670 671 672 673 674 675 676 677 678 679 680 681 682 683 684 685 686 687 688 689 690 691 692 693 694 695 696 697 698 699 700 701 702 703 704 705 706 707 708 709 710 711 712 713 714 715 716 717 718 719 720 721 722 723 724 725 726 727 728 729 730 731 732 733 734 735 736 737 738 739 740 741 742 743 744 745 746 747 748 749 750 751 752 753 754 755 756 757 758 759 760 761 762 763 764 765 766 767 768 769 770 771 772 773 774 775 776 777 778 779 780 781 782 783 784 785 786 787 788 789 790 791 792 793 794 795 796 797 798 799 800 801 802 803 804 805 806 807 808 809 810 811 812 813 814 815 816 817 818 819 820 821 822 823 824 825 826 827 828 829 830 831 832 833 834 835 836 837 838 839 840 841 842 843 844 845 846 847 848 849 850 851 852 853 854 855 856 857 858 859 860 861 862 863 864 865 866 867 868 869 870 871 872 873 874 875 876 877 878 879 880 881 882 883 884 885 886 887 888 889 890 891 892 893 894 895 896 897 898 899 900 901 902 903 904 905 906 907 908 909 910 911 912 913 914 915 916 917 918 919 920 921 922 923 924 925 926 927 928 929 930 931 932 933 934 935 936 937 938 939 940 941 942 943 944 945 946 947 948 949 950 951 952 953 954 955 956 957 958 959 960 961 962 963 964 965 966 967 968 969 970 971 972 973 974 975 976 977 978 979 980 981 982 983 984 985 986 987 988 989 990 991 992 993 994 995 996 997 998 999 1000 1001 1002 1003 1004 1005 1006 1007 1008 1009 1010 1011 1012 1013 1014 1015 1016 1017 1018 1019 1020 1021 1022 1023 1024 1025 1026 1027 1028 1029 1030 1031 1032 1033 1034 1035 1036 1037 1038 1039 1040 1041 1042 1043 1044 1045 1046 1047 1048 1049 1050 1051 1052 1053 1054 1055 1056 1057 1058 1059 1060 1061 1062 1063 1064 1065 1066 1067 1068 1069 1070 1071 1072 1073 1074 1075 
 done.
 Now appending opt.xyz file with new structures
 running RMSDs...
 done.
 E lowest :   -28.11018
 838 structures remain within     6.00 kcal/mol window
 
 
     ========================================
     |        Structure Crossing (GC)       |
     ========================================
 =============================
  # threads =           8
 =============================
 input  file name : crest_rotamers_3.xyz
number of atoms                :    22
number of points on xyz files  :   838
conformer energy window  /kcal :    6.00
CN per atom difference cut-off :  0.3000
RMSD threshold                 :  0.2500
max. # of generated structures : 350
 reading xyz file ...
 # in E window                838
 generating pairs ...      351540
  25.5 % done
  47.9 % done
  61.9 % done
  72.6 % done
  79.6 % done
  83.4 % done
  87.4 % done
  90.1 % done
 generated pairs           :      260751
 number of clash discarded :       89952
 average rmsd w.r.t input  : 3.37789
 sd of ensemble            : 0.56030
 number of new structures      :          19
 removed identical structures  :         681
 writing           19  TMPCONF* dirs ...
 --------------------------
 GC: loose pre-optimization
 --------------------------
 Starting optimization of generated structures
 19 jobs to do.
 1 2 3 4 5 6 7 8 9 10 11 12 13 14 15 16 17 18 19 
 done.
 Now appending opt.xyz file with new structures
 running RMSDs...
 done.
 E lowest :   -28.11011
 14 structures remain within    10.00 kcal/mol window
 --------------------------------------
 GC: optimization with tight thresholds
 --------------------------------------
 writing TMPCONF* Dirs from file "crest_rotamers_1.xyz" ... done.
 Starting optimization of generated structures
 14 jobs to do.
 1 2 3 4 5 6 7 8 9 10 11 12 13 14 
 done.
 Now appending opt.xyz file with new structures
 running RMSDs...
 done.
 E lowest :   -28.11018
 
 
   ================================================
   |           Final Geometry Optimization        |
   ================================================
 ---------------------
 Ensemble optimization
 ---------------------
 writing TMPCONF* Dirs from file "crest_rotamers_4.xyz" ... done.
 Starting optimization of generated structures
 839 jobs to do.
 1 2 3 4 5 6 7 8 9 10 11 12 13 14 15 16 17 18 19 20 21 22 23 24 25 26 27 28 29 30 31 32 33 34 35 36 37 38 39 40 41 42 43 44 45 46 47 48 49 50 51 52 53 54 55 56 57 58 59 60 61 62 63 64 65 66 67 68 69 70 71 72 73 74 75 76 77 78 79 80 81 82 83 84 85 86 87 88 89 90 91 92 93 94 95 96 97 98 99 100 101 102 103 104 105 106 107 108 109 110 111 112 113 114 115 116 117 118 119 120 121 122 123 124 125 126 127 128 129 130 131 132 133 134 135 136 137 138 139 140 141 142 143 144 145 146 147 148 149 150 151 152 153 154 155 156 157 158 159 160 161 162 163 164 165 166 167 168 169 170 171 172 173 174 175 176 177 178 179 180 181 182 183 184 185 186 187 188 189 190 191 192 193 194 195 196 197 198 199 200 201 202 203 204 205 206 207 208 209 210 211 212 213 214 215 216 217 218 219 220 221 222 223 224 225 226 227 228 229 230 231 232 233 234 235 236 237 238 239 240 241 242 243 244 245 246 247 248 249 250 251 252 253 254 255 256 257 258 259 260 261 262 263 264 265 266 267 268 269 270 271 272 273 274 275 276 277 278 279 280 281 282 283 284 285 286 287 288 289 290 291 292 293 294 295 296 297 298 299 300 301 302 303 304 305 306 307 308 309 310 311 312 313 314 315 316 317 318 319 320 321 322 323 324 325 326 327 328 329 330 331 332 333 334 335 336 337 338 339 340 341 342 343 344 345 346 347 348 349 350 351 352 353 354 355 356 357 358 359 360 361 362 363 364 365 366 367 368 369 370 371 372 373 374 375 376 377 378 379 380 381 382 383 384 385 386 387 388 389 390 391 392 393 394 395 396 397 398 399 400 401 402 403 404 405 406 407 408 409 410 411 412 413 414 415 416 417 418 419 420 421 422 423 424 425 426 427 428 429 430 431 432 433 434 435 436 437 438 439 440 441 442 443 444 445 446 447 448 449 450 451 452 453 454 455 456 457 458 459 460 461 462 463 464 465 466 467 468 469 470 471 472 473 474 475 476 477 478 479 480 481 482 483 484 485 486 487 488 489 490 491 492 493 494 495 496 497 498 499 500 501 502 503 504 505 506 507 508 509 510 511 512 513 514 515 516 517 518 519 520 521 522 523 524 525 526 527 528 529 530 531 532 533 534 535 536 537 538 539 540 541 542 543 544 545 546 547 548 549 550 551 552 553 554 555 556 557 558 559 560 561 562 563 564 565 566 567 568 569 570 571 572 573 574 575 576 577 578 579 580 581 582 583 584 585 586 587 588 589 590 591 592 593 594 595 596 597 598 599 600 601 602 603 604 605 606 607 608 609 610 611 612 613 614 615 616 617 618 619 620 621 622 623 624 625 626 627 628 629 630 631 632 633 634 635 636 637 638 639 640 641 642 643 644 645 646 647 648 649 650 651 652 653 654 655 656 657 658 659 660 661 662 663 664 665 666 667 668 669 670 671 672 673 674 675 676 677 678 679 680 681 682 683 684 685 686 687 688 689 690 691 692 693 694 695 696 697 698 699 700 701 702 703 704 705 706 707 708 709 710 711 712 713 714 715 716 717 718 719 720 721 722 723 724 725 726 727 728 729 730 731 732 733 734 735 736 737 738 739 740 741 742 743 744 745 746 747 748 749 750 751 752 753 754 755 756 757 758 759 760 761 762 763 764 765 766 767 768 769 770 771 772 773 774 775 776 777 778 779 780 781 782 783 784 785 786 787 788 789 790 791 792 793 794 795 796 797 798 799 800 801 802 803 804 805 806 807 808 809 810 811 812 813 814 815 816 817 818 819 820 821 822 823 824 825 826 827 828 829 830 831 832 833 834 835 836 837 838 839 
 done.
 Now appending opt.xyz file with new structures
 running RMSDs...
 done.
 E lowest :   -28.11018
 821 structures remain within     6.00 kcal/mol window
 
-------------------------------------
CREGEN - CONFORMER SYMMETRY ANALYSIS
-------------------------------------
 =============================
  # threads =           8
 =============================
 input  file name : crest_rotamers_5.xyz
 output file name : crest_rotamers_6.xyz
 number of atoms                :    22
 number of points on xyz files  :   839
 RMSD threshold                 :   0.1250
 Bconst threshold               :  15.0000
 population threshold           :   0.0500
 conformer energy window  /kcal :   6.0000
 # fragment in coord            :     1
 number of reliable points      :   839
 reference state Etot :  -28.1101777730000
 number of doubles removed by rot/RMSD         :          18
 total number unique points considered further :         821
   Erel/kcal     Etot      weight/tot conformer  set degen    origin
    1   0.000   -28.11018    0.01738    0.05212    1    3     mtd11
    2   0.000   -28.11018    0.01737                          mtd9
    3   0.000   -28.11018    0.01737                          mtd10
    4   0.251   -28.10978    0.01137    0.01137    2    1     mtd2
    5   0.282   -28.10973    0.01080    0.01080    3    1     md6
    6   0.286   -28.10972    0.01072    0.02143    4    2     md7
    7   0.287   -28.10972    0.01071                          mtd2
    8   0.305   -28.10969    0.01039    0.02077    5    2     mtd4
    9   0.305   -28.10969    0.01039                          mtd10
   10   0.415   -28.10952    0.00864    0.02591    6    3     mtd5
   11   0.415   -28.10952    0.00864                          mtd13
   12   0.415   -28.10952    0.00864                          mtd8
   13   0.422   -28.10950    0.00852    0.02556    7    3     mtd7
   14   0.422   -28.10950    0.00852                          mtd11
   15   0.423   -28.10950    0.00851                          mtd1
   16   0.473   -28.10942    0.00783    0.03909    8    5     mtd5
   17   0.473   -28.10942    0.00783                          mtd6
   18   0.473   -28.10942    0.00782                          mtd10
   19   0.474   -28.10942    0.00781                          mtd3
   20   0.474   -28.10942    0.00781                          mtd6
   21   0.474   -28.10942    0.00781    0.00781    9    1     md6
   22   0.638   -28.10916    0.00593    0.01726   10    3     md4
   23   0.639   -28.10916    0.00592                          mtd2
   24   0.692   -28.10907    0.00541                          md4
   25   0.705   -28.10905    0.00529    0.00529   11    1     mtd4
   26   0.707   -28.10905    0.00528    0.00528   12    1     mtd14
   27   0.734   -28.10901    0.00504    0.01512   13    3     mtd1
   28   0.734   -28.10901    0.00504                          mtd4
   29   0.734   -28.10901    0.00504                          md7
   30   0.736   -28.10900    0.00502    0.02007   14    4     mtd10
   31   0.736   -28.10900    0.00502                          mtd2
   32   0.736   -28.10900    0.00502                          mtd14
   33   0.737   -28.10900    0.00501                          mtd4
   34   0.738   -28.10900    0.00500    0.00500   15    1     md5
   35   0.760   -28.10897    0.00483    0.00964   16    2     mtd5
   36   0.761   -28.10896    0.00481                          mtd6
   37   0.760   -28.10897    0.00482    0.00482   17    1     mtd2
   38   0.774   -28.10894    0.00471    0.01884   18    4     md4
   39   0.774   -28.10894    0.00471                          md8
   40   0.774   -28.10894    0.00471                          mtd4
   41   0.774   -28.10894    0.00471                          mtd2
   42   0.833   -28.10885    0.00426    0.00426   19    1     mtd1
   43   0.834   -28.10885    0.00426    0.00852   20    2     mtd14
   44   0.834   -28.10885    0.00426                          mtd5
   45   0.835   -28.10885    0.00425    0.00425   21    1     mtd4
   46   0.839   -28.10884    0.00423    0.01266   22    3     mtd4
   47   0.839   -28.10884    0.00422                          mtd12
   48   0.839   -28.10884    0.00422                          mtd11
   49   0.850   -28.10882    0.00414    0.00828   23    2     mtd2
   50   0.851   -28.10882    0.00414                          mtd10
   51   0.850   -28.10882    0.00414    0.00414   24    1     mtd1
   52   0.856   -28.10881    0.00411    0.00411   25    1     mtd8
   53   0.856   -28.10881    0.00410    0.00410   26    1     mtd7
   54   0.856   -28.10881    0.00410    0.00410   27    1     mtd12
   55   0.860   -28.10881    0.00407    0.00407   28    1     mtd11
   56   0.861   -28.10881    0.00407    0.00813   29    2     md8
   57   0.862   -28.10880    0.00406                          mtd6
   58   0.862   -28.10880    0.00406    0.00406   30    1     md6
   59   0.873   -28.10879    0.00399    0.01196   31    3     mtd8
   60   0.873   -28.10879    0.00399                          mtd11
   61   0.873   -28.10879    0.00399                          mtd7
   62   0.888   -28.10876    0.00389    0.01163   32    3     mtd4
   63   0.888   -28.10876    0.00388                          mtd1
   64   0.894   -28.10875    0.00385                          mtd1
   65   0.888   -28.10876    0.00389    0.00774   33    2     mtd6
   66   0.894   -28.10875    0.00385                          md4
   67   0.896   -28.10875    0.00383    0.02466   34    7     mtd4
   68   0.896   -28.10875    0.00383                          mtd11
   69   0.897   -28.10875    0.00383                          mtd12
   70   0.985   -28.10861    0.00330                          mtd3
   71   0.985   -28.10861    0.00330                          md4
   72   0.987   -28.10860    0.00329                          mtd3
   73   0.989   -28.10860    0.00328                          mtd14
   74   0.902   -28.10874    0.00380    0.00380   35    1     mtd4
   75   0.902   -28.10874    0.00380    0.00380   36    1     mtd11
   76   0.913   -28.10872    0.00372    0.01113   37    3     mtd5
   77   0.914   -28.10872    0.00372                          mtd6
   78   0.921   -28.10871    0.00368                          mtd11
   79   0.915   -28.10872    0.00371    0.00742   38    2     md1
   80   0.915   -28.10872    0.00371                          mtd13
   81   0.928   -28.10870    0.00364    0.00727   39    2     mtd2
   82   0.928   -28.10870    0.00363                          mtd3
   83   0.928   -28.10870    0.00363    0.00363   40    1     mtd6
   84   0.983   -28.10861    0.00331    0.00331   41    1     mtd7
   85   0.984   -28.10861    0.00331    0.00331   42    1     mtd9
   86   0.990   -28.10860    0.00327    0.01309   43    4     mtd1
   87   0.990   -28.10860    0.00327                          mtd14
   88   0.990   -28.10860    0.00327                          mtd1
   89   0.990   -28.10860    0.00327                          mtd3
   90   1.014   -28.10856    0.00314    0.00942   44    3     mtd10
   91   1.014   -28.10856    0.00314                          mtd7
   92   1.015   -28.10856    0.00314                          md4
   93   1.020   -28.10855    0.00311    0.00311   45    1     md8
   94   1.045   -28.10851    0.00298    0.00895   46    3     mtd3
   95   1.045   -28.10851    0.00298                          mtd2
   96   1.045   -28.10851    0.00298                          mtd4
   97   1.045   -28.10851    0.00298    0.00298   47    1     mtd5
   98   1.047   -28.10851    0.00298    0.00298   48    1     md3
   99   1.048   -28.10851    0.00297    0.00297   49    1     mtd10
  100   1.065   -28.10848    0.00288    0.01153   50    4     mtd13
  101   1.065   -28.10848    0.00288                          mtd5
  102   1.066   -28.10848    0.00288                          mtd6
  103   1.066   -28.10848    0.00288                          mtd6
  104   1.065   -28.10848    0.00288    0.00288   51    1     md5
  105   1.066   -28.10848    0.00288    0.00576   52    2     mtd4
  106   1.067   -28.10848    0.00288                          mtd1
  107   1.075   -28.10846    0.00284    0.00284   53    1     mtd5
  108   1.080   -28.10846    0.00281    0.00281   54    1     md8
  109   1.083   -28.10845    0.00280    0.00559   55    2     mtd10
  110   1.084   -28.10845    0.00279                          mtd1
  111   1.087   -28.10845    0.00278    0.00278   56    1     mtd7
  112   1.100   -28.10842    0.00272    0.01082   57    4     mtd9
  113   1.100   -28.10842    0.00272                          mtd3
  114   1.100   -28.10842    0.00272                          mtd2
  115   1.111   -28.10841    0.00267                          mtd9
  116   1.111   -28.10841    0.00267    0.00267   58    1     mtd10
  117   1.117   -28.10840    0.00264    0.00528   59    2     md8
  118   1.118   -28.10840    0.00264                          mtd2
  119   1.118   -28.10840    0.00264    0.00528   60    2     mtd11
  120   1.118   -28.10840    0.00264                          mtd3
  121   1.118   -28.10840    0.00264    0.00264   61    1     md6
  122   1.120   -28.10839    0.00263    0.00263   62    1     mtd6
  123   1.126   -28.10838    0.00260    0.00260   63    1     mtd1
  124   1.126   -28.10838    0.00260    0.00260   64    1     mtd12
  125   1.126   -28.10838    0.00260    0.00520   65    2     mtd7
  126   1.127   -28.10838    0.00260                          mtd4
  127   1.127   -28.10838    0.00260    0.00260   66    1     mtd9
  128   1.128   -28.10838    0.00259    0.00259   67    1     md3
  129   1.159   -28.10833    0.00246    0.00246   68    1     mtd1
  130   1.162   -28.10833    0.00245    0.00245   69    1     mtd9
  131   1.174   -28.10831    0.00240    0.00480   70    2     mtd10
  132   1.175   -28.10831    0.00240                          mtd14
  133   1.177   -28.10830    0.00239    0.00716   71    3     mtd13
  134   1.177   -28.10830    0.00239                          mtd11
  135   1.178   -28.10830    0.00238                          mtd4
  136   1.206   -28.10826    0.00227    0.00227   72    1     mtd5
  137   1.207   -28.10825    0.00227    0.00227   73    1     mtd14
  138   1.207   -28.10825    0.00227    0.00227   74    1     mtd1
  139   1.208   -28.10825    0.00226    0.00430   75    2     mtd11
  140   1.273   -28.10815    0.00203                          mtd2
  141   1.213   -28.10824    0.00225    0.00225   76    1     mtd9
  142   1.220   -28.10823    0.00222    0.00444   77    2     mtd10
  143   1.220   -28.10823    0.00222                          mtd9
  144   1.237   -28.10821    0.00216    0.00646   78    3     mtd7
  145   1.238   -28.10821    0.00216                          mtd5
  146   1.239   -28.10820    0.00215                          mtd9
  147   1.241   -28.10820    0.00215    0.00215   79    1     mtd12
  148   1.247   -28.10819    0.00212    0.00636   80    3     mtd8
  149   1.248   -28.10819    0.00212                          mtd3
  150   1.248   -28.10819    0.00212                          mtd1
  151   1.258   -28.10817    0.00208    0.00625   81    3     md2
  152   1.258   -28.10817    0.00208                          mtd13
  153   1.258   -28.10817    0.00208                          mtd14
  154   1.261   -28.10817    0.00207    0.00621   82    3     mtd5
  155   1.261   -28.10817    0.00207                          mtd3
  156   1.262   -28.10817    0.00207                          mtd9
  157   1.261   -28.10817    0.00207    0.00207   83    1     mtd2
  158   1.261   -28.10817    0.00207    0.00414   84    2     mtd2
  159   1.262   -28.10817    0.00207                          mtd1
  160   1.263   -28.10816    0.00206    0.00206   85    1     mtd4
  161   1.276   -28.10814    0.00202    0.00807   86    4     md4
  162   1.276   -28.10814    0.00202                          mtd6
  163   1.277   -28.10814    0.00202                          mtd7
  164   1.279   -28.10814    0.00201                          mtd14
  165   1.280   -28.10814    0.00201    0.00401   87    2     mtd5
  166   1.280   -28.10814    0.00201                          mtd11
  167   1.281   -28.10814    0.00200    0.00200   88    1     mtd10
  168   1.289   -28.10812    0.00198    0.00198   89    1     mtd3
  169   1.289   -28.10812    0.00198    0.00395   90    2     mtd4
  170   1.290   -28.10812    0.00197                          mtd2
  171   1.290   -28.10812    0.00197    0.00197   91    1     mtd5
  172   1.309   -28.10809    0.00191    0.00382   92    2     mtd11
  173   1.309   -28.10809    0.00191                          md2
  174   1.318   -28.10808    0.00188    0.00376   93    2     mtd9
  175   1.318   -28.10808    0.00188                          mtd6
  176   1.318   -28.10808    0.00188    0.00188   94    1     mtd9
  177   1.319   -28.10808    0.00188    0.00376   95    2     mtd12
  178   1.319   -28.10808    0.00188                          mtd14
  179   1.319   -28.10808    0.00188    0.00188   96    1     mtd7
  180   1.321   -28.10807    0.00187    0.00559   97    3     mtd9
  181   1.322   -28.10807    0.00187                          mtd5
  182   1.329   -28.10806    0.00185                          mtd2
  183   1.321   -28.10807    0.00187    0.00372   98    2     mtd11
  184   1.329   -28.10806    0.00185                          mtd1
  185   1.325   -28.10807    0.00186    0.00744   99    4     mtd2
  186   1.325   -28.10807    0.00186                          mtd11
  187   1.325   -28.10807    0.00186                          mtd1
  188   1.325   -28.10807    0.00186                          mtd12
  189   1.330   -28.10806    0.00185    0.00369  100    2     mtd6
  190   1.330   -28.10806    0.00184                          mtd10
  191   1.339   -28.10804    0.00182    0.00182  101    1     mtd4
  192   1.358   -28.10801    0.00176    0.00176  102    1     mtd10
  193   1.359   -28.10801    0.00176    0.00351  103    2     mtd2
  194   1.359   -28.10801    0.00176                          mtd8
  195   1.361   -28.10801    0.00175    0.00175  104    1     mtd9
  196   1.375   -28.10799    0.00171    0.00340  105    2     mtd14
  197   1.380   -28.10798    0.00169                          mtd11
  198   1.402   -28.10794    0.00163    0.00326  106    2     mtd12
  199   1.403   -28.10794    0.00163                          mtd10
  200   1.425   -28.10791    0.00157    0.00736  107    5     mtd12
  201   1.426   -28.10791    0.00157                          mtd9
  202   1.490   -28.10780    0.00141                          mtd7
  203   1.490   -28.10780    0.00141                          mtd10
  204   1.490   -28.10780    0.00141                          mtd3
  205   1.428   -28.10790    0.00156    0.00156  108    1     mtd4
  206   1.428   -28.10790    0.00156    0.00156  109    1     mtd5
  207   1.428   -28.10790    0.00156    0.00313  110    2     mtd13
  208   1.428   -28.10790    0.00156                          mtd9
  209   1.430   -28.10790    0.00156    0.00156  111    1     mtd7
  210   1.437   -28.10789    0.00154    0.00461  112    3     mtd6
  211   1.438   -28.10789    0.00154                          mtd5
  212   1.438   -28.10789    0.00154                          mtd11
  213   1.443   -28.10788    0.00152    0.00609  113    4     mtd1
  214   1.443   -28.10788    0.00152                          mtd1
  215   1.444   -28.10788    0.00152                          mtd3
  216   1.446   -28.10787    0.00152                          mtd14
  217   1.450   -28.10787    0.00151    0.00301  114    2     mtd7
  218   1.451   -28.10787    0.00150                          mtd1
  219   1.450   -28.10787    0.00151    0.00151  115    1     mtd9
  220   1.462   -28.10785    0.00148    0.00295  116    2     mtd10
  221   1.463   -28.10785    0.00147                          mtd8
  222   1.463   -28.10785    0.00147    0.00147  117    1     mtd14
  223   1.464   -28.10784    0.00147    0.00147  118    1     mtd4
  224   1.476   -28.10783    0.00144    0.00144  119    1     mtd11
  225   1.476   -28.10783    0.00144    0.00288  120    2     mtd4
  226   1.477   -28.10782    0.00144                          mtd2
  227   1.500   -28.10779    0.00138    0.00138  121    1     mtd12
  228   1.501   -28.10779    0.00138    0.00276  122    2     mtd12
  229   1.501   -28.10779    0.00138                          mtd9
  230   1.502   -28.10778    0.00138    0.00276  123    2     mtd12
  231   1.502   -28.10778    0.00138                          mtd14
  232   1.502   -28.10778    0.00138    0.00276  124    2     mtd11
  233   1.503   -28.10778    0.00138                          mtd2
  234   1.505   -28.10778    0.00137    0.00412  125    3     mtd1
  235   1.505   -28.10778    0.00137                          md8
  236   1.505   -28.10778    0.00137                          mtd2
  237   1.515   -28.10776    0.00135    0.00135  126    1     mtd5
  238   1.515   -28.10776    0.00135    0.00135  127    1     mtd4
  239   1.523   -28.10775    0.00133    0.00133  128    1     md3
  240   1.524   -28.10775    0.00133    0.00133  129    1     mtd6
  241   1.540   -28.10772    0.00129    0.00129  130    1     mtd8
  242   1.542   -28.10772    0.00129    0.00129  131    1     mtd7
  243   1.545   -28.10771    0.00128    0.00128  132    1     mtd9
  244   1.556   -28.10770    0.00126    0.00126  133    1     mtd11
  245   1.558   -28.10770    0.00126    0.00126  134    1     mtd2
  246   1.558   -28.10770    0.00126    0.00365  135    3     mtd4
  247   1.558   -28.10770    0.00126                          mtd13
  248   1.617   -28.10760    0.00114                          mtd13
  249   1.560   -28.10769    0.00125    0.00125  136    1     mtd1
  250   1.565   -28.10768    0.00124    0.00124  137    1     mtd6
  251   1.568   -28.10768    0.00123    0.00123  138    1     mtd14
  252   1.576   -28.10767    0.00122    0.00365  139    3     mtd8
  253   1.576   -28.10767    0.00122                          mtd9
  254   1.577   -28.10767    0.00122                          mtd14
  255   1.581   -28.10766    0.00121    0.00121  140    1     mtd11
  256   1.581   -28.10766    0.00121    0.00242  141    2     mtd1
  257   1.581   -28.10766    0.00121                          mtd14
  258   1.594   -28.10764    0.00118    0.00118  142    1     mtd9
  259   1.599   -28.10763    0.00117    0.00117  143    1     mtd3
  260   1.606   -28.10762    0.00116    0.00347  144    3     mtd5
  261   1.606   -28.10762    0.00116                          mtd4
  262   1.607   -28.10762    0.00116                          mtd5
  263   1.608   -28.10762    0.00115    0.00115  145    1     mtd10
  264   1.614   -28.10761    0.00114    0.00343  146    3     mtd11
  265   1.614   -28.10761    0.00114                          mtd14
  266   1.614   -28.10761    0.00114                          mtd8
  267   1.616   -28.10760    0.00114    0.00326  147    3     mtd8
  268   1.659   -28.10753    0.00106                          mtd10
  269   1.659   -28.10753    0.00106                          mtd4
  270   1.624   -28.10759    0.00112    0.00112  148    1     mtd6
  271   1.625   -28.10759    0.00112    0.00112  149    1     mtd12
  272   1.625   -28.10759    0.00112    0.00224  150    2     mtd3
  273   1.628   -28.10758    0.00112                          mtd1
  274   1.629   -28.10758    0.00111    0.00111  151    1     mtd4
  275   1.639   -28.10757    0.00109    0.00109  152    1     mtd10
  276   1.640   -28.10756    0.00109    0.00109  153    1     mtd11
  277   1.641   -28.10756    0.00109    0.00109  154    1     mtd4
  278   1.647   -28.10755    0.00108    0.00108  155    1     mtd4
  279   1.658   -28.10754    0.00106    0.00106  156    1     mtd8
  280   1.667   -28.10752    0.00104    0.00313  157    3     mtd12
  281   1.667   -28.10752    0.00104                          mtd12
  282   1.667   -28.10752    0.00104                          mtd11
  283   1.701   -28.10747    0.00099    0.00099  158    1     mtd13
  284   1.723   -28.10743    0.00095    0.00285  159    3     mtd12
  285   1.723   -28.10743    0.00095                          mtd11
  286   1.723   -28.10743    0.00095                          mtd6
  287   1.725   -28.10743    0.00095    0.00095  160    1     mtd7
  288   1.730   -28.10742    0.00094    0.00188  161    2     mtd11
  289   1.730   -28.10742    0.00094                          mtd4
  290   1.740   -28.10741    0.00092    0.00092  162    1     mtd1
  291   1.740   -28.10740    0.00092    0.00185  163    2     mtd5
  292   1.741   -28.10740    0.00092                          mtd5
  293   1.741   -28.10740    0.00092    0.00092  164    1     mtd10
  294   1.741   -28.10740    0.00092    0.00644  165    7     md2
  295   1.741   -28.10740    0.00092                          mtd10
  296   1.741   -28.10740    0.00092                          mtd8
  297   1.742   -28.10740    0.00092                          mtd4
  298   1.743   -28.10740    0.00092                          mtd14
  299   1.743   -28.10740    0.00092                          mtd10
  300   1.748   -28.10739    0.00091                          mtd1
  301   1.742   -28.10740    0.00092    0.00092  166    1     mtd10
  302   1.746   -28.10740    0.00091    0.00183  167    2     mtd8
  303   1.746   -28.10740    0.00091                          mtd4
  304   1.749   -28.10739    0.00091    0.00182  168    2     mtd12
  305   1.749   -28.10739    0.00091                          mtd10
  306   1.762   -28.10737    0.00089    0.00089  169    1     mtd2
  307   1.764   -28.10737    0.00089    0.00089  170    1     mtd10
  308   1.764   -28.10737    0.00089    0.00177  171    2     mtd11
  309   1.765   -28.10737    0.00089                          mtd5
  310   1.770   -28.10736    0.00088    0.00088  172    1     mtd5
  311   1.771   -28.10736    0.00088    0.00088  173    1     mtd3
  312   1.773   -28.10735    0.00087    0.00087  174    1     mtd8
  313   1.779   -28.10734    0.00086    0.00173  175    2     md8
  314   1.780   -28.10734    0.00086                          md2
  315   1.806   -28.10730    0.00083    0.00083  176    1     mtd4
  316   1.807   -28.10730    0.00082    0.00082  177    1     mtd8
  317   1.817   -28.10728    0.00081    0.00081  178    1     mtd1
  318   1.821   -28.10728    0.00081    0.00161  179    2     gc
  319   1.821   -28.10728    0.00081                          mtd10
  320   1.827   -28.10727    0.00080    0.00080  180    1     mtd5
  321   1.837   -28.10725    0.00078    0.00157  181    2     md1
  322   1.838   -28.10725    0.00078                          mtd4
  323   1.839   -28.10725    0.00078    0.00156  182    2     mtd9
  324   1.839   -28.10725    0.00078                          mtd4
  325   1.839   -28.10725    0.00078    0.00156  183    2     mtd4
  326   1.840   -28.10725    0.00078                          mtd10
  327   1.858   -28.10722    0.00076    0.00298  184    4     mtd10
  328   1.859   -28.10722    0.00076                          mtd5
  329   1.875   -28.10719    0.00074                          mtd6
  330   1.876   -28.10719    0.00073                          mtd5
  331   1.861   -28.10721    0.00075    0.00151  185    2     mtd9
  332   1.862   -28.10721    0.00075                          mtd10
  333   1.866   -28.10720    0.00075    0.00149  186    2     md6
  334   1.866   -28.10720    0.00075                          mtd12
  335   1.887   -28.10717    0.00072    0.00072  187    1     mtd9
  336   1.893   -28.10716    0.00071    0.00201  188    3     mtd11
  337   1.952   -28.10707    0.00065                          mtd7
  338   1.952   -28.10707    0.00065                          mtd11
  339   1.893   -28.10716    0.00071    0.00214  189    3     mtd4
  340   1.893   -28.10716    0.00071                          mtd11
  341   1.893   -28.10716    0.00071                          mtd13
  342   1.898   -28.10715    0.00071    0.00071  190    1     mtd1
  343   1.924   -28.10711    0.00068    0.00135  191    2     mtd9
  344   1.924   -28.10711    0.00068                          mtd11
  345   1.925   -28.10711    0.00068    0.00068  192    1     mtd6
  346   1.931   -28.10710    0.00067    0.00201  193    3     md7
  347   1.931   -28.10710    0.00067                          mtd2
  348   1.931   -28.10710    0.00067                          mtd6
  349   1.939   -28.10709    0.00066    0.00132  194    2     mtd10
  350   1.939   -28.10709    0.00066                          mtd2
  351   1.940   -28.10709    0.00066    0.00066  195    1     mtd3
  352   1.954   -28.10706    0.00064    0.00064  196    1     mtd8
  353   1.960   -28.10705    0.00064    0.00122  197    2     mtd7
  354   2.013   -28.10697    0.00058                          mtd10
  355   1.961   -28.10705    0.00064    0.00064  198    1     mtd7
  356   1.963   -28.10705    0.00063    0.00122  199    2     mtd5
  357   2.013   -28.10697    0.00058                          mtd8
  358   1.967   -28.10704    0.00063    0.00063  200    1     mtd6
  359   1.968   -28.10704    0.00063    0.00126  201    2     mtd6
  360   1.969   -28.10704    0.00063                          mtd1
  361   1.988   -28.10701    0.00061    0.00122  202    2     md5
  362   1.989   -28.10701    0.00061                          mtd2
  363   2.013   -28.10697    0.00058    0.00058  203    1     mtd14
  364   2.013   -28.10697    0.00058    0.00058  204    1     mtd4
  365   2.018   -28.10696    0.00058    0.00058  205    1     mtd12
  366   2.021   -28.10696    0.00058    0.00058  206    1     mtd12
  367   2.067   -28.10688    0.00053    0.00053  207    1     mtd12
  368   2.080   -28.10686    0.00052    0.00104  208    2     md4
  369   2.080   -28.10686    0.00052                          mtd10
  370   2.091   -28.10684    0.00051    0.00051  209    1     mtd12
  371   2.143   -28.10676    0.00047    0.00047  210    1     mtd7
  372   2.146   -28.10676    0.00047    0.00093  211    2     mtd10
  373   2.147   -28.10676    0.00047                          mtd10
  374   2.152   -28.10675    0.00046    0.00138  212    3     mtd6
  375   2.153   -28.10675    0.00046                          mtd4
  376   2.153   -28.10675    0.00046                          mtd11
  377   2.169   -28.10672    0.00045    0.00090  213    2     mtd1
  378   2.169   -28.10672    0.00045                          mtd6
  379   2.177   -28.10671    0.00044    0.00133  214    3     mtd10
  380   2.178   -28.10671    0.00044                          mtd6
  381   2.179   -28.10671    0.00044                          mtd2
  382   2.178   -28.10671    0.00044    0.00044  215    1     mtd11
  383   2.187   -28.10669    0.00043    0.00043  216    1     mtd2
  384   2.199   -28.10667    0.00043    0.00043  217    1     mtd2
  385   2.202   -28.10667    0.00042    0.00085  218    2     md8
  386   2.204   -28.10667    0.00042                          mtd6
  387   2.204   -28.10667    0.00042    0.00125  219    3     mtd4
  388   2.204   -28.10667    0.00042                          mtd6
  389   2.234   -28.10662    0.00040                          mtd11
  390   2.204   -28.10666    0.00042    0.00082  220    2     mtd9
  391   2.233   -28.10662    0.00040                          mtd5
  392   2.206   -28.10666    0.00042    0.00084  221    2     md6
  393   2.206   -28.10666    0.00042                          mtd12
  394   2.206   -28.10666    0.00042    0.00042  222    1     mtd6
  395   2.223   -28.10664    0.00041    0.00041  223    1     mtd4
  396   2.236   -28.10662    0.00040    0.00040  224    1     mtd4
  397   2.240   -28.10661    0.00040    0.00040  225    1     mtd12
  398   2.242   -28.10660    0.00040    0.00040  226    1     mtd6
  399   2.242   -28.10660    0.00040    0.00040  227    1     mtd5
  400   2.249   -28.10659    0.00039    0.00039  228    1     mtd10
  401   2.259   -28.10658    0.00039    0.00039  229    1     mtd12
  402   2.262   -28.10657    0.00038    0.00077  230    2     md2
  403   2.262   -28.10657    0.00038                          mtd1
  404   2.262   -28.10657    0.00038    0.00038  231    1     mtd8
  405   2.265   -28.10657    0.00038    0.00038  232    1     mtd7
  406   2.275   -28.10655    0.00037    0.00075  233    2     mtd12
  407   2.276   -28.10655    0.00037                          mtd8
  408   2.287   -28.10653    0.00037    0.00110  234    3     mtd4
  409   2.287   -28.10653    0.00037                          mtd2
  410   2.287   -28.10653    0.00037                          mtd8
  411   2.294   -28.10652    0.00036    0.00109  235    3     mtd7
  412   2.295   -28.10652    0.00036                          mtd9
  413   2.296   -28.10652    0.00036                          mtd2
  414   2.299   -28.10651    0.00036    0.00036  236    1     md8
  415   2.300   -28.10651    0.00036    0.00036  237    1     mtd4
  416   2.315   -28.10649    0.00035    0.00035  238    1     md8
  417   2.333   -28.10646    0.00034    0.00068  239    2     mtd9
  418   2.333   -28.10646    0.00034                          md6
  419   2.333   -28.10646    0.00034    0.00034  240    1     mtd5
  420   2.334   -28.10646    0.00034    0.00068  241    2     mtd6
  421   2.334   -28.10646    0.00034                          mtd4
  422   2.345   -28.10644    0.00033    0.00033  242    1     mtd5
  423   2.345   -28.10644    0.00033    0.00067  243    2     mtd5
  424   2.347   -28.10644    0.00033                          md6
  425   2.351   -28.10643    0.00033    0.00033  244    1     mtd1
  426   2.353   -28.10643    0.00033    0.00033  245    1     mtd5
  427   2.354   -28.10643    0.00033    0.00033  246    1     mtd1
  428   2.354   -28.10643    0.00033    0.00033  247    1     mtd5
  429   2.362   -28.10641    0.00032    0.00097  248    3     mtd9
  430   2.362   -28.10641    0.00032                          mtd3
  431   2.363   -28.10641    0.00032                          mtd9
  432   2.364   -28.10641    0.00032    0.00065  249    2     mtd3
  433   2.364   -28.10641    0.00032                          mtd14
  434   2.364   -28.10641    0.00032    0.00032  250    1     mtd10
  435   2.373   -28.10640    0.00032    0.00032  251    1     mtd2
  436   2.373   -28.10640    0.00032    0.00032  252    1     mtd13
  437   2.376   -28.10639    0.00032    0.00032  253    1     mtd10
  438   2.377   -28.10639    0.00032    0.00032  254    1     md3
  439   2.381   -28.10638    0.00031    0.00031  255    1     mtd14
  440   2.387   -28.10637    0.00031    0.00093  256    3     mtd13
  441   2.388   -28.10637    0.00031                          mtd14
  442   2.388   -28.10637    0.00031                          mtd3
  443   2.400   -28.10635    0.00030    0.00061  257    2     mtd11
  444   2.401   -28.10635    0.00030                          mtd4
  445   2.404   -28.10635    0.00030    0.00030  258    1     mtd7
  446   2.406   -28.10634    0.00030    0.00030  259    1     mtd10
  447   2.408   -28.10634    0.00030    0.00030  260    1     mtd1
  448   2.409   -28.10634    0.00030    0.00060  261    2     mtd14
  449   2.410   -28.10634    0.00030                          gc
  450   2.417   -28.10633    0.00029    0.00029  262    1     mtd4
  451   2.418   -28.10632    0.00029    0.00029  263    1     mtd7
  452   2.419   -28.10632    0.00029    0.00029  264    1     mtd10
  453   2.435   -28.10630    0.00029    0.00029  265    1     mtd1
  454   2.437   -28.10629    0.00029    0.00057  266    2     md5
  455   2.439   -28.10629    0.00028                          mtd13
  456   2.442   -28.10629    0.00028    0.00028  267    1     mtd7
  457   2.448   -28.10628    0.00028    0.00028  268    1     mtd7
  458   2.452   -28.10627    0.00028    0.00081  269    3     mtd14
  459   2.452   -28.10627    0.00028                          mtd14
  460   2.496   -28.10620    0.00026                          mtd3
  461   2.459   -28.10626    0.00027    0.00027  270    1     mtd1
  462   2.459   -28.10626    0.00027    0.00027  271    1     mtd2
  463   2.468   -28.10625    0.00027    0.00027  272    1     mtd4
  464   2.469   -28.10624    0.00027    0.00052  273    2     md4
  465   2.525   -28.10615    0.00025                          mtd14
  466   2.470   -28.10624    0.00027    0.00054  274    2     mtd1
  467   2.471   -28.10624    0.00027                          md1
  468   2.470   -28.10624    0.00027    0.00027  275    1     mtd2
  469   2.476   -28.10623    0.00027    0.00027  276    1     mtd5
  470   2.478   -28.10623    0.00027    0.00027  277    1     mtd4
  471   2.478   -28.10623    0.00027    0.00078  278    3     mtd4
  472   2.499   -28.10620    0.00026                          mtd4
  473   2.500   -28.10619    0.00026                          mtd5
  474   2.478   -28.10623    0.00027    0.00027  279    1     mtd4
  475   2.479   -28.10623    0.00027    0.00027  280    1     mtd8
  476   2.484   -28.10622    0.00026    0.00026  281    1     mtd4
  477   2.485   -28.10622    0.00026    0.00026  282    1     mtd1
  478   2.487   -28.10621    0.00026    0.00026  283    1     mtd1
  479   2.499   -28.10620    0.00026    0.00026  284    1     mtd9
  480   2.499   -28.10619    0.00026    0.00026  285    1     mtd4
  481   2.501   -28.10619    0.00026    0.00026  286    1     md6
  482   2.501   -28.10619    0.00026    0.00026  287    1     mtd1
  483   2.502   -28.10619    0.00026    0.00026  288    1     mtd5
  484   2.502   -28.10619    0.00026    0.00026  289    1     mtd12
  485   2.521   -28.10616    0.00025    0.00074  290    3     mtd4
  486   2.521   -28.10616    0.00025                          mtd1
  487   2.521   -28.10616    0.00025                          mtd2
  488   2.522   -28.10616    0.00025    0.00025  291    1     mtd9
  489   2.523   -28.10616    0.00025    0.00049  292    2     mtd14
  490   2.524   -28.10616    0.00025                          mtd3
  491   2.538   -28.10613    0.00024    0.00048  293    2     mtd2
  492   2.539   -28.10613    0.00024                          mtd1
  493   2.539   -28.10613    0.00024    0.00024  294    1     mtd9
  494   2.540   -28.10613    0.00024    0.00024  295    1     mtd2
  495   2.540   -28.10613    0.00024    0.00024  296    1     mtd9
  496   2.547   -28.10612    0.00024    0.00024  297    1     mtd4
  497   2.550   -28.10611    0.00024    0.00024  298    1     mtd14
  498   2.564   -28.10609    0.00023    0.00046  299    2     md6
  499   2.577   -28.10607    0.00023                          mtd9
  500   2.570   -28.10608    0.00023    0.00068  300    3     mtd12
  501   2.570   -28.10608    0.00023                          mtd8
  502   2.573   -28.10608    0.00023                          mtd12
  503   2.575   -28.10607    0.00023    0.00023  301    1     md6
  504   2.576   -28.10607    0.00023    0.00023  302    1     mtd8
  505   2.577   -28.10607    0.00023    0.00023  303    1     mtd4
  506   2.577   -28.10607    0.00023    0.00023  304    1     mtd3
  507   2.589   -28.10605    0.00022    0.00022  305    1     mtd4
  508   2.597   -28.10604    0.00022    0.00022  306    1     mtd10
  509   2.599   -28.10604    0.00022    0.00022  307    1     mtd1
  510   2.606   -28.10602    0.00021    0.00043  308    2     mtd12
  511   2.606   -28.10602    0.00021                          mtd12
  512   2.617   -28.10601    0.00021    0.00021  309    1     mtd6
  513   2.617   -28.10601    0.00021    0.00021  310    1     mtd14
  514   2.634   -28.10598    0.00020    0.00020  311    1     mtd3
  515   2.643   -28.10597    0.00020    0.00020  312    1     mtd11
  516   2.645   -28.10596    0.00020    0.00020  313    1     mtd10
  517   2.645   -28.10596    0.00020    0.00020  314    1     mtd9
  518   2.647   -28.10596    0.00020    0.00059  315    3     mtd7
  519   2.650   -28.10595    0.00020                          mtd14
  520   2.674   -28.10592    0.00019                          mtd8
  521   2.649   -28.10596    0.00020    0.00040  316    2     mtd8
  522   2.651   -28.10595    0.00020                          mtd7
  523   2.663   -28.10593    0.00019    0.00039  317    2     mtd9
  524   2.664   -28.10593    0.00019                          mtd10
  525   2.670   -28.10592    0.00019    0.00038  318    2     mtd7
  526   2.670   -28.10592    0.00019                          mtd8
  527   2.680   -28.10591    0.00019    0.00019  319    1     mtd9
  528   2.681   -28.10591    0.00019    0.00019  320    1     mtd6
  529   2.683   -28.10590    0.00019    0.00019  321    1     mtd1
  530   2.684   -28.10590    0.00019    0.00019  322    1     mtd11
  531   2.697   -28.10588    0.00018    0.00018  323    1     mtd6
  532   2.710   -28.10586    0.00018    0.00018  324    1     mtd4
  533   2.712   -28.10586    0.00018    0.00018  325    1     mtd11
  534   2.713   -28.10585    0.00018    0.00018  326    1     mtd4
  535   2.717   -28.10585    0.00018    0.00053  327    3     mtd4
  536   2.717   -28.10585    0.00018                          mtd12
  537   2.717   -28.10585    0.00018                          mtd7
  538   2.727   -28.10583    0.00017    0.00017  328    1     mtd6
  539   2.730   -28.10583    0.00017    0.00017  329    1     mtd8
  540   2.738   -28.10581    0.00017    0.00017  330    1     mtd2
  541   2.742   -28.10581    0.00017    0.00017  331    1     mtd2
  542   2.743   -28.10581    0.00017    0.00034  332    2     mtd11
  543   2.744   -28.10580    0.00017                          mtd8
  544   2.746   -28.10580    0.00017    0.00017  333    1     mtd7
  545   2.750   -28.10579    0.00017    0.00017  334    1     mtd8
  546   2.752   -28.10579    0.00017    0.00017  335    1     mtd14
  547   2.757   -28.10578    0.00017    0.00017  336    1     mtd10
  548   2.760   -28.10578    0.00017    0.00017  337    1     mtd7
  549   2.760   -28.10578    0.00017    0.00017  338    1     mtd10
  550   2.767   -28.10577    0.00016    0.00033  339    2     mtd4
  551   2.768   -28.10577    0.00016                          mtd11
  552   2.774   -28.10576    0.00016    0.00063  340    4     mtd4
  553   2.775   -28.10576    0.00016                          mtd9
  554   2.796   -28.10572    0.00016                          mtd12
  555   2.810   -28.10570    0.00015                          mtd10
  556   2.776   -28.10575    0.00016    0.00048  341    3     mtd5
  557   2.776   -28.10575    0.00016                          mtd9
  558   2.777   -28.10575    0.00016                          mtd10
  559   2.777   -28.10575    0.00016    0.00016  342    1     mtd8
  560   2.781   -28.10575    0.00016    0.00016  343    1     mtd9
  561   2.782   -28.10574    0.00016    0.00016  344    1     mtd7
  562   2.784   -28.10574    0.00016    0.00016  345    1     mtd5
  563   2.785   -28.10574    0.00016    0.00016  346    1     mtd2
  564   2.791   -28.10573    0.00016    0.00016  347    1     mtd10
  565   2.797   -28.10572    0.00016    0.00031  348    2     mtd4
  566   2.798   -28.10572    0.00016                          mtd11
  567   2.798   -28.10572    0.00016    0.00016  349    1     mtd5
  568   2.800   -28.10572    0.00015    0.00015  350    1     mtd2
  569   2.801   -28.10571    0.00015    0.00015  351    1     mtd11
  570   2.808   -28.10570    0.00015    0.00030  352    2     mtd9
  571   2.808   -28.10570    0.00015                          mtd5
  572   2.811   -28.10570    0.00015    0.00030  353    2     mtd7
  573   2.811   -28.10570    0.00015                          mtd10
  574   2.816   -28.10569    0.00015    0.00015  354    1     mtd12
  575   2.824   -28.10568    0.00015    0.00015  355    1     mtd1
  576   2.837   -28.10566    0.00015    0.00015  356    1     mtd2
  577   2.839   -28.10565    0.00014    0.00014  357    1     mtd4
  578   2.860   -28.10562    0.00014    0.00028  358    2     mtd8
  579   2.860   -28.10562    0.00014                          mtd9
  580   2.863   -28.10562    0.00014    0.00014  359    1     mtd8
  581   2.863   -28.10561    0.00014    0.00014  360    1     mtd11
  582   2.883   -28.10558    0.00013    0.00013  361    1     mtd3
  583   2.887   -28.10558    0.00013    0.00013  362    1     mtd7
  584   2.891   -28.10557    0.00013    0.00062  363    5     mtd11
  585   2.917   -28.10553    0.00013                          mtd12
  586   2.918   -28.10553    0.00013                          mtd8
  587   2.928   -28.10551    0.00012                          mtd10
  588   2.991   -28.10541    0.00011                          mtd8
  589   2.898   -28.10556    0.00013    0.00013  364    1     mtd13
  590   2.899   -28.10556    0.00013    0.00013  365    1     md6
  591   2.902   -28.10555    0.00013    0.00013  366    1     mtd13
  592   2.915   -28.10553    0.00013    0.00025  367    2     mtd4
  593   2.915   -28.10553    0.00013                          mtd11
  594   2.917   -28.10553    0.00013    0.00013  368    1     mtd8
  595   2.918   -28.10553    0.00013    0.00013  369    1     mtd11
  596   2.918   -28.10553    0.00013    0.00013  370    1     mtd9
  597   2.919   -28.10553    0.00013    0.00013  371    1     mtd3
  598   2.920   -28.10552    0.00013    0.00025  372    2     mtd3
  599   2.920   -28.10552    0.00013                          mtd10
  600   2.921   -28.10552    0.00013    0.00025  373    2     mtd1
  601   2.922   -28.10552    0.00013                          md1
  602   2.923   -28.10552    0.00013    0.00013  374    1     mtd7
  603   2.929   -28.10551    0.00012    0.00012  375    1     mtd2
  604   2.930   -28.10551    0.00012    0.00012  376    1     mtd11
  605   2.935   -28.10550    0.00012    0.00012  377    1     mtd10
  606   2.937   -28.10550    0.00012    0.00012  378    1     mtd14
  607   2.938   -28.10550    0.00012    0.00012  379    1     mtd13
  608   2.940   -28.10549    0.00012    0.00012  380    1     mtd11
  609   2.940   -28.10549    0.00012    0.00024  381    2     mtd7
  610   2.940   -28.10549    0.00012                          mtd10
  611   2.940   -28.10549    0.00012    0.00012  382    1     mtd4
  612   2.944   -28.10549    0.00012    0.00012  383    1     mtd3
  613   2.947   -28.10548    0.00012    0.00012  384    1     mtd7
  614   2.949   -28.10548    0.00012    0.00012  385    1     mtd5
  615   2.957   -28.10547    0.00012    0.00012  386    1     mtd9
  616   2.961   -28.10546    0.00012    0.00035  387    3     mtd8
  617   2.961   -28.10546    0.00012                          mtd7
  618   2.963   -28.10546    0.00012                          mtd9
  619   2.961   -28.10546    0.00012    0.00012  388    1     mtd3
  620   2.973   -28.10544    0.00012    0.00012  389    1     mtd7
  621   2.979   -28.10543    0.00011    0.00011  390    1     mtd10
  622   2.984   -28.10542    0.00011    0.00011  391    1     mtd2
  623   2.997   -28.10540    0.00011    0.00011  392    1     mtd10
  624   2.999   -28.10540    0.00011    0.00022  393    2     mtd14
  625   2.999   -28.10540    0.00011                          mtd2
  626   3.000   -28.10540    0.00011    0.00011  394    1     mtd9
  627   3.004   -28.10539    0.00011    0.00011  395    1     mtd9
  628   3.010   -28.10538    0.00011    0.00011  396    1     mtd10
  629   3.011   -28.10538    0.00011    0.00011  397    1     mtd8
  630   3.012   -28.10538    0.00011    0.00011  398    1     mtd7
  631   3.014   -28.10538    0.00011    0.00011  399    1     mtd10
  632   3.015   -28.10537    0.00011    0.00021  400    2     mtd10
  633   3.017   -28.10537    0.00011                          mtd10
  634   3.015   -28.10537    0.00011    0.00011  401    1     mtd7
  635   3.018   -28.10537    0.00011    0.00011  402    1     mtd2
  636   3.020   -28.10536    0.00011    0.00011  403    1     mtd12
  637   3.029   -28.10535    0.00011    0.00011  404    1     mtd9
  638   3.031   -28.10535    0.00010    0.00010  405    1     mtd8
  639   3.038   -28.10534    0.00010    0.00031  406    3     md8
  640   3.038   -28.10534    0.00010                          mtd11
  641   3.039   -28.10534    0.00010                          mtd5
  642   3.046   -28.10532    0.00010    0.00010  407    1     mtd13
  643   3.046   -28.10532    0.00010    0.00010  408    1     mtd13
  644   3.048   -28.10532    0.00010    0.00010  409    1     mtd11
  645   3.054   -28.10531    0.00010    0.00010  410    1     mtd7
  646   3.056   -28.10531    0.00010    0.00010  411    1     mtd9
  647   3.083   -28.10527    0.00010    0.00019  412    2     mtd14
  648   3.084   -28.10526    0.00010                          mtd8
  649   3.084   -28.10526    0.00010    0.00010  413    1     mtd5
  650   3.110   -28.10522    0.00009    0.00036  414    4     mtd3
  651   3.110   -28.10522    0.00009                          mtd4
  652   3.148   -28.10516    0.00009                          mtd3
  653   3.149   -28.10516    0.00009                          mtd3
  654   3.111   -28.10522    0.00009    0.00009  415    1     mtd7
  655   3.129   -28.10519    0.00009    0.00009  416    1     mtd11
  656   3.138   -28.10518    0.00009    0.00009  417    1     mtd7
  657   3.139   -28.10518    0.00009    0.00009  418    1     mtd5
  658   3.151   -28.10516    0.00009    0.00017  419    2     mtd4
  659   3.151   -28.10516    0.00009                          mtd1
  660   3.172   -28.10512    0.00008    0.00008  420    1     mtd4
  661   3.172   -28.10512    0.00008    0.00016  421    2     mtd14
  662   3.173   -28.10512    0.00008                          mtd11
  663   3.173   -28.10512    0.00008    0.00016  422    2     mtd5
  664   3.174   -28.10512    0.00008                          mtd10
  665   3.174   -28.10512    0.00008    0.00008  423    1     mtd9
  666   3.175   -28.10512    0.00008    0.00016  424    2     mtd11
  667   3.175   -28.10512    0.00008                          mtd1
  668   3.181   -28.10511    0.00008    0.00008  425    1     mtd6
  669   3.183   -28.10510    0.00008    0.00008  426    1     mtd9
  670   3.187   -28.10510    0.00008    0.00008  427    1     mtd14
  671   3.189   -28.10510    0.00008    0.00008  428    1     mtd5
  672   3.189   -28.10510    0.00008    0.00008  429    1     mtd12
  673   3.211   -28.10506    0.00008    0.00008  430    1     mtd8
  674   3.223   -28.10504    0.00008    0.00023  431    3     mtd1
  675   3.223   -28.10504    0.00008                          mtd7
  676   3.224   -28.10504    0.00008                          mtd11
  677   3.227   -28.10503    0.00008    0.00008  432    1     mtd7
  678   3.228   -28.10503    0.00008    0.00008  433    1     mtd10
  679   3.232   -28.10503    0.00007    0.00007  434    1     mtd10
  680   3.232   -28.10503    0.00007    0.00007  435    1     mtd5
  681   3.234   -28.10502    0.00007    0.00015  436    2     mtd9
  682   3.240   -28.10501    0.00007                          mtd14
  683   3.236   -28.10502    0.00007    0.00007  437    1     mtd8
  684   3.236   -28.10502    0.00007    0.00007  438    1     mtd4
  685   3.237   -28.10502    0.00007    0.00007  439    1     md6
  686   3.240   -28.10501    0.00007    0.00007  440    1     mtd4
  687   3.242   -28.10501    0.00007    0.00007  441    1     mtd9
  688   3.255   -28.10499    0.00007    0.00007  442    1     mtd11
  689   3.286   -28.10494    0.00007    0.00013  443    2     mtd14
  690   3.365   -28.10482    0.00006                          mtd12
  691   3.338   -28.10486    0.00006    0.00006  444    1     mtd8
  692   3.342   -28.10485    0.00006    0.00006  445    1     mtd8
  693   3.362   -28.10482    0.00006    0.00006  446    1     mtd3
  694   3.383   -28.10479    0.00006    0.00011  447    2     mtd8
  695   3.418   -28.10473    0.00005                          mtd8
  696   3.384   -28.10479    0.00006    0.00006  448    1     mtd8
  697   3.398   -28.10476    0.00006    0.00011  449    2     mtd4
  698   3.398   -28.10476    0.00006                          mtd8
  699   3.399   -28.10476    0.00006    0.00006  450    1     mtd4
  700   3.409   -28.10475    0.00006    0.00006  451    1     mtd11
  701   3.412   -28.10474    0.00006    0.00006  452    1     mtd13
  702   3.429   -28.10471    0.00005    0.00005  453    1     mtd4
  703   3.435   -28.10470    0.00005    0.00011  454    2     mtd7
  704   3.435   -28.10470    0.00005                          mtd10
  705   3.451   -28.10468    0.00005    0.00005  455    1     mtd7
  706   3.453   -28.10467    0.00005    0.00005  456    1     mtd7
  707   3.454   -28.10467    0.00005    0.00005  457    1     mtd9
  708   3.474   -28.10464    0.00005    0.00005  458    1     mtd4
  709   3.492   -28.10461    0.00005    0.00005  459    1     mtd10
  710   3.496   -28.10461    0.00005    0.00005  460    1     mtd1
  711   3.519   -28.10457    0.00005    0.00005  461    1     mtd1
  712   3.524   -28.10456    0.00005    0.00005  462    1     mtd7
  713   3.526   -28.10456    0.00005    0.00005  463    1     mtd12
  714   3.528   -28.10456    0.00005    0.00005  464    1     mtd8
  715   3.539   -28.10454    0.00004    0.00004  465    1     mtd8
  716   3.564   -28.10450    0.00004    0.00004  466    1     mtd8
  717   3.566   -28.10449    0.00004    0.00004  467    1     mtd10
  718   3.603   -28.10444    0.00004    0.00004  468    1     mtd7
  719   3.610   -28.10443    0.00004    0.00004  469    1     mtd13
  720   3.613   -28.10442    0.00004    0.00004  470    1     mtd10
  721   3.621   -28.10441    0.00004    0.00004  471    1     mtd8
  722   3.650   -28.10436    0.00004    0.00004  472    1     mtd8
  723   3.662   -28.10434    0.00004    0.00004  473    1     mtd6
  724   3.711   -28.10426    0.00003    0.00003  474    1     mtd8
  725   3.723   -28.10424    0.00003    0.00003  475    1     mtd11
  726   3.731   -28.10423    0.00003    0.00003  476    1     mtd7
  727   3.760   -28.10419    0.00003    0.00003  477    1     mtd8
  728   3.792   -28.10413    0.00003    0.00003  478    1     mtd8
  729   3.813   -28.10410    0.00003    0.00003  479    1     mtd8
  730   3.815   -28.10410    0.00003    0.00003  480    1     mtd1
  731   3.827   -28.10408    0.00003    0.00003  481    1     mtd6
  732   3.827   -28.10408    0.00003    0.00003  482    1     mtd6
  733   3.850   -28.10404    0.00003    0.00003  483    1     mtd4
  734   3.857   -28.10403    0.00003    0.00003  484    1     mtd5
  735   3.857   -28.10403    0.00003    0.00003  485    1     mtd11
  736   3.869   -28.10401    0.00003    0.00003  486    1     mtd14
  737   3.872   -28.10401    0.00003    0.00003  487    1     mtd9
  738   3.882   -28.10399    0.00002    0.00002  488    1     mtd5
  739   3.891   -28.10398    0.00002    0.00005  489    2     mtd3
  740   3.891   -28.10398    0.00002                          mtd12
  741   3.925   -28.10392    0.00002    0.00002  490    1     mtd10
  742   3.928   -28.10392    0.00002    0.00002  491    1     mtd7
  743   3.931   -28.10391    0.00002    0.00005  492    2     mtd11
  744   3.931   -28.10391    0.00002                          mtd12
  745   3.950   -28.10388    0.00002    0.00002  493    1     mtd12
  746   3.960   -28.10387    0.00002    0.00002  494    1     mtd10
  747   3.967   -28.10386    0.00002    0.00002  495    1     mtd8
  748   3.986   -28.10383    0.00002    0.00002  496    1     mtd7
  749   3.999   -28.10381    0.00002    0.00002  497    1     mtd6
  750   4.020   -28.10377    0.00002    0.00002  498    1     mtd11
  751   4.033   -28.10375    0.00002    0.00002  499    1     mtd12
  752   4.036   -28.10375    0.00002    0.00002  500    1     mtd7
  753   4.050   -28.10372    0.00002    0.00002  501    1     mtd8
  754   4.072   -28.10369    0.00002    0.00002  502    1     mtd9
  755   4.075   -28.10368    0.00002    0.00002  503    1     mtd4
  756   4.075   -28.10368    0.00002    0.00002  504    1     mtd10
  757   4.121   -28.10361    0.00002    0.00002  505    1     mtd7
  758   4.124   -28.10361    0.00002    0.00002  506    1     mtd10
  759   4.127   -28.10360    0.00002    0.00002  507    1     mtd12
  760   4.134   -28.10359    0.00002    0.00003  508    2     mtd8
  761   4.135   -28.10359    0.00002                          mtd6
  762   4.136   -28.10359    0.00002    0.00002  509    1     mtd12
  763   4.147   -28.10357    0.00002    0.00002  510    1     mtd8
  764   4.159   -28.10355    0.00002    0.00002  511    1     mtd1
  765   4.163   -28.10354    0.00002    0.00002  512    1     mtd9
  766   4.165   -28.10354    0.00002    0.00002  513    1     mtd5
  767   4.173   -28.10353    0.00002    0.00002  514    1     mtd3
  768   4.190   -28.10350    0.00001    0.00001  515    1     mtd7
  769   4.203   -28.10348    0.00001    0.00001  516    1     mtd8
  770   4.208   -28.10347    0.00001    0.00001  517    1     md6
  771   4.221   -28.10345    0.00001    0.00001  518    1     mtd7
  772   4.245   -28.10341    0.00001    0.00001  519    1     mtd5
  773   4.255   -28.10340    0.00001    0.00001  520    1     mtd10
  774   4.271   -28.10337    0.00001    0.00001  521    1     mtd12
  775   4.315   -28.10330    0.00001    0.00001  522    1     mtd7
  776   4.337   -28.10327    0.00001    0.00001  523    1     mtd10
  777   4.368   -28.10322    0.00001    0.00001  524    1     mtd8
  778   4.369   -28.10322    0.00001    0.00001  525    1     mtd11
  779   4.371   -28.10321    0.00001    0.00001  526    1     mtd5
  780   4.372   -28.10321    0.00001    0.00001  527    1     mtd8
  781   4.413   -28.10314    0.00001    0.00001  528    1     mtd8
  782   4.416   -28.10314    0.00001    0.00001  529    1     mtd12
  783   4.421   -28.10313    0.00001    0.00001  530    1     mtd10
  784   4.473   -28.10305    0.00001    0.00001  531    1     mtd7
  785   4.476   -28.10305    0.00001    0.00001  532    1     mtd2
  786   4.485   -28.10303    0.00001    0.00001  533    1     mtd9
  787   4.514   -28.10298    0.00001    0.00001  534    1     mtd8
  788   4.557   -28.10292    0.00001    0.00001  535    1     mtd14
  789   4.604   -28.10284    0.00001    0.00001  536    1     mtd10
  790   4.607   -28.10284    0.00001    0.00001  537    2     mtd10
  791   4.607   -28.10284    0.00001                          mtd7
  792   4.610   -28.10283    0.00001    0.00001  538    1     mtd12
  793   4.611   -28.10283    0.00001    0.00001  539    1     mtd10
  794   4.623   -28.10281    0.00001    0.00001  540    1     mtd5
  795   4.635   -28.10279    0.00001    0.00001  541    1     mtd12
  796   4.663   -28.10275    0.00001    0.00001  542    1     mtd13
  797   4.712   -28.10267    0.00001    0.00001  543    1     mtd7
  798   4.724   -28.10265    0.00001    0.00001  544    1     mtd14
  799   4.737   -28.10263    0.00001    0.00001  545    1     mtd8
  800   4.744   -28.10262    0.00001    0.00001  546    1     mtd8
  801   4.755   -28.10260    0.00001    0.00001  547    1     mtd8
  802   4.771   -28.10258    0.00001    0.00001  548    1     mtd8
  803   4.799   -28.10253    0.00001    0.00001  549    1     mtd8
  804   4.814   -28.10251    0.00001    0.00001  550    1     mtd7
  805   4.854   -28.10244    0.00000    0.00000  551    1     mtd7
  806   4.981   -28.10224    0.00000    0.00000  552    1     mtd8
  807   5.046   -28.10214    0.00000    0.00000  553    1     mtd10
  808   5.208   -28.10188    0.00000    0.00000  554    1     mtd8
  809   5.371   -28.10162    0.00000    0.00000  555    1     gc
  810   5.372   -28.10162    0.00000    0.00000  556    2     mtd8
  811   5.373   -28.10161    0.00000                          mtd6
  812   5.380   -28.10160    0.00000    0.00000  557    1     mtd10
  813   5.398   -28.10157    0.00000    0.00000  558    1     mtd7
  814   5.469   -28.10146    0.00000    0.00000  559    1     mtd13
  815   5.485   -28.10144    0.00000    0.00000  560    1     mtd10
  816   5.656   -28.10116    0.00000    0.00000  561    1     mtd13
  817   5.792   -28.10095    0.00000    0.00000  562    1     mtd13
  818   5.964   -28.10067    0.00000    0.00000  563    1     mtd7
  819   5.983   -28.10064    0.00000    0.00000  564    2     mtd8
  820   5.983   -28.10064    0.00000                          mtd12
  821   5.985   -28.10064    0.00000    0.00000  565    1     mtd6
T /K                                  :   298.15
E lowest                              :   -28.11018
ensemble average energy (kcal)        :    1.076
ensemble entropy (J/mol K, cal/mol K) :   48.779   11.659
ensemble free energy (kcal/mol)       :   -3.476
population of lowest in %             :    5.212
 number of unique conformers for further calc          565
 list of relative energies saved as "crest.energies"
 Normal termination.
 
 -----------------
 Wall Time Summary
 -----------------
             test MD wall time :         0h : 0m : 2s
                 MTD wall time :         0h : 2m :14s
      multilevel OPT wall time :         0h : 6m :52s
                  MD wall time :         0h : 1m :49s
                  GC wall time :         0h : 0m : 9s
--------------------
Overall wall time  : 0h :12m :47s
 
 CREST terminated normally.
