 
       ==============================================
       |                                            |
       |                 C R E S T                  |
       |                                            |
       |  Conformer-Rotamer Ensemble Sampling Tool  |
       |       based on the GFNn-xTB methods        |
       |             P.Pracht, S.Grimme             |
       |          Universitaet Bonn, MCTC           |
       ==============================================
       Version 2.10.2, Tue 9. Jun 13:32:10 CEST 2020
       Using the xTB program.
       Compatible with XTB version 6.1 and later.
 
   Cite work conducted with this code as

   P. Pracht, F. Bohle, S. Grimme, PCCP, 2020, 22, 7169-7192.

   and

   S. Grimme, JCTC, 2019, 15, 2847-2862.
 
   This program is distributed in the hope that it will be useful,
   but WITHOUT ANY WARRANTY; without even the implied warranty of
   MERCHANTABILITY or FITNESS FOR A PARTICULAR PURPOSE.

 Command line input:
 > crest OPT.xyz -opt vtight -T 8

  -opt 2
  -T 8 (CPUs/Threads selected)
-------------------------
Starting z-matrix sorting
-------------------------
 total number of atoms :          17
 total number of frags :           1
 Fragment            1
   1  C     0.000000      0.0000      0.0000     0    0    0
   2  O     2.649031      0.0000      0.0000     1    0    0
   3  H     1.876168    106.6624      0.0000     2    1    0
   4  C     2.883104    110.4403    -76.8731     1    2    3
   5  O     2.667343    108.9588   -178.7091     4    1    2
   6  C     2.667097    109.3746   -180.5290     5    4    1
   7  C     2.883125    108.9581   -179.5616     6    5    4
   8  O     2.648878    110.4414   -181.2650     7    6    5
   9  H     1.876227    106.6660   -282.7602     8    7    6
  10  H     2.099159    108.4551   -240.0507     7    8    6
  11  H     2.105112    110.3494   -242.7257     7    8   10
  12  H     2.105536    108.0194   -239.7307     6    7    5
  13  H     2.105723    107.8544   -240.5601     6    7   12
  14  H     2.105475    110.6493   -241.3706     4    5    1
  15  H     2.105653    110.7592   -237.1119     4    5   14
  16  H     2.099150    109.4557   -240.6707     1    4    2
  17  H     2.105003    110.7565   -241.8702     1    4   16
 terminated normally
 
 -------------------------
 xTB Geometry Optimization
 -------------------------
 Geometry successfully optimized.
 
------------------------------------------------
Generating MTD length from a flexibility measure
------------------------------------------------
 Calculating WBOs... done.
 flexibility measure :   0.997
 t(MTD) / ps    :     5.0
 Σ(t(MTD)) / ps :    60.0 (+    10.0)
 
-------------------------------------
Starting a trial MTD to test settings
-------------------------------------
 Estimated runtime for one MTD (5.0 ps) on a single thread: 53 sec
 Estimated runtime for a batch of 14 MTDs on 8 threads: 1 min 46 sec
 
 list of Vbias parameters applied:
$metadyn    0.00300   1.300
$metadyn    0.00150   1.300
$metadyn    0.00075   1.300
$metadyn    0.00300   0.780
$metadyn    0.00150   0.780
$metadyn    0.00075   0.780
$metadyn    0.00300   0.468
$metadyn    0.00150   0.468
$metadyn    0.00075   0.468
$metadyn    0.00300   0.281
$metadyn    0.00150   0.281
$metadyn    0.00075   0.281
$metadyn    0.00100   0.100
$metadyn    0.00500   0.800
 
*******************************************************************************************
**                        N E W    I T E R A T I O N    C Y C L E                        **
*******************************************************************************************
 
========================================
            MTD Iteration  1
========================================
 
     ========================================
     |         Meta-MD (MTD) Sampling       |
     ========================================
 
Starting Meta-MD   2 with the settings:
     MD time /ps        :     5.0
     dt /fs             :     5.0
     dumpstep(trj) /fs  :     100
     dumpstep(Vbias)/ps :     1.0
     Vbias prefactor(k) :  0.0255
     Vbias exponent(α)  :    1.30
Starting Meta-MD   4 with the settings:
     MD time /ps        :     5.0
     dt /fs             :     5.0
     dumpstep(trj) /fs  :     100
     dumpstep(Vbias)/ps :     1.0
     Vbias prefactor(k) :  0.0510
     Vbias exponent(α)  :    0.78
Starting Meta-MD   6 with the settings:
     MD time /ps        :     5.0
     dt /fs             :     5.0
     dumpstep(trj) /fs  :     100
     dumpstep(Vbias)/ps :     1.0
     Vbias prefactor(k) :  0.0128
     Vbias exponent(α)  :    0.78
Starting Meta-MD   3 with the settings:
     MD time /ps        :     5.0
     dt /fs             :     5.0
     dumpstep(trj) /fs  :     100
     dumpstep(Vbias)/ps :     1.0
     Vbias prefactor(k) :  0.0128
     Vbias exponent(α)  :    1.30
Starting Meta-MD   1 with the settings:
     MD time /ps        :     5.0
     dt /fs             :     5.0
     dumpstep(trj) /fs  :     100
     dumpstep(Vbias)/ps :     1.0
     Vbias prefactor(k) :  0.0510
     Vbias exponent(α)  :    1.30
Starting Meta-MD  14 with the settings:
     MD time /ps        :     5.0
     dt /fs             :     5.0
     dumpstep(trj) /fs  :     100
     dumpstep(Vbias)/ps :     1.0
     Vbias prefactor(k) :  0.0850
     Vbias exponent(α)  :    0.80
Starting Meta-MD   5 with the settings:
     MD time /ps        :     5.0
     dt /fs             :     5.0
     dumpstep(trj) /fs  :     100
     dumpstep(Vbias)/ps :     1.0
     Vbias prefactor(k) :  0.0255
     Vbias exponent(α)  :    0.78
Starting Meta-MD   7 with the settings:
     MD time /ps        :     5.0
     dt /fs             :     5.0
     dumpstep(trj) /fs  :     100
     dumpstep(Vbias)/ps :     1.0
     Vbias prefactor(k) :  0.0510
     Vbias exponent(α)  :    0.47
*Meta-MD 3 finished*
Starting Meta-MD   8 with the settings:
     MD time /ps        :     5.0
     dt /fs             :     5.0
     dumpstep(trj) /fs  :     100
     dumpstep(Vbias)/ps :     1.0
     Vbias prefactor(k) :  0.0255
     Vbias exponent(α)  :    0.47
*Meta-MD 4 finished*
Starting Meta-MD   9 with the settings:
     MD time /ps        :     5.0
     dt /fs             :     5.0
     dumpstep(trj) /fs  :     100
     dumpstep(Vbias)/ps :     1.0
     Vbias prefactor(k) :  0.0128
     Vbias exponent(α)  :    0.47
*Meta-MD 2 finished*
Starting Meta-MD  10 with the settings:
     MD time /ps        :     5.0
     dt /fs             :     5.0
     dumpstep(trj) /fs  :     100
     dumpstep(Vbias)/ps :     1.0
*Meta-MD 1 finished*
     Vbias prefactor(k) :  0.0510
     Vbias exponent(α)  :    0.28
Starting Meta-MD  11 with the settings:
     MD time /ps        :     5.0
     dt /fs             :     5.0
     dumpstep(trj) /fs  :     100
     dumpstep(Vbias)/ps :     1.0
     Vbias prefactor(k) :  0.0255
     Vbias exponent(α)  :    0.28
*Meta-MD 7 finished*
Starting Meta-MD  12 with the settings:
     MD time /ps        :     5.0
     dt /fs             :     5.0
     dumpstep(trj) /fs  :     100
     dumpstep(Vbias)/ps :     1.0
*Meta-MD 6 finished*
     Vbias prefactor(k) :  0.0128
     Vbias exponent(α)  :    0.28
Starting Meta-MD  13 with the settings:
     MD time /ps        :     5.0
     dt /fs             :     5.0
     dumpstep(trj) /fs  :     100
     dumpstep(Vbias)/ps :     1.0
     Vbias prefactor(k) :  0.0170
     Vbias exponent(α)  :    0.10
*Meta-MD 14 finished*
*Meta-MD 5 finished*
*Meta-MD 10 finished*
*Meta-MD 9 finished*
*Meta-MD 12 finished*
*Meta-MD 13 finished*
*Meta-MD 8 finished*
*Meta-MD 11 finished*
 
-----------------------
Multilevel Optimization
-----------------------
 
 -------------------------
 1. crude pre-optimization
 -------------------------
 writing TMPCONF* Dirs from file "crest_rotamers_0.xyz" ... done.
 Starting optimization of generated structures
 686 jobs to do.
 1 2 3 4 5 6 7 8 9 10 11 12 13 14 15 16 17 18 19 20 21 22 23 24 25 26 27 28 29 30 31 32 33 34 35 36 37 38 39 40 41 42 43 44 45 46 47 48 49 50 51 52 53 54 55 56 57 58 59 60 61 62 63 64 65 66 67 68 69 70 71 72 73 74 75 76 77 78 79 80 81 82 83 84 85 86 87 88 89 90 91 92 93 94 95 96 97 98 99 100 101 102 103 104 105 106 107 108 109 110 111 112 113 114 115 116 117 118 119 120 121 122 123 124 125 126 127 128 129 130 131 132 133 134 135 136 137 138 139 140 141 142 143 144 145 146 147 148 149 150 151 152 153 154 155 156 157 158 159 160 161 162 163 164 165 166 167 168 169 170 171 172 173 174 175 176 177 178 179 180 181 182 183 184 185 186 187 188 189 190 191 192 193 194 195 196 197 198 199 200 201 202 203 204 205 206 207 208 209 210 211 212 213 214 215 216 217 218 219 220 221 222 223 224 225 226 227 228 229 230 231 232 233 234 235 236 237 238 239 240 241 242 243 244 245 246 247 248 249 250 251 252 253 254 255 256 257 258 259 260 261 262 263 264 265 266 267 268 269 270 271 272 273 274 275 276 277 278 279 280 281 282 283 284 285 286 287 288 289 290 291 292 293 294 295 296 297 298 299 300 301 302 303 304 305 306 307 308 309 310 311 312 313 314 315 316 317 318 319 320 321 322 323 324 325 326 327 328 329 330 331 332 333 334 335 336 337 338 339 340 341 342 343 344 345 346 347 348 349 350 351 352 353 354 355 356 357 358 359 360 361 362 363 364 365 366 367 368 369 370 371 372 373 374 375 376 377 378 379 380 381 382 383 384 385 386 387 388 389 390 391 392 393 394 395 396 397 398 399 400 401 402 403 404 405 406 407 408 409 410 411 412 413 414 415 416 417 418 419 420 421 422 423 424 425 426 427 428 429 430 431 432 433 434 435 436 437 438 439 440 441 442 443 444 445 446 447 448 449 450 451 452 453 454 455 456 457 458 459 460 461 462 463 464 465 466 467 468 469 470 471 472 473 474 475 476 477 478 479 480 481 482 483 484 485 486 487 488 489 490 491 492 493 494 495 496 497 498 499 500 501 502 503 504 505 506 507 508 509 510 511 512 513 514 515 516 517 518 519 520 521 522 523 524 525 526 527 528 529 530 531 532 533 534 535 536 537 538 539 540 541 542 543 544 545 546 547 548 549 550 551 552 553 554 555 556 557 558 559 560 561 562 563 564 565 566 567 568 569 570 571 572 573 574 575 576 577 578 579 580 581 582 583 584 585 586 587 588 589 590 591 592 593 594 595 596 597 598 599 600 601 602 603 604 605 606 607 608 609 610 611 612 613 614 615 616 617 618 619 620 621 622 623 624 625 626 627 628 629 630 631 632 633 634 635 636 637 638 639 640 641 642 643 644 645 646 647 648 649 650 651 652 653 654 655 656 657 658 659 660 661 662 663 664 665 666 667 668 669 670 671 672 673 674 675 676 677 678 679 680 681 682 683 684 685 686 
 done.
 Now appending opt.xyz file with new structures
 running RMSDs...
 done.
 E lowest :   -25.83697
 640 structures remain within    12.00 kcal/mol window
 
 -------------------------------------
 2. optimization with tight thresholds
 -------------------------------------
 writing TMPCONF* Dirs from file "crest_rotamers_1.xyz" ... done.
 Starting optimization of generated structures
 641 jobs to do.
 1 2 3 4 5 6 7 8 9 10 11 12 13 14 15 16 17 18 19 20 21 22 23 24 25 26 27 28 29 30 31 32 33 34 35 36 37 38 39 40 41 42 43 44 45 46 47 48 49 50 51 52 53 54 55 56 57 58 59 60 61 62 63 64 65 66 67 68 69 70 71 72 73 74 75 76 77 78 79 80 81 82 83 84 85 86 87 88 89 90 91 92 93 94 95 96 97 98 99 100 101 102 103 104 105 106 107 108 109 110 111 112 113 114 115 116 117 118 119 120 121 122 123 124 125 126 127 128 129 130 131 132 133 134 135 136 137 138 139 140 141 142 143 144 145 146 147 148 149 150 151 152 153 154 155 156 157 158 159 160 161 162 163 164 165 166 167 168 169 170 171 172 173 174 175 176 177 178 179 180 181 182 183 184 185 186 187 188 189 190 191 192 193 194 195 196 197 198 199 200 201 202 203 204 205 206 207 208 209 210 211 212 213 214 215 216 217 218 219 220 221 222 223 224 225 226 227 228 229 230 231 232 233 234 235 236 237 238 239 240 241 242 243 244 245 246 247 248 249 250 251 252 253 254 255 256 257 258 259 260 261 262 263 264 265 266 267 268 269 270 271 272 273 274 275 276 277 278 279 280 281 282 283 284 285 286 287 288 289 290 291 292 293 294 295 296 297 298 299 300 301 302 303 304 305 306 307 308 309 310 311 312 313 314 315 316 317 318 319 320 321 322 323 324 325 326 327 328 329 330 331 332 333 334 335 336 337 338 339 340 341 342 343 344 345 346 347 348 349 350 351 352 353 354 355 356 357 358 359 360 361 362 363 364 365 366 367 368 369 370 371 372 373 374 375 376 377 378 379 380 381 382 383 384 385 386 387 388 389 390 391 392 393 394 395 396 397 398 399 400 401 402 403 404 405 406 407 408 409 410 411 412 413 414 415 416 417 418 419 420 421 422 423 424 425 426 427 428 429 430 431 432 433 434 435 436 437 438 439 440 441 442 443 444 445 446 447 448 449 450 451 452 453 454 455 456 457 458 459 460 461 462 463 464 465 466 467 468 469 470 471 472 473 474 475 476 477 478 479 480 481 482 483 484 485 486 487 488 489 490 491 492 493 494 495 496 497 498 499 500 501 502 503 504 505 506 507 508 509 510 511 512 513 514 515 516 517 518 519 520 521 522 523 524 525 526 527 528 529 530 531 532 533 534 535 536 537 538 539 540 541 542 543 544 545 546 547 548 549 550 551 552 553 554 555 556 557 558 559 560 561 562 563 564 565 566 567 568 569 570 571 572 573 574 575 576 577 578 579 580 581 582 583 584 585 586 587 588 589 590 591 592 593 594 595 596 597 598 599 600 601 602 603 604 605 606 607 608 609 610 611 612 613 614 615 616 617 618 619 620 621 622 623 624 625 626 627 628 629 630 631 632 633 634 635 636 637 638 639 640 641 
 done.
 Now appending opt.xyz file with new structures
 running RMSDs...
 done.
 E lowest :   -25.83772
 273 structures remain within     6.00 kcal/mol window
 
 
========================================
            MTD Iteration  2
========================================
 
     ========================================
     |         Meta-MD (MTD) Sampling       |
     ========================================
 
Starting Meta-MD   1 with the settings:
     MD time /ps        :     5.0
     dt /fs             :     5.0
     dumpstep(trj) /fs  :     100
     dumpstep(Vbias)/ps :     1.0
     Vbias prefactor(k) :  0.0510
     Vbias exponent(α)  :    1.30
Starting Meta-MD   2 with the settings:
     MD time /ps        :     5.0
     dt /fs             :     5.0
     dumpstep(trj) /fs  :     100
     dumpstep(Vbias)/ps :     1.0
     Vbias prefactor(k) :  0.0255
     Vbias exponent(α)  :    1.30
Starting Meta-MD   3 with the settings:
     MD time /ps        :     5.0
     dt /fs             :     5.0
     dumpstep(trj) /fs  :     100
     dumpstep(Vbias)/ps :     1.0
     Vbias prefactor(k) :  0.0128
     Vbias exponent(α)  :    1.30
Starting Meta-MD  12 with the settings:
     MD time /ps        :     5.0
     dt /fs             :     5.0
     dumpstep(trj) /fs  :     100
     dumpstep(Vbias)/ps :     1.0
     Vbias prefactor(k) :  0.0128
     Vbias exponent(α)  :    0.28
Starting Meta-MD   4 with the settings:
     MD time /ps        :     5.0
     dt /fs             :     5.0
     dumpstep(trj) /fs  :     100
     dumpstep(Vbias)/ps :     1.0
     Vbias prefactor(k) :  0.0510
     Vbias exponent(α)  :    0.78
Starting Meta-MD   5 with the settings:
     MD time /ps        :     5.0
     dt /fs             :     5.0
     dumpstep(trj) /fs  :     100
     dumpstep(Vbias)/ps :     1.0
     Vbias prefactor(k) :  0.0255
     Vbias exponent(α)  :    0.78
Starting Meta-MD   6 with the settings:
     MD time /ps        :     5.0
     dt /fs             :     5.0
     dumpstep(trj) /fs  :     100
     dumpstep(Vbias)/ps :     1.0
     Vbias prefactor(k) :  0.0128
     Vbias exponent(α)  :    0.78
Starting Meta-MD   7 with the settings:
     MD time /ps        :     5.0
     dt /fs             :     5.0
     dumpstep(trj) /fs  :     100
     dumpstep(Vbias)/ps :     1.0
     Vbias prefactor(k) :  0.0510
     Vbias exponent(α)  :    0.47
*Meta-MD 7 finished*
Starting Meta-MD   8 with the settings:
     MD time /ps        :     5.0
     dt /fs             :     5.0
     dumpstep(trj) /fs  :     100
     dumpstep(Vbias)/ps :     1.0
     Vbias prefactor(k) :  0.0255
     Vbias exponent(α)  :    0.47
*Meta-MD 2 finished*
Starting Meta-MD   9 with the settings:
     MD time /ps        :     5.0
     dt /fs             :     5.0
     dumpstep(trj) /fs  :     100
     dumpstep(Vbias)/ps :     1.0
     Vbias prefactor(k) :  0.0128
     Vbias exponent(α)  :    0.47
*Meta-MD 4 finished*
*Meta-MD 12 finished*
Starting Meta-MD  10 with the settings:
     MD time /ps        :     5.0
     dt /fs             :     5.0
     dumpstep(trj) /fs  :     100
     dumpstep(Vbias)/ps :     1.0
     Vbias prefactor(k) :  0.0510
     Vbias exponent(α)  :    0.28
Starting Meta-MD  11 with the settings:
     MD time /ps        :     5.0
     dt /fs             :     5.0
     dumpstep(trj) /fs  :     100
     dumpstep(Vbias)/ps :     1.0
     Vbias prefactor(k) :  0.0255
     Vbias exponent(α)  :    0.28
*Meta-MD 6 finished*
*Meta-MD 3 finished*
*Meta-MD 5 finished*
*Meta-MD 1 finished*
*Meta-MD 9 finished*
*Meta-MD 10 finished*
*Meta-MD 11 finished*
*Meta-MD 8 finished*
 
-----------------------
Multilevel Optimization
-----------------------
 
 -------------------------
 1. crude pre-optimization
 -------------------------
 writing TMPCONF* Dirs from file "crest_rotamers_0.xyz" ... done.
 Starting optimization of generated structures
 588 jobs to do.
 1 2 3 4 5 6 7 8 9 10 11 12 13 14 15 16 17 18 19 20 21 22 23 24 25 26 27 28 29 30 31 32 33 34 35 36 37 38 39 40 41 42 43 44 45 46 47 48 49 50 51 52 53 54 55 56 57 58 59 60 61 62 63 64 65 66 67 68 69 70 71 72 73 74 75 76 77 78 79 80 81 82 83 84 85 86 87 88 89 90 91 92 93 94 95 96 97 98 99 100 101 102 103 104 105 106 107 108 109 110 111 112 113 114 115 116 117 118 119 120 121 122 123 124 125 126 127 128 129 130 131 132 133 134 135 136 137 138 139 140 141 142 143 144 145 146 147 148 149 150 151 152 153 154 155 156 157 158 159 160 161 162 163 164 165 166 167 168 169 170 171 172 173 174 175 176 177 178 179 180 181 182 183 184 185 186 187 188 189 190 191 192 193 194 195 196 197 198 199 200 201 202 203 204 205 206 207 208 209 210 211 212 213 214 215 216 217 218 219 220 221 222 223 224 225 226 227 228 229 230 231 232 233 234 235 236 237 238 239 240 241 242 243 244 245 246 247 248 249 250 251 252 253 254 255 256 257 258 259 260 261 262 263 264 265 266 267 268 269 270 271 272 273 274 275 276 277 278 279 280 281 282 283 284 285 286 287 288 289 290 291 292 293 294 295 296 297 298 299 300 301 302 303 304 305 306 307 308 309 310 311 312 313 314 315 316 317 318 319 320 321 322 323 324 325 326 327 328 329 330 331 332 333 334 335 336 337 338 339 340 341 342 343 344 345 346 347 348 349 350 351 352 353 354 355 356 357 358 359 360 361 362 363 364 365 366 367 368 369 370 371 372 373 374 375 376 377 378 379 380 381 382 383 384 385 386 387 388 389 390 391 392 393 394 395 396 397 398 399 400 401 402 403 404 405 406 407 408 409 410 411 412 413 414 415 416 417 418 419 420 421 422 423 424 425 426 427 428 429 430 431 432 433 434 435 436 437 438 439 440 441 442 443 444 445 446 447 448 449 450 451 452 453 454 455 456 457 458 459 460 461 462 463 464 465 466 467 468 469 470 471 472 473 474 475 476 477 478 479 480 481 482 483 484 485 486 487 488 489 490 491 492 493 494 495 496 497 498 499 500 501 502 503 504 505 506 507 508 509 510 511 512 513 514 515 516 517 518 519 520 521 522 523 524 525 526 527 528 529 530 531 532 533 534 535 536 537 538 539 540 541 542 543 544 545 546 547 548 549 550 551 552 553 554 555 556 557 558 559 560 561 562 563 564 565 566 567 568 569 570 571 572 573 574 575 576 577 578 579 580 581 582 583 584 585 586 587 588 
 done.
 Now appending opt.xyz file with new structures
 running RMSDs...
 done.
 E lowest :   -25.83733
 545 structures remain within    12.00 kcal/mol window
 
 -------------------------------------
 2. optimization with tight thresholds
 -------------------------------------
 writing TMPCONF* Dirs from file "crest_rotamers_1.xyz" ... done.
 Starting optimization of generated structures
 546 jobs to do.
 1 2 3 4 5 6 7 8 9 10 11 12 13 14 15 16 17 18 19 20 21 22 23 24 25 26 27 28 29 30 31 32 33 34 35 36 37 38 39 40 41 42 43 44 45 46 47 48 49 50 51 52 53 54 55 56 57 58 59 60 61 62 63 64 65 66 67 68 69 70 71 72 73 74 75 76 77 78 79 80 81 82 83 84 85 86 87 88 89 90 91 92 93 94 95 96 97 98 99 100 101 102 103 104 105 106 107 108 109 110 111 112 113 114 115 116 117 118 119 120 121 122 123 124 125 126 127 128 129 130 131 132 133 134 135 136 137 138 139 140 141 142 143 144 145 146 147 148 149 150 151 152 153 154 155 156 157 158 159 160 161 162 163 164 165 166 167 168 169 170 171 172 173 174 175 176 177 178 179 180 181 182 183 184 185 186 187 188 189 190 191 192 193 194 195 196 197 198 199 200 201 202 203 204 205 206 207 208 209 210 211 212 213 214 215 216 217 218 219 220 221 222 223 224 225 226 227 228 229 230 231 232 233 234 235 236 237 238 239 240 241 242 243 244 245 246 247 248 249 250 251 252 253 254 255 256 257 258 259 260 261 262 263 264 265 266 267 268 269 270 271 272 273 274 275 276 277 278 279 280 281 282 283 284 285 286 287 288 289 290 291 292 293 294 295 296 297 298 299 300 301 302 303 304 305 306 307 308 309 310 311 312 313 314 315 316 317 318 319 320 321 322 323 324 325 326 327 328 329 330 331 332 333 334 335 336 337 338 339 340 341 342 343 344 345 346 347 348 349 350 351 352 353 354 355 356 357 358 359 360 361 362 363 364 365 366 367 368 369 370 371 372 373 374 375 376 377 378 379 380 381 382 383 384 385 386 387 388 389 390 391 392 393 394 395 396 397 398 399 400 401 402 403 404 405 406 407 408 409 410 411 412 413 414 415 416 417 418 419 420 421 422 423 424 425 426 427 428 429 430 431 432 433 434 435 436 437 438 439 440 441 442 443 444 445 446 447 448 449 450 451 452 453 454 455 456 457 458 459 460 461 462 463 464 465 466 467 468 469 470 471 472 473 474 475 476 477 478 479 480 481 482 483 484 485 486 487 488 489 490 491 492 493 494 495 496 497 498 499 500 501 502 503 504 505 506 507 508 509 510 511 512 513 514 515 516 517 518 519 520 521 522 523 524 525 526 527 528 529 530 531 532 533 534 535 536 537 538 539 540 541 542 543 544 545 546 
 done.
 Now appending opt.xyz file with new structures
 running RMSDs...
 done.
 E lowest :   -25.83772
 215 structures remain within     6.00 kcal/mol window
 
========================================
            MTD Iterations done         
========================================
 Collecting ensmbles.
 running RMSDs...
 done.
 E lowest :   -25.83772
 365 structures remain within     6.00 kcal/mol window
 
-----------------------------------------------
Additional regular MDs on lowest 4 conformer(s)
-----------------------------------------------
Starting MD   1 with the settings:
     MD time /ps        :     2.5
     MD Temperature /K  :   400.0
     dt /fs             :     5.0
     dumpstep(trj) /fs  :     100
Starting MD   2 with the settings:
     MD time /ps        :     2.5
     MD Temperature /K  :   500.0
     dt /fs             :     5.0
     dumpstep(trj) /fs  :     100
Starting MD   8 with the settings:
     MD time /ps        :     2.5
     MD Temperature /K  :   500.0
     dt /fs             :     5.0
     dumpstep(trj) /fs  :     100
Starting MD   5 with the settings:
     MD time /ps        :     2.5
     MD Temperature /K  :   400.0
     dt /fs             :     5.0
     dumpstep(trj) /fs  :     100
Starting MD   3 with the settings:
     MD time /ps        :     2.5
     MD Temperature /K  :   400.0
     dt /fs             :     5.0
     dumpstep(trj) /fs  :     100
Starting MD   6 with the settings:
     MD time /ps        :     2.5
     MD Temperature /K  :   500.0
     dt /fs             :     5.0
     dumpstep(trj) /fs  :     100
Starting MD   4 with the settings:
     MD time /ps        :     2.5
     MD Temperature /K  :   500.0
     dt /fs             :     5.0
     dumpstep(trj) /fs  :     100
Starting MD   7 with the settings:
     MD time /ps        :     2.5
     MD Temperature /K  :   400.0
     dt /fs             :     5.0
     dumpstep(trj) /fs  :     100
*MD 2 finished*
*MD 1 finished*
*MD 6 finished*
*MD 8 finished*
*MD 3 finished*
*MD 7 finished*
*MD 5 finished*
*MD 4 finished*
 Appending file crest_rotamers_1.xyz with new structures
 
 -------------------------------------------
 Ensemble optimization with tight thresholds
 -------------------------------------------
 writing TMPCONF* Dirs from file "crest_rotamers_1.xyz" ... done.
 Starting optimization of generated structures
 557 jobs to do.
 1 2 3 4 5 6 7 8 9 10 11 12 13 14 15 16 17 18 19 20 21 22 23 24 25 26 27 28 29 30 31 32 33 34 35 36 37 38 39 40 41 42 43 44 45 46 47 48 49 50 51 52 53 54 55 56 57 58 59 60 61 62 63 64 65 66 67 68 69 70 71 72 73 74 75 76 77 78 79 80 81 82 83 84 85 86 87 88 89 90 91 92 93 94 95 96 97 98 99 100 101 102 103 104 105 106 107 108 109 110 111 112 113 114 115 116 117 118 119 120 121 122 123 124 125 126 127 128 129 130 131 132 133 134 135 136 137 138 139 140 141 142 143 144 145 146 147 148 149 150 151 152 153 154 155 156 157 158 159 160 161 162 163 164 165 166 167 168 169 170 171 172 173 174 175 176 177 178 179 180 181 182 183 184 185 186 187 188 189 190 191 192 193 194 195 196 197 198 199 200 201 202 203 204 205 206 207 208 209 210 211 212 213 214 215 216 217 218 219 220 221 222 223 224 225 226 227 228 229 230 231 232 233 234 235 236 237 238 239 240 241 242 243 244 245 246 247 248 249 250 251 252 253 254 255 256 257 258 259 260 261 262 263 264 265 266 267 268 269 270 271 272 273 274 275 276 277 278 279 280 281 282 283 284 285 286 287 288 289 290 291 292 293 294 295 296 297 298 299 300 301 302 303 304 305 306 307 308 309 310 311 312 313 314 315 316 317 318 319 320 321 322 323 324 325 326 327 328 329 330 331 332 333 334 335 336 337 338 339 340 341 342 343 344 345 346 347 348 349 350 351 352 353 354 355 356 357 358 359 360 361 362 363 364 365 366 367 368 369 370 371 372 373 374 375 376 377 378 379 380 381 382 383 384 385 386 387 388 389 390 391 392 393 394 395 396 397 398 399 400 401 402 403 404 405 406 407 408 409 410 411 412 413 414 415 416 417 418 419 420 421 422 423 424 425 426 427 428 429 430 431 432 433 434 435 436 437 438 439 440 441 442 443 444 445 446 447 448 449 450 451 452 453 454 455 456 457 458 459 460 461 462 463 464 465 466 467 468 469 470 471 472 473 474 475 476 477 478 479 480 481 482 483 484 485 486 487 488 489 490 491 492 493 494 495 496 497 498 499 500 501 502 503 504 505 506 507 508 509 510 511 512 513 514 515 516 517 518 519 520 521 522 523 524 525 526 527 528 529 530 531 532 533 534 535 536 537 538 539 540 541 542 543 544 545 546 547 548 549 550 551 552 553 554 555 556 557 
 done.
 Now appending opt.xyz file with new structures
 running RMSDs...
 done.
 E lowest :   -25.83772
 379 structures remain within     6.00 kcal/mol window
 
 
     ========================================
     |        Structure Crossing (GC)       |
     ========================================
 =============================
  # threads =           8
 =============================
 input  file name : crest_rotamers_3.xyz
number of atoms                :    17
number of points on xyz files  :   379
conformer energy window  /kcal :    6.00
CN per atom difference cut-off :  0.3000
RMSD threshold                 :  0.2500
max. # of generated structures : 250
 reading xyz file ...
 # in E window                379
 generating pairs ...       72009
  13.5 % done
  31.9 % done
  67.3 % done
 generated pairs           :       40218
 number of clash discarded :       31413
 average rmsd w.r.t input  : 2.65883
 sd of ensemble            : 0.54962
 number of new structures      :          42
 removed identical structures  :         458
 writing           42  TMPCONF* dirs ...
 --------------------------
 GC: loose pre-optimization
 --------------------------
 Starting optimization of generated structures
 42 jobs to do.
 1 2 3 4 5 6 7 8 9 10 11 12 13 14 15 16 17 18 19 20 21 22 23 24 25 26 27 28 29 30 31 32 33 34 35 36 37 38 39 40 41 42 
 done.
 Now appending opt.xyz file with new structures
 running RMSDs...
 done.
 E lowest :   -25.83769
 12 structures remain within    10.00 kcal/mol window
 --------------------------------------
 GC: optimization with tight thresholds
 --------------------------------------
 writing TMPCONF* Dirs from file "crest_rotamers_1.xyz" ... done.
 Starting optimization of generated structures
 12 jobs to do.
 1 2 3 4 5 6 7 8 9 10 11 12 
 done.
 Now appending opt.xyz file with new structures
 running RMSDs...
 done.
 E lowest :   -25.83772
 
 
   ================================================
   |           Final Geometry Optimization        |
   ================================================
 ---------------------
 Ensemble optimization
 ---------------------
 writing TMPCONF* Dirs from file "crest_rotamers_4.xyz" ... done.
 Starting optimization of generated structures
 382 jobs to do.
 1 2 3 4 5 6 7 8 9 10 11 12 13 14 15 16 17 18 19 20 21 22 23 24 25 26 27 28 29 30 31 32 33 34 35 36 37 38 39 40 41 42 43 44 45 46 47 48 49 50 51 52 53 54 55 56 57 58 59 60 61 62 63 64 65 66 67 68 69 70 71 72 73 74 75 76 77 78 79 80 81 82 83 84 85 86 87 88 89 90 91 92 93 94 95 96 97 98 99 100 101 102 103 104 105 106 107 108 109 110 111 112 113 114 115 116 117 118 119 120 121 122 123 124 125 126 127 128 129 130 131 132 133 134 135 136 137 138 139 140 141 142 143 144 145 146 147 148 149 150 151 152 153 154 155 156 157 158 159 160 161 162 163 164 165 166 167 168 169 170 171 172 173 174 175 176 177 178 179 180 181 182 183 184 185 186 187 188 189 190 191 192 193 194 195 196 197 198 199 200 201 202 203 204 205 206 207 208 209 210 211 212 213 214 215 216 217 218 219 220 221 222 223 224 225 226 227 228 229 230 231 232 233 234 235 236 237 238 239 240 241 242 243 244 245 246 247 248 249 250 251 252 253 254 255 256 257 258 259 260 261 262 263 264 265 266 267 268 269 270 271 272 273 274 275 276 277 278 279 280 281 282 283 284 285 286 287 288 289 290 291 292 293 294 295 296 297 298 299 300 301 302 303 304 305 306 307 308 309 310 311 312 313 314 315 316 317 318 319 320 321 322 323 324 325 326 327 328 329 330 331 332 333 334 335 336 337 338 339 340 341 342 343 344 345 346 347 348 349 350 351 352 353 354 355 356 357 358 359 360 361 362 363 364 365 366 367 368 369 370 371 372 373 374 375 376 377 378 379 380 381 382 
 done.
 Now appending opt.xyz file with new structures
 running RMSDs...
 done.
 E lowest :   -25.83772
 376 structures remain within     6.00 kcal/mol window
 
-------------------------------------
CREGEN - CONFORMER SYMMETRY ANALYSIS
-------------------------------------
 =============================
  # threads =           8
 =============================
 input  file name : crest_rotamers_5.xyz
 output file name : crest_rotamers_6.xyz
 number of atoms                :    17
 number of points on xyz files  :   382
 RMSD threshold                 :   0.1250
 Bconst threshold               :  15.0000
 population threshold           :   0.0500
 conformer energy window  /kcal :   6.0000
 # fragment in coord            :     1
 number of reliable points      :   382
 reference state Etot :  -25.8377183114000
 number of doubles removed by rot/RMSD         :           6
 total number unique points considered further :         376
   Erel/kcal     Etot      weight/tot conformer  set degen    origin
    1   0.000   -25.83772    0.03387    0.06773    1    2     mtd6
    2   0.000   -25.83772    0.03386                          mtd8
    3   0.125   -25.83752    0.02745    0.10980    2    4     mtd7
    4   0.125   -25.83752    0.02745                          mtd2
    5   0.125   -25.83752    0.02745                          mtd11
    6   0.125   -25.83752    0.02745                          mtd4
    7   0.155   -25.83747    0.02607    0.10427    3    4     mtd7
    8   0.155   -25.83747    0.02607                          mtd14
    9   0.155   -25.83747    0.02606                          md8
   10   0.155   -25.83747    0.02606                          mtd1
   11   0.237   -25.83734    0.02270    0.06807    4    3     mtd10
   12   0.238   -25.83734    0.02269                          mtd6
   13   0.238   -25.83734    0.02268                          mtd10
   14   0.238   -25.83734    0.02268    0.02268    5    1     mtd3
   15   0.378   -25.83712    0.01790    0.03580    6    2     mtd5
   16   0.378   -25.83712    0.01790                          md8
   17   0.405   -25.83707    0.01710    0.03421    7    2     mtd7
   18   0.405   -25.83707    0.01710                          mtd5
   19   0.460   -25.83698    0.01558    0.03117    8    2     md3
   20   0.460   -25.83698    0.01558                          mtd2
   21   0.510   -25.83691    0.01434    0.04298    9    3     mtd1
   22   0.510   -25.83691    0.01433                          md3
   23   0.511   -25.83690    0.01431                          mtd7
   24   0.510   -25.83691    0.01433    0.01433   10    1     mtd10
   25   0.589   -25.83678    0.01254    0.02508   11    2     mtd5
   26   0.589   -25.83678    0.01254                          mtd5
   27   0.742   -25.83654    0.00970    0.03878   12    4     md6
   28   0.742   -25.83654    0.00970                          mtd14
   29   0.742   -25.83654    0.00970                          mtd14
   30   0.742   -25.83654    0.00969                          mtd10
   31   0.859   -25.83635    0.00795    0.01590   13    2     mtd11
   32   0.859   -25.83635    0.00795                          mtd2
   33   0.860   -25.83635    0.00795    0.00795   14    1     mtd9
   34   0.860   -25.83635    0.00794    0.00794   15    1     md2
   35   0.863   -25.83634    0.00791    0.00791   16    1     mtd11
   36   0.863   -25.83634    0.00791    0.01580   17    2     mtd11
   37   0.863   -25.83634    0.00790                          mtd1
   38   0.863   -25.83634    0.00790    0.00790   18    1     mtd2
   39   0.938   -25.83622    0.00696    0.02083   19    3     mtd12
   40   0.939   -25.83622    0.00696                          mtd4
   41   0.942   -25.83622    0.00691                          mtd11
   42   1.098   -25.83597    0.00531    0.01063   20    2     mtd8
   43   1.099   -25.83597    0.00531                          mtd1
   44   1.099   -25.83597    0.00531    0.00531   21    1     mtd5
   45   1.181   -25.83584    0.00462    0.00924   22    2     mtd12
   46   1.181   -25.83584    0.00462                          mtd6
   47   1.183   -25.83583    0.00461    0.00461   23    1     mtd5
   48   1.261   -25.83571    0.00404    0.01213   24    3     mtd12
   49   1.261   -25.83571    0.00404                          mtd9
   50   1.261   -25.83571    0.00404                          mtd9
   51   1.261   -25.83571    0.00404    0.01614   25    4     mtd3
   52   1.261   -25.83571    0.00404                          mtd11
   53   1.261   -25.83571    0.00404                          mtd11
   54   1.263   -25.83571    0.00402                          mtd8
   55   1.262   -25.83571    0.00404    0.00404   26    1     mtd1
   56   1.263   -25.83571    0.00402    0.01207   27    3     mtd13
   57   1.263   -25.83571    0.00402                          mtd12
   58   1.263   -25.83570    0.00402                          md8
   59   1.274   -25.83569    0.00395    0.00790   28    2     mtd2
   60   1.275   -25.83569    0.00395                          mtd2
   61   1.275   -25.83569    0.00395    0.00395   29    1     mtd5
   62   1.275   -25.83569    0.00395    0.00395   30    1     mtd14
   63   1.291   -25.83566    0.00384    0.01153   31    3     mtd14
   64   1.291   -25.83566    0.00384                          mtd11
   65   1.291   -25.83566    0.00384                          mtd5
   66   1.291   -25.83566    0.00384    0.00384   32    1     mtd8
   67   1.319   -25.83562    0.00366    0.01463   33    4     mtd11
   68   1.319   -25.83562    0.00366                          md6
   69   1.320   -25.83561    0.00365                          mtd7
   70   1.321   -25.83561    0.00365                          mtd5
   71   1.361   -25.83555    0.00341    0.00341   34    1     mtd10
   72   1.362   -25.83555    0.00341    0.00341   35    1     mtd7
   73   1.420   -25.83546    0.00309    0.00618   36    2     mtd7
   74   1.420   -25.83545    0.00309                          mtd8
   75   1.421   -25.83545    0.00309    0.00309   37    1     mtd4
   76   1.448   -25.83541    0.00295    0.01178   38    4     mtd5
   77   1.448   -25.83541    0.00295                          md4
   78   1.448   -25.83541    0.00295                          mtd11
   79   1.449   -25.83541    0.00294                          mtd6
   80   1.507   -25.83532    0.00267    0.00800   39    3     mtd7
   81   1.507   -25.83532    0.00267                          mtd10
   82   1.507   -25.83532    0.00267                          mtd4
   83   1.558   -25.83523    0.00245    0.00489   40    2     mtd2
   84   1.558   -25.83523    0.00245                          mtd4
   85   1.560   -25.83523    0.00244    0.00244   41    1     mtd14
   86   1.577   -25.83520    0.00237    0.00711   42    3     mtd8
   87   1.577   -25.83520    0.00237                          mtd7
   88   1.577   -25.83520    0.00237                          md5
   89   1.589   -25.83519    0.00232    0.00464   43    2     mtd4
   90   1.590   -25.83519    0.00232                          mtd7
   91   1.629   -25.83512    0.00217    0.00217   44    1     mtd2
   92   1.629   -25.83512    0.00217    0.00217   45    1     mtd12
   93   1.631   -25.83512    0.00216    0.00216   46    1     mtd8
   94   1.632   -25.83512    0.00216    0.00216   47    1     mtd7
   95   1.644   -25.83510    0.00212    0.00820   48    4     mtd8
   96   1.644   -25.83510    0.00212                          md7
   97   1.683   -25.83504    0.00198                          mtd14
   98   1.684   -25.83503    0.00198                          mtd1
   99   1.645   -25.83510    0.00211    0.00422   49    2     mtd12
  100   1.646   -25.83510    0.00211                          mtd13
  101   1.720   -25.83498    0.00186    0.00559   50    3     mtd9
  102   1.720   -25.83498    0.00186                          mtd4
  103   1.720   -25.83498    0.00186                          mtd5
  104   1.763   -25.83491    0.00173    0.00346   51    2     mtd6
  105   1.763   -25.83491    0.00173                          mtd5
  106   1.763   -25.83491    0.00173    0.00173   52    1     mtd5
  107   1.772   -25.83489    0.00171    0.00171   53    1     mtd14
  108   1.792   -25.83486    0.00165    0.00658   54    4     mtd6
  109   1.792   -25.83486    0.00165                          mtd3
  110   1.792   -25.83486    0.00165                          mtd4
  111   1.798   -25.83485    0.00163                          mtd11
  112   1.794   -25.83486    0.00165    0.00494   55    3     mtd14
  113   1.794   -25.83486    0.00165                          mtd4
  114   1.794   -25.83486    0.00165                          mtd5
  115   1.815   -25.83483    0.00159    0.00635   56    4     mtd9
  116   1.815   -25.83483    0.00159                          md5
  117   1.815   -25.83483    0.00159                          mtd8
  118   1.815   -25.83483    0.00159                          mtd1
  119   1.820   -25.83482    0.00157    0.00629   57    4     mtd10
  120   1.820   -25.83482    0.00157                          mtd7
  121   1.820   -25.83482    0.00157                          mtd12
  122   1.821   -25.83482    0.00157                          mtd2
  123   1.839   -25.83479    0.00152    0.00152   58    1     mtd11
  124   1.839   -25.83479    0.00152    0.00152   59    1     mtd5
  125   1.840   -25.83479    0.00152    0.00152   60    1     mtd3
  126   1.848   -25.83477    0.00150    0.00150   61    1     mtd10
  127   1.848   -25.83477    0.00150    0.00300   62    2     mtd14
  128   1.848   -25.83477    0.00150                          mtd11
  129   1.848   -25.83477    0.00150    0.00150   63    1     mtd14
  130   1.876   -25.83473    0.00143    0.00143   64    1     mtd14
  131   2.041   -25.83447    0.00108    0.00217   65    2     mtd10
  132   2.042   -25.83446    0.00108                          mtd6
  133   2.042   -25.83446    0.00108    0.00108   66    1     mtd3
  134   2.068   -25.83442    0.00104    0.00414   67    4     md4
  135   2.068   -25.83442    0.00104                          md8
  136   2.069   -25.83442    0.00103                          mtd1
  137   2.069   -25.83442    0.00103                          mtd9
  138   2.079   -25.83441    0.00102    0.00102   68    1     md3
  139   2.080   -25.83440    0.00102    0.00102   69    1     mtd1
  140   2.080   -25.83440    0.00102    0.00102   70    1     mtd3
  141   2.106   -25.83436    0.00097    0.00097   71    1     md8
  142   2.165   -25.83427    0.00088    0.00088   72    1     mtd2
  143   2.196   -25.83422    0.00083    0.00083   73    1     mtd4
  144   2.199   -25.83421    0.00083    0.00083   74    1     mtd8
  145   2.242   -25.83415    0.00077    0.00077   75    1     mtd2
  146   2.243   -25.83414    0.00077    0.00077   76    1     mtd13
  147   2.253   -25.83413    0.00076    0.00076   77    1     mtd11
  148   2.255   -25.83412    0.00076    0.00226   78    3     mtd1
  149   2.256   -25.83412    0.00076                          mtd6
  150   2.256   -25.83412    0.00075                          mtd11
  151   2.266   -25.83411    0.00074    0.00074   79    1     mtd11
  152   2.267   -25.83411    0.00074    0.00074   80    1     mtd6
  153   2.267   -25.83411    0.00074    0.00074   81    1     mtd9
  154   2.269   -25.83410    0.00074    0.00074   82    1     mtd9
  155   2.274   -25.83409    0.00073    0.00146   83    2     mtd6
  156   2.274   -25.83409    0.00073                          mtd7
  157   2.284   -25.83408    0.00072    0.00288   84    4     mtd11
  158   2.284   -25.83408    0.00072                          mtd1
  159   2.284   -25.83408    0.00072                          mtd5
  160   2.284   -25.83408    0.00072                          mtd6
  161   2.294   -25.83406    0.00071    0.00212   85    3     md2
  162   2.294   -25.83406    0.00071                          mtd7
  163   2.294   -25.83406    0.00071                          mtd11
  164   2.330   -25.83401    0.00067    0.00133   86    2     mtd9
  165   2.330   -25.83401    0.00067                          mtd9
  166   2.330   -25.83401    0.00067    0.00314   87    5     mtd2
  167   2.330   -25.83401    0.00067                          mtd12
  168   2.390   -25.83391    0.00060                          mtd4
  169   2.390   -25.83391    0.00060                          mtd2
  170   2.391   -25.83391    0.00060                          mtd7
  171   2.330   -25.83400    0.00067    0.00133   88    2     mtd8
  172   2.330   -25.83400    0.00067                          md1
  173   2.331   -25.83400    0.00066    0.00066   89    1     gc
  174   2.346   -25.83398    0.00065    0.00194   90    3     mtd4
  175   2.346   -25.83398    0.00065                          mtd11
  176   2.346   -25.83398    0.00065                          mtd5
  177   2.349   -25.83397    0.00064    0.00064   91    1     mtd9
  178   2.395   -25.83390    0.00060    0.00179   92    3     md4
  179   2.395   -25.83390    0.00060                          mtd11
  180   2.395   -25.83390    0.00060                          mtd14
  181   2.396   -25.83390    0.00060    0.00119   93    2     mtd7
  182   2.398   -25.83390    0.00059                          mtd1
  183   2.399   -25.83390    0.00059    0.00059   94    1     mtd12
  184   2.401   -25.83389    0.00059    0.00059   95    1     mtd6
  185   2.404   -25.83389    0.00059    0.00059   96    1     mtd4
  186   2.426   -25.83385    0.00057    0.00227   97    4     mtd4
  187   2.426   -25.83385    0.00057                          mtd7
  188   2.426   -25.83385    0.00057                          mtd4
  189   2.426   -25.83385    0.00057                          mtd2
  190   2.429   -25.83385    0.00056    0.00225   98    4     mtd3
  191   2.429   -25.83385    0.00056                          mtd14
  192   2.429   -25.83385    0.00056                          mtd14
  193   2.430   -25.83385    0.00056                          mtd1
  194   2.501   -25.83373    0.00050    0.00050   99    1     mtd7
  195   2.507   -25.83372    0.00049    0.00049  100    1     mtd10
  196   2.520   -25.83370    0.00048    0.00097  101    2     mtd7
  197   2.520   -25.83370    0.00048                          mtd10
  198   2.523   -25.83370    0.00048    0.00048  102    1     mtd13
  199   2.557   -25.83364    0.00045    0.00182  103    4     mtd5
  200   2.557   -25.83364    0.00045                          mtd8
  201   2.557   -25.83364    0.00045                          mtd10
  202   2.557   -25.83364    0.00045                          md2
  203   2.570   -25.83362    0.00044    0.00133  104    3     mtd7
  204   2.570   -25.83362    0.00044                          mtd2
  205   2.570   -25.83362    0.00044                          mtd8
  206   2.586   -25.83360    0.00043    0.00043  105    1     md8
  207   2.600   -25.83357    0.00042    0.00042  106    1     mtd5
  208   2.634   -25.83352    0.00040    0.00040  107    1     md8
  209   2.673   -25.83346    0.00037    0.00075  108    2     mtd2
  210   2.674   -25.83346    0.00037                          md8
  211   2.674   -25.83346    0.00037    0.00037  109    1     mtd13
  212   2.691   -25.83343    0.00036    0.00036  110    1     mtd1
  213   2.693   -25.83343    0.00036    0.00036  111    1     mtd6
  214   2.708   -25.83340    0.00035    0.00141  112    4     mtd14
  215   2.708   -25.83340    0.00035                          mtd4
  216   2.708   -25.83340    0.00035                          mtd2
  217   2.710   -25.83340    0.00035                          mtd2
  218   2.736   -25.83336    0.00034    0.00034  113    1     mtd4
  219   2.738   -25.83335    0.00033    0.00033  114    1     mtd3
  220   2.739   -25.83335    0.00033    0.00033  115    1     mtd4
  221   2.759   -25.83332    0.00032    0.00032  116    1     md3
  222   2.764   -25.83331    0.00032    0.00032  117    1     mtd14
  223   2.766   -25.83331    0.00032    0.00032  118    1     mtd1
  224   2.777   -25.83329    0.00031    0.00031  119    1     mtd10
  225   2.779   -25.83329    0.00031    0.00031  120    1     mtd5
  226   2.794   -25.83327    0.00030    0.00091  121    3     mtd6
  227   2.794   -25.83327    0.00030                          mtd4
  228   2.795   -25.83326    0.00030                          mtd6
  229   2.817   -25.83323    0.00029    0.00029  122    1     mtd4
  230   2.827   -25.83321    0.00029    0.00029  123    1     mtd7
  231   2.830   -25.83321    0.00029    0.00029  124    1     mtd7
  232   2.833   -25.83320    0.00029    0.00029  125    1     mtd10
  233   2.876   -25.83313    0.00026    0.00132  126    5     mtd12
  234   2.877   -25.83313    0.00026                          mtd2
  235   2.877   -25.83313    0.00026                          mtd7
  236   2.877   -25.83313    0.00026                          mtd12
  237   2.881   -25.83313    0.00026                          mtd7
  238   2.878   -25.83313    0.00026    0.00079  127    3     mtd9
  239   2.878   -25.83313    0.00026                          mtd2
  240   2.878   -25.83313    0.00026                          mtd1
  241   2.882   -25.83313    0.00026    0.00026  128    1     mtd1
  242   2.888   -25.83312    0.00026    0.00026  129    1     mtd1
  243   2.890   -25.83311    0.00026    0.00078  130    3     mtd12
  244   2.890   -25.83311    0.00026                          mtd4
  245   2.891   -25.83311    0.00026                          mtd9
  246   2.890   -25.83311    0.00026    0.00026  131    1     mtd3
  247   2.909   -25.83308    0.00025    0.00050  132    2     mtd8
  248   2.909   -25.83308    0.00025                          mtd12
  249   2.981   -25.83297    0.00022    0.00067  133    3     mtd6
  250   2.981   -25.83297    0.00022                          mtd12
  251   2.982   -25.83297    0.00022                          mtd4
  252   3.027   -25.83289    0.00021    0.00021  134    1     mtd11
  253   3.030   -25.83289    0.00020    0.00020  135    1     mtd7
  254   3.031   -25.83289    0.00020    0.00020  136    1     mtd10
  255   3.067   -25.83283    0.00019    0.00038  137    2     mtd4
  256   3.067   -25.83283    0.00019                          mtd12
  257   3.080   -25.83281    0.00019    0.00038  138    2     md3
  258   3.080   -25.83281    0.00019                          md5
  259   3.113   -25.83276    0.00018    0.00018  139    1     mtd11
  260   3.113   -25.83276    0.00018    0.00018  140    1     mtd11
  261   3.114   -25.83276    0.00018    0.00018  141    1     mtd10
  262   3.135   -25.83272    0.00017    0.00051  142    3     mtd7
  263   3.136   -25.83272    0.00017                          mtd2
  264   3.138   -25.83272    0.00017                          mtd1
  265   3.136   -25.83272    0.00017    0.00017  143    1     mtd10
  266   3.145   -25.83271    0.00017    0.00076  144    5     mtd7
  267   3.145   -25.83271    0.00017                          mtd11
  268   3.186   -25.83264    0.00016                          mtd7
  269   3.279   -25.83249    0.00013                          md5
  270   3.280   -25.83249    0.00013                          mtd7
  271   3.179   -25.83265    0.00016    0.00016  145    1     mtd4
  272   3.184   -25.83264    0.00016    0.00032  146    2     mtd7
  273   3.184   -25.83264    0.00016                          mtd14
  274   3.232   -25.83257    0.00015    0.00015  147    1     mtd9
  275   3.232   -25.83257    0.00015    0.00029  148    2     mtd11
  276   3.233   -25.83257    0.00015                          mtd14
  277   3.238   -25.83256    0.00014    0.00014  149    1     mtd11
  278   3.265   -25.83252    0.00014    0.00028  150    2     mtd7
  279   3.265   -25.83252    0.00014                          md8
  280   3.274   -25.83250    0.00014    0.00014  151    1     mtd10
  281   3.282   -25.83249    0.00013    0.00013  152    1     mtd10
  282   3.312   -25.83244    0.00013    0.00036  153    3     mtd4
  283   3.355   -25.83237    0.00012                          mtd9
  284   3.363   -25.83236    0.00012                          mtd4
  285   3.314   -25.83244    0.00013    0.00037  154    3     mtd8
  286   3.322   -25.83242    0.00012                          mtd8
  287   3.355   -25.83237    0.00012                          mtd2
  288   3.330   -25.83241    0.00012    0.00080  155    7     mtd1
  289   3.330   -25.83241    0.00012                          mtd8
  290   3.331   -25.83241    0.00012                          mtd4
  291   3.417   -25.83227    0.00011                          mtd5
  292   3.417   -25.83227    0.00011                          mtd7
  293   3.417   -25.83227    0.00011                          mtd8
  294   3.418   -25.83227    0.00011                          mtd14
  295   3.358   -25.83237    0.00012    0.00012  156    1     mtd6
  296   3.386   -25.83232    0.00011    0.00011  157    1     mtd13
  297   3.413   -25.83228    0.00011    0.00011  158    1     mtd14
  298   3.437   -25.83224    0.00010    0.00010  159    1     mtd6
  299   3.466   -25.83219    0.00010    0.00010  160    1     mtd5
  300   3.475   -25.83218    0.00010    0.00010  161    1     mtd13
  301   3.511   -25.83212    0.00009    0.00009  162    1     mtd11
  302   3.547   -25.83207    0.00009    0.00009  163    1     gc
  303   3.548   -25.83206    0.00009    0.00009  164    1     gc
  304   3.555   -25.83205    0.00008    0.00008  165    1     mtd1
  305   3.557   -25.83205    0.00008    0.00008  166    1     mtd8
  306   3.563   -25.83204    0.00008    0.00008  167    1     mtd3
  307   3.563   -25.83204    0.00008    0.00017  168    2     mtd10
  308   3.566   -25.83204    0.00008                          mtd9
  309   3.566   -25.83203    0.00008    0.00008  169    1     mtd9
  310   3.583   -25.83201    0.00008    0.00008  170    1     mtd9
  311   3.612   -25.83196    0.00008    0.00008  171    1     mtd6
  312   3.615   -25.83196    0.00008    0.00022  172    3     mtd6
  313   3.616   -25.83196    0.00008                          mtd2
  314   3.675   -25.83186    0.00007                          mtd10
  315   3.675   -25.83186    0.00007    0.00007  173    1     mtd9
  316   3.701   -25.83182    0.00007    0.00007  174    1     md2
  317   3.701   -25.83182    0.00007    0.00007  175    1     mtd9
  318   3.703   -25.83182    0.00007    0.00031  176    5     mtd6
  319   3.703   -25.83182    0.00007                          mtd7
  320   3.765   -25.83172    0.00006                          mtd10
  321   3.766   -25.83172    0.00006                          mtd13
  322   3.767   -25.83171    0.00006                          mtd7
  323   3.727   -25.83178    0.00006    0.00006  177    1     mtd9
  324   3.748   -25.83175    0.00006    0.00024  178    4     mtd4
  325   3.748   -25.83175    0.00006                          mtd3
  326   3.748   -25.83175    0.00006                          mtd3
  327   3.748   -25.83175    0.00006                          mtd6
  328   3.794   -25.83167    0.00006    0.00006  179    1     mtd4
  329   3.796   -25.83167    0.00006    0.00011  180    2     md7
  330   3.803   -25.83166    0.00006                          mtd14
  331   3.807   -25.83165    0.00006    0.00006  181    1     mtd3
  332   3.860   -25.83157    0.00005    0.00005  182    1     mtd7
  333   3.860   -25.83157    0.00005    0.00005  183    1     mtd10
  334   3.959   -25.83141    0.00004    0.00013  184    3     mtd5
  335   3.959   -25.83141    0.00004                          mtd4
  336   3.960   -25.83141    0.00004                          mtd3
  337   3.971   -25.83139    0.00004    0.00008  185    2     mtd7
  338   3.971   -25.83139    0.00004                          mtd7
  339   4.050   -25.83126    0.00004    0.00004  186    1     mtd8
  340   4.068   -25.83124    0.00004    0.00004  187    1     mtd10
  341   4.078   -25.83122    0.00003    0.00003  188    1     mtd5
  342   4.084   -25.83121    0.00003    0.00003  189    1     mtd6
  343   4.084   -25.83121    0.00003    0.00003  190    1     mtd7
  344   4.086   -25.83121    0.00003    0.00003  191    1     mtd12
  345   4.096   -25.83119    0.00003    0.00007  192    2     mtd3
  346   4.096   -25.83119    0.00003                          mtd10
  347   4.096   -25.83119    0.00003    0.00003  193    1     mtd7
  348   4.118   -25.83116    0.00003    0.00003  194    1     mtd10
  349   4.120   -25.83115    0.00003    0.00003  195    1     mtd5
  350   4.133   -25.83113    0.00003    0.00010  196    3     mtd2
  351   4.135   -25.83113    0.00003                          mtd6
  352   4.136   -25.83113    0.00003                          mtd5
  353   4.314   -25.83084    0.00002    0.00002  197    1     mtd14
  354   4.319   -25.83084    0.00002    0.00002  198    1     mtd12
  355   4.343   -25.83080    0.00002    0.00002  199    1     mtd7
  356   4.350   -25.83079    0.00002    0.00007  200    3     mtd9
  357   4.351   -25.83078    0.00002                          mtd7
  358   4.351   -25.83078    0.00002                          mtd3
  359   4.353   -25.83078    0.00002    0.00002  201    1     mtd7
  360   4.578   -25.83042    0.00002    0.00002  202    1     mtd4
  361   4.678   -25.83026    0.00001    0.00001  203    1     mtd10
  362   4.684   -25.83025    0.00001    0.00001  204    1     mtd10
  363   4.684   -25.83025    0.00001    0.00001  205    1     mtd3
  364   4.737   -25.83017    0.00001    0.00001  206    1     mtd4
  365   4.742   -25.83016    0.00001    0.00001  207    1     mtd14
  366   4.775   -25.83011    0.00001    0.00001  208    1     mtd6
  367   4.883   -25.82994    0.00001    0.00001  209    1     mtd5
  368   5.021   -25.82972    0.00001    0.00001  210    1     mtd14
  369   5.099   -25.82959    0.00001    0.00001  211    1     mtd6
  370   5.139   -25.82953    0.00001    0.00001  212    1     mtd13
  371   5.182   -25.82946    0.00001    0.00001  213    1     mtd10
  372   5.242   -25.82937    0.00000    0.00000  214    1     mtd3
  373   5.250   -25.82935    0.00000    0.00000  215    1     mtd11
  374   5.291   -25.82929    0.00000    0.00000  216    1     mtd10
  375   5.462   -25.82901    0.00000    0.00000  217    1     mtd10
  376   5.542   -25.82889    0.00000    0.00000  218    1     gc
T /K                                  :   298.15
E lowest                              :   -25.83772
ensemble average energy (kcal)        :    0.786
ensemble entropy (J/mol K, cal/mol K) :   39.172    9.362
ensemble free energy (kcal/mol)       :   -2.791
population of lowest in %             :    6.773
 number of unique conformers for further calc          218
 list of relative energies saved as "crest.energies"
 Normal termination.
 
 -----------------
 Wall Time Summary
 -----------------
             test MD wall time :         0h : 0m : 1s
                 MTD wall time :         0h : 0m :54s
      multilevel OPT wall time :         0h : 3m :27s
                  MD wall time :         0h : 0m :48s
                  GC wall time :         0h : 0m :10s
--------------------
Overall wall time  : 0h : 5m :43s
 
 CREST terminated normally.
