 
       ==============================================
       |                                            |
       |                 C R E S T                  |
       |                                            |
       |  Conformer-Rotamer Ensemble Sampling Tool  |
       |       based on the GFNn-xTB methods        |
       |             P.Pracht, S.Grimme             |
       |          Universitaet Bonn, MCTC           |
       ==============================================
       Version 2.10.2, Tue 9. Jun 13:32:10 CEST 2020
       Using the xTB program.
       Compatible with XTB version 6.1 and later.
 
   Cite work conducted with this code as

   P. Pracht, F. Bohle, S. Grimme, PCCP, 2020, 22, 7169-7192.

   and

   S. Grimme, JCTC, 2019, 15, 2847-2862.
 
   This program is distributed in the hope that it will be useful,
   but WITHOUT ANY WARRANTY; without even the implied warranty of
   MERCHANTABILITY or FITNESS FOR A PARTICULAR PURPOSE.

 Command line input:
 > crest OPT.xyz -opt vtight -T 8

  -opt 2
  -T 8 (CPUs/Threads selected)
-------------------------
Starting z-matrix sorting
-------------------------
 total number of atoms :          19
 total number of frags :           1
 Fragment            1
   1  C     0.000000      0.0000      0.0000     0    0    0
   2  C     2.916916      0.0000      0.0000     1    0    0
   3  H     2.099674    110.9111      0.0000     2    1    0
   4  H     2.099687    110.9088   -240.3257     2    1    3
   5  H     2.100232    110.5978   -120.1664     2    1    3
   6  C     2.917364    109.5101    -59.8355     1    2    3
   7  H     2.098969    111.0344    -59.6823     6    1    2
   8  H     2.099011    111.0238   -240.6083     6    1    7
   9  H     2.100236    110.5385   -120.3104     6    1    7
  10  C     2.929215    109.7942   -120.4362     1    6    2
  11  O     2.654999    111.6970   -298.3735    10    1    6
  12  H     1.875698    107.1519    -93.0711    11   10    1
  13  H     2.100654    107.8365   -121.0950    10   11    1
  14  H     2.108807    110.3632   -115.3109    10   11   13
  15  C     2.929429    108.4395   -240.0328     1   10    6
  16  O     2.654740    111.7082   -181.6642    15    1   10
  17  H     1.875702    107.1488   -267.3655    16   15    1
  18  H     2.100683    107.8332   -238.9177    15   16    1
  19  H     2.108791    110.3578   -244.6979    15   16   18
 terminated normally
 
 -------------------------
 xTB Geometry Optimization
 -------------------------
 Geometry successfully optimized.
 
------------------------------------------------
Generating MTD length from a flexibility measure
------------------------------------------------
 Calculating WBOs... done.
 flexibility measure :   0.706
 t(MTD) / ps    :     5.0
 Σ(t(MTD)) / ps :    60.0 (+    10.0)
 
-------------------------------------
Starting a trial MTD to test settings
-------------------------------------
 Estimated runtime for one MTD (5.0 ps) on a single thread: 1 min 8 sec
 Estimated runtime for a batch of 14 MTDs on 8 threads: 2 min 15 sec
 
 list of Vbias parameters applied:
$metadyn    0.00300   1.300
$metadyn    0.00150   1.300
$metadyn    0.00075   1.300
$metadyn    0.00300   0.780
$metadyn    0.00150   0.780
$metadyn    0.00075   0.780
$metadyn    0.00300   0.468
$metadyn    0.00150   0.468
$metadyn    0.00075   0.468
$metadyn    0.00300   0.281
$metadyn    0.00150   0.281
$metadyn    0.00075   0.281
$metadyn    0.00100   0.100
$metadyn    0.00500   0.800
 
*******************************************************************************************
**                        N E W    I T E R A T I O N    C Y C L E                        **
*******************************************************************************************
 
========================================
            MTD Iteration  1
========================================
 
     ========================================
     |         Meta-MD (MTD) Sampling       |
     ========================================
 
Starting Meta-MD   1 with the settings:
     MD time /ps        :     5.0
     dt /fs             :     5.0
     dumpstep(trj) /fs  :     100
     dumpstep(Vbias)/ps :     1.0
     Vbias prefactor(k) :  0.0570
     Vbias exponent(α)  :    1.30
Starting Meta-MD   2 with the settings:
     MD time /ps        :     5.0
     dt /fs             :     5.0
     dumpstep(trj) /fs  :     100
     dumpstep(Vbias)/ps :     1.0
     Vbias prefactor(k) :  0.0285
     Vbias exponent(α)  :    1.30
Starting Meta-MD   3 with the settings:
     MD time /ps        :     5.0
     dt /fs             :     5.0
     dumpstep(trj) /fs  :     100
     dumpstep(Vbias)/ps :     1.0
     Vbias prefactor(k) :  0.0143
     Vbias exponent(α)  :    1.30
Starting Meta-MD   4 with the settings:
     MD time /ps        :     5.0
     dt /fs             :     5.0
     dumpstep(trj) /fs  :     100
     dumpstep(Vbias)/ps :     1.0
     Vbias prefactor(k) :  0.0570
     Vbias exponent(α)  :    0.78
Starting Meta-MD   5 with the settings:
     MD time /ps        :     5.0
     dt /fs             :     5.0
     dumpstep(trj) /fs  :     100
     dumpstep(Vbias)/ps :     1.0
     Vbias prefactor(k) :  0.0285
     Vbias exponent(α)  :    0.78
Starting Meta-MD   6 with the settings:
     MD time /ps        :     5.0
     dt /fs             :     5.0
     dumpstep(trj) /fs  :     100
     dumpstep(Vbias)/ps :     1.0
     Vbias prefactor(k) :  0.0143
     Vbias exponent(α)  :    0.78
Starting Meta-MD   7 with the settings:
     MD time /ps        :     5.0
     dt /fs             :     5.0
     dumpstep(trj) /fs  :     100
     dumpstep(Vbias)/ps :     1.0
     Vbias prefactor(k) :  0.0570
     Vbias exponent(α)  :    0.47
Starting Meta-MD  14 with the settings:
     MD time /ps        :     5.0
     dt /fs             :     5.0
     dumpstep(trj) /fs  :     100
     dumpstep(Vbias)/ps :     1.0
     Vbias prefactor(k) :  0.0950
     Vbias exponent(α)  :    0.80
*Meta-MD 2 finished*
Starting Meta-MD   8 with the settings:
     MD time /ps        :     5.0
     dt /fs             :     5.0
     dumpstep(trj) /fs  :     100
     dumpstep(Vbias)/ps :     1.0
     Vbias prefactor(k) :  0.0285
     Vbias exponent(α)  :    0.47
*Meta-MD 4 finished*
*Meta-MD 7 finished*
Starting Meta-MD   9 with the settings:
     MD time /ps        :     5.0
     dt /fs             :     5.0
     dumpstep(trj) /fs  :     100
     dumpstep(Vbias)/ps :     1.0
     Vbias prefactor(k) :  0.0143
     Vbias exponent(α)  :    0.47
Starting Meta-MD  10 with the settings:
     MD time /ps        :     5.0
     dt /fs             :     5.0
     dumpstep(trj) /fs  :     100
     dumpstep(Vbias)/ps :     1.0
     Vbias prefactor(k) :  0.0570
     Vbias exponent(α)  :    0.28
*Meta-MD 3 finished*
Starting Meta-MD  11 with the settings:
     MD time /ps        :     5.0
     dt /fs             :     5.0
     dumpstep(trj) /fs  :     100
     dumpstep(Vbias)/ps :     1.0
     Vbias prefactor(k) :  0.0285
     Vbias exponent(α)  :    0.28
*Meta-MD 6 finished*
Starting Meta-MD  12 with the settings:
     MD time /ps        :     5.0
     dt /fs             :     5.0
     dumpstep(trj) /fs  :     100
     dumpstep(Vbias)/ps :     1.0
     Vbias prefactor(k) :  0.0143
     Vbias exponent(α)  :    0.28
*Meta-MD 1 finished*
Starting Meta-MD  13 with the settings:
     MD time /ps        :     5.0
     dt /fs             :     5.0
     dumpstep(trj) /fs  :     100
     dumpstep(Vbias)/ps :     1.0
     Vbias prefactor(k) :  0.0190
     Vbias exponent(α)  :    0.10
*Meta-MD 14 finished*
*Meta-MD 5 finished*
*Meta-MD 8 finished*
*Meta-MD 10 finished*
*Meta-MD 11 finished*
*Meta-MD 12 finished*
*Meta-MD 9 finished*
*Meta-MD 13 finished*
 
-----------------------
Multilevel Optimization
-----------------------
 
 -------------------------
 1. crude pre-optimization
 -------------------------
 writing TMPCONF* Dirs from file "crest_rotamers_0.xyz" ... done.
 Starting optimization of generated structures
 686 jobs to do.
 1 2 3 4 5 6 7 8 9 10 11 12 13 14 15 16 17 18 19 20 21 22 23 24 25 26 27 28 29 30 31 32 33 34 35 36 37 38 39 40 41 42 43 44 45 46 47 48 49 50 51 52 53 54 55 56 57 58 59 60 61 62 63 64 65 66 67 68 69 70 71 72 73 74 75 76 77 78 79 80 81 82 83 84 85 86 87 88 89 90 91 92 93 94 95 96 97 98 99 100 101 102 103 104 105 106 107 108 109 110 111 112 113 114 115 116 117 118 119 120 121 122 123 124 125 126 127 128 129 130 131 132 133 134 135 136 137 138 139 140 141 142 143 144 145 146 147 148 149 150 151 152 153 154 155 156 157 158 159 160 161 162 163 164 165 166 167 168 169 170 171 172 173 174 175 176 177 178 179 180 181 182 183 184 185 186 187 188 189 190 191 192 193 194 195 196 197 198 199 200 201 202 203 204 205 206 207 208 209 210 211 212 213 214 215 216 217 218 219 220 221 222 223 224 225 226 227 228 229 230 231 232 233 234 235 236 237 238 239 240 241 242 243 244 245 246 247 248 249 250 251 252 253 254 255 256 257 258 259 260 261 262 263 264 265 266 267 268 269 270 271 272 273 274 275 276 277 278 279 280 281 282 283 284 285 286 287 288 289 290 291 292 293 294 295 296 297 298 299 300 301 302 303 304 305 306 307 308 309 310 311 312 313 314 315 316 317 318 319 320 321 322 323 324 325 326 327 328 329 330 331 332 333 334 335 336 337 338 339 340 341 342 343 344 345 346 347 348 349 350 351 352 353 354 355 356 357 358 359 360 361 362 363 364 365 366 367 368 369 370 371 372 373 374 375 376 377 378 379 380 381 382 383 384 385 386 387 388 389 390 391 392 393 394 395 396 397 398 399 400 401 402 403 404 405 406 407 408 409 410 411 412 413 414 415 416 417 418 419 420 421 422 423 424 425 426 427 428 429 430 431 432 433 434 435 436 437 438 439 440 441 442 443 444 445 446 447 448 449 450 451 452 453 454 455 456 457 458 459 460 461 462 463 464 465 466 467 468 469 470 471 472 473 474 475 476 477 478 479 480 481 482 483 484 485 486 487 488 489 490 491 492 493 494 495 496 497 498 499 500 501 502 503 504 505 506 507 508 509 510 511 512 513 514 515 516 517 518 519 520 521 522 523 524 525 526 527 528 529 530 531 532 533 534 535 536 537 538 539 540 541 542 543 544 545 546 547 548 549 550 551 552 553 554 555 556 557 558 559 560 561 562 563 564 565 566 567 568 569 570 571 572 573 574 575 576 577 578 579 580 581 582 583 584 585 586 587 588 589 590 591 592 593 594 595 596 597 598 599 600 601 602 603 604 605 606 607 608 609 610 611 612 613 614 615 616 617 618 619 620 621 622 623 624 625 626 627 628 629 630 631 632 633 634 635 636 637 638 639 640 641 642 643 644 645 646 647 648 649 650 651 652 653 654 655 656 657 658 659 660 661 662 663 664 665 666 667 668 669 670 671 672 673 674 675 676 677 678 679 680 681 682 683 684 685 686 
 done.
 Now appending opt.xyz file with new structures
 running RMSDs...
 done.
 E lowest :   -24.95335
 524 structures remain within    12.00 kcal/mol window
 
 -------------------------------------
 2. optimization with tight thresholds
 -------------------------------------
 writing TMPCONF* Dirs from file "crest_rotamers_1.xyz" ... done.
 Starting optimization of generated structures
 525 jobs to do.
 1 2 3 4 5 6 7 8 9 10 11 12 13 14 15 16 17 18 19 20 21 22 23 24 25 26 27 28 29 30 31 32 33 34 35 36 37 38 39 40 41 42 43 44 45 46 47 48 49 50 51 52 53 54 55 56 57 58 59 60 61 62 63 64 65 66 67 68 69 70 71 72 73 74 75 76 77 78 79 80 81 82 83 84 85 86 87 88 89 90 91 92 93 94 95 96 97 98 99 100 101 102 103 104 105 106 107 108 109 110 111 112 113 114 115 116 117 118 119 120 121 122 123 124 125 126 127 128 129 130 131 132 133 134 135 136 137 138 139 140 141 142 143 144 145 146 147 148 149 150 151 152 153 154 155 156 157 158 159 160 161 162 163 164 165 166 167 168 169 170 171 172 173 174 175 176 177 178 179 180 181 182 183 184 185 186 187 188 189 190 191 192 193 194 195 196 197 198 199 200 201 202 203 204 205 206 207 208 209 210 211 212 213 214 215 216 217 218 219 220 221 222 223 224 225 226 227 228 229 230 231 232 233 234 235 236 237 238 239 240 241 242 243 244 245 246 247 248 249 250 251 252 253 254 255 256 257 258 259 260 261 262 263 264 265 266 267 268 269 270 271 272 273 274 275 276 277 278 279 280 281 282 283 284 285 286 287 288 289 290 291 292 293 294 295 296 297 298 299 300 301 302 303 304 305 306 307 308 309 310 311 312 313 314 315 316 317 318 319 320 321 322 323 324 325 326 327 328 329 330 331 332 333 334 335 336 337 338 339 340 341 342 343 344 345 346 347 348 349 350 351 352 353 354 355 356 357 358 359 360 361 362 363 364 365 366 367 368 369 370 371 372 373 374 375 376 377 378 379 380 381 382 383 384 385 386 387 388 389 390 391 392 393 394 395 396 397 398 399 400 401 402 403 404 405 406 407 408 409 410 411 412 413 414 415 416 417 418 419 420 421 422 423 424 425 426 427 428 429 430 431 432 433 434 435 436 437 438 439 440 441 442 443 444 445 446 447 448 449 450 451 452 453 454 455 456 457 458 459 460 461 462 463 464 465 466 467 468 469 470 471 472 473 474 475 476 477 478 479 480 481 482 483 484 485 486 487 488 489 490 491 492 493 494 495 496 497 498 499 500 501 502 503 504 505 506 507 508 509 510 511 512 513 514 515 516 517 518 519 520 521 522 523 524 525 
 done.
 Now appending opt.xyz file with new structures
 running RMSDs...
 done.
 E lowest :   -24.95344
 272 structures remain within     6.00 kcal/mol window
 
 
========================================
            MTD Iteration  2
========================================
 
     ========================================
     |         Meta-MD (MTD) Sampling       |
     ========================================
 
Starting Meta-MD   1 with the settings:
     MD time /ps        :     5.0
     dt /fs             :     5.0
     dumpstep(trj) /fs  :     100
     dumpstep(Vbias)/ps :     1.0
     Vbias prefactor(k) :  0.0570
     Vbias exponent(α)  :    1.30
Starting Meta-MD   2 with the settings:
     MD time /ps        :     5.0
     dt /fs             :     5.0
     dumpstep(trj) /fs  :     100
     dumpstep(Vbias)/ps :     1.0
     Vbias prefactor(k) :  0.0285
     Vbias exponent(α)  :    1.30
Starting Meta-MD   3 with the settings:
     MD time /ps        :     5.0
     dt /fs             :     5.0
     dumpstep(trj) /fs  :     100
     dumpstep(Vbias)/ps :     1.0
     Vbias prefactor(k) :  0.0143
     Vbias exponent(α)  :    1.30
Starting Meta-MD   4 with the settings:
     MD time /ps        :     5.0
     dt /fs             :     5.0
     dumpstep(trj) /fs  :     100
     dumpstep(Vbias)/ps :     1.0
     Vbias prefactor(k) :  0.0570
     Vbias exponent(α)  :    0.78
Starting Meta-MD   5 with the settings:
     MD time /ps        :     5.0
     dt /fs             :     5.0
     dumpstep(trj) /fs  :     100
     dumpstep(Vbias)/ps :     1.0
     Vbias prefactor(k) :  0.0285
     Vbias exponent(α)  :    0.78
Starting Meta-MD  12 with the settings:
     MD time /ps        :     5.0
     dt /fs             :     5.0
     dumpstep(trj) /fs  :     100
     dumpstep(Vbias)/ps :     1.0
     Vbias prefactor(k) :  0.0143
     Vbias exponent(α)  :    0.28
Starting Meta-MD   6 with the settings:
     MD time /ps        :     5.0
     dt /fs             :     5.0
     dumpstep(trj) /fs  :     100
     dumpstep(Vbias)/ps :     1.0
     Vbias prefactor(k) :  0.0143
     Vbias exponent(α)  :    0.78
Starting Meta-MD   7 with the settings:
     MD time /ps        :     5.0
     dt /fs             :     5.0
     dumpstep(trj) /fs  :     100
     dumpstep(Vbias)/ps :     1.0
     Vbias prefactor(k) :  0.0570
     Vbias exponent(α)  :    0.47
*Meta-MD 5 finished*
Starting Meta-MD   8 with the settings:
     MD time /ps        :     5.0
     dt /fs             :     5.0
     dumpstep(trj) /fs  :     100
     dumpstep(Vbias)/ps :     1.0
     Vbias prefactor(k) :  0.0285
     Vbias exponent(α)  :    0.47
*Meta-MD 2 finished*
Starting Meta-MD   9 with the settings:
     MD time /ps        :     5.0
     dt /fs             :     5.0
     dumpstep(trj) /fs  :     100
     dumpstep(Vbias)/ps :     1.0
     Vbias prefactor(k) :  0.0143
     Vbias exponent(α)  :    0.47
*Meta-MD 12 finished*
Starting Meta-MD  11 with the settings:
     MD time /ps        :     5.0
     dt /fs             :     5.0
     dumpstep(trj) /fs  :     100
     dumpstep(Vbias)/ps :     1.0
     Vbias prefactor(k) :  0.0285
     Vbias exponent(α)  :    0.28
*Meta-MD 1 finished*
Starting Meta-MD  10 with the settings:
     MD time /ps        :     5.0
     dt /fs             :     5.0
     dumpstep(trj) /fs  :     100
     dumpstep(Vbias)/ps :     1.0
     Vbias prefactor(k) :  0.0570
     Vbias exponent(α)  :    0.28
*Meta-MD 3 finished*
*Meta-MD 6 finished*
*Meta-MD 4 finished*
*Meta-MD 7 finished*
*Meta-MD 11 finished*
*Meta-MD 10 finished*
*Meta-MD 8 finished*
*Meta-MD 9 finished*
 
-----------------------
Multilevel Optimization
-----------------------
 
 -------------------------
 1. crude pre-optimization
 -------------------------
 writing TMPCONF* Dirs from file "crest_rotamers_0.xyz" ... done.
 Starting optimization of generated structures
 588 jobs to do.
 1 2 3 4 5 6 7 8 9 10 11 12 13 14 15 16 17 18 19 20 21 22 23 24 25 26 27 28 29 30 31 32 33 34 35 36 37 38 39 40 41 42 43 44 45 46 47 48 49 50 51 52 53 54 55 56 57 58 59 60 61 62 63 64 65 66 67 68 69 70 71 72 73 74 75 76 77 78 79 80 81 82 83 84 85 86 87 88 89 90 91 92 93 94 95 96 97 98 99 100 101 102 103 104 105 106 107 108 109 110 111 112 113 114 115 116 117 118 119 120 121 122 123 124 125 126 127 128 129 130 131 132 133 134 135 136 137 138 139 140 141 142 143 144 145 146 147 148 149 150 151 152 153 154 155 156 157 158 159 160 161 162 163 164 165 166 167 168 169 170 171 172 173 174 175 176 177 178 179 180 181 182 183 184 185 186 187 188 189 190 191 192 193 194 195 196 197 198 199 200 201 202 203 204 205 206 207 208 209 210 211 212 213 214 215 216 217 218 219 220 221 222 223 224 225 226 227 228 229 230 231 232 233 234 235 236 237 238 239 240 241 242 243 244 245 246 247 248 249 250 251 252 253 254 255 256 257 258 259 260 261 262 263 264 265 266 267 268 269 270 271 272 273 274 275 276 277 278 279 280 281 282 283 284 285 286 287 288 289 290 291 292 293 294 295 296 297 298 299 300 301 302 303 304 305 306 307 308 309 310 311 312 313 314 315 316 317 318 319 320 321 322 323 324 325 326 327 328 329 330 331 332 333 334 335 336 337 338 339 340 341 342 343 344 345 346 347 348 349 350 351 352 353 354 355 356 357 358 359 360 361 362 363 364 365 366 367 368 369 370 371 372 373 374 375 376 377 378 379 380 381 382 383 384 385 386 387 388 389 390 391 392 393 394 395 396 397 398 399 400 401 402 403 404 405 406 407 408 409 410 411 412 413 414 415 416 417 418 419 420 421 422 423 424 425 426 427 428 429 430 431 432 433 434 435 436 437 438 439 440 441 442 443 444 445 446 447 448 449 450 451 452 453 454 455 456 457 458 459 460 461 462 463 464 465 466 467 468 469 470 471 472 473 474 475 476 477 478 479 480 481 482 483 484 485 486 487 488 489 490 491 492 493 494 495 496 497 498 499 500 501 502 503 504 505 506 507 508 509 510 511 512 513 514 515 516 517 518 519 520 521 522 523 524 525 526 527 528 529 530 531 532 533 534 535 536 537 538 539 540 541 542 543 544 545 546 547 548 549 550 551 552 553 554 555 556 557 558 559 560 561 562 563 564 565 566 567 568 569 570 571 572 573 574 575 576 577 578 579 580 581 582 583 584 585 586 587 588 
 done.
 Now appending opt.xyz file with new structures
 running RMSDs...
 done.
 E lowest :   -24.95336
 415 structures remain within    12.00 kcal/mol window
 
 -------------------------------------
 2. optimization with tight thresholds
 -------------------------------------
 writing TMPCONF* Dirs from file "crest_rotamers_1.xyz" ... done.
 Starting optimization of generated structures
 416 jobs to do.
 1 2 3 4 5 6 7 8 9 10 11 12 13 14 15 16 17 18 19 20 21 22 23 24 25 26 27 28 29 30 31 32 33 34 35 36 37 38 39 40 41 42 43 44 45 46 47 48 49 50 51 52 53 54 55 56 57 58 59 60 61 62 63 64 65 66 67 68 69 70 71 72 73 74 75 76 77 78 79 80 81 82 83 84 85 86 87 88 89 90 91 92 93 94 95 96 97 98 99 100 101 102 103 104 105 106 107 108 109 110 111 112 113 114 115 116 117 118 119 120 121 122 123 124 125 126 127 128 129 130 131 132 133 134 135 136 137 138 139 140 141 142 143 144 145 146 147 148 149 150 151 152 153 154 155 156 157 158 159 160 161 162 163 164 165 166 167 168 169 170 171 172 173 174 175 176 177 178 179 180 181 182 183 184 185 186 187 188 189 190 191 192 193 194 195 196 197 198 199 200 201 202 203 204 205 206 207 208 209 210 211 212 213 214 215 216 217 218 219 220 221 222 223 224 225 226 227 228 229 230 231 232 233 234 235 236 237 238 239 240 241 242 243 244 245 246 247 248 249 250 251 252 253 254 255 256 257 258 259 260 261 262 263 264 265 266 267 268 269 270 271 272 273 274 275 276 277 278 279 280 281 282 283 284 285 286 287 288 289 290 291 292 293 294 295 296 297 298 299 300 301 302 303 304 305 306 307 308 309 310 311 312 313 314 315 316 317 318 319 320 321 322 323 324 325 326 327 328 329 330 331 332 333 334 335 336 337 338 339 340 341 342 343 344 345 346 347 348 349 350 351 352 353 354 355 356 357 358 359 360 361 362 363 364 365 366 367 368 369 370 371 372 373 374 375 376 377 378 379 380 381 382 383 384 385 386 387 388 389 390 391 392 393 394 395 396 397 398 399 400 401 402 403 404 405 406 407 408 409 410 411 412 413 414 415 416 
 done.
 Now appending opt.xyz file with new structures
 running RMSDs...
 done.
 E lowest :   -24.95344
 209 structures remain within     6.00 kcal/mol window
 
========================================
            MTD Iterations done         
========================================
 Collecting ensmbles.
 running RMSDs...
 done.
 E lowest :   -24.95344
 375 structures remain within     6.00 kcal/mol window
 
-----------------------------------------------
Additional regular MDs on lowest 4 conformer(s)
-----------------------------------------------
Starting MD   1 with the settings:
     MD time /ps        :     2.5
     MD Temperature /K  :   400.0
     dt /fs             :     5.0
     dumpstep(trj) /fs  :     100
Starting MD   8 with the settings:
     MD time /ps        :     2.5
     MD Temperature /K  :   500.0
     dt /fs             :     5.0
     dumpstep(trj) /fs  :     100
Starting MD   2 with the settings:
     MD time /ps        :     2.5
     MD Temperature /K  :   500.0
     dt /fs             :     5.0
     dumpstep(trj) /fs  :     100
Starting MD   3 with the settings:
     MD time /ps        :     2.5
     MD Temperature /K  :   400.0
     dt /fs             :     5.0
     dumpstep(trj) /fs  :     100
Starting MD   4 with the settings:
     MD time /ps        :     2.5
     MD Temperature /K  :   500.0
     dt /fs             :     5.0
     dumpstep(trj) /fs  :     100
Starting MD   5 with the settings:
     MD time /ps        :     2.5
     MD Temperature /K  :   400.0
     dt /fs             :     5.0
     dumpstep(trj) /fs  :     100
Starting MD   7 with the settings:
     MD time /ps        :     2.5
     MD Temperature /K  :   400.0
     dt /fs             :     5.0
     dumpstep(trj) /fs  :     100
Starting MD   6 with the settings:
     MD time /ps        :     2.5
     MD Temperature /K  :   500.0
     dt /fs             :     5.0
     dumpstep(trj) /fs  :     100
*MD 8 finished*
*MD 6 finished*
*MD 3 finished*
*MD 5 finished*
*MD 1 finished*
*MD 2 finished*
*MD 4 finished*
*MD 7 finished*
 Appending file crest_rotamers_1.xyz with new structures
 
 -------------------------------------------
 Ensemble optimization with tight thresholds
 -------------------------------------------
 writing TMPCONF* Dirs from file "crest_rotamers_1.xyz" ... done.
 Starting optimization of generated structures
 567 jobs to do.
 1 2 3 4 5 6 7 8 9 10 11 12 13 14 15 16 17 18 19 20 21 22 23 24 25 26 27 28 29 30 31 32 33 34 35 36 37 38 39 40 41 42 43 44 45 46 47 48 49 50 51 52 53 54 55 56 57 58 59 60 61 62 63 64 65 66 67 68 69 70 71 72 73 74 75 76 77 78 79 80 81 82 83 84 85 86 87 88 89 90 91 92 93 94 95 96 97 98 99 100 101 102 103 104 105 106 107 108 109 110 111 112 113 114 115 116 117 118 119 120 121 122 123 124 125 126 127 128 129 130 131 132 133 134 135 136 137 138 139 140 141 142 143 144 145 146 147 148 149 150 151 152 153 154 155 156 157 158 159 160 161 162 163 164 165 166 167 168 169 170 171 172 173 174 175 176 177 178 179 180 181 182 183 184 185 186 187 188 189 190 191 192 193 194 195 196 197 198 199 200 201 202 203 204 205 206 207 208 209 210 211 212 213 214 215 216 217 218 219 220 221 222 223 224 225 226 227 228 229 230 231 232 233 234 235 236 237 238 239 240 241 242 243 244 245 246 247 248 249 250 251 252 253 254 255 256 257 258 259 260 261 262 263 264 265 266 267 268 269 270 271 272 273 274 275 276 277 278 279 280 281 282 283 284 285 286 287 288 289 290 291 292 293 294 295 296 297 298 299 300 301 302 303 304 305 306 307 308 309 310 311 312 313 314 315 316 317 318 319 320 321 322 323 324 325 326 327 328 329 330 331 332 333 334 335 336 337 338 339 340 341 342 343 344 345 346 347 348 349 350 351 352 353 354 355 356 357 358 359 360 361 362 363 364 365 366 367 368 369 370 371 372 373 374 375 376 377 378 379 380 381 382 383 384 385 386 387 388 389 390 391 392 393 394 395 396 397 398 399 400 401 402 403 404 405 406 407 408 409 410 411 412 413 414 415 416 417 418 419 420 421 422 423 424 425 426 427 428 429 430 431 432 433 434 435 436 437 438 439 440 441 442 443 444 445 446 447 448 449 450 451 452 453 454 455 456 457 458 459 460 461 462 463 464 465 466 467 468 469 470 471 472 473 474 475 476 477 478 479 480 481 482 483 484 485 486 487 488 489 490 491 492 493 494 495 496 497 498 499 500 501 502 503 504 505 506 507 508 509 510 511 512 513 514 515 516 517 518 519 520 521 522 523 524 525 526 527 528 529 530 531 532 533 534 535 536 537 538 539 540 541 542 543 544 545 546 547 548 549 550 551 552 553 554 555 556 557 558 559 560 561 562 563 564 565 566 567 
 done.
 Now appending opt.xyz file with new structures
 running RMSDs...
 done.
 E lowest :   -24.95344
 386 structures remain within     6.00 kcal/mol window
 
 
     ========================================
     |        Structure Crossing (GC)       |
     ========================================
 =============================
  # threads =           8
 =============================
 input  file name : crest_rotamers_3.xyz
number of atoms                :    19
number of points on xyz files  :   386
conformer energy window  /kcal :    6.00
CN per atom difference cut-off :  0.3000
RMSD threshold                 :  0.2500
max. # of generated structures : 250
 reading xyz file ...
 # in E window                386
 generating pairs ...       74690
   6.7 % done
  26.4 % done
  46.4 % done
 generated pairs           :       74305
 number of clash discarded :           0
 average rmsd w.r.t input  : 2.62429
 sd of ensemble            : 0.52071
 number of new structures      :          14
 removed identical structures  :         486
 writing           14  TMPCONF* dirs ...
 --------------------------
 GC: loose pre-optimization
 --------------------------
 Starting optimization of generated structures
 14 jobs to do.
 1 2 3 4 5 6 7 8 9 10 11 12 13 14 
 done.
 Now appending opt.xyz file with new structures
 running RMSDs...
 done.
 E lowest :   -24.95342
 11 structures remain within    10.00 kcal/mol window
 --------------------------------------
 GC: optimization with tight thresholds
 --------------------------------------
 writing TMPCONF* Dirs from file "crest_rotamers_1.xyz" ... done.
 Starting optimization of generated structures
 11 jobs to do.
 1 2 3 4 5 6 7 8 9 10 11 
 done.
 Now appending opt.xyz file with new structures
 running RMSDs...
 done.
 E lowest :   -24.95344
 
 
   ================================================
   |           Final Geometry Optimization        |
   ================================================
 ---------------------
 Ensemble optimization
 ---------------------
 writing TMPCONF* Dirs from file "crest_rotamers_4.xyz" ... done.
 Starting optimization of generated structures
 387 jobs to do.
 1 2 3 4 5 6 7 8 9 10 11 12 13 14 15 16 17 18 19 20 21 22 23 24 25 26 27 28 29 30 31 32 33 34 35 36 37 38 39 40 41 42 43 44 45 46 47 48 49 50 51 52 53 54 55 56 57 58 59 60 61 62 63 64 65 66 67 68 69 70 71 72 73 74 75 76 77 78 79 80 81 82 83 84 85 86 87 88 89 90 91 92 93 94 95 96 97 98 99 100 101 102 103 104 105 106 107 108 109 110 111 112 113 114 115 116 117 118 119 120 121 122 123 124 125 126 127 128 129 130 131 132 133 134 135 136 137 138 139 140 141 142 143 144 145 146 147 148 149 150 151 152 153 154 155 156 157 158 159 160 161 162 163 164 165 166 167 168 169 170 171 172 173 174 175 176 177 178 179 180 181 182 183 184 185 186 187 188 189 190 191 192 193 194 195 196 197 198 199 200 201 202 203 204 205 206 207 208 209 210 211 212 213 214 215 216 217 218 219 220 221 222 223 224 225 226 227 228 229 230 231 232 233 234 235 236 237 238 239 240 241 242 243 244 245 246 247 248 249 250 251 252 253 254 255 256 257 258 259 260 261 262 263 264 265 266 267 268 269 270 271 272 273 274 275 276 277 278 279 280 281 282 283 284 285 286 287 288 289 290 291 292 293 294 295 296 297 298 299 300 301 302 303 304 305 306 307 308 309 310 311 312 313 314 315 316 317 318 319 320 321 322 323 324 325 326 327 328 329 330 331 332 333 334 335 336 337 338 339 340 341 342 343 344 345 346 347 348 349 350 351 352 353 354 355 356 357 358 359 360 361 362 363 364 365 366 367 368 369 370 371 372 373 374 375 376 377 378 379 380 381 382 383 384 385 386 387 
 done.
 Now appending opt.xyz file with new structures
 running RMSDs...
 done.
 E lowest :   -24.95344
 387 structures remain within     6.00 kcal/mol window
 
-------------------------------------
CREGEN - CONFORMER SYMMETRY ANALYSIS
-------------------------------------
 =============================
  # threads =           8
 =============================
 input  file name : crest_rotamers_5.xyz
 output file name : crest_rotamers_6.xyz
 number of atoms                :    19
 number of points on xyz files  :   387
 RMSD threshold                 :   0.1250
 Bconst threshold               :  15.0000
 population threshold           :   0.0500
 conformer energy window  /kcal :   6.0000
 # fragment in coord            :     1
 number of reliable points      :   387
 reference state Etot :  -24.9534415275000
 number of doubles removed by rot/RMSD         :           0
 total number unique points considered further :         387
   Erel/kcal     Etot      weight/tot conformer  set degen    origin
    1   0.000   -24.95344    0.02636    0.84348    1   32     mtd10
    2   0.000   -24.95344    0.02636                          mtd10
    3   0.000   -24.95344    0.02636                          md1
    4   0.000   -24.95344    0.02636                          mtd6
    5   0.000   -24.95344    0.02636                          mtd6
    6   0.000   -24.95344    0.02636                          mtd7
    7   0.000   -24.95344    0.02636                          mtd8
    8   0.000   -24.95344    0.02636                          mtd12
    9   0.000   -24.95344    0.02636                          mtd8
   10   0.000   -24.95344    0.02636                          mtd11
   11   0.000   -24.95344    0.02636                          mtd7
   12   0.000   -24.95344    0.02636                          mtd12
   13   0.000   -24.95344    0.02636                          mtd2
   14   0.000   -24.95344    0.02636                          mtd7
   15   0.000   -24.95344    0.02636                          mtd8
   16   0.000   -24.95344    0.02636                          mtd12
   17   0.000   -24.95344    0.02636                          mtd8
   18   0.000   -24.95344    0.02636                          gc
   19   0.000   -24.95344    0.02636                          mtd5
   20   0.000   -24.95344    0.02636                          mtd12
   21   0.000   -24.95344    0.02636                          mtd3
   22   0.000   -24.95344    0.02636                          mtd12
   23   0.000   -24.95344    0.02636                          mtd12
   24   0.000   -24.95344    0.02636                          mtd2
   25   0.000   -24.95344    0.02636                          md6
   26   0.000   -24.95344    0.02636                          md1
   27   0.000   -24.95344    0.02636                          mtd9
   28   0.000   -24.95344    0.02636                          mtd8
   29   0.000   -24.95344    0.02636                          mtd7
   30   0.000   -24.95344    0.02635                          mtd12
   31   0.000   -24.95344    0.02635                          mtd7
   32   0.000   -24.95344    0.02635                          mtd4
   33   0.495   -24.95265    0.01144    0.01144    2    1     mtd5
   34   1.545   -24.95098    0.00195    0.05651    3   29     mtd11
   35   1.545   -24.95098    0.00195                          mtd6
   36   1.545   -24.95098    0.00195                          mtd5
   37   1.545   -24.95098    0.00195                          md2
   38   1.545   -24.95098    0.00195                          mtd1
   39   1.545   -24.95098    0.00195                          mtd9
   40   1.545   -24.95098    0.00195                          mtd2
   41   1.545   -24.95098    0.00195                          mtd1
   42   1.545   -24.95098    0.00195                          md3
   43   1.545   -24.95098    0.00195                          mtd1
   44   1.545   -24.95098    0.00195                          mtd4
   45   1.545   -24.95098    0.00195                          mtd11
   46   1.545   -24.95098    0.00195                          mtd5
   47   1.545   -24.95098    0.00195                          mtd7
   48   1.545   -24.95098    0.00195                          mtd7
   49   1.545   -24.95098    0.00195                          mtd12
   50   1.545   -24.95098    0.00195                          mtd9
   51   1.545   -24.95098    0.00195                          mtd7
   52   1.545   -24.95098    0.00195                          mtd4
   53   1.545   -24.95098    0.00195                          md4
   54   1.545   -24.95098    0.00195                          mtd8
   55   1.545   -24.95098    0.00195                          mtd10
   56   1.545   -24.95098    0.00195                          md2
   57   1.545   -24.95098    0.00195                          mtd1
   58   1.545   -24.95098    0.00195                          mtd11
   59   1.545   -24.95098    0.00195                          mtd8
   60   1.545   -24.95098    0.00195                          mtd7
   61   1.545   -24.95098    0.00195                          mtd4
   62   1.545   -24.95098    0.00195                          mtd5
   63   1.799   -24.95057    0.00127    0.03933    4   31     mtd2
   64   1.799   -24.95057    0.00127                          mtd10
   65   1.799   -24.95057    0.00127                          mtd1
   66   1.799   -24.95057    0.00127                          mtd5
   67   1.799   -24.95057    0.00127                          mtd3
   68   1.799   -24.95057    0.00127                          mtd5
   69   1.799   -24.95057    0.00127                          mtd2
   70   1.799   -24.95057    0.00127                          mtd4
   71   1.799   -24.95057    0.00127                          mtd7
   72   1.799   -24.95057    0.00127                          mtd7
   73   1.799   -24.95057    0.00127                          mtd9
   74   1.799   -24.95057    0.00127                          md2
   75   1.799   -24.95057    0.00127                          mtd6
   76   1.799   -24.95057    0.00127                          mtd6
   77   1.799   -24.95057    0.00127                          mtd4
   78   1.799   -24.95057    0.00127                          gc
   79   1.799   -24.95057    0.00127                          mtd2
   80   1.799   -24.95057    0.00127                          mtd2
   81   1.799   -24.95057    0.00127                          mtd11
   82   1.799   -24.95057    0.00127                          mtd11
   83   1.799   -24.95057    0.00127                          mtd11
   84   1.799   -24.95057    0.00127                          mtd5
   85   1.799   -24.95057    0.00127                          mtd9
   86   1.799   -24.95057    0.00127                          mtd7
   87   1.799   -24.95057    0.00127                          mtd6
   88   1.799   -24.95057    0.00127                          mtd4
   89   1.799   -24.95057    0.00127                          mtd12
   90   1.799   -24.95057    0.00127                          mtd11
   91   1.799   -24.95057    0.00127                          mtd5
   92   1.799   -24.95057    0.00127                          gc
   93   1.799   -24.95057    0.00127                          mtd2
   94   2.485   -24.94948    0.00040    0.00918    5   23     mtd3
   95   2.485   -24.94948    0.00040                          mtd1
   96   2.485   -24.94948    0.00040                          mtd12
   97   2.485   -24.94948    0.00040                          mtd7
   98   2.485   -24.94948    0.00040                          mtd11
   99   2.485   -24.94948    0.00040                          mtd14
  100   2.485   -24.94948    0.00040                          mtd12
  101   2.485   -24.94948    0.00040                          mtd14
  102   2.485   -24.94948    0.00040                          mtd4
  103   2.485   -24.94948    0.00040                          md8
  104   2.485   -24.94948    0.00040                          mtd2
  105   2.485   -24.94948    0.00040                          mtd3
  106   2.485   -24.94948    0.00040                          mtd9
  107   2.485   -24.94948    0.00040                          mtd8
  108   2.485   -24.94948    0.00040                          md2
  109   2.485   -24.94948    0.00040                          mtd12
  110   2.485   -24.94948    0.00040                          mtd13
  111   2.485   -24.94948    0.00040                          md8
  112   2.485   -24.94948    0.00040                          mtd1
  113   2.485   -24.94948    0.00040                          mtd11
  114   2.485   -24.94948    0.00040                          mtd10
  115   2.485   -24.94948    0.00040                          mtd10
  116   2.486   -24.94948    0.00040                          mtd10
  117   2.536   -24.94940    0.00037    0.00805    6   22     mtd3
  118   2.536   -24.94940    0.00037                          mtd8
  119   2.536   -24.94940    0.00037                          mtd3
  120   2.536   -24.94940    0.00037                          mtd11
  121   2.536   -24.94940    0.00037                          mtd1
  122   2.536   -24.94940    0.00037                          mtd3
  123   2.536   -24.94940    0.00037                          mtd8
  124   2.536   -24.94940    0.00037                          mtd8
  125   2.536   -24.94940    0.00037                          mtd3
  126   2.536   -24.94940    0.00037                          mtd14
  127   2.536   -24.94940    0.00037                          mtd4
  128   2.536   -24.94940    0.00037                          mtd7
  129   2.536   -24.94940    0.00037                          mtd8
  130   2.536   -24.94940    0.00037                          mtd9
  131   2.536   -24.94940    0.00037                          mtd4
  132   2.536   -24.94940    0.00037                          mtd3
  133   2.536   -24.94940    0.00037                          md8
  134   2.536   -24.94940    0.00037                          mtd4
  135   2.536   -24.94940    0.00037                          mtd5
  136   2.536   -24.94940    0.00037                          mtd3
  137   2.537   -24.94940    0.00037                          mtd1
  138   2.537   -24.94940    0.00037                          mtd3
  139   2.604   -24.94929    0.00033    0.00490    7   15     mtd6
  140   2.604   -24.94929    0.00033                          mtd1
  141   2.604   -24.94929    0.00033                          mtd6
  142   2.604   -24.94929    0.00033                          mtd11
  143   2.604   -24.94929    0.00033                          mtd4
  144   2.604   -24.94929    0.00033                          mtd10
  145   2.604   -24.94929    0.00033                          mtd11
  146   2.604   -24.94929    0.00033                          mtd6
  147   2.604   -24.94929    0.00033                          mtd2
  148   2.604   -24.94929    0.00033                          mtd11
  149   2.604   -24.94929    0.00033                          mtd9
  150   2.604   -24.94929    0.00033                          mtd9
  151   2.604   -24.94929    0.00033                          mtd2
  152   2.604   -24.94929    0.00033                          mtd3
  153   2.604   -24.94929    0.00033                          md8
  154   2.870   -24.94887    0.00021    0.01113    8   58     mtd5
  155   2.870   -24.94887    0.00021                          mtd1
  156   2.870   -24.94887    0.00021                          mtd1
  157   2.870   -24.94887    0.00021                          mtd1
  158   2.870   -24.94887    0.00021                          mtd5
  159   2.870   -24.94887    0.00021                          mtd4
  160   2.870   -24.94887    0.00021                          mtd10
  161   2.870   -24.94887    0.00021                          mtd1
  162   2.870   -24.94887    0.00021                          md2
  163   2.870   -24.94887    0.00021                          mtd3
  164   2.870   -24.94887    0.00021                          mtd4
  165   2.870   -24.94887    0.00021                          mtd8
  166   2.870   -24.94887    0.00021                          mtd11
  167   2.870   -24.94887    0.00021                          mtd8
  168   2.870   -24.94887    0.00021                          mtd9
  169   2.870   -24.94887    0.00021                          mtd5
  170   2.870   -24.94887    0.00021                          mtd12
  171   2.870   -24.94887    0.00021                          mtd11
  172   2.870   -24.94887    0.00021                          mtd4
  173   2.870   -24.94887    0.00021                          mtd10
  174   2.870   -24.94887    0.00021                          mtd2
  175   2.870   -24.94887    0.00021                          mtd7
  176   2.870   -24.94887    0.00021                          mtd8
  177   2.870   -24.94887    0.00021                          mtd1
  178   2.870   -24.94887    0.00021                          mtd4
  179   2.871   -24.94887    0.00021                          mtd3
  180   2.871   -24.94887    0.00021                          mtd4
  181   2.966   -24.94872    0.00018                          md8
  182   2.966   -24.94872    0.00018                          mtd1
  183   2.966   -24.94872    0.00018                          mtd1
  184   2.966   -24.94872    0.00018                          mtd10
  185   2.966   -24.94872    0.00018                          mtd14
  186   2.966   -24.94872    0.00018                          mtd12
  187   2.966   -24.94872    0.00018                          mtd7
  188   2.966   -24.94872    0.00018                          mtd8
  189   2.966   -24.94872    0.00018                          mtd8
  190   2.966   -24.94872    0.00018                          mtd1
  191   2.966   -24.94872    0.00018                          mtd1
  192   2.966   -24.94872    0.00018                          mtd5
  193   2.966   -24.94872    0.00018                          mtd8
  194   2.966   -24.94872    0.00018                          mtd2
  195   2.966   -24.94872    0.00018                          mtd9
  196   2.966   -24.94872    0.00018                          mtd8
  197   2.966   -24.94872    0.00018                          mtd14
  198   2.966   -24.94872    0.00018                          mtd12
  199   2.966   -24.94872    0.00018                          mtd14
  200   2.966   -24.94872    0.00018                          mtd10
  201   2.966   -24.94872    0.00018                          mtd4
  202   2.966   -24.94872    0.00018                          mtd5
  203   2.966   -24.94872    0.00018                          mtd5
  204   2.966   -24.94872    0.00018                          mtd14
  205   2.966   -24.94872    0.00018                          mtd7
  206   2.966   -24.94872    0.00018                          mtd7
  207   2.966   -24.94872    0.00018                          md6
  208   2.966   -24.94872    0.00018                          mtd8
  209   2.966   -24.94871    0.00018                          mtd3
  210   2.966   -24.94871    0.00018                          mtd14
  211   2.966   -24.94871    0.00018                          mtd13
  212   2.877   -24.94886    0.00021    0.00597    9   29     mtd7
  213   2.877   -24.94886    0.00021                          mtd2
  214   2.877   -24.94886    0.00021                          mtd9
  215   2.877   -24.94886    0.00021                          mtd1
  216   2.877   -24.94886    0.00021                          md2
  217   2.877   -24.94886    0.00021                          mtd9
  218   2.877   -24.94886    0.00021                          mtd10
  219   2.877   -24.94886    0.00021                          mtd7
  220   2.877   -24.94886    0.00021                          mtd12
  221   2.877   -24.94886    0.00021                          mtd10
  222   2.877   -24.94886    0.00021                          mtd4
  223   2.877   -24.94886    0.00021                          mtd10
  224   2.877   -24.94886    0.00021                          mtd8
  225   2.877   -24.94886    0.00021                          mtd7
  226   2.877   -24.94886    0.00021                          mtd5
  227   2.877   -24.94886    0.00021                          mtd2
  228   2.877   -24.94886    0.00021                          mtd12
  229   2.877   -24.94886    0.00021                          md6
  230   2.877   -24.94886    0.00021                          mtd7
  231   2.877   -24.94886    0.00021                          mtd2
  232   2.877   -24.94886    0.00021                          md6
  233   2.877   -24.94886    0.00021                          mtd7
  234   2.877   -24.94886    0.00021                          mtd10
  235   2.877   -24.94886    0.00021                          mtd7
  236   2.877   -24.94886    0.00021                          mtd12
  237   2.877   -24.94886    0.00021                          mtd12
  238   2.877   -24.94886    0.00021                          mtd13
  239   2.877   -24.94886    0.00021                          mtd7
  240   2.877   -24.94886    0.00021                          gc
  241   3.136   -24.94844    0.00013    0.00373   10   28     mtd2
  242   3.136   -24.94844    0.00013                          mtd9
  243   3.136   -24.94844    0.00013                          mtd9
  244   3.136   -24.94844    0.00013                          mtd9
  245   3.136   -24.94844    0.00013                          mtd14
  246   3.136   -24.94844    0.00013                          mtd14
  247   3.136   -24.94844    0.00013                          mtd2
  248   3.136   -24.94844    0.00013                          mtd1
  249   3.136   -24.94844    0.00013                          mtd4
  250   3.136   -24.94844    0.00013                          mtd5
  251   3.136   -24.94844    0.00013                          mtd4
  252   3.136   -24.94844    0.00013                          md2
  253   3.136   -24.94844    0.00013                          mtd1
  254   3.136   -24.94844    0.00013                          mtd8
  255   3.136   -24.94844    0.00013                          mtd9
  256   3.136   -24.94844    0.00013                          mtd4
  257   3.136   -24.94844    0.00013                          mtd1
  258   3.136   -24.94844    0.00013                          mtd4
  259   3.136   -24.94844    0.00013                          mtd5
  260   3.136   -24.94844    0.00013                          mtd2
  261   3.136   -24.94844    0.00013                          mtd11
  262   3.136   -24.94844    0.00013                          mtd4
  263   3.136   -24.94844    0.00013                          mtd10
  264   3.136   -24.94844    0.00013                          mtd10
  265   3.136   -24.94844    0.00013                          mtd4
  266   3.136   -24.94844    0.00013                          mtd12
  267   3.136   -24.94844    0.00013                          mtd10
  268   3.136   -24.94844    0.00013                          mtd11
  269   3.184   -24.94837    0.00012    0.00061   11    5     mtd11
  270   3.184   -24.94837    0.00012                          mtd11
  271   3.184   -24.94837    0.00012                          mtd11
  272   3.184   -24.94837    0.00012                          mtd7
  273   3.184   -24.94837    0.00012                          mtd11
  274   3.308   -24.94817    0.00010    0.00080   12    8     mtd1
  275   3.308   -24.94817    0.00010                          mtd10
  276   3.308   -24.94817    0.00010                          mtd4
  277   3.308   -24.94817    0.00010                          mtd13
  278   3.308   -24.94817    0.00010                          mtd5
  279   3.308   -24.94817    0.00010                          mtd5
  280   3.308   -24.94817    0.00010                          mtd11
  281   3.309   -24.94817    0.00010                          mtd11
  282   3.438   -24.94796    0.00008    0.00128   13   16     mtd10
  283   3.438   -24.94796    0.00008                          mtd3
  284   3.439   -24.94796    0.00008                          md7
  285   3.439   -24.94796    0.00008                          mtd11
  286   3.439   -24.94796    0.00008                          mtd8
  287   3.439   -24.94796    0.00008                          mtd8
  288   3.439   -24.94796    0.00008                          md4
  289   3.439   -24.94796    0.00008                          mtd7
  290   3.439   -24.94796    0.00008                          mtd3
  291   3.439   -24.94796    0.00008                          mtd9
  292   3.439   -24.94796    0.00008                          mtd10
  293   3.439   -24.94796    0.00008                          mtd5
  294   3.439   -24.94796    0.00008                          mtd3
  295   3.439   -24.94796    0.00008                          mtd8
  296   3.439   -24.94796    0.00008                          mtd10
  297   3.439   -24.94796    0.00008                          mtd13
  298   3.492   -24.94788    0.00007    0.00153   14   21     mtd3
  299   3.492   -24.94788    0.00007                          mtd7
  300   3.492   -24.94788    0.00007                          mtd2
  301   3.492   -24.94788    0.00007                          mtd5
  302   3.492   -24.94788    0.00007                          mtd4
  303   3.492   -24.94788    0.00007                          mtd11
  304   3.492   -24.94788    0.00007                          mtd11
  305   3.492   -24.94788    0.00007                          mtd4
  306   3.492   -24.94788    0.00007                          mtd14
  307   3.492   -24.94788    0.00007                          mtd8
  308   3.492   -24.94788    0.00007                          mtd14
  309   3.492   -24.94788    0.00007                          mtd8
  310   3.492   -24.94788    0.00007                          mtd10
  311   3.492   -24.94788    0.00007                          mtd14
  312   3.492   -24.94788    0.00007                          mtd1
  313   3.492   -24.94788    0.00007                          mtd8
  314   3.492   -24.94788    0.00007                          mtd10
  315   3.492   -24.94788    0.00007                          mtd10
  316   3.492   -24.94788    0.00007                          md8
  317   3.492   -24.94788    0.00007                          mtd1
  318   3.492   -24.94788    0.00007                          mtd14
  319   3.537   -24.94781    0.00007    0.00081   15   12     mtd9
  320   3.537   -24.94781    0.00007                          mtd7
  321   3.537   -24.94781    0.00007                          mtd13
  322   3.537   -24.94781    0.00007                          mtd11
  323   3.537   -24.94781    0.00007                          mtd7
  324   3.537   -24.94781    0.00007                          mtd10
  325   3.537   -24.94781    0.00007                          mtd5
  326   3.537   -24.94780    0.00007                          mtd4
  327   3.537   -24.94780    0.00007                          mtd7
  328   3.538   -24.94780    0.00007                          mtd11
  329   3.538   -24.94780    0.00007                          mtd6
  330   3.539   -24.94780    0.00007                          mtd11
  331   3.897   -24.94723    0.00004    0.00059   16   16     mtd8
  332   3.897   -24.94723    0.00004                          mtd4
  333   3.897   -24.94723    0.00004                          mtd7
  334   3.897   -24.94723    0.00004                          mtd10
  335   3.897   -24.94723    0.00004                          md7
  336   3.897   -24.94723    0.00004                          mtd5
  337   3.897   -24.94723    0.00004                          mtd9
  338   3.897   -24.94723    0.00004                          mtd4
  339   3.897   -24.94723    0.00004                          mtd4
  340   3.897   -24.94723    0.00004                          mtd10
  341   3.897   -24.94723    0.00004                          mtd1
  342   3.897   -24.94723    0.00004                          mtd11
  343   3.897   -24.94723    0.00004                          mtd8
  344   3.897   -24.94723    0.00004                          mtd4
  345   3.897   -24.94723    0.00004                          mtd3
  346   3.898   -24.94723    0.00004                          mtd5
  347   3.979   -24.94710    0.00003    0.00019   17    6     mtd4
  348   3.979   -24.94710    0.00003                          mtd9
  349   3.979   -24.94710    0.00003                          mtd1
  350   3.979   -24.94710    0.00003                          md2
  351   3.979   -24.94710    0.00003                          mtd7
  352   3.979   -24.94710    0.00003                          mtd4
  353   4.342   -24.94652    0.00002    0.00026   18   15     mtd9
  354   4.342   -24.94652    0.00002                          mtd6
  355   4.342   -24.94652    0.00002                          mtd9
  356   4.342   -24.94652    0.00002                          mtd8
  357   4.342   -24.94652    0.00002                          mtd2
  358   4.342   -24.94652    0.00002                          mtd11
  359   4.342   -24.94652    0.00002                          mtd11
  360   4.342   -24.94652    0.00002                          mtd13
  361   4.342   -24.94652    0.00002                          mtd8
  362   4.342   -24.94652    0.00002                          mtd9
  363   4.342   -24.94652    0.00002                          mtd9
  364   4.342   -24.94652    0.00002                          mtd11
  365   4.342   -24.94652    0.00002                          mtd6
  366   4.343   -24.94652    0.00002                          mtd8
  367   4.343   -24.94652    0.00002                          mtd3
  368   4.503   -24.94627    0.00001    0.00016   19   12     md4
  369   4.503   -24.94627    0.00001                          mtd10
  370   4.503   -24.94627    0.00001                          mtd1
  371   4.503   -24.94627    0.00001                          mtd7
  372   4.503   -24.94627    0.00001                          mtd1
  373   4.503   -24.94627    0.00001                          mtd14
  374   4.503   -24.94627    0.00001                          mtd14
  375   4.503   -24.94627    0.00001                          mtd11
  376   4.503   -24.94627    0.00001                          mtd7
  377   4.503   -24.94627    0.00001                          mtd5
  378   4.503   -24.94627    0.00001                          mtd14
  379   4.503   -24.94627    0.00001                          mtd1
  380   4.921   -24.94560    0.00001    0.00003   20    4     mtd4
  381   4.921   -24.94560    0.00001                          mtd9
  382   4.921   -24.94560    0.00001                          mtd4
  383   4.921   -24.94560    0.00001                          mtd9
  384   4.967   -24.94553    0.00001    0.00002   21    4     md8
  385   4.967   -24.94553    0.00001                          md7
  386   4.967   -24.94553    0.00001                          mtd4
  387   4.967   -24.94553    0.00001                          mtd10
T /K                                  :   298.15
E lowest                              :   -24.95344
ensemble average energy (kcal)        :    0.303
ensemble entropy (J/mol K, cal/mol K) :   34.485    8.242
ensemble free energy (kcal/mol)       :   -2.457
population of lowest in %             :   84.348
 number of unique conformers for further calc           21
 list of relative energies saved as "crest.energies"
 Normal termination.
 
 -----------------
 Wall Time Summary
 -----------------
             test MD wall time :         0h : 0m : 2s
                 MTD wall time :         0h : 1m :14s
      multilevel OPT wall time :         0h : 4m :31s
                  MD wall time :         0h : 1m : 1s
                  GC wall time :         0h : 0m : 3s
--------------------
Overall wall time  : 0h : 7m :34s
 
 CREST terminated normally.
