 
       ==============================================
       |                                            |
       |                 C R E S T                  |
       |                                            |
       |  Conformer-Rotamer Ensemble Sampling Tool  |
       |       based on the GFNn-xTB methods        |
       |             P.Pracht, S.Grimme             |
       |          Universitaet Bonn, MCTC           |
       ==============================================
       Version 2.10.2, Tue 9. Jun 13:32:10 CEST 2020
       Using the xTB program.
       Compatible with XTB version 6.1 and later.
 
   Cite work conducted with this code as

   P. Pracht, F. Bohle, S. Grimme, PCCP, 2020, 22, 7169-7192.

   and

   S. Grimme, JCTC, 2019, 15, 2847-2862.
 
   This program is distributed in the hope that it will be useful,
   but WITHOUT ANY WARRANTY; without even the implied warranty of
   MERCHANTABILITY or FITNESS FOR A PARTICULAR PURPOSE.

 Command line input:
 > crest OPT.xyz -opt vtight -T 8

  -opt 2
  -T 8 (CPUs/Threads selected)
-------------------------
Starting z-matrix sorting
-------------------------
 total number of atoms :          18
 total number of frags :           1
 Fragment            1
   1  C     0.000000      0.0000      0.0000     0    0    0
   2  C     2.631033      0.0000      0.0000     1    0    0
   3  C     2.622763    120.1656      0.0000     2    1    0
   4  C     2.631492    120.1806   -358.9140     3    2    1
   5  C     2.670842    121.2494     -0.3820     4    3    2
   6  C     2.715152    118.4990     -1.5337     5    4    3
   7  C     2.833338    124.6644   -175.5852     6    5    4
   8  O     2.308653    119.3798   -156.2137     7    6    5
   9  O     2.553432    121.9023   -171.1593     7    6    8
  10  H     1.826156    122.3417   -350.9743     9    7    6
  11  C     2.834206    124.3441   -176.3604     5    6    4
  12  O     2.311710    119.7569   -170.6858    11    5    6
  13  O     2.549444    121.1969   -173.5561    11    5   12
  14  H     1.828983    121.2868   -182.9430    13   11    5
  15  H     2.046638    120.6503   -178.3476     4    5    3
  16  H     2.045819    119.9319   -179.0530     3    4    2
  17  H     2.045722    119.8922   -180.6423     2    3    1
  18  H     2.047016    118.2324     -0.9022     1    2   17
 terminated normally
 
 -------------------------
 xTB Geometry Optimization
 -------------------------
 Geometry successfully optimized.
 
------------------------------------------------
Generating MTD length from a flexibility measure
------------------------------------------------
 Calculating WBOs... done.
 flexibility measure :   0.407
 t(MTD) / ps    :     5.0
 Σ(t(MTD)) / ps :    60.0 (+    10.0)
 
-------------------------------------
Starting a trial MTD to test settings
-------------------------------------
 Estimated runtime for one MTD (5.0 ps) on a single thread: 1 min 36 sec
 Estimated runtime for a batch of 14 MTDs on 8 threads: 3 min 11 sec
 
 list of Vbias parameters applied:
$metadyn    0.00300   1.300
$metadyn    0.00150   1.300
$metadyn    0.00075   1.300
$metadyn    0.00300   0.780
$metadyn    0.00150   0.780
$metadyn    0.00075   0.780
$metadyn    0.00300   0.468
$metadyn    0.00150   0.468
$metadyn    0.00075   0.468
$metadyn    0.00300   0.281
$metadyn    0.00150   0.281
$metadyn    0.00075   0.281
$metadyn    0.00100   0.100
$metadyn    0.00500   0.800
 
*******************************************************************************************
**                        N E W    I T E R A T I O N    C Y C L E                        **
*******************************************************************************************
 
========================================
            MTD Iteration  1
========================================
 
     ========================================
     |         Meta-MD (MTD) Sampling       |
     ========================================
 
Starting Meta-MD   3 with the settings:
     MD time /ps        :     5.0
     dt /fs             :     5.0
     dumpstep(trj) /fs  :     100
     dumpstep(Vbias)/ps :     1.0
     Vbias prefactor(k) :  0.0135
     Vbias exponent(α)  :    1.30
Starting Meta-MD   2 with the settings:
     MD time /ps        :     5.0
     dt /fs             :     5.0
     dumpstep(trj) /fs  :     100
     dumpstep(Vbias)/ps :     1.0
     Vbias prefactor(k) :  0.0270
     Vbias exponent(α)  :    1.30
Starting Meta-MD   4 with the settings:
     MD time /ps        :     5.0
     dt /fs             :     5.0
     dumpstep(trj) /fs  :     100
     dumpstep(Vbias)/ps :     1.0
     Vbias prefactor(k) :  0.0540
     Vbias exponent(α)  :    0.78
Starting Meta-MD   1 with the settings:
     MD time /ps        :     5.0
     dt /fs             :     5.0
     dumpstep(trj) /fs  :     100
     dumpstep(Vbias)/ps :     1.0
     Vbias prefactor(k) :  0.0540
     Vbias exponent(α)  :    1.30
Starting Meta-MD   5 with the settings:
     MD time /ps        :     5.0
     dt /fs             :     5.0
     dumpstep(trj) /fs  :     100
     dumpstep(Vbias)/ps :     1.0
     Vbias prefactor(k) :  0.0270
     Vbias exponent(α)  :    0.78
Starting Meta-MD   6 with the settings:
     MD time /ps        :     5.0
     dt /fs             :     5.0
     dumpstep(trj) /fs  :     100
     dumpstep(Vbias)/ps :     1.0
     Vbias prefactor(k) :  0.0135
     Vbias exponent(α)  :    0.78
Starting Meta-MD   7 with the settings:
     MD time /ps        :     5.0
     dt /fs             :     5.0
     dumpstep(trj) /fs  :     100
     dumpstep(Vbias)/ps :     1.0
     Vbias prefactor(k) :  0.0540
     Vbias exponent(α)  :    0.47
Starting Meta-MD  14 with the settings:
     MD time /ps        :     5.0
     dt /fs             :     5.0
     dumpstep(trj) /fs  :     100
     dumpstep(Vbias)/ps :     1.0
     Vbias prefactor(k) :  0.0900
     Vbias exponent(α)  :    0.80
*Meta-MD 3 finished*
Starting Meta-MD   8 with the settings:
     MD time /ps        :     5.0
     dt /fs             :     5.0
     dumpstep(trj) /fs  :     100
     dumpstep(Vbias)/ps :     1.0
     Vbias prefactor(k) :  0.0270
     Vbias exponent(α)  :    0.47
*Meta-MD 6 finished*
Starting Meta-MD   9 with the settings:
     MD time /ps        :     5.0
     dt /fs             :     5.0
     dumpstep(trj) /fs  :     100
     dumpstep(Vbias)/ps :     1.0
     Vbias prefactor(k) :  0.0135
     Vbias exponent(α)  :    0.47
*Meta-MD 2 finished*
Starting Meta-MD  10 with the settings:
     MD time /ps        :     5.0
     dt /fs             :     5.0
     dumpstep(trj) /fs  :     100
     dumpstep(Vbias)/ps :     1.0
     Vbias prefactor(k) :  0.0540
     Vbias exponent(α)  :    0.28
*Meta-MD 5 finished*
Starting Meta-MD  11 with the settings:
     MD time /ps        :     5.0
     dt /fs             :     5.0
     dumpstep(trj) /fs  :     100
     dumpstep(Vbias)/ps :     1.0
     Vbias prefactor(k) :  0.0270
     Vbias exponent(α)  :    0.28
*Meta-MD 14 finished*
Starting Meta-MD  13 with the settings:
     MD time /ps        :     5.0
     dt /fs             :     5.0
     dumpstep(trj) /fs  :     100
     dumpstep(Vbias)/ps :     1.0
     Vbias prefactor(k) :  0.0180
     Vbias exponent(α)  :    0.10
*Meta-MD 7 finished*
Starting Meta-MD  12 with the settings:
     MD time /ps        :     5.0
     dt /fs             :     5.0
     dumpstep(trj) /fs  :     100
     dumpstep(Vbias)/ps :     1.0
     Vbias prefactor(k) :  0.0135
     Vbias exponent(α)  :    0.28
*Meta-MD 1 finished*
*Meta-MD 4 finished*
*Meta-MD 13 finished*
*Meta-MD 8 finished*
*Meta-MD 12 finished*
*Meta-MD 9 finished*
*Meta-MD 11 finished*
*Meta-MD 10 finished*
 
-----------------------
Multilevel Optimization
-----------------------
 
 -------------------------
 1. crude pre-optimization
 -------------------------
 writing TMPCONF* Dirs from file "crest_rotamers_0.xyz" ... done.
 Starting optimization of generated structures
 686 jobs to do.
 1 2 3 4 5 6 7 8 9 10 11 12 13 14 15 16 17 18 19 20 21 22 23 24 25 26 27 28 29 30 31 32 33 34 35 36 37 38 39 40 41 42 43 44 45 46 47 48 49 50 51 52 53 54 55 56 57 58 59 60 61 62 63 64 65 66 67 68 69 70 71 72 73 74 75 76 77 78 79 80 81 82 83 84 85 86 87 88 89 90 91 92 93 94 95 96 97 98 99 100 101 102 103 104 105 106 107 108 109 110 111 112 113 114 115 116 117 118 119 120 121 122 123 124 125 126 127 128 129 130 131 132 133 134 135 136 137 138 139 140 141 142 143 144 145 146 147 148 149 150 151 152 153 154 155 156 157 158 159 160 161 162 163 164 165 166 167 168 169 170 171 172 173 174 175 176 177 178 179 180 181 182 183 184 185 186 187 188 189 190 191 192 193 194 195 196 197 198 199 200 201 202 203 204 205 206 207 208 209 210 211 212 213 214 215 216 217 218 219 220 221 222 223 224 225 226 227 228 229 230 231 232 233 234 235 236 237 238 239 240 241 242 243 244 245 246 247 248 249 250 251 252 253 254 255 256 257 258 259 260 261 262 263 264 265 266 267 268 269 270 271 272 273 274 275 276 277 278 279 280 281 282 283 284 285 286 287 288 289 290 291 292 293 294 295 296 297 298 299 300 301 302 303 304 305 306 307 308 309 310 311 312 313 314 315 316 317 318 319 320 321 322 323 324 325 326 327 328 329 330 331 332 333 334 335 336 337 338 339 340 341 342 343 344 345 346 347 348 349 350 351 352 353 354 355 356 357 358 359 360 361 362 363 364 365 366 367 368 369 370 371 372 373 374 375 376 377 378 379 380 381 382 383 384 385 386 387 388 389 390 391 392 393 394 395 396 397 398 399 400 401 402 403 404 405 406 407 408 409 410 411 412 413 414 415 416 417 418 419 420 421 422 423 424 425 426 427 428 429 430 431 432 433 434 435 436 437 438 439 440 441 442 443 444 445 446 447 448 449 450 451 452 453 454 455 456 457 458 459 460 461 462 463 464 465 466 467 468 469 470 471 472 473 474 475 476 477 478 479 480 481 482 483 484 485 486 487 488 489 490 491 492 493 494 495 496 497 498 499 500 501 502 503 504 505 506 507 508 509 510 511 512 513 514 515 516 517 518 519 520 521 522 523 524 525 526 527 528 529 530 531 532 533 534 535 536 537 538 539 540 541 542 543 544 545 546 547 548 549 550 551 552 553 554 555 556 557 558 559 560 561 562 563 564 565 566 567 568 569 570 571 572 573 574 575 576 577 578 579 580 581 582 583 584 585 586 587 588 589 590 591 592 593 594 595 596 597 598 599 600 601 602 603 604 605 606 607 608 609 610 611 612 613 614 615 616 617 618 619 620 621 622 623 624 625 626 627 628 629 630 631 632 633 634 635 636 637 638 639 640 641 642 643 644 645 646 647 648 649 650 651 652 653 654 655 656 657 658 659 660 661 662 663 664 665 666 667 668 669 670 671 672 673 674 675 676 677 678 679 680 681 682 683 684 685 686 
 done.
 Now appending opt.xyz file with new structures
 running RMSDs...
 done.
 E lowest :   -36.45994
 94 structures remain within    12.00 kcal/mol window
 
 -------------------------------------
 2. optimization with tight thresholds
 -------------------------------------
 writing TMPCONF* Dirs from file "crest_rotamers_1.xyz" ... done.
 Starting optimization of generated structures
 95 jobs to do.
 1 2 3 4 5 6 7 8 9 10 11 12 13 14 15 16 17 18 19 20 21 22 23 24 25 26 27 28 29 30 31 32 33 34 35 36 37 38 39 40 41 42 43 44 45 46 47 48 49 50 51 52 53 54 55 56 57 58 59 60 61 62 63 64 65 66 67 68 69 70 71 72 73 74 75 76 77 78 79 80 81 82 83 84 85 86 87 88 89 90 91 92 93 94 95 
 done.
 Now appending opt.xyz file with new structures
 running RMSDs...
 done.
 E lowest :   -36.46000
 7 structures remain within     6.00 kcal/mol window
 
 
========================================
            MTD Iteration  2
========================================
 
     ========================================
     |         Meta-MD (MTD) Sampling       |
     ========================================
 
Starting Meta-MD   1 with the settings:
     MD time /ps        :     5.0
     dt /fs             :     5.0
     dumpstep(trj) /fs  :     100
     dumpstep(Vbias)/ps :     1.0
     Vbias prefactor(k) :  0.0540
     Vbias exponent(α)  :    1.30
Starting Meta-MD   2 with the settings:
     MD time /ps        :     5.0
     dt /fs             :     5.0
     dumpstep(trj) /fs  :     100
     dumpstep(Vbias)/ps :     1.0
     Vbias prefactor(k) :  0.0270
     Vbias exponent(α)  :    1.30
Starting Meta-MD   3 with the settings:
     MD time /ps        :     5.0
     dt /fs             :     5.0
     dumpstep(trj) /fs  :     100
     dumpstep(Vbias)/ps :     1.0
     Vbias prefactor(k) :  0.0135
     Vbias exponent(α)  :    1.30
Starting Meta-MD   4 with the settings:
     MD time /ps        :     5.0
     dt /fs             :     5.0
     dumpstep(trj) /fs  :     100
     dumpstep(Vbias)/ps :     1.0
     Vbias prefactor(k) :  0.0540
     Vbias exponent(α)  :    0.78
Starting Meta-MD  12 with the settings:
     MD time /ps        :     5.0
     dt /fs             :     5.0
     dumpstep(trj) /fs  :     100
     dumpstep(Vbias)/ps :     1.0
     Vbias prefactor(k) :  0.0135
     Vbias exponent(α)  :    0.28
Starting Meta-MD   5 with the settings:
     MD time /ps        :     5.0
     dt /fs             :     5.0
     dumpstep(trj) /fs  :     100
     dumpstep(Vbias)/ps :     1.0
     Vbias prefactor(k) :  0.0270
     Vbias exponent(α)  :    0.78
Starting Meta-MD   6 with the settings:
     MD time /ps        :     5.0
     dt /fs             :     5.0
     dumpstep(trj) /fs  :     100
     dumpstep(Vbias)/ps :     1.0
     Vbias prefactor(k) :  0.0135
     Vbias exponent(α)  :    0.78
Starting Meta-MD   7 with the settings:
     MD time /ps        :     5.0
     dt /fs             :     5.0
     dumpstep(trj) /fs  :     100
     dumpstep(Vbias)/ps :     1.0
     Vbias prefactor(k) :  0.0540
     Vbias exponent(α)  :    0.47
*Meta-MD 1 finished*
Starting Meta-MD   8 with the settings:
     MD time /ps        :     5.0
     dt /fs             :     5.0
     dumpstep(trj) /fs  :     100
     dumpstep(Vbias)/ps :     1.0
     Vbias prefactor(k) :  0.0270
     Vbias exponent(α)  :    0.47
*Meta-MD 4 finished*
Starting Meta-MD   9 with the settings:
     MD time /ps        :     5.0
     dt /fs             :     5.0
     dumpstep(trj) /fs  :     100
     dumpstep(Vbias)/ps :     1.0
     Vbias prefactor(k) :  0.0135
     Vbias exponent(α)  :    0.47
*Meta-MD 12 finished*
Starting Meta-MD  11 with the settings:
     MD time /ps        :     5.0
     dt /fs             :     5.0
     dumpstep(trj) /fs  :     100
     dumpstep(Vbias)/ps :     1.0
     Vbias prefactor(k) :  0.0270
     Vbias exponent(α)  :    0.28
*Meta-MD 5 finished*
Starting Meta-MD  10 with the settings:
     MD time /ps        :     5.0
     dt /fs             :     5.0
     dumpstep(trj) /fs  :     100
     dumpstep(Vbias)/ps :     1.0
     Vbias prefactor(k) :  0.0540
     Vbias exponent(α)  :    0.28
*Meta-MD 3 finished*
*Meta-MD 7 finished*
*Meta-MD 6 finished*
*Meta-MD 2 finished*
*Meta-MD 10 finished*
*Meta-MD 9 finished*
*Meta-MD 8 finished*
*Meta-MD 11 finished*
 
-----------------------
Multilevel Optimization
-----------------------
 
 -------------------------
 1. crude pre-optimization
 -------------------------
 writing TMPCONF* Dirs from file "crest_rotamers_0.xyz" ... done.
 Starting optimization of generated structures
 588 jobs to do.
 1 2 3 4 5 6 7 8 9 10 11 12 13 14 15 16 17 18 19 20 21 22 23 24 25 26 27 28 29 30 31 32 33 34 35 36 37 38 39 40 41 42 43 44 45 46 47 48 49 50 51 52 53 54 55 56 57 58 59 60 61 62 63 64 65 66 67 68 69 70 71 72 73 74 75 76 77 78 79 80 81 82 83 84 85 86 87 88 89 90 91 92 93 94 95 96 97 98 99 100 101 102 103 104 105 106 107 108 109 110 111 112 113 114 115 116 117 118 119 120 121 122 123 124 125 126 127 128 129 130 131 132 133 134 135 136 137 138 139 140 141 142 143 144 145 146 147 148 149 150 151 152 153 154 155 156 157 158 159 160 161 162 163 164 165 166 167 168 169 170 171 172 173 174 175 176 177 178 179 180 181 182 183 184 185 186 187 188 189 190 191 192 193 194 195 196 197 198 199 200 201 202 203 204 205 206 207 208 209 210 211 212 213 214 215 216 217 218 219 220 221 222 223 224 225 226 227 228 229 230 231 232 233 234 235 236 237 238 239 240 241 242 243 244 245 246 247 248 249 250 251 252 253 254 255 256 257 258 259 260 261 262 263 264 265 266 267 268 269 270 271 272 273 274 275 276 277 278 279 280 281 282 283 284 285 286 287 288 289 290 291 292 293 294 295 296 297 298 299 300 301 302 303 304 305 306 307 308 309 310 311 312 313 314 315 316 317 318 319 320 321 322 323 324 325 326 327 328 329 330 331 332 333 334 335 336 337 338 339 340 341 342 343 344 345 346 347 348 349 350 351 352 353 354 355 356 357 358 359 360 361 362 363 364 365 366 367 368 369 370 371 372 373 374 375 376 377 378 379 380 381 382 383 384 385 386 387 388 389 390 391 392 393 394 395 396 397 398 399 400 401 402 403 404 405 406 407 408 409 410 411 412 413 414 415 416 417 418 419 420 421 422 423 424 425 426 427 428 429 430 431 432 433 434 435 436 437 438 439 440 441 442 443 444 445 446 447 448 449 450 451 452 453 454 455 456 457 458 459 460 461 462 463 464 465 466 467 468 469 470 471 472 473 474 475 476 477 478 479 480 481 482 483 484 485 486 487 488 489 490 491 492 493 494 495 496 497 498 499 500 501 502 503 504 505 506 507 508 509 510 511 512 513 514 515 516 517 518 519 520 521 522 523 524 525 526 527 528 529 530 531 532 533 534 535 536 537 538 539 540 541 542 543 544 545 546 547 548 549 550 551 552 553 554 555 556 557 558 559 560 561 562 563 564 565 566 567 568 569 570 571 572 573 574 575 576 577 578 579 580 581 582 583 584 585 586 587 588 
 done.
 Now appending opt.xyz file with new structures
 running RMSDs...
 done.
 E lowest :   -36.45997
 31 structures remain within    12.00 kcal/mol window
 
 -------------------------------------
 2. optimization with tight thresholds
 -------------------------------------
 writing TMPCONF* Dirs from file "crest_rotamers_1.xyz" ... done.
 Starting optimization of generated structures
 32 jobs to do.
 1 2 3 4 5 6 7 8 9 10 11 12 13 14 15 16 17 18 19 20 21 22 23 24 25 26 27 28 29 30 31 32 
 done.
 Now appending opt.xyz file with new structures
 running RMSDs...
 done.
 E lowest :   -36.46000
 9 structures remain within     6.00 kcal/mol window
 
========================================
            MTD Iterations done         
========================================
 Collecting ensmbles.
 running RMSDs...
 done.
 E lowest :   -36.46000
 11 structures remain within     6.00 kcal/mol window
 
-----------------------------------------------
Additional regular MDs on lowest 4 conformer(s)
-----------------------------------------------
Starting MD   1 with the settings:
     MD time /ps        :     2.5
     MD Temperature /K  :   400.0
     dt /fs             :     5.0
     dumpstep(trj) /fs  :     100
Starting MD   2 with the settings:
     MD time /ps        :     2.5
     MD Temperature /K  :   500.0
     dt /fs             :     5.0
     dumpstep(trj) /fs  :     100
Starting MD   4 with the settings:
     MD time /ps        :     2.5
     MD Temperature /K  :   500.0
     dt /fs             :     5.0
     dumpstep(trj) /fs  :     100
Starting MD   5 with the settings:
     MD time /ps        :     2.5
     MD Temperature /K  :   400.0
     dt /fs             :     5.0
     dumpstep(trj) /fs  :     100
Starting MD   3 with the settings:
     MD time /ps        :     2.5
     MD Temperature /K  :   400.0
     dt /fs             :     5.0
     dumpstep(trj) /fs  :     100
Starting MD   8 with the settings:
     MD time /ps        :     2.5
     MD Temperature /K  :   500.0
     dt /fs             :     5.0
     dumpstep(trj) /fs  :     100
Starting MD   6 with the settings:
     MD time /ps        :     2.5
     MD Temperature /K  :   500.0
     dt /fs             :     5.0
     dumpstep(trj) /fs  :     100
Starting MD   7 with the settings:
     MD time /ps        :     2.5
     MD Temperature /K  :   400.0
     dt /fs             :     5.0
     dumpstep(trj) /fs  :     100
*MD 7 finished*
*MD 1 finished*
*MD 5 finished*
*MD 3 finished*
*MD 8 finished*
*MD 2 finished*
*MD 4 finished*
*MD 6 finished*
 Appending file crest_rotamers_1.xyz with new structures
 
 -------------------------------------------
 Ensemble optimization with tight thresholds
 -------------------------------------------
 writing TMPCONF* Dirs from file "crest_rotamers_1.xyz" ... done.
 Starting optimization of generated structures
 203 jobs to do.
 1 2 3 4 5 6 7 8 9 10 11 12 13 14 15 16 17 18 19 20 21 22 23 24 25 26 27 28 29 30 31 32 33 34 35 36 37 38 39 40 41 42 43 44 45 46 47 48 49 50 51 52 53 54 55 56 57 58 59 60 61 62 63 64 65 66 67 68 69 70 71 72 73 74 75 76 77 78 79 80 81 82 83 84 85 86 87 88 89 90 91 92 93 94 95 96 97 98 99 100 101 102 103 104 105 106 107 108 109 110 111 112 113 114 115 116 117 118 119 120 121 122 123 124 125 126 127 128 129 130 131 132 133 134 135 136 137 138 139 140 141 142 143 144 145 146 147 148 149 150 151 152 153 154 155 156 157 158 159 160 161 162 163 164 165 166 167 168 169 170 171 172 173 174 175 176 177 178 179 180 181 182 183 184 185 186 187 188 189 190 191 192 193 194 195 196 197 198 199 200 201 202 203 
 done.
 Now appending opt.xyz file with new structures
 running RMSDs...
 done.
 E lowest :   -36.46000
 14 structures remain within     6.00 kcal/mol window
 
 
     ========================================
     |        Structure Crossing (GC)       |
     ========================================
 =============================
  # threads =           8
 =============================
 input  file name : crest_rotamers_3.xyz
number of atoms                :    18
number of points on xyz files  :    14
conformer energy window  /kcal :    6.00
CN per atom difference cut-off :  0.3000
RMSD threshold                 :  0.2500
max. # of generated structures : 250
 reading xyz file ...
 # in E window                 14
 generating pairs ...         104
 generated pairs           :          53
 number of clash discarded :          38
 average rmsd w.r.t input  : 1.61969
 sd of ensemble            : 0.36121
 number of new structures      :          20
 removed identical structures  :          33
 writing           20  TMPCONF* dirs ...
 --------------------------
 GC: loose pre-optimization
 --------------------------
 Starting optimization of generated structures
 20 jobs to do.
 1 2 3 4 5 6 7 8 9 10 11 12 13 14 15 16 17 18 19 20 
 done.
 Now appending opt.xyz file with new structures
 running RMSDs...
 done.
 E lowest :   -36.45997
 18 structures remain within    10.00 kcal/mol window
 --------------------------------------
 GC: optimization with tight thresholds
 --------------------------------------
 writing TMPCONF* Dirs from file "crest_rotamers_1.xyz" ... done.
 Starting optimization of generated structures
 18 jobs to do.
 1 2 3 4 5 6 7 8 9 10 11 12 13 14 15 16 17 18 
 done.
 Now appending opt.xyz file with new structures
 running RMSDs...
 done.
 E lowest :   -36.46000
 
 
   ================================================
   |           Final Geometry Optimization        |
   ================================================
 ---------------------
 Ensemble optimization
 ---------------------
 writing TMPCONF* Dirs from file "crest_rotamers_4.xyz" ... done.
 Starting optimization of generated structures
 14 jobs to do.
 1 2 3 4 5 6 7 8 9 10 11 12 13 14 
 done.
 Now appending opt.xyz file with new structures
 running RMSDs...
 done.
 E lowest :   -36.46000
 10 structures remain within     6.00 kcal/mol window
 
-------------------------------------
CREGEN - CONFORMER SYMMETRY ANALYSIS
-------------------------------------
 =============================
  # threads =           8
 =============================
 input  file name : crest_rotamers_5.xyz
 output file name : crest_rotamers_6.xyz
 number of atoms                :    18
 number of points on xyz files  :    14
 RMSD threshold                 :   0.1250
 Bconst threshold               :  15.0000
 population threshold           :   0.0500
 conformer energy window  /kcal :   6.0000
 # fragment in coord            :     1
 number of reliable points      :    14
 reference state Etot :  -36.4599961923000
 number of doubles removed by rot/RMSD         :           4
 total number unique points considered further :          10
   Erel/kcal     Etot      weight/tot conformer  set degen    origin
    1   0.000   -36.46000    0.17421    0.69678    1    4     md5
    2   0.000   -36.46000    0.17420                          mtd11
    3   0.000   -36.46000    0.17419                          input
    4   0.000   -36.46000    0.17418                          mtd4
    5   0.346   -36.45944    0.09716    0.19432    2    2     md3
    6   0.346   -36.45944    0.09715                          mtd7
    7   0.707   -36.45887    0.05285    0.10567    3    2     mtd5
    8   0.708   -36.45887    0.05282                          md1
    9   2.774   -36.45558    0.00162    0.00324    4    2     md8
   10   2.774   -36.45558    0.00162                          mtd14
T /K                                  :   298.15
E lowest                              :   -36.46000
ensemble average energy (kcal)        :    0.151
ensemble entropy (J/mol K, cal/mol K) :   16.648    3.979
ensemble free energy (kcal/mol)       :   -1.186
population of lowest in %             :   69.678
 number of unique conformers for further calc            4
 list of relative energies saved as "crest.energies"
 Normal termination.
 
 -----------------
 Wall Time Summary
 -----------------
             test MD wall time :         0h : 0m : 2s
                 MTD wall time :         0h : 2m :10s
      multilevel OPT wall time :         0h : 3m :48s
                  MD wall time :         0h : 1m : 5s
                  GC wall time :         0h : 0m : 6s
--------------------
Overall wall time  : 0h : 7m :17s
 
 CREST terminated normally.
