 
       ==============================================
       |                                            |
       |                 C R E S T                  |
       |                                            |
       |  Conformer-Rotamer Ensemble Sampling Tool  |
       |       based on the GFNn-xTB methods        |
       |             P.Pracht, S.Grimme             |
       |          Universitaet Bonn, MCTC           |
       ==============================================
       Version 2.10.2, Tue 9. Jun 13:32:10 CEST 2020
       Using the xTB program.
       Compatible with XTB version 6.1 and later.
 
   Cite work conducted with this code as

   P. Pracht, F. Bohle, S. Grimme, PCCP, 2020, 22, 7169-7192.

   and

   S. Grimme, JCTC, 2019, 15, 2847-2862.
 
   This program is distributed in the hope that it will be useful,
   but WITHOUT ANY WARRANTY; without even the implied warranty of
   MERCHANTABILITY or FITNESS FOR A PARTICULAR PURPOSE.

 Command line input:
 > crest OPT.xyz -opt vtight -T 8

  -opt 2
  -T 8 (CPUs/Threads selected)
-------------------------
Starting z-matrix sorting
-------------------------
 total number of atoms :          26
 total number of frags :           1
 Fragment            1
   1  C     0.000000      0.0000      0.0000     0    0    0
   2  O     2.660578      0.0000      0.0000     1    0    0
   3  H     1.868605    109.0745      0.0000     2    1    0
   4  C     2.929327    118.4899   -306.2114     1    2    3
   5  C     2.920109    113.9102   -256.9854     4    1    2
   6  H     2.093845    112.9849   -312.4768     5    4    1
   7  H     2.099065    110.1575   -238.7473     5    4    6
   8  H     2.099386    109.8011   -119.0341     5    4    6
   9  C     2.926305    108.1615   -229.5247     4    5    1
  10  H     2.075899    115.2054   -180.7111     9    4    5
  11  H     2.099418    109.8999   -238.6271     9    4   10
  12  H     2.099475    109.5114   -119.9493     9    4   10
  13  C     2.952778    111.9863   -131.3084     4    9    5
  14  O     2.669493    113.5357   -218.9234    13    4    9
  15  H     1.868668    110.2431   -309.8839    14   13    4
  16  H     2.102033    108.9769   -230.1154    13   14    4
  17  C     2.952782    113.5353   -230.1159    13   14   16
  18  C     2.920082    117.7054    -14.7999    17   13   14
  19  H     2.093833    112.9854   -306.1178    18   17   13
  20  H     2.099087    110.1579   -121.2522    18   17   19
  21  H     2.099389    109.8017   -240.9654    18   17   19
  22  C     2.926320    108.1619   -231.8812    17   18   13
  23  H     2.075889    115.2063   -179.2892    22   17   18
  24  H     2.099443    109.8994   -121.3728    22   17   23
  25  H     2.099478    109.5115   -240.0498    22   17   23
  26  H     2.104891    108.6255   -127.1026     1    4    2
 terminated normally
 
 -------------------------
 xTB Geometry Optimization
 -------------------------
 Geometry successfully optimized.
 
------------------------------------------------
Generating MTD length from a flexibility measure
------------------------------------------------
 Calculating WBOs... done.
 flexibility measure :   0.058
 t(MTD) / ps    :     5.0
 Σ(t(MTD)) / ps :    60.0 (+    10.0)
 
-------------------------------------
Starting a trial MTD to test settings
-------------------------------------
 Estimated runtime for one MTD (5.0 ps) on a single thread: 1 min 60 sec
 Estimated runtime for a batch of 14 MTDs on 8 threads: 3 min 60 sec
 
 list of Vbias parameters applied:
$metadyn    0.00300   1.300
$metadyn    0.00150   1.300
$metadyn    0.00075   1.300
$metadyn    0.00300   0.780
$metadyn    0.00150   0.780
$metadyn    0.00075   0.780
$metadyn    0.00300   0.468
$metadyn    0.00150   0.468
$metadyn    0.00075   0.468
$metadyn    0.00300   0.281
$metadyn    0.00150   0.281
$metadyn    0.00075   0.281
$metadyn    0.00100   0.100
$metadyn    0.00500   0.800
 
*******************************************************************************************
**                        N E W    I T E R A T I O N    C Y C L E                        **
*******************************************************************************************
 
========================================
            MTD Iteration  1
========================================
 
     ========================================
     |         Meta-MD (MTD) Sampling       |
     ========================================
 
Starting Meta-MD   1 with the settings:
     MD time /ps        :     5.0
     dt /fs             :     5.0
     dumpstep(trj) /fs  :     100
     dumpstep(Vbias)/ps :     1.0
     Vbias prefactor(k) :  0.0780
     Vbias exponent(α)  :    1.30
Starting Meta-MD   2 with the settings:
     MD time /ps        :     5.0
     dt /fs             :     5.0
     dumpstep(trj) /fs  :     100
     dumpstep(Vbias)/ps :     1.0
     Vbias prefactor(k) :  0.0390
     Vbias exponent(α)  :    1.30
Starting Meta-MD   3 with the settings:
     MD time /ps        :     5.0
     dt /fs             :     5.0
     dumpstep(trj) /fs  :     100
     dumpstep(Vbias)/ps :     1.0
     Vbias prefactor(k) :  0.0195
     Vbias exponent(α)  :    1.30
Starting Meta-MD   4 with the settings:
     MD time /ps        :     5.0
     dt /fs             :     5.0
     dumpstep(trj) /fs  :     100
     dumpstep(Vbias)/ps :     1.0
     Vbias prefactor(k) :  0.0780
     Vbias exponent(α)  :    0.78
Starting Meta-MD   5 with the settings:
     MD time /ps        :     5.0
     dt /fs             :     5.0
     dumpstep(trj) /fs  :     100
     dumpstep(Vbias)/ps :     1.0
     Vbias prefactor(k) :  0.0390
     Vbias exponent(α)  :    0.78
Starting Meta-MD   6 with the settings:
     MD time /ps        :     5.0
     dt /fs             :     5.0
     dumpstep(trj) /fs  :     100
     dumpstep(Vbias)/ps :     1.0
     Vbias prefactor(k) :  0.0195
     Vbias exponent(α)  :    0.78
Starting Meta-MD   7 with the settings:
     MD time /ps        :     5.0
     dt /fs             :     5.0
     dumpstep(trj) /fs  :     100
     dumpstep(Vbias)/ps :     1.0
     Vbias prefactor(k) :  0.0780
     Vbias exponent(α)  :    0.47
Starting Meta-MD  14 with the settings:
     MD time /ps        :     5.0
     dt /fs             :     5.0
     dumpstep(trj) /fs  :     100
     dumpstep(Vbias)/ps :     1.0
     Vbias prefactor(k) :  0.1300
     Vbias exponent(α)  :    0.80
*Meta-MD 6 finished*
Starting Meta-MD   8 with the settings:
     MD time /ps        :     5.0
     dt /fs             :     5.0
     dumpstep(trj) /fs  :     100
     dumpstep(Vbias)/ps :     1.0
     Vbias prefactor(k) :  0.0390
*Meta-MD 3 finished*
     Vbias exponent(α)  :    0.47
Starting Meta-MD   9 with the settings:
     MD time /ps        :     5.0
     dt /fs             :     5.0
     dumpstep(trj) /fs  :     100
     dumpstep(Vbias)/ps :     1.0
     Vbias prefactor(k) :  0.0195
     Vbias exponent(α)  :    0.47
*Meta-MD 4 finished*
Starting Meta-MD  10 with the settings:
     MD time /ps        :     5.0
     dt /fs             :     5.0
     dumpstep(trj) /fs  :     100
     dumpstep(Vbias)/ps :     1.0
     Vbias prefactor(k) :  0.0780
     Vbias exponent(α)  :    0.28
*Meta-MD 2 finished*
Starting Meta-MD  11 with the settings:
     MD time /ps        :     5.0
     dt /fs             :     5.0
     dumpstep(trj) /fs  :     100
     dumpstep(Vbias)/ps :     1.0
     Vbias prefactor(k) :  0.0390
*Meta-MD 1 finished*
     Vbias exponent(α)  :    0.28
*Meta-MD 14 finished*
Starting Meta-MD  12 with the settings:
     MD time /ps        :     5.0
     dt /fs             :     5.0
     dumpstep(trj) /fs  :     100
     dumpstep(Vbias)/ps :     1.0
     Vbias prefactor(k) :  0.0195
     Vbias exponent(α)  :    0.28
Starting Meta-MD  13 with the settings:
     MD time /ps        :     5.0
     dt /fs             :     5.0
     dumpstep(trj) /fs  :     100
     dumpstep(Vbias)/ps :     1.0
     Vbias prefactor(k) :  0.0260
     Vbias exponent(α)  :    0.10
*Meta-MD 7 finished*
*Meta-MD 5 finished*
*Meta-MD 11 finished*
*Meta-MD 9 finished*
*Meta-MD 12 finished*
*Meta-MD 8 finished*
*Meta-MD 13 finished*
*Meta-MD 10 finished*
 
-----------------------
Multilevel Optimization
-----------------------
 
 -------------------------
 1. crude pre-optimization
 -------------------------
 writing TMPCONF* Dirs from file "crest_rotamers_0.xyz" ... done.
 Starting optimization of generated structures
 686 jobs to do.
 1 2 3 4 5 6 7 8 9 10 11 12 13 14 15 16 17 18 19 20 21 22 23 24 25 26 27 28 29 30 31 32 33 34 35 36 37 38 39 40 41 42 43 44 45 46 47 48 49 50 51 52 53 54 55 56 57 58 59 60 61 62 63 64 65 66 67 68 69 70 71 72 73 74 75 76 77 78 79 80 81 82 83 84 85 86 87 88 89 90 91 92 93 94 95 96 97 98 99 100 101 102 103 104 105 106 107 108 109 110 111 112 113 114 115 116 117 118 119 120 121 122 123 124 125 126 127 128 129 130 131 132 133 134 135 136 137 138 139 140 141 142 143 144 145 146 147 148 149 150 151 152 153 154 155 156 157 158 159 160 161 162 163 164 165 166 167 168 169 170 171 172 173 174 175 176 177 178 179 180 181 182 183 184 185 186 187 188 189 190 191 192 193 194 195 196 197 198 199 200 201 202 203 204 205 206 207 208 209 210 211 212 213 214 215 216 217 218 219 220 221 222 223 224 225 226 227 228 229 230 231 232 233 234 235 236 237 238 239 240 241 242 243 244 245 246 247 248 249 250 251 252 253 254 255 256 257 258 259 260 261 262 263 264 265 266 267 268 269 270 271 272 273 274 275 276 277 278 279 280 281 282 283 284 285 286 287 288 289 290 291 292 293 294 295 296 297 298 299 300 301 302 303 304 305 306 307 308 309 310 311 312 313 314 315 316 317 318 319 320 321 322 323 324 325 326 327 328 329 330 331 332 333 334 335 336 337 338 339 340 341 342 343 344 345 346 347 348 349 350 351 352 353 354 355 356 357 358 359 360 361 362 363 364 365 366 367 368 369 370 371 372 373 374 375 376 377 378 379 380 381 382 383 384 385 386 387 388 389 390 391 392 393 394 395 396 397 398 399 400 401 402 403 404 405 406 407 408 409 410 411 412 413 414 415 416 417 418 419 420 421 422 423 424 425 426 427 428 429 430 431 432 433 434 435 436 437 438 439 440 441 442 443 444 445 446 447 448 449 450 451 452 453 454 455 456 457 458 459 460 461 462 463 464 465 466 467 468 469 470 471 472 473 474 475 476 477 478 479 480 481 482 483 484 485 486 487 488 489 490 491 492 493 494 495 496 497 498 499 500 501 502 503 504 505 506 507 508 509 510 511 512 513 514 515 516 517 518 519 520 521 522 523 524 525 526 527 528 529 530 531 532 533 534 535 536 537 538 539 540 541 542 543 544 545 546 547 548 549 550 551 552 553 554 555 556 557 558 559 560 561 562 563 564 565 566 567 568 569 570 571 572 573 574 575 576 577 578 579 580 581 582 583 584 585 586 587 588 589 590 591 592 593 594 595 596 597 598 599 600 601 602 603 604 605 606 607 608 609 610 611 612 613 614 615 616 617 618 619 620 621 622 623 624 625 626 627 628 629 630 631 632 633 634 635 636 637 638 639 640 641 642 643 644 645 646 647 648 649 650 651 652 653 654 655 656 657 658 659 660 661 662 663 664 665 666 667 668 669 670 671 672 673 674 675 676 677 678 679 680 681 682 683 684 685 686 
 done.
 Now appending opt.xyz file with new structures
 running RMSDs...
 done.
 E lowest :   -33.42278
 503 structures remain within    12.00 kcal/mol window
 
 -------------------------------------
 2. optimization with tight thresholds
 -------------------------------------
 writing TMPCONF* Dirs from file "crest_rotamers_1.xyz" ... done.
 Starting optimization of generated structures
 504 jobs to do.
 1 2 3 4 5 6 7 8 9 10 11 12 13 14 15 16 17 18 19 20 21 22 23 24 25 26 27 28 29 30 31 32 33 34 35 36 37 38 39 40 41 42 43 44 45 46 47 48 49 50 51 52 53 54 55 56 57 58 59 60 61 62 63 64 65 66 67 68 69 70 71 72 73 74 75 76 77 78 79 80 81 82 83 84 85 86 87 88 89 90 91 92 93 94 95 96 97 98 99 100 101 102 103 104 105 106 107 108 109 110 111 112 113 114 115 116 117 118 119 120 121 122 123 124 125 126 127 128 129 130 131 132 133 134 135 136 137 138 139 140 141 142 143 144 145 146 147 148 149 150 151 152 153 154 155 156 157 158 159 160 161 162 163 164 165 166 167 168 169 170 171 172 173 174 175 176 177 178 179 180 181 182 183 184 185 186 187 188 189 190 191 192 193 194 195 196 197 198 199 200 201 202 203 204 205 206 207 208 209 210 211 212 213 214 215 216 217 218 219 220 221 222 223 224 225 226 227 228 229 230 231 232 233 234 235 236 237 238 239 240 241 242 243 244 245 246 247 248 249 250 251 252 253 254 255 256 257 258 259 260 261 262 263 264 265 266 267 268 269 270 271 272 273 274 275 276 277 278 279 280 281 282 283 284 285 286 287 288 289 290 291 292 293 294 295 296 297 298 299 300 301 302 303 304 305 306 307 308 309 310 311 312 313 314 315 316 317 318 319 320 321 322 323 324 325 326 327 328 329 330 331 332 333 334 335 336 337 338 339 340 341 342 343 344 345 346 347 348 349 350 351 352 353 354 355 356 357 358 359 360 361 362 363 364 365 366 367 368 369 370 371 372 373 374 375 376 377 378 379 380 381 382 383 384 385 386 387 388 389 390 391 392 393 394 395 396 397 398 399 400 401 402 403 404 405 406 407 408 409 410 411 412 413 414 415 416 417 418 419 420 421 422 423 424 425 426 427 428 429 430 431 432 433 434 435 436 437 438 439 440 441 442 443 444 445 446 447 448 449 450 451 452 453 454 455 456 457 458 459 460 461 462 463 464 465 466 467 468 469 470 471 472 473 474 475 476 477 478 479 480 481 482 483 484 485 486 487 488 489 490 491 492 493 494 495 496 497 498 499 500 501 502 503 504 
 done.
 Now appending opt.xyz file with new structures
 running RMSDs...
 done.
 E lowest :   -33.42297
 284 structures remain within     6.00 kcal/mol window
 
 
========================================
            MTD Iteration  2
========================================
 
     ========================================
     |         Meta-MD (MTD) Sampling       |
     ========================================
 
Starting Meta-MD   1 with the settings:
     MD time /ps        :     5.0
     dt /fs             :     5.0
     dumpstep(trj) /fs  :     100
     dumpstep(Vbias)/ps :     1.0
     Vbias prefactor(k) :  0.0780
     Vbias exponent(α)  :    1.30
Starting Meta-MD   2 with the settings:
     MD time /ps        :     5.0
     dt /fs             :     5.0
     dumpstep(trj) /fs  :     100
     dumpstep(Vbias)/ps :     1.0
     Vbias prefactor(k) :  0.0390
     Vbias exponent(α)  :    1.30
Starting Meta-MD   3 with the settings:
     MD time /ps        :     5.0
     dt /fs             :     5.0
     dumpstep(trj) /fs  :     100
     dumpstep(Vbias)/ps :     1.0
     Vbias prefactor(k) :  0.0195
     Vbias exponent(α)  :    1.30
Starting Meta-MD   4 with the settings:
     MD time /ps        :     5.0
     dt /fs             :     5.0
     dumpstep(trj) /fs  :     100
     dumpstep(Vbias)/ps :     1.0
     Vbias prefactor(k) :  0.0780
     Vbias exponent(α)  :    0.78
Starting Meta-MD  12 with the settings:
     MD time /ps        :     5.0
     dt /fs             :     5.0
     dumpstep(trj) /fs  :     100
     dumpstep(Vbias)/ps :     1.0
     Vbias prefactor(k) :  0.0195
     Vbias exponent(α)  :    0.28
Starting Meta-MD   5 with the settings:
     MD time /ps        :     5.0
     dt /fs             :     5.0
     dumpstep(trj) /fs  :     100
     dumpstep(Vbias)/ps :     1.0
     Vbias prefactor(k) :  0.0390
     Vbias exponent(α)  :    0.78
Starting Meta-MD   6 with the settings:
     MD time /ps        :     5.0
     dt /fs             :     5.0
     dumpstep(trj) /fs  :     100
     dumpstep(Vbias)/ps :     1.0
     Vbias prefactor(k) :  0.0195
     Vbias exponent(α)  :    0.78
Starting Meta-MD   7 with the settings:
     MD time /ps        :     5.0
     dt /fs             :     5.0
     dumpstep(trj) /fs  :     100
     dumpstep(Vbias)/ps :     1.0
     Vbias prefactor(k) :  0.0780
     Vbias exponent(α)  :    0.47
*Meta-MD 12 finished*
Starting Meta-MD  11 with the settings:
     MD time /ps        :     5.0
     dt /fs             :     5.0
     dumpstep(trj) /fs  :     100
     dumpstep(Vbias)/ps :     1.0
     Vbias prefactor(k) :  0.0390
     Vbias exponent(α)  :    0.28
*Meta-MD 3 finished*
Starting Meta-MD   8 with the settings:
     MD time /ps        :     5.0
     dt /fs             :     5.0
     dumpstep(trj) /fs  :     100
     dumpstep(Vbias)/ps :     1.0
     Vbias prefactor(k) :  0.0390
     Vbias exponent(α)  :    0.47
*Meta-MD 6 finished*
Starting Meta-MD   9 with the settings:
     MD time /ps        :     5.0
     dt /fs             :     5.0
     dumpstep(trj) /fs  :     100
     dumpstep(Vbias)/ps :     1.0
     Vbias prefactor(k) :  0.0195
     Vbias exponent(α)  :    0.47
*Meta-MD 4 finished*
Starting Meta-MD  10 with the settings:
     MD time /ps        :     5.0
     dt /fs             :     5.0
     dumpstep(trj) /fs  :     100
     dumpstep(Vbias)/ps :     1.0
     Vbias prefactor(k) :  0.0780
     Vbias exponent(α)  :    0.28
*Meta-MD 1 finished*
*Meta-MD 2 finished*
*Meta-MD 7 finished*
*Meta-MD 5 finished*
*Meta-MD 10 finished*
*Meta-MD 9 finished*
*Meta-MD 11 finished*
*Meta-MD 8 finished*
 
-----------------------
Multilevel Optimization
-----------------------
 
 -------------------------
 1. crude pre-optimization
 -------------------------
 writing TMPCONF* Dirs from file "crest_rotamers_0.xyz" ... done.
 Starting optimization of generated structures
 588 jobs to do.
 1 2 3 4 5 6 7 8 9 10 11 12 13 14 15 16 17 18 19 20 21 22 23 24 25 26 27 28 29 30 31 32 33 34 35 36 37 38 39 40 41 42 43 44 45 46 47 48 49 50 51 52 53 54 55 56 57 58 59 60 61 62 63 64 65 66 67 68 69 70 71 72 73 74 75 76 77 78 79 80 81 82 83 84 85 86 87 88 89 90 91 92 93 94 95 96 97 98 99 100 101 102 103 104 105 106 107 108 109 110 111 112 113 114 115 116 117 118 119 120 121 122 123 124 125 126 127 128 129 130 131 132 133 134 135 136 137 138 139 140 141 142 143 144 145 146 147 148 149 150 151 152 153 154 155 156 157 158 159 160 161 162 163 164 165 166 167 168 169 170 171 172 173 174 175 176 177 178 179 180 181 182 183 184 185 186 187 188 189 190 191 192 193 194 195 196 197 198 199 200 201 202 203 204 205 206 207 208 209 210 211 212 213 214 215 216 217 218 219 220 221 222 223 224 225 226 227 228 229 230 231 232 233 234 235 236 237 238 239 240 241 242 243 244 245 246 247 248 249 250 251 252 253 254 255 256 257 258 259 260 261 262 263 264 265 266 267 268 269 270 271 272 273 274 275 276 277 278 279 280 281 282 283 284 285 286 287 288 289 290 291 292 293 294 295 296 297 298 299 300 301 302 303 304 305 306 307 308 309 310 311 312 313 314 315 316 317 318 319 320 321 322 323 324 325 326 327 328 329 330 331 332 333 334 335 336 337 338 339 340 341 342 343 344 345 346 347 348 349 350 351 352 353 354 355 356 357 358 359 360 361 362 363 364 365 366 367 368 369 370 371 372 373 374 375 376 377 378 379 380 381 382 383 384 385 386 387 388 389 390 391 392 393 394 395 396 397 398 399 400 401 402 403 404 405 406 407 408 409 410 411 412 413 414 415 416 417 418 419 420 421 422 423 424 425 426 427 428 429 430 431 432 433 434 435 436 437 438 439 440 441 442 443 444 445 446 447 448 449 450 451 452 453 454 455 456 457 458 459 460 461 462 463 464 465 466 467 468 469 470 471 472 473 474 475 476 477 478 479 480 481 482 483 484 485 486 487 488 489 490 491 492 493 494 495 496 497 498 499 500 501 502 503 504 505 506 507 508 509 510 511 512 513 514 515 516 517 518 519 520 521 522 523 524 525 526 527 528 529 530 531 532 533 534 535 536 537 538 539 540 541 542 543 544 545 546 547 548 549 550 551 552 553 554 555 556 557 558 559 560 561 562 563 564 565 566 567 568 569 570 571 572 573 574 575 576 577 578 579 580 581 582 583 584 585 586 587 588 
 done.
 Now appending opt.xyz file with new structures
 running RMSDs...
 done.
 E lowest :   -33.42273
 454 structures remain within    12.00 kcal/mol window
 
 -------------------------------------
 2. optimization with tight thresholds
 -------------------------------------
 writing TMPCONF* Dirs from file "crest_rotamers_1.xyz" ... done.
 Starting optimization of generated structures
 455 jobs to do.
 1 2 3 4 5 6 7 8 9 10 11 12 13 14 15 16 17 18 19 20 21 22 23 24 25 26 27 28 29 30 31 32 33 34 35 36 37 38 39 40 41 42 43 44 45 46 47 48 49 50 51 52 53 54 55 56 57 58 59 60 61 62 63 64 65 66 67 68 69 70 71 72 73 74 75 76 77 78 79 80 81 82 83 84 85 86 87 88 89 90 91 92 93 94 95 96 97 98 99 100 101 102 103 104 105 106 107 108 109 110 111 112 113 114 115 116 117 118 119 120 121 122 123 124 125 126 127 128 129 130 131 132 133 134 135 136 137 138 139 140 141 142 143 144 145 146 147 148 149 150 151 152 153 154 155 156 157 158 159 160 161 162 163 164 165 166 167 168 169 170 171 172 173 174 175 176 177 178 179 180 181 182 183 184 185 186 187 188 189 190 191 192 193 194 195 196 197 198 199 200 201 202 203 204 205 206 207 208 209 210 211 212 213 214 215 216 217 218 219 220 221 222 223 224 225 226 227 228 229 230 231 232 233 234 235 236 237 238 239 240 241 242 243 244 245 246 247 248 249 250 251 252 253 254 255 256 257 258 259 260 261 262 263 264 265 266 267 268 269 270 271 272 273 274 275 276 277 278 279 280 281 282 283 284 285 286 287 288 289 290 291 292 293 294 295 296 297 298 299 300 301 302 303 304 305 306 307 308 309 310 311 312 313 314 315 316 317 318 319 320 321 322 323 324 325 326 327 328 329 330 331 332 333 334 335 336 337 338 339 340 341 342 343 344 345 346 347 348 349 350 351 352 353 354 355 356 357 358 359 360 361 362 363 364 365 366 367 368 369 370 371 372 373 374 375 376 377 378 379 380 381 382 383 384 385 386 387 388 389 390 391 392 393 394 395 396 397 398 399 400 401 402 403 404 405 406 407 408 409 410 411 412 413 414 415 416 417 418 419 420 421 422 423 424 425 426 427 428 429 430 431 432 433 434 435 436 437 438 439 440 441 442 443 444 445 446 447 448 449 450 451 452 453 454 455 
 done.
 Now appending opt.xyz file with new structures
 running RMSDs...
 done.
 E lowest :   -33.42297
 271 structures remain within     6.00 kcal/mol window
 
========================================
            MTD Iterations done         
========================================
 Collecting ensmbles.
 running RMSDs...
 done.
 E lowest :   -33.42297
 444 structures remain within     6.00 kcal/mol window
 
-----------------------------------------------
Additional regular MDs on lowest 4 conformer(s)
-----------------------------------------------
Starting MD   8 with the settings:
     MD time /ps        :     2.5
     MD Temperature /K  :   500.0
     dt /fs             :     5.0
     dumpstep(trj) /fs  :     100
Starting MD   1 with the settings:
     MD time /ps        :     2.5
     MD Temperature /K  :   400.0
     dt /fs             :     5.0
     dumpstep(trj) /fs  :     100
Starting MD   2 with the settings:
     MD time /ps        :     2.5
     MD Temperature /K  :   500.0
     dt /fs             :     5.0
     dumpstep(trj) /fs  :     100
Starting MD   3 with the settings:
     MD time /ps        :     2.5
     MD Temperature /K  :   400.0
     dt /fs             :     5.0
     dumpstep(trj) /fs  :     100
Starting MD   4 with the settings:
     MD time /ps        :     2.5
     MD Temperature /K  :   500.0
     dt /fs             :     5.0
     dumpstep(trj) /fs  :     100
Starting MD   5 with the settings:
     MD time /ps        :     2.5
     MD Temperature /K  :   400.0
     dt /fs             :     5.0
     dumpstep(trj) /fs  :     100
Starting MD   6 with the settings:
     MD time /ps        :     2.5
     MD Temperature /K  :   500.0
     dt /fs             :     5.0
     dumpstep(trj) /fs  :     100
Starting MD   7 with the settings:
     MD time /ps        :     2.5
     MD Temperature /K  :   400.0
     dt /fs             :     5.0
     dumpstep(trj) /fs  :     100
*MD 5 finished*
*MD 3 finished*
*MD 2 finished*
*MD 8 finished*
*MD 1 finished*
*MD 7 finished*
*MD 4 finished*
*MD 6 finished*
 Appending file crest_rotamers_1.xyz with new structures
 
 -------------------------------------------
 Ensemble optimization with tight thresholds
 -------------------------------------------
 writing TMPCONF* Dirs from file "crest_rotamers_1.xyz" ... done.
 Starting optimization of generated structures
 636 jobs to do.
 1 2 3 4 5 6 7 8 9 10 11 12 13 14 15 16 17 18 19 20 21 22 23 24 25 26 27 28 29 30 31 32 33 34 35 36 37 38 39 40 41 42 43 44 45 46 47 48 49 50 51 52 53 54 55 56 57 58 59 60 61 62 63 64 65 66 67 68 69 70 71 72 73 74 75 76 77 78 79 80 81 82 83 84 85 86 87 88 89 90 91 92 93 94 95 96 97 98 99 100 101 102 103 104 105 106 107 108 109 110 111 112 113 114 115 116 117 118 119 120 121 122 123 124 125 126 127 128 129 130 131 132 133 134 135 136 137 138 139 140 141 142 143 144 145 146 147 148 149 150 151 152 153 154 155 156 157 158 159 160 161 162 163 164 165 166 167 168 169 170 171 172 173 174 175 176 177 178 179 180 181 182 183 184 185 186 187 188 189 190 191 192 193 194 195 196 197 198 199 200 201 202 203 204 205 206 207 208 209 210 211 212 213 214 215 216 217 218 219 220 221 222 223 224 225 226 227 228 229 230 231 232 233 234 235 236 237 238 239 240 241 242 243 244 245 246 247 248 249 250 251 252 253 254 255 256 257 258 259 260 261 262 263 264 265 266 267 268 269 270 271 272 273 274 275 276 277 278 279 280 281 282 283 284 285 286 287 288 289 290 291 292 293 294 295 296 297 298 299 300 301 302 303 304 305 306 307 308 309 310 311 312 313 314 315 316 317 318 319 320 321 322 323 324 325 326 327 328 329 330 331 332 333 334 335 336 337 338 339 340 341 342 343 344 345 346 347 348 349 350 351 352 353 354 355 356 357 358 359 360 361 362 363 364 365 366 367 368 369 370 371 372 373 374 375 376 377 378 379 380 381 382 383 384 385 386 387 388 389 390 391 392 393 394 395 396 397 398 399 400 401 402 403 404 405 406 407 408 409 410 411 412 413 414 415 416 417 418 419 420 421 422 423 424 425 426 427 428 429 430 431 432 433 434 435 436 437 438 439 440 441 442 443 444 445 446 447 448 449 450 451 452 453 454 455 456 457 458 459 460 461 462 463 464 465 466 467 468 469 470 471 472 473 474 475 476 477 478 479 480 481 482 483 484 485 486 487 488 489 490 491 492 493 494 495 496 497 498 499 500 501 502 503 504 505 506 507 508 509 510 511 512 513 514 515 516 517 518 519 520 521 522 523 524 525 526 527 528 529 530 531 532 533 534 535 536 537 538 539 540 541 542 543 544 545 546 547 548 549 550 551 552 553 554 555 556 557 558 559 560 561 562 563 564 565 566 567 568 569 570 571 572 573 574 575 576 577 578 579 580 581 582 583 584 585 586 587 588 589 590 591 592 593 594 595 596 597 598 599 600 601 602 603 604 605 606 607 608 609 610 611 612 613 614 615 616 617 618 619 620 621 622 623 624 625 626 627 628 629 630 631 632 633 634 635 636 
 done.
 Now appending opt.xyz file with new structures
 running RMSDs...
 done.
 E lowest :   -33.42297
 463 structures remain within     6.00 kcal/mol window
 
 
     ========================================
     |        Structure Crossing (GC)       |
     ========================================
 =============================
  # threads =           8
 =============================
 input  file name : crest_rotamers_3.xyz
number of atoms                :    26
number of points on xyz files  :   463
conformer energy window  /kcal :    6.00
CN per atom difference cut-off :  0.3000
RMSD threshold                 :  0.2500
max. # of generated structures : 250
 reading xyz file ...
 # in E window                463
 generating pairs ...      107415
  37.1 % done
  39.5 % done
  50.5 % done
  96.1 % done
 generated pairs           :      106953
 number of clash discarded :           0
 average rmsd w.r.t input  : 1.95659
 sd of ensemble            : 0.33055
 number of new structures      :           9
 removed identical structures  :         491
 writing            9  TMPCONF* dirs ...
 --------------------------
 GC: loose pre-optimization
 --------------------------
 Starting optimization of generated structures
 9 jobs to do.
 1 2 3 4 5 6 7 8 9 
 done.
 Now appending opt.xyz file with new structures
 running RMSDs...
 done.
 E lowest :   -33.42089
 8 structures remain within    10.00 kcal/mol window
 --------------------------------------
 GC: optimization with tight thresholds
 --------------------------------------
 writing TMPCONF* Dirs from file "crest_rotamers_1.xyz" ... done.
 Starting optimization of generated structures
 8 jobs to do.
 1 2 3 4 5 6 7 8 
 done.
 Now appending opt.xyz file with new structures
 running RMSDs...
 done.
 E lowest :   -33.42297
 
 
   ================================================
   |           Final Geometry Optimization        |
   ================================================
 ---------------------
 Ensemble optimization
 ---------------------
 writing TMPCONF* Dirs from file "crest_rotamers_4.xyz" ... done.
 Starting optimization of generated structures
 464 jobs to do.
 1 2 3 4 5 6 7 8 9 10 11 12 13 14 15 16 17 18 19 20 21 22 23 24 25 26 27 28 29 30 31 32 33 34 35 36 37 38 39 40 41 42 43 44 45 46 47 48 49 50 51 52 53 54 55 56 57 58 59 60 61 62 63 64 65 66 67 68 69 70 71 72 73 74 75 76 77 78 79 80 81 82 83 84 85 86 87 88 89 90 91 92 93 94 95 96 97 98 99 100 101 102 103 104 105 106 107 108 109 110 111 112 113 114 115 116 117 118 119 120 121 122 123 124 125 126 127 128 129 130 131 132 133 134 135 136 137 138 139 140 141 142 143 144 145 146 147 148 149 150 151 152 153 154 155 156 157 158 159 160 161 162 163 164 165 166 167 168 169 170 171 172 173 174 175 176 177 178 179 180 181 182 183 184 185 186 187 188 189 190 191 192 193 194 195 196 197 198 199 200 201 202 203 204 205 206 207 208 209 210 211 212 213 214 215 216 217 218 219 220 221 222 223 224 225 226 227 228 229 230 231 232 233 234 235 236 237 238 239 240 241 242 243 244 245 246 247 248 249 250 251 252 253 254 255 256 257 258 259 260 261 262 263 264 265 266 267 268 269 270 271 272 273 274 275 276 277 278 279 280 281 282 283 284 285 286 287 288 289 290 291 292 293 294 295 296 297 298 299 300 301 302 303 304 305 306 307 308 309 310 311 312 313 314 315 316 317 318 319 320 321 322 323 324 325 326 327 328 329 330 331 332 333 334 335 336 337 338 339 340 341 342 343 344 345 346 347 348 349 350 351 352 353 354 355 356 357 358 359 360 361 362 363 364 365 366 367 368 369 370 371 372 373 374 375 376 377 378 379 380 381 382 383 384 385 386 387 388 389 390 391 392 393 394 395 396 397 398 399 400 401 402 403 404 405 406 407 408 409 410 411 412 413 414 415 416 417 418 419 420 421 422 423 424 425 426 427 428 429 430 431 432 433 434 435 436 437 438 439 440 441 442 443 444 445 446 447 448 449 450 451 452 453 454 455 456 457 458 459 460 461 462 463 464 
 done.
 Now appending opt.xyz file with new structures
 running RMSDs...
 done.
 E lowest :   -33.42297
 463 structures remain within     6.00 kcal/mol window
 
-------------------------------------
CREGEN - CONFORMER SYMMETRY ANALYSIS
-------------------------------------
 =============================
  # threads =           8
 =============================
 input  file name : crest_rotamers_5.xyz
 output file name : crest_rotamers_6.xyz
 number of atoms                :    26
 number of points on xyz files  :   464
 RMSD threshold                 :   0.1250
 Bconst threshold               :  15.0000
 population threshold           :   0.0500
 conformer energy window  /kcal :   6.0000
 # fragment in coord            :     1
 number of reliable points      :   464
 reference state Etot :  -33.4229698244000
 number of doubles removed by rot/RMSD         :           1
 total number unique points considered further :         463
   Erel/kcal     Etot      weight/tot conformer  set degen    origin
    1   0.000   -33.42297    0.00964    0.71940    1   75     mtd6
    2   0.000   -33.42297    0.00964                          mtd1
    3   0.000   -33.42297    0.00963                          md7
    4   0.000   -33.42297    0.00963                          md4
    5   0.000   -33.42297    0.00963                          md1
    6   0.000   -33.42297    0.00963                          md2
    7   0.000   -33.42297    0.00963                          mtd8
    8   0.000   -33.42297    0.00963                          mtd10
    9   0.000   -33.42297    0.00963                          mtd9
   10   0.000   -33.42297    0.00963                          mtd11
   11   0.000   -33.42297    0.00963                          mtd5
   12   0.000   -33.42297    0.00963                          mtd5
   13   0.000   -33.42297    0.00963                          mtd11
   14   0.000   -33.42297    0.00963                          mtd1
   15   0.000   -33.42297    0.00963                          mtd3
   16   0.000   -33.42297    0.00963                          mtd8
   17   0.000   -33.42297    0.00963                          mtd4
   18   0.000   -33.42297    0.00963                          mtd9
   19   0.000   -33.42297    0.00963                          mtd5
   20   0.001   -33.42297    0.00963                          mtd6
   21   0.001   -33.42297    0.00963                          mtd4
   22   0.001   -33.42297    0.00963                          mtd8
   23   0.001   -33.42297    0.00962                          mtd13
   24   0.001   -33.42297    0.00962                          mtd8
   25   0.001   -33.42297    0.00962                          md1
   26   0.001   -33.42297    0.00962                          mtd5
   27   0.001   -33.42297    0.00962                          md7
   28   0.001   -33.42297    0.00962                          mtd10
   29   0.001   -33.42297    0.00962                          mtd12
   30   0.001   -33.42297    0.00962                          mtd5
   31   0.001   -33.42297    0.00962                          mtd13
   32   0.001   -33.42297    0.00962                          mtd8
   33   0.001   -33.42297    0.00962                          mtd6
   34   0.001   -33.42297    0.00962                          md8
   35   0.001   -33.42297    0.00962                          mtd8
   36   0.001   -33.42297    0.00962                          mtd4
   37   0.001   -33.42297    0.00961                          mtd8
   38   0.001   -33.42297    0.00961                          md3
   39   0.001   -33.42297    0.00961                          mtd10
   40   0.002   -33.42297    0.00961                          mtd11
   41   0.002   -33.42297    0.00961                          mtd9
   42   0.002   -33.42297    0.00961                          mtd4
   43   0.002   -33.42297    0.00961                          mtd9
   44   0.002   -33.42297    0.00961                          mtd8
   45   0.002   -33.42297    0.00961                          mtd7
   46   0.002   -33.42297    0.00961                          mtd3
   47   0.002   -33.42297    0.00961                          mtd4
   48   0.002   -33.42297    0.00960                          mtd11
   49   0.002   -33.42297    0.00960                          mtd6
   50   0.002   -33.42297    0.00960                          mtd14
   51   0.002   -33.42297    0.00960                          mtd11
   52   0.002   -33.42297    0.00960                          md3
   53   0.002   -33.42297    0.00960                          md6
   54   0.003   -33.42297    0.00959                          md7
   55   0.003   -33.42297    0.00959                          md5
   56   0.003   -33.42296    0.00958                          mtd9
   57   0.003   -33.42296    0.00958                          mtd7
   58   0.003   -33.42296    0.00958                          mtd1
   59   0.004   -33.42296    0.00958                          mtd4
   60   0.004   -33.42296    0.00957                          mtd13
   61   0.004   -33.42296    0.00957                          mtd11
   62   0.005   -33.42296    0.00956                          mtd10
   63   0.005   -33.42296    0.00956                          mtd6
   64   0.005   -33.42296    0.00955                          mtd8
   65   0.006   -33.42296    0.00953                          mtd9
   66   0.007   -33.42296    0.00952                          mtd12
   67   0.009   -33.42296    0.00949                          mtd14
   68   0.009   -33.42296    0.00949                          mtd7
   69   0.009   -33.42296    0.00949                          md3
   70   0.010   -33.42295    0.00948                          mtd4
   71   0.010   -33.42295    0.00947                          mtd11
   72   0.011   -33.42295    0.00946                          mtd9
   73   0.012   -33.42295    0.00945                          mtd11
   74   0.013   -33.42295    0.00943                          mtd7
   75   0.013   -33.42295    0.00942                          mtd2
   76   1.250   -33.42098    0.00117    0.26194    2  224     md1
   77   1.250   -33.42098    0.00117                          mtd7
   78   1.250   -33.42098    0.00117                          mtd6
   79   1.250   -33.42098    0.00117                          mtd4
   80   1.250   -33.42098    0.00117                          mtd7
   81   1.250   -33.42098    0.00117                          mtd9
   82   1.250   -33.42098    0.00117                          md2
   83   1.250   -33.42098    0.00117                          mtd6
   84   1.250   -33.42098    0.00117                          mtd2
   85   1.250   -33.42098    0.00117                          mtd1
   86   1.250   -33.42098    0.00117                          mtd12
   87   1.250   -33.42098    0.00117                          mtd12
   88   1.250   -33.42098    0.00117                          mtd12
   89   1.250   -33.42098    0.00117                          md8
   90   1.250   -33.42098    0.00117                          mtd9
   91   1.250   -33.42098    0.00117                          mtd6
   92   1.250   -33.42098    0.00117                          mtd1
   93   1.250   -33.42098    0.00117                          mtd7
   94   1.250   -33.42098    0.00117                          mtd13
   95   1.250   -33.42098    0.00117                          mtd11
   96   1.250   -33.42098    0.00117                          mtd7
   97   1.250   -33.42098    0.00117                          mtd4
   98   1.250   -33.42098    0.00117                          mtd11
   99   1.250   -33.42098    0.00117                          mtd4
  100   1.250   -33.42098    0.00117                          mtd5
  101   1.250   -33.42098    0.00117                          mtd3
  102   1.250   -33.42098    0.00117                          mtd8
  103   1.250   -33.42098    0.00117                          md2
  104   1.250   -33.42098    0.00117                          md8
  105   1.250   -33.42098    0.00117                          mtd3
  106   1.250   -33.42098    0.00117                          mtd2
  107   1.250   -33.42098    0.00117                          mtd11
  108   1.250   -33.42098    0.00117                          mtd11
  109   1.250   -33.42098    0.00117                          mtd9
  110   1.250   -33.42098    0.00117                          mtd1
  111   1.250   -33.42098    0.00117                          mtd10
  112   1.250   -33.42098    0.00117                          mtd4
  113   1.250   -33.42098    0.00117                          mtd1
  114   1.250   -33.42098    0.00117                          mtd4
  115   1.250   -33.42098    0.00117                          mtd12
  116   1.250   -33.42098    0.00117                          mtd3
  117   1.250   -33.42098    0.00117                          mtd9
  118   1.250   -33.42098    0.00117                          mtd3
  119   1.250   -33.42098    0.00117                          mtd3
  120   1.250   -33.42098    0.00117                          mtd11
  121   1.250   -33.42098    0.00117                          mtd6
  122   1.250   -33.42098    0.00117                          mtd11
  123   1.250   -33.42098    0.00117                          mtd6
  124   1.250   -33.42098    0.00117                          md3
  125   1.250   -33.42098    0.00117                          mtd7
  126   1.250   -33.42098    0.00117                          mtd8
  127   1.250   -33.42098    0.00117                          mtd12
  128   1.250   -33.42098    0.00117                          mtd2
  129   1.250   -33.42098    0.00117                          mtd8
  130   1.250   -33.42098    0.00117                          mtd4
  131   1.250   -33.42098    0.00117                          mtd12
  132   1.250   -33.42098    0.00117                          mtd10
  133   1.250   -33.42098    0.00117                          md5
  134   1.250   -33.42098    0.00117                          mtd4
  135   1.250   -33.42098    0.00117                          md5
  136   1.250   -33.42098    0.00117                          mtd12
  137   1.250   -33.42098    0.00117                          mtd13
  138   1.250   -33.42098    0.00117                          mtd6
  139   1.250   -33.42098    0.00117                          mtd9
  140   1.250   -33.42098    0.00117                          mtd10
  141   1.250   -33.42098    0.00117                          mtd14
  142   1.250   -33.42098    0.00117                          md8
  143   1.250   -33.42098    0.00117                          mtd6
  144   1.250   -33.42098    0.00117                          mtd4
  145   1.250   -33.42098    0.00117                          mtd9
  146   1.250   -33.42098    0.00117                          mtd12
  147   1.250   -33.42098    0.00117                          mtd4
  148   1.250   -33.42098    0.00117                          mtd11
  149   1.250   -33.42098    0.00117                          mtd8
  150   1.250   -33.42098    0.00117                          mtd5
  151   1.250   -33.42098    0.00117                          md1
  152   1.250   -33.42098    0.00117                          mtd7
  153   1.250   -33.42098    0.00117                          mtd6
  154   1.250   -33.42098    0.00117                          mtd8
  155   1.250   -33.42098    0.00117                          mtd13
  156   1.250   -33.42098    0.00117                          mtd11
  157   1.250   -33.42098    0.00117                          mtd1
  158   1.250   -33.42098    0.00117                          mtd11
  159   1.250   -33.42098    0.00117                          md5
  160   1.250   -33.42098    0.00117                          md5
  161   1.250   -33.42098    0.00117                          md5
  162   1.250   -33.42098    0.00117                          mtd10
  163   1.250   -33.42098    0.00117                          mtd2
  164   1.250   -33.42098    0.00117                          gc
  165   1.250   -33.42098    0.00117                          mtd1
  166   1.250   -33.42098    0.00117                          mtd1
  167   1.250   -33.42098    0.00117                          mtd9
  168   1.250   -33.42098    0.00117                          mtd14
  169   1.250   -33.42098    0.00117                          mtd11
  170   1.250   -33.42098    0.00117                          md6
  171   1.250   -33.42098    0.00117                          mtd2
  172   1.250   -33.42098    0.00117                          mtd13
  173   1.250   -33.42098    0.00117                          mtd14
  174   1.250   -33.42098    0.00117                          mtd3
  175   1.250   -33.42098    0.00117                          mtd13
  176   1.250   -33.42098    0.00117                          mtd8
  177   1.250   -33.42098    0.00117                          mtd6
  178   1.250   -33.42098    0.00117                          md7
  179   1.250   -33.42098    0.00117                          mtd1
  180   1.250   -33.42098    0.00117                          mtd7
  181   1.250   -33.42098    0.00117                          mtd4
  182   1.250   -33.42098    0.00117                          mtd10
  183   1.250   -33.42098    0.00117                          mtd9
  184   1.250   -33.42098    0.00117                          mtd13
  185   1.250   -33.42098    0.00117                          mtd8
  186   1.250   -33.42098    0.00117                          mtd12
  187   1.250   -33.42098    0.00117                          mtd4
  188   1.250   -33.42098    0.00117                          mtd5
  189   1.250   -33.42098    0.00117                          mtd10
  190   1.250   -33.42098    0.00117                          mtd12
  191   1.250   -33.42098    0.00117                          mtd4
  192   1.250   -33.42098    0.00117                          mtd11
  193   1.250   -33.42098    0.00117                          mtd6
  194   1.250   -33.42098    0.00117                          mtd10
  195   1.250   -33.42098    0.00117                          mtd7
  196   1.250   -33.42098    0.00117                          mtd3
  197   1.250   -33.42098    0.00117                          mtd11
  198   1.250   -33.42098    0.00117                          mtd2
  199   1.250   -33.42098    0.00117                          mtd5
  200   1.250   -33.42098    0.00117                          mtd7
  201   1.250   -33.42098    0.00117                          mtd2
  202   1.250   -33.42098    0.00117                          mtd4
  203   1.250   -33.42098    0.00117                          mtd11
  204   1.250   -33.42098    0.00117                          mtd10
  205   1.250   -33.42098    0.00117                          mtd10
  206   1.250   -33.42098    0.00117                          mtd5
  207   1.250   -33.42098    0.00117                          md3
  208   1.250   -33.42098    0.00117                          mtd10
  209   1.250   -33.42098    0.00117                          mtd7
  210   1.250   -33.42098    0.00117                          mtd7
  211   1.250   -33.42098    0.00117                          mtd12
  212   1.250   -33.42098    0.00117                          mtd12
  213   1.250   -33.42098    0.00117                          mtd14
  214   1.250   -33.42098    0.00117                          mtd14
  215   1.250   -33.42098    0.00117                          mtd14
  216   1.250   -33.42098    0.00117                          mtd2
  217   1.250   -33.42098    0.00117                          md1
  218   1.250   -33.42098    0.00117                          mtd6
  219   1.250   -33.42098    0.00117                          mtd8
  220   1.250   -33.42098    0.00117                          mtd1
  221   1.250   -33.42098    0.00117                          mtd4
  222   1.250   -33.42098    0.00117                          mtd10
  223   1.251   -33.42098    0.00117                          mtd1
  224   1.251   -33.42098    0.00117                          mtd5
  225   1.251   -33.42098    0.00117                          mtd6
  226   1.251   -33.42098    0.00117                          mtd14
  227   1.251   -33.42098    0.00117                          mtd7
  228   1.251   -33.42098    0.00117                          mtd3
  229   1.251   -33.42098    0.00117                          mtd2
  230   1.251   -33.42098    0.00117                          mtd2
  231   1.251   -33.42098    0.00117                          mtd9
  232   1.251   -33.42098    0.00117                          mtd7
  233   1.251   -33.42098    0.00117                          mtd3
  234   1.251   -33.42098    0.00117                          mtd7
  235   1.251   -33.42098    0.00117                          md4
  236   1.251   -33.42098    0.00117                          mtd8
  237   1.251   -33.42098    0.00117                          mtd10
  238   1.251   -33.42098    0.00117                          mtd3
  239   1.251   -33.42098    0.00117                          mtd1
  240   1.251   -33.42098    0.00117                          gc
  241   1.251   -33.42098    0.00117                          mtd7
  242   1.251   -33.42098    0.00117                          mtd12
  243   1.251   -33.42098    0.00117                          mtd7
  244   1.251   -33.42098    0.00117                          md4
  245   1.251   -33.42098    0.00117                          md3
  246   1.251   -33.42098    0.00117                          mtd10
  247   1.251   -33.42098    0.00117                          mtd3
  248   1.251   -33.42098    0.00117                          mtd11
  249   1.251   -33.42098    0.00117                          mtd4
  250   1.251   -33.42098    0.00117                          md6
  251   1.251   -33.42098    0.00117                          mtd9
  252   1.251   -33.42098    0.00117                          mtd2
  253   1.251   -33.42098    0.00117                          mtd3
  254   1.251   -33.42098    0.00117                          mtd9
  255   1.251   -33.42098    0.00117                          mtd2
  256   1.251   -33.42098    0.00117                          mtd3
  257   1.251   -33.42098    0.00117                          mtd11
  258   1.251   -33.42098    0.00117                          mtd11
  259   1.251   -33.42098    0.00117                          mtd8
  260   1.251   -33.42098    0.00117                          mtd4
  261   1.251   -33.42098    0.00117                          mtd5
  262   1.251   -33.42098    0.00117                          mtd14
  263   1.251   -33.42098    0.00117                          mtd8
  264   1.251   -33.42098    0.00117                          mtd7
  265   1.252   -33.42098    0.00117                          mtd7
  266   1.252   -33.42098    0.00117                          mtd7
  267   1.252   -33.42098    0.00117                          mtd5
  268   1.252   -33.42098    0.00117                          mtd5
  269   1.252   -33.42098    0.00117                          md6
  270   1.252   -33.42098    0.00117                          mtd8
  271   1.252   -33.42098    0.00117                          mtd4
  272   1.252   -33.42097    0.00117                          mtd3
  273   1.252   -33.42097    0.00117                          mtd7
  274   1.252   -33.42097    0.00117                          gc
  275   1.252   -33.42097    0.00117                          mtd10
  276   1.252   -33.42097    0.00117                          mtd3
  277   1.252   -33.42097    0.00117                          mtd4
  278   1.252   -33.42097    0.00117                          mtd7
  279   1.252   -33.42097    0.00117                          mtd4
  280   1.252   -33.42097    0.00117                          mtd10
  281   1.252   -33.42097    0.00117                          mtd7
  282   1.252   -33.42097    0.00117                          mtd1
  283   1.252   -33.42097    0.00117                          mtd9
  284   1.252   -33.42097    0.00117                          mtd2
  285   1.252   -33.42097    0.00117                          md6
  286   1.252   -33.42097    0.00117                          mtd6
  287   1.253   -33.42097    0.00117                          mtd8
  288   1.253   -33.42097    0.00117                          mtd14
  289   1.253   -33.42097    0.00117                          mtd4
  290   1.253   -33.42097    0.00117                          mtd2
  291   1.253   -33.42097    0.00117                          mtd4
  292   1.253   -33.42097    0.00117                          mtd8
  293   1.253   -33.42097    0.00116                          mtd8
  294   1.253   -33.42097    0.00116                          mtd9
  295   1.253   -33.42097    0.00116                          mtd6
  296   1.253   -33.42097    0.00116                          mtd1
  297   1.253   -33.42097    0.00116                          mtd9
  298   1.253   -33.42097    0.00116                          mtd5
  299   1.253   -33.42097    0.00116                          mtd10
  300   2.522   -33.41895    0.00014    0.01268    3   93     mtd12
  301   2.522   -33.41895    0.00014                          mtd5
  302   2.522   -33.41895    0.00014                          mtd9
  303   2.522   -33.41895    0.00014                          mtd9
  304   2.522   -33.41895    0.00014                          md2
  305   2.522   -33.41895    0.00014                          mtd3
  306   2.522   -33.41895    0.00014                          mtd13
  307   2.522   -33.41895    0.00014                          mtd5
  308   2.522   -33.41895    0.00014                          mtd3
  309   2.522   -33.41895    0.00014                          mtd5
  310   2.522   -33.41895    0.00014                          mtd5
  311   2.522   -33.41895    0.00014                          mtd6
  312   2.522   -33.41895    0.00014                          mtd2
  313   2.522   -33.41895    0.00014                          mtd4
  314   2.522   -33.41895    0.00014                          mtd12
  315   2.522   -33.41895    0.00014                          mtd11
  316   2.522   -33.41895    0.00014                          mtd3
  317   2.523   -33.41895    0.00014                          mtd4
  318   2.523   -33.41895    0.00014                          mtd1
  319   2.523   -33.41895    0.00014                          mtd7
  320   2.523   -33.41895    0.00014                          mtd3
  321   2.523   -33.41895    0.00014                          mtd11
  322   2.523   -33.41895    0.00014                          mtd2
  323   2.523   -33.41895    0.00014                          mtd9
  324   2.523   -33.41895    0.00014                          mtd11
  325   2.523   -33.41895    0.00014                          mtd8
  326   2.523   -33.41895    0.00014                          mtd5
  327   2.523   -33.41895    0.00014                          mtd2
  328   2.523   -33.41895    0.00014                          mtd4
  329   2.523   -33.41895    0.00014                          mtd3
  330   2.523   -33.41895    0.00014                          md3
  331   2.523   -33.41895    0.00014                          mtd10
  332   2.523   -33.41895    0.00014                          mtd9
  333   2.523   -33.41895    0.00014                          mtd5
  334   2.523   -33.41895    0.00014                          mtd2
  335   2.523   -33.41895    0.00014                          mtd2
  336   2.523   -33.41895    0.00014                          mtd1
  337   2.523   -33.41895    0.00014                          mtd5
  338   2.523   -33.41895    0.00014                          mtd5
  339   2.523   -33.41895    0.00014                          mtd10
  340   2.524   -33.41895    0.00014                          mtd4
  341   2.524   -33.41895    0.00014                          mtd5
  342   2.524   -33.41895    0.00014                          mtd7
  343   2.524   -33.41895    0.00014                          mtd4
  344   2.524   -33.41895    0.00014                          mtd1
  345   2.524   -33.41895    0.00014                          mtd7
  346   2.524   -33.41895    0.00014                          mtd7
  347   2.524   -33.41895    0.00014                          md5
  348   2.524   -33.41895    0.00014                          mtd12
  349   2.524   -33.41895    0.00014                          mtd7
  350   2.524   -33.41895    0.00014                          mtd1
  351   2.524   -33.41895    0.00014                          mtd1
  352   2.524   -33.41895    0.00014                          mtd10
  353   2.524   -33.41895    0.00014                          mtd12
  354   2.524   -33.41895    0.00014                          mtd8
  355   2.524   -33.41895    0.00014                          mtd7
  356   2.524   -33.41895    0.00014                          mtd3
  357   2.524   -33.41895    0.00014                          mtd11
  358   2.524   -33.41895    0.00014                          mtd5
  359   2.524   -33.41895    0.00014                          mtd11
  360   2.524   -33.41895    0.00014                          mtd12
  361   2.524   -33.41895    0.00014                          mtd7
  362   2.524   -33.41895    0.00014                          mtd12
  363   2.524   -33.41895    0.00014                          mtd1
  364   2.525   -33.41895    0.00014                          mtd10
  365   2.525   -33.41895    0.00014                          mtd7
  366   2.525   -33.41895    0.00014                          md8
  367   2.525   -33.41895    0.00014                          mtd11
  368   2.525   -33.41895    0.00014                          mtd10
  369   2.525   -33.41895    0.00014                          mtd1
  370   2.525   -33.41895    0.00014                          mtd5
  371   2.526   -33.41894    0.00014                          mtd5
  372   2.526   -33.41894    0.00014                          mtd1
  373   2.526   -33.41894    0.00014                          mtd7
  374   2.526   -33.41894    0.00014                          mtd1
  375   2.526   -33.41894    0.00014                          mtd1
  376   2.529   -33.41894    0.00014                          mtd12
  377   2.530   -33.41894    0.00014                          mtd9
  378   2.530   -33.41894    0.00014                          mtd6
  379   2.530   -33.41894    0.00014                          mtd11
  380   2.530   -33.41894    0.00014                          mtd11
  381   2.531   -33.41894    0.00014                          mtd7
  382   2.531   -33.41894    0.00013                          mtd3
  383   2.531   -33.41894    0.00013                          mtd3
  384   2.531   -33.41894    0.00013                          mtd14
  385   2.532   -33.41894    0.00013                          mtd8
  386   2.532   -33.41894    0.00013                          mtd3
  387   2.532   -33.41893    0.00013                          mtd10
  388   2.533   -33.41893    0.00013                          mtd14
  389   2.534   -33.41893    0.00013                          mtd7
  390   2.534   -33.41893    0.00013                          mtd14
  391   2.535   -33.41893    0.00013                          mtd7
  392   2.536   -33.41893    0.00013                          mtd4
  393   2.808   -33.41849    0.00008    0.00597    4   71     mtd2
  394   2.808   -33.41849    0.00008                          mtd14
  395   2.808   -33.41849    0.00008                          mtd7
  396   2.808   -33.41849    0.00008                          mtd7
  397   2.808   -33.41849    0.00008                          mtd6
  398   2.809   -33.41849    0.00008                          mtd9
  399   2.809   -33.41849    0.00008                          mtd6
  400   2.809   -33.41849    0.00008                          mtd1
  401   2.809   -33.41849    0.00008                          mtd14
  402   2.809   -33.41849    0.00008                          md5
  403   2.809   -33.41849    0.00008                          mtd5
  404   2.809   -33.41849    0.00008                          md2
  405   2.809   -33.41849    0.00008                          mtd11
  406   2.809   -33.41849    0.00008                          mtd10
  407   2.809   -33.41849    0.00008                          mtd5
  408   2.809   -33.41849    0.00008                          mtd5
  409   2.809   -33.41849    0.00008                          md5
  410   2.809   -33.41849    0.00008                          mtd11
  411   2.809   -33.41849    0.00008                          mtd11
  412   2.809   -33.41849    0.00008                          mtd10
  413   2.810   -33.41849    0.00008                          mtd3
  414   2.810   -33.41849    0.00008                          mtd9
  415   2.810   -33.41849    0.00008                          mtd4
  416   2.810   -33.41849    0.00008                          mtd1
  417   2.810   -33.41849    0.00008                          mtd3
  418   2.810   -33.41849    0.00008                          mtd10
  419   2.810   -33.41849    0.00008                          mtd10
  420   2.810   -33.41849    0.00008                          mtd10
  421   2.810   -33.41849    0.00008                          mtd1
  422   2.810   -33.41849    0.00008                          mtd3
  423   2.810   -33.41849    0.00008                          mtd8
  424   2.810   -33.41849    0.00008                          mtd2
  425   2.810   -33.41849    0.00008                          mtd8
  426   2.810   -33.41849    0.00008                          mtd2
  427   2.810   -33.41849    0.00008                          mtd1
  428   2.810   -33.41849    0.00008                          mtd1
  429   2.810   -33.41849    0.00008                          mtd10
  430   2.810   -33.41849    0.00008                          mtd7
  431   2.810   -33.41849    0.00008                          mtd13
  432   2.810   -33.41849    0.00008                          mtd5
  433   2.810   -33.41849    0.00008                          mtd14
  434   2.810   -33.41849    0.00008                          mtd12
  435   2.811   -33.41849    0.00008                          mtd10
  436   2.811   -33.41849    0.00008                          mtd2
  437   2.811   -33.41849    0.00008                          md8
  438   2.811   -33.41849    0.00008                          mtd10
  439   2.811   -33.41849    0.00008                          md2
  440   2.811   -33.41849    0.00008                          mtd2
  441   2.811   -33.41849    0.00008                          md8
  442   2.811   -33.41849    0.00008                          md4
  443   2.811   -33.41849    0.00008                          mtd12
  444   2.811   -33.41849    0.00008                          mtd5
  445   2.811   -33.41849    0.00008                          mtd8
  446   2.811   -33.41849    0.00008                          mtd8
  447   2.812   -33.41849    0.00008                          mtd14
  448   2.812   -33.41849    0.00008                          md6
  449   2.812   -33.41849    0.00008                          mtd1
  450   2.812   -33.41849    0.00008                          mtd4
  451   2.812   -33.41849    0.00008                          mtd7
  452   2.812   -33.41849    0.00008                          mtd7
  453   2.812   -33.41849    0.00008                          mtd2
  454   2.814   -33.41849    0.00008                          mtd4
  455   2.815   -33.41848    0.00008                          mtd4
  456   2.817   -33.41848    0.00008                          mtd1
  457   2.817   -33.41848    0.00008                          mtd6
  458   2.818   -33.41848    0.00008                          mtd8
  459   2.818   -33.41848    0.00008                          mtd7
  460   2.818   -33.41848    0.00008                          mtd2
  461   2.819   -33.41848    0.00008                          mtd6
  462   2.821   -33.41847    0.00008                          mtd14
  463   2.822   -33.41847    0.00008                          mtd7
T /K                                  :   298.15
E lowest                              :   -33.42297
ensemble average energy (kcal)        :    0.378
ensemble entropy (J/mol K, cal/mol K) :   43.903   10.493
ensemble free energy (kcal/mol)       :   -3.129
population of lowest in %             :   71.940
 number of unique conformers for further calc            4
 list of relative energies saved as "crest.energies"
 Normal termination.
 
 -----------------
 Wall Time Summary
 -----------------
             test MD wall time :         0h : 0m : 3s
                 MTD wall time :         0h : 2m :22s
      multilevel OPT wall time :         0h : 5m :43s
                  MD wall time :         0h : 1m :28s
                  GC wall time :         0h : 0m : 4s
--------------------
Overall wall time  : 0h :10m :47s
 
 CREST terminated normally.
